CRITICAL - 2023-03-17 03:45:09 --> Undefined array key "user"
in APPPATH/Views/projectEmployees.php on line 2.
 1 APPPATH/Views/projectEmployees.php(2): CodeIgniter\Debug\Exceptions->errorHandler(2, 'Undefined array key "user"', 'APPPATH/Views/projectEmployees.php', 2)
 2 SYSTEMPATH/View/View.php(213): include('APPPATH/Views/projectEmployees.php')
 3 SYSTEMPATH/View/View.php(216): CodeIgniter\View\View->CodeIgniter\View\{closure}()
 4 SYSTEMPATH/Common.php(1134): CodeIgniter\View\View->render('projectEmployees', [], true)
 5 APPPATH/Controllers/Projects.php(57): view('projectEmployees')
 6 SYSTEMPATH/CodeIgniter.php(927): App\Controllers\Projects->projectEmployees()
 7 SYSTEMPATH/CodeIgniter.php(482): CodeIgniter\CodeIgniter->runController(Object(App\Controllers\Projects))
 8 SYSTEMPATH/CodeIgniter.php(351): CodeIgniter\CodeIgniter->handleRequest(null, Object(Config\Cache), false)
 9 FCPATH/index.php(67): CodeIgniter\CodeIgniter->run()
10 SYSTEMPATH/Commands/Server/rewrite.php(46): require_once('FCPATH/index.php')
ERROR - 2023-03-17 03:47:17 --> mysqli_sql_exception: Column 'created_on' in order clause is ambiguous in /Applications/MAMP/htdocs/OnGoing/New/February 2023/MCCProject_v1/vendor/codeigniter4/framework/system/Database/MySQLi/Connection.php:292
Stack trace:
#0 /Applications/MAMP/htdocs/OnGoing/New/February 2023/MCCProject_v1/vendor/codeigniter4/framework/system/Database/MySQLi/Connection.php(292): mysqli->query('SELECT *\nFROM `...', 0)
#1 /Applications/MAMP/htdocs/OnGoing/New/February 2023/MCCProject_v1/vendor/codeigniter4/framework/system/Database/BaseConnection.php(666): CodeIgniter\Database\MySQLi\Connection->execute('SELECT *\nFROM `...')
#2 /Applications/MAMP/htdocs/OnGoing/New/February 2023/MCCProject_v1/vendor/codeigniter4/framework/system/Database/BaseConnection.php(593): CodeIgniter\Database\BaseConnection->simpleQuery('SELECT *\nFROM `...')
#3 /Applications/MAMP/htdocs/OnGoing/New/February 2023/MCCProject_v1/vendor/codeigniter4/framework/system/Database/BaseBuilder.php(1585): CodeIgniter\Database\BaseConnection->query('SELECT *\nFROM `...', Array, false)
#4 /Applications/MAMP/htdocs/OnGoing/New/February 2023/MCCProject_v1/app/Models/EmployeesModel.php(93): CodeIgniter\Database\BaseBuilder->get()
#5 /Applications/MAMP/htdocs/OnGoing/New/February 2023/MCCProject_v1/app/Controllers/Projects.php(188): App\Models\EmployeesModel->getEmployeesAssignedToProject('BR2303152037020...', 'PR2303165638044...')
#6 /Applications/MAMP/htdocs/OnGoing/New/February 2023/MCCProject_v1/vendor/codeigniter4/framework/system/CodeIgniter.php(927): App\Controllers\Projects->viewProjectEmployees()
#7 /Applications/MAMP/htdocs/OnGoing/New/February 2023/MCCProject_v1/vendor/codeigniter4/framework/system/CodeIgniter.php(482): CodeIgniter\CodeIgniter->runController(Object(App\Controllers\Projects))
#8 /Applications/MAMP/htdocs/OnGoing/New/February 2023/MCCProject_v1/vendor/codeigniter4/framework/system/CodeIgniter.php(351): CodeIgniter\CodeIgniter->handleRequest(NULL, Object(Config\Cache), false)
#9 /Applications/MAMP/htdocs/OnGoing/New/February 2023/MCCProject_v1/public/index.php(67): CodeIgniter\CodeIgniter->run()
#10 /Applications/MAMP/htdocs/OnGoing/New/February 2023/MCCProject_v1/vendor/codeigniter4/framework/system/Commands/Server/rewrite.php(46): require_once('/Applications/M...')
#11 {main}
CRITICAL - 2023-03-17 03:47:17 --> Column 'created_on' in order clause is ambiguous
in SYSTEMPATH/Database/MySQLi/Connection.php on line 292.
 1 SYSTEMPATH/Database/MySQLi/Connection.php(292): mysqli->query('SELECT *
FROM `projectEmployees`
JOIN `project` ON `projectEmployees`.`project_id` = `project`.`project_id`
WHERE `projectEmployees`.`branch_id` = \'BR230315203702045\'
AND `projectEmployees`.`project_id` = \'PR230316563804407\'
AND `projectEmployees`.`deleted_flag` = 0
ORDER BY `created_on` ASC', 0)
 2 SYSTEMPATH/Database/BaseConnection.php(666): CodeIgniter\Database\MySQLi\Connection->execute('SELECT *
FROM `projectEmployees`
JOIN `project` ON `projectEmployees`.`project_id` = `project`.`project_id`
WHERE `projectEmployees`.`branch_id` = \'BR230315203702045\'
AND `projectEmployees`.`project_id` = \'PR230316563804407\'
AND `projectEmployees`.`deleted_flag` = 0
ORDER BY `created_on` ASC')
 3 SYSTEMPATH/Database/BaseConnection.php(593): CodeIgniter\Database\BaseConnection->simpleQuery('SELECT *
FROM `projectEmployees`
JOIN `project` ON `projectEmployees`.`project_id` = `project`.`project_id`
WHERE `projectEmployees`.`branch_id` = \'BR230315203702045\'
AND `projectEmployees`.`project_id` = \'PR230316563804407\'
AND `projectEmployees`.`deleted_flag` = 0
ORDER BY `created_on` ASC')
 4 SYSTEMPATH/Database/BaseBuilder.php(1585): CodeIgniter\Database\BaseConnection->query('SELECT *
FROM `projectEmployees`
JOIN `project` ON `projectEmployees`.`project_id` = `project`.`project_id`
WHERE `projectEmployees`.`branch_id` = :projectEmployees.branch_id:
AND `projectEmployees`.`project_id` = :projectEmployees.project_id:
AND `projectEmployees`.`deleted_flag` = :projectEmployees.deleted_flag:
ORDER BY `created_on` ASC', [...], false)
 5 APPPATH/Models/EmployeesModel.php(93): CodeIgniter\Database\BaseBuilder->get()
 6 APPPATH/Controllers/Projects.php(188): App\Models\EmployeesModel->getEmployeesAssignedToProject('BR230315203702045', 'PR230316563804407')
 7 SYSTEMPATH/CodeIgniter.php(927): App\Controllers\Projects->viewProjectEmployees()
 8 SYSTEMPATH/CodeIgniter.php(482): CodeIgniter\CodeIgniter->runController(Object(App\Controllers\Projects))
 9 SYSTEMPATH/CodeIgniter.php(351): CodeIgniter\CodeIgniter->handleRequest(null, Object(Config\Cache), false)
10 FCPATH/index.php(67): CodeIgniter\CodeIgniter->run()
11 SYSTEMPATH/Commands/Server/rewrite.php(46): require_once('FCPATH/index.php')
ERROR - 2023-03-17 03:51:39 --> mysqli_sql_exception: Unknown column 'management.manager_id' in 'on clause' in /Applications/MAMP/htdocs/OnGoing/New/February 2023/MCCProject_v1/vendor/codeigniter4/framework/system/Database/MySQLi/Connection.php:292
Stack trace:
#0 /Applications/MAMP/htdocs/OnGoing/New/February 2023/MCCProject_v1/vendor/codeigniter4/framework/system/Database/MySQLi/Connection.php(292): mysqli->query('SELECT *\nFROM `...', 0)
#1 /Applications/MAMP/htdocs/OnGoing/New/February 2023/MCCProject_v1/vendor/codeigniter4/framework/system/Database/BaseConnection.php(666): CodeIgniter\Database\MySQLi\Connection->execute('SELECT *\nFROM `...')
#2 /Applications/MAMP/htdocs/OnGoing/New/February 2023/MCCProject_v1/vendor/codeigniter4/framework/system/Database/BaseConnection.php(593): CodeIgniter\Database\BaseConnection->simpleQuery('SELECT *\nFROM `...')
#3 /Applications/MAMP/htdocs/OnGoing/New/February 2023/MCCProject_v1/vendor/codeigniter4/framework/system/Database/BaseBuilder.php(1585): CodeIgniter\Database\BaseConnection->query('SELECT *\nFROM `...', Array, false)
#4 /Applications/MAMP/htdocs/OnGoing/New/February 2023/MCCProject_v1/app/Models/EmployeesModel.php(94): CodeIgniter\Database\BaseBuilder->get()
#5 /Applications/MAMP/htdocs/OnGoing/New/February 2023/MCCProject_v1/app/Controllers/Projects.php(188): App\Models\EmployeesModel->getEmployeesAssignedToProject('BR2303152037020...', 'PR2303165638044...')
#6 /Applications/MAMP/htdocs/OnGoing/New/February 2023/MCCProject_v1/vendor/codeigniter4/framework/system/CodeIgniter.php(927): App\Controllers\Projects->viewProjectEmployees()
#7 /Applications/MAMP/htdocs/OnGoing/New/February 2023/MCCProject_v1/vendor/codeigniter4/framework/system/CodeIgniter.php(482): CodeIgniter\CodeIgniter->runController(Object(App\Controllers\Projects))
#8 /Applications/MAMP/htdocs/OnGoing/New/February 2023/MCCProject_v1/vendor/codeigniter4/framework/system/CodeIgniter.php(351): CodeIgniter\CodeIgniter->handleRequest(NULL, Object(Config\Cache), false)
#9 /Applications/MAMP/htdocs/OnGoing/New/February 2023/MCCProject_v1/public/index.php(67): CodeIgniter\CodeIgniter->run()
#10 /Applications/MAMP/htdocs/OnGoing/New/February 2023/MCCProject_v1/vendor/codeigniter4/framework/system/Commands/Server/rewrite.php(46): require_once('/Applications/M...')
#11 {main}
CRITICAL - 2023-03-17 03:51:39 --> Unknown column 'management.manager_id' in 'on clause'
in SYSTEMPATH/Database/MySQLi/Connection.php on line 292.
 1 SYSTEMPATH/Database/MySQLi/Connection.php(292): mysqli->query('SELECT *
FROM `projectEmployees`
JOIN `project` ON `projectEmployees`.`project_id` = `project`.`project_id`
JOIN `management` ON `project`.`manager` = `management`.`manager_id`
WHERE `projectEmployees`.`branch_id` = \'BR230315203702045\'
AND `projectEmployees`.`project_id` = \'PR230316563804407\'
AND `projectEmployees`.`deleted_flag` = 0
ORDER BY `projectEmployees`.`created_on` ASC', 0)
 2 SYSTEMPATH/Database/BaseConnection.php(666): CodeIgniter\Database\MySQLi\Connection->execute('SELECT *
FROM `projectEmployees`
JOIN `project` ON `projectEmployees`.`project_id` = `project`.`project_id`
JOIN `management` ON `project`.`manager` = `management`.`manager_id`
WHERE `projectEmployees`.`branch_id` = \'BR230315203702045\'
AND `projectEmployees`.`project_id` = \'PR230316563804407\'
AND `projectEmployees`.`deleted_flag` = 0
ORDER BY `projectEmployees`.`created_on` ASC')
 3 SYSTEMPATH/Database/BaseConnection.php(593): CodeIgniter\Database\BaseConnection->simpleQuery('SELECT *
FROM `projectEmployees`
JOIN `project` ON `projectEmployees`.`project_id` = `project`.`project_id`
JOIN `management` ON `project`.`manager` = `management`.`manager_id`
WHERE `projectEmployees`.`branch_id` = \'BR230315203702045\'
AND `projectEmployees`.`project_id` = \'PR230316563804407\'
AND `projectEmployees`.`deleted_flag` = 0
ORDER BY `projectEmployees`.`created_on` ASC')
 4 SYSTEMPATH/Database/BaseBuilder.php(1585): CodeIgniter\Database\BaseConnection->query('SELECT *
FROM `projectEmployees`
JOIN `project` ON `projectEmployees`.`project_id` = `project`.`project_id`
JOIN `management` ON `project`.`manager` = `management`.`manager_id`
WHERE `projectEmployees`.`branch_id` = :projectEmployees.branch_id:
AND `projectEmployees`.`project_id` = :projectEmployees.project_id:
AND `projectEmployees`.`deleted_flag` = :projectEmployees.deleted_flag:
ORDER BY `projectEmployees`.`created_on` ASC', [...], false)
 5 APPPATH/Models/EmployeesModel.php(94): CodeIgniter\Database\BaseBuilder->get()
 6 APPPATH/Controllers/Projects.php(188): App\Models\EmployeesModel->getEmployeesAssignedToProject('BR230315203702045', 'PR230316563804407')
 7 SYSTEMPATH/CodeIgniter.php(927): App\Controllers\Projects->viewProjectEmployees()
 8 SYSTEMPATH/CodeIgniter.php(482): CodeIgniter\CodeIgniter->runController(Object(App\Controllers\Projects))
 9 SYSTEMPATH/CodeIgniter.php(351): CodeIgniter\CodeIgniter->handleRequest(null, Object(Config\Cache), false)
10 FCPATH/index.php(67): CodeIgniter\CodeIgniter->run()
11 SYSTEMPATH/Commands/Server/rewrite.php(46): require_once('FCPATH/index.php')
CRITICAL - 2023-03-17 04:24:00 --> Undefined variable $project_duration
in APPPATH/Views/projectEmployees.php on line 52.
 1 APPPATH/Views/projectEmployees.php(52): CodeIgniter\Debug\Exceptions->errorHandler(2, 'Undefined variable $project_duration', 'APPPATH/Views/projectEmployees.php', 52)
 2 SYSTEMPATH/View/View.php(213): include('APPPATH/Views/projectEmployees.php')
 3 SYSTEMPATH/View/View.php(216): CodeIgniter\View\View->CodeIgniter\View\{closure}()
 4 SYSTEMPATH/Common.php(1134): CodeIgniter\View\View->render('projectEmployees', [], true)
 5 APPPATH/Controllers/Projects.php(57): view('projectEmployees')
 6 SYSTEMPATH/CodeIgniter.php(927): App\Controllers\Projects->projectEmployees()
 7 SYSTEMPATH/CodeIgniter.php(482): CodeIgniter\CodeIgniter->runController(Object(App\Controllers\Projects))
 8 SYSTEMPATH/CodeIgniter.php(351): CodeIgniter\CodeIgniter->handleRequest(null, Object(Config\Cache), false)
 9 FCPATH/index.php(67): CodeIgniter\CodeIgniter->run()
10 SYSTEMPATH/Commands/Server/rewrite.php(46): require_once('FCPATH/index.php')
ERROR - 2023-03-17 04:44:36 --> mysqli_sql_exception: Unknown column 'project_id' in 'where clause' in /Applications/MAMP/htdocs/OnGoing/New/February 2023/MCCProject_v1/vendor/codeigniter4/framework/system/Database/MySQLi/Connection.php:292
Stack trace:
#0 /Applications/MAMP/htdocs/OnGoing/New/February 2023/MCCProject_v1/vendor/codeigniter4/framework/system/Database/MySQLi/Connection.php(292): mysqli->query('UPDATE `employe...', 0)
#1 /Applications/MAMP/htdocs/OnGoing/New/February 2023/MCCProject_v1/vendor/codeigniter4/framework/system/Database/BaseConnection.php(666): CodeIgniter\Database\MySQLi\Connection->execute('UPDATE `employe...')
#2 /Applications/MAMP/htdocs/OnGoing/New/February 2023/MCCProject_v1/vendor/codeigniter4/framework/system/Database/BaseConnection.php(593): CodeIgniter\Database\BaseConnection->simpleQuery('UPDATE `employe...')
#3 /Applications/MAMP/htdocs/OnGoing/New/February 2023/MCCProject_v1/vendor/codeigniter4/framework/system/Database/BaseBuilder.php(2079): CodeIgniter\Database\BaseConnection->query('UPDATE `employe...', Array, false)
#4 /Applications/MAMP/htdocs/OnGoing/New/February 2023/MCCProject_v1/app/Models/EmployeesModel.php(138): CodeIgniter\Database\BaseBuilder->update(Array, Array)
#5 /Applications/MAMP/htdocs/OnGoing/New/February 2023/MCCProject_v1/app/Controllers/Employees.php(256): App\Models\EmployeesModel->updateAssignedEmployeesToProject(Array, 'PR2303177698900...')
#6 /Applications/MAMP/htdocs/OnGoing/New/February 2023/MCCProject_v1/vendor/codeigniter4/framework/system/CodeIgniter.php(927): App\Controllers\Employees->assignEmployeesToProject()
#7 /Applications/MAMP/htdocs/OnGoing/New/February 2023/MCCProject_v1/vendor/codeigniter4/framework/system/CodeIgniter.php(482): CodeIgniter\CodeIgniter->runController(Object(App\Controllers\Employees))
#8 /Applications/MAMP/htdocs/OnGoing/New/February 2023/MCCProject_v1/vendor/codeigniter4/framework/system/CodeIgniter.php(351): CodeIgniter\CodeIgniter->handleRequest(NULL, Object(Config\Cache), false)
#9 /Applications/MAMP/htdocs/OnGoing/New/February 2023/MCCProject_v1/public/index.php(67): CodeIgniter\CodeIgniter->run()
#10 /Applications/MAMP/htdocs/OnGoing/New/February 2023/MCCProject_v1/vendor/codeigniter4/framework/system/Commands/Server/rewrite.php(46): require_once('/Applications/M...')
#11 {main}
CRITICAL - 2023-03-17 04:44:36 --> Unknown column 'project_id' in 'where clause'
in SYSTEMPATH/Database/MySQLi/Connection.php on line 292.
 1 SYSTEMPATH/Database/MySQLi/Connection.php(292): mysqli->query('UPDATE `employee` SET `employees` = \'[\\"MB230316579820703\\",\\"MB230316539901578\\",\\"MB230317370006811\\"]\', `created_by` = \'US230315395904818\'
WHERE `project_id` = \'PR230317769890044\'', 0)
 2 SYSTEMPATH/Database/BaseConnection.php(666): CodeIgniter\Database\MySQLi\Connection->execute('UPDATE `employee` SET `employees` = \'[\\"MB230316579820703\\",\\"MB230316539901578\\",\\"MB230317370006811\\"]\', `created_by` = \'US230315395904818\'
WHERE `project_id` = \'PR230317769890044\'')
 3 SYSTEMPATH/Database/BaseConnection.php(593): CodeIgniter\Database\BaseConnection->simpleQuery('UPDATE `employee` SET `employees` = \'[\\"MB230316579820703\\",\\"MB230316539901578\\",\\"MB230317370006811\\"]\', `created_by` = \'US230315395904818\'
WHERE `project_id` = \'PR230317769890044\'')
 4 SYSTEMPATH/Database/BaseBuilder.php(2079): CodeIgniter\Database\BaseConnection->query('UPDATE `employee` SET `employees` = :employees:, `created_by` = :created_by:
WHERE `project_id` = :project_id:', [...], false)
 5 APPPATH/Models/EmployeesModel.php(138): CodeIgniter\Database\BaseBuilder->update([...], [...])
 6 APPPATH/Controllers/Employees.php(256): App\Models\EmployeesModel->updateAssignedEmployeesToProject([...], 'PR230317769890044')
 7 SYSTEMPATH/CodeIgniter.php(927): App\Controllers\Employees->assignEmployeesToProject()
 8 SYSTEMPATH/CodeIgniter.php(482): CodeIgniter\CodeIgniter->runController(Object(App\Controllers\Employees))
 9 SYSTEMPATH/CodeIgniter.php(351): CodeIgniter\CodeIgniter->handleRequest(null, Object(Config\Cache), false)
10 FCPATH/index.php(67): CodeIgniter\CodeIgniter->run()
11 SYSTEMPATH/Commands/Server/rewrite.php(46): require_once('FCPATH/index.php')
CRITICAL - 2023-03-17 05:00:39 --> CodeIgniter\Database\BaseResult::getRowArray(): Argument #1 ($n) must be of type int, string given, called in /Applications/MAMP/htdocs/OnGoing/New/February 2023/MCCProject_v1/app/Models/EmployeesModel.php on line 51
in SYSTEMPATH/Database/BaseResult.php on line 307.
 1 APPPATH/Models/EmployeesModel.php(51): CodeIgniter\Database\BaseResult->getRowArray('array')
 2 APPPATH/Config/MyFunctions.php(31): App\Models\EmployeesModel->getEmployeeDetails('MB230316579820703')
 3 APPPATH/Views/projectEmployees.php(76): Config\MyFunctions::getEmployeeDetails('MB230316579820703')
 4 SYSTEMPATH/View/View.php(213): include('APPPATH/Views/projectEmployees.php')
 5 SYSTEMPATH/View/View.php(216): CodeIgniter\View\View->CodeIgniter\View\{closure}()
 6 SYSTEMPATH/Common.php(1134): CodeIgniter\View\View->render('projectEmployees', [], true)
 7 APPPATH/Controllers/Projects.php(57): view('projectEmployees')
 8 SYSTEMPATH/CodeIgniter.php(927): App\Controllers\Projects->projectEmployees()
 9 SYSTEMPATH/CodeIgniter.php(482): CodeIgniter\CodeIgniter->runController(Object(App\Controllers\Projects))
10 SYSTEMPATH/CodeIgniter.php(351): CodeIgniter\CodeIgniter->handleRequest(null, Object(Config\Cache), false)
11 FCPATH/index.php(67): CodeIgniter\CodeIgniter->run()
12 SYSTEMPATH/Commands/Server/rewrite.php(46): require_once('FCPATH/index.php')
ERROR - 2023-03-17 06:46:55 --> mysqli_sql_exception: Column 'branch_id' in where clause is ambiguous in /Applications/MAMP/htdocs/OnGoing/New/February 2023/MCCProject_v1/vendor/codeigniter4/framework/system/Database/MySQLi/Connection.php:292
Stack trace:
#0 /Applications/MAMP/htdocs/OnGoing/New/February 2023/MCCProject_v1/vendor/codeigniter4/framework/system/Database/MySQLi/Connection.php(292): mysqli->query('SELECT *\nFROM `...', 0)
#1 /Applications/MAMP/htdocs/OnGoing/New/February 2023/MCCProject_v1/vendor/codeigniter4/framework/system/Database/BaseConnection.php(666): CodeIgniter\Database\MySQLi\Connection->execute('SELECT *\nFROM `...')
#2 /Applications/MAMP/htdocs/OnGoing/New/February 2023/MCCProject_v1/vendor/codeigniter4/framework/system/Database/BaseConnection.php(593): CodeIgniter\Database\BaseConnection->simpleQuery('SELECT *\nFROM `...')
#3 /Applications/MAMP/htdocs/OnGoing/New/February 2023/MCCProject_v1/vendor/codeigniter4/framework/system/Database/BaseBuilder.php(1585): CodeIgniter\Database\BaseConnection->query('SELECT *\nFROM `...', Array, false)
#4 /Applications/MAMP/htdocs/OnGoing/New/February 2023/MCCProject_v1/app/Models/ProjectsModel.php(41): CodeIgniter\Database\BaseBuilder->get()
#5 /Applications/MAMP/htdocs/OnGoing/New/February 2023/MCCProject_v1/app/Controllers/Attendance.php(35): App\Models\ProjectsModel->getProjects('BR2303152037020...')
#6 /Applications/MAMP/htdocs/OnGoing/New/February 2023/MCCProject_v1/vendor/codeigniter4/framework/system/CodeIgniter.php(927): App\Controllers\Attendance->index()
#7 /Applications/MAMP/htdocs/OnGoing/New/February 2023/MCCProject_v1/vendor/codeigniter4/framework/system/CodeIgniter.php(482): CodeIgniter\CodeIgniter->runController(Object(App\Controllers\Attendance))
#8 /Applications/MAMP/htdocs/OnGoing/New/February 2023/MCCProject_v1/vendor/codeigniter4/framework/system/CodeIgniter.php(351): CodeIgniter\CodeIgniter->handleRequest(NULL, Object(Config\Cache), false)
#9 /Applications/MAMP/htdocs/OnGoing/New/February 2023/MCCProject_v1/public/index.php(67): CodeIgniter\CodeIgniter->run()
#10 /Applications/MAMP/htdocs/OnGoing/New/February 2023/MCCProject_v1/vendor/codeigniter4/framework/system/Commands/Server/rewrite.php(46): require_once('/Applications/M...')
#11 {main}
CRITICAL - 2023-03-17 06:46:55 --> Column 'branch_id' in where clause is ambiguous
in SYSTEMPATH/Database/MySQLi/Connection.php on line 292.
 1 SYSTEMPATH/Database/MySQLi/Connection.php(292): mysqli->query('SELECT *
FROM `project`
LEFT JOIN `branch` ON `project`.`branch_id` = `branch`.`branch_id`
LEFT JOIN `management` ON `project`.`manager` = `management`.`member_id`
WHERE `branch_id` = \'BR230315203702045\'
AND `deleted_flag` = 0
ORDER BY `project`.`created_on` DESC, `project`.`branch_id` ASC', 0)
 2 SYSTEMPATH/Database/BaseConnection.php(666): CodeIgniter\Database\MySQLi\Connection->execute('SELECT *
FROM `project`
LEFT JOIN `branch` ON `project`.`branch_id` = `branch`.`branch_id`
LEFT JOIN `management` ON `project`.`manager` = `management`.`member_id`
WHERE `branch_id` = \'BR230315203702045\'
AND `deleted_flag` = 0
ORDER BY `project`.`created_on` DESC, `project`.`branch_id` ASC')
 3 SYSTEMPATH/Database/BaseConnection.php(593): CodeIgniter\Database\BaseConnection->simpleQuery('SELECT *
FROM `project`
LEFT JOIN `branch` ON `project`.`branch_id` = `branch`.`branch_id`
LEFT JOIN `management` ON `project`.`manager` = `management`.`member_id`
WHERE `branch_id` = \'BR230315203702045\'
AND `deleted_flag` = 0
ORDER BY `project`.`created_on` DESC, `project`.`branch_id` ASC')
 4 SYSTEMPATH/Database/BaseBuilder.php(1585): CodeIgniter\Database\BaseConnection->query('SELECT *
FROM `project`
LEFT JOIN `branch` ON `project`.`branch_id` = `branch`.`branch_id`
LEFT JOIN `management` ON `project`.`manager` = `management`.`member_id`
WHERE `branch_id` = :branch_id:
AND `deleted_flag` = :deleted_flag:
ORDER BY `project`.`created_on` DESC, `project`.`branch_id` ASC', [...], false)
 5 APPPATH/Models/ProjectsModel.php(41): CodeIgniter\Database\BaseBuilder->get()
 6 APPPATH/Controllers/Attendance.php(35): App\Models\ProjectsModel->getProjects('BR230315203702045')
 7 SYSTEMPATH/CodeIgniter.php(927): App\Controllers\Attendance->index()
 8 SYSTEMPATH/CodeIgniter.php(482): CodeIgniter\CodeIgniter->runController(Object(App\Controllers\Attendance))
 9 SYSTEMPATH/CodeIgniter.php(351): CodeIgniter\CodeIgniter->handleRequest(null, Object(Config\Cache), false)
10 FCPATH/index.php(67): CodeIgniter\CodeIgniter->run()
11 SYSTEMPATH/Commands/Server/rewrite.php(46): require_once('FCPATH/index.php')
CRITICAL - 2023-03-17 09:27:03 --> Undefined array key "user"
in APPPATH/Controllers/Attendance.php on line 18.
 1 APPPATH/Controllers/Attendance.php(18): CodeIgniter\Debug\Exceptions->errorHandler(2, 'Undefined array key "user"', 'APPPATH/Controllers/Attendance.php', 18)
 2 SYSTEMPATH/CodeIgniter.php(927): App\Controllers\Attendance->index()
 3 SYSTEMPATH/CodeIgniter.php(482): CodeIgniter\CodeIgniter->runController(Object(App\Controllers\Attendance))
 4 SYSTEMPATH/CodeIgniter.php(351): CodeIgniter\CodeIgniter->handleRequest(null, Object(Config\Cache), false)
 5 FCPATH/index.php(67): CodeIgniter\CodeIgniter->run()
 6 SYSTEMPATH/Commands/Server/rewrite.php(46): require_once('FCPATH/index.php')
CRITICAL - 2023-03-17 10:51:20 --> Undefined array key "user"
in APPPATH/Views/projectEmployees.php on line 2.
 1 APPPATH/Views/projectEmployees.php(2): CodeIgniter\Debug\Exceptions->errorHandler(2, 'Undefined array key "user"', 'APPPATH/Views/projectEmployees.php', 2)
 2 SYSTEMPATH/View/View.php(213): include('APPPATH/Views/projectEmployees.php')
 3 SYSTEMPATH/View/View.php(216): CodeIgniter\View\View->CodeIgniter\View\{closure}()
 4 SYSTEMPATH/Common.php(1134): CodeIgniter\View\View->render('projectEmployees', [], true)
 5 APPPATH/Controllers/Projects.php(57): view('projectEmployees')
 6 SYSTEMPATH/CodeIgniter.php(927): App\Controllers\Projects->projectEmployees()
 7 SYSTEMPATH/CodeIgniter.php(482): CodeIgniter\CodeIgniter->runController(Object(App\Controllers\Projects))
 8 SYSTEMPATH/CodeIgniter.php(351): CodeIgniter\CodeIgniter->handleRequest(null, Object(Config\Cache), false)
 9 FCPATH/index.php(67): CodeIgniter\CodeIgniter->run()
10 SYSTEMPATH/Commands/Server/rewrite.php(46): require_once('FCPATH/index.php')
