ERROR - 2023-05-24 20:09:27 --> mysqli_sql_exception: Unknown column 'delete_flag' in 'where clause' in /Applications/MAMP/htdocs/March2023/Jumanne/vendor/codeigniter4/framework/system/Database/MySQLi/Connection.php:292
Stack trace:
#0 /Applications/MAMP/htdocs/March2023/Jumanne/vendor/codeigniter4/framework/system/Database/MySQLi/Connection.php(292): mysqli->query('SELECT *\nFROM `...', 0)
#1 /Applications/MAMP/htdocs/March2023/Jumanne/vendor/codeigniter4/framework/system/Database/BaseConnection.php(666): CodeIgniter\Database\MySQLi\Connection->execute('SELECT *\nFROM `...')
#2 /Applications/MAMP/htdocs/March2023/Jumanne/vendor/codeigniter4/framework/system/Database/BaseConnection.php(593): CodeIgniter\Database\BaseConnection->simpleQuery('SELECT *\nFROM `...')
#3 /Applications/MAMP/htdocs/March2023/Jumanne/vendor/codeigniter4/framework/system/Database/BaseBuilder.php(1585): CodeIgniter\Database\BaseConnection->query('SELECT *\nFROM `...', Array, false)
#4 /Applications/MAMP/htdocs/March2023/Jumanne/app/Models/UsersModel.php(27): CodeIgniter\Database\BaseBuilder->get()
#5 /Applications/MAMP/htdocs/March2023/Jumanne/app/Controllers/Users.php(140): App\Models\UsersModel->isUserWithEmailExisting('hamimumopei@gma...')
#6 /Applications/MAMP/htdocs/March2023/Jumanne/vendor/codeigniter4/framework/system/CodeIgniter.php(927): App\Controllers\Users->addUser()
#7 /Applications/MAMP/htdocs/March2023/Jumanne/vendor/codeigniter4/framework/system/CodeIgniter.php(482): CodeIgniter\CodeIgniter->runController(Object(App\Controllers\Users))
#8 /Applications/MAMP/htdocs/March2023/Jumanne/vendor/codeigniter4/framework/system/CodeIgniter.php(351): CodeIgniter\CodeIgniter->handleRequest(NULL, Object(Config\Cache), false)
#9 /Applications/MAMP/htdocs/March2023/Jumanne/public/index.php(67): CodeIgniter\CodeIgniter->run()
#10 /Applications/MAMP/htdocs/March2023/Jumanne/vendor/codeigniter4/framework/system/Commands/Server/rewrite.php(46): require_once('/Applications/M...')
#11 {main}
CRITICAL - 2023-05-24 20:09:27 --> Unknown column 'delete_flag' in 'where clause'
in SYSTEMPATH/Database/MySQLi/Connection.php on line 292.
 1 SYSTEMPATH/Database/MySQLi/Connection.php(292): mysqli->query('SELECT *
FROM `user`
WHERE `email` = \'hamimumopei@gmail.com\'
AND `status` = 0
AND `delete_flag` = 1', 0)
 2 SYSTEMPATH/Database/BaseConnection.php(666): CodeIgniter\Database\MySQLi\Connection->execute('SELECT *
FROM `user`
WHERE `email` = \'hamimumopei@gmail.com\'
AND `status` = 0
AND `delete_flag` = 1')
 3 SYSTEMPATH/Database/BaseConnection.php(593): CodeIgniter\Database\BaseConnection->simpleQuery('SELECT *
FROM `user`
WHERE `email` = \'hamimumopei@gmail.com\'
AND `status` = 0
AND `delete_flag` = 1')
 4 SYSTEMPATH/Database/BaseBuilder.php(1585): CodeIgniter\Database\BaseConnection->query('SELECT *
FROM `user`
WHERE `email` = :email:
AND `status` = :status:
AND `delete_flag` = :delete_flag:', [...], false)
 5 APPPATH/Models/UsersModel.php(27): CodeIgniter\Database\BaseBuilder->get()
 6 APPPATH/Controllers/Users.php(140): App\Models\UsersModel->isUserWithEmailExisting('hamimumopei@gmail.com')
 7 SYSTEMPATH/CodeIgniter.php(927): App\Controllers\Users->addUser()
 8 SYSTEMPATH/CodeIgniter.php(482): CodeIgniter\CodeIgniter->runController(Object(App\Controllers\Users))
 9 SYSTEMPATH/CodeIgniter.php(351): CodeIgniter\CodeIgniter->handleRequest(null, Object(Config\Cache), false)
10 FCPATH/index.php(67): CodeIgniter\CodeIgniter->run()
11 SYSTEMPATH/Commands/Server/rewrite.php(46): require_once('FCPATH/index.php')
