CRITICAL - 2022-12-03 00:41:28 --> CodeIgniter\Database\BaseResult::getResult(): Argument #1 ($type) must be of type string, null given, called in /Applications/MAMP/htdocs/OnGoing/New/eTransferv2/vendor/codeigniter4/framework/system/Model.php on line 224
in SYSTEMPATH/Database/BaseResult.php on line 96.
 1 SYSTEMPATH/Model.php(224): CodeIgniter\Database\BaseResult->getResult(null)
 2 SYSTEMPATH/BaseModel.php(585): CodeIgniter\Model->doFindAll(10, 0)
 3 SYSTEMPATH/BaseModel.php(1110): CodeIgniter\BaseModel->findAll(10, 0)
 4 APPPATH/Controllers/Countries.php(44): CodeIgniter\BaseModel->paginate(10)
 5 SYSTEMPATH/CodeIgniter.php(927): App\Controllers\Countries->index()
 6 SYSTEMPATH/CodeIgniter.php(482): CodeIgniter\CodeIgniter->runController(Object(App\Controllers\Countries))
 7 SYSTEMPATH/CodeIgniter.php(351): CodeIgniter\CodeIgniter->handleRequest(null, Object(Config\Cache), false)
 8 FCPATH/index.php(67): CodeIgniter\CodeIgniter->run()
 9 SYSTEMPATH/Commands/Server/rewrite.php(46): require_once('FCPATH/index.php')
CRITICAL - 2022-12-03 00:43:59 --> CodeIgniter\Database\BaseResult::getResult(): Argument #1 ($type) must be of type string, null given, called in /Applications/MAMP/htdocs/OnGoing/New/eTransferv2/vendor/codeigniter4/framework/system/Model.php on line 224
in SYSTEMPATH/Database/BaseResult.php on line 96.
 1 SYSTEMPATH/Model.php(224): CodeIgniter\Database\BaseResult->getResult(null)
 2 SYSTEMPATH/BaseModel.php(585): CodeIgniter\Model->doFindAll(10, 0)
 3 SYSTEMPATH/BaseModel.php(1110): CodeIgniter\BaseModel->findAll(10, 0)
 4 APPPATH/Controllers/Countries.php(45): CodeIgniter\BaseModel->paginate(10)
 5 SYSTEMPATH/CodeIgniter.php(927): App\Controllers\Countries->index()
 6 SYSTEMPATH/CodeIgniter.php(482): CodeIgniter\CodeIgniter->runController(Object(App\Controllers\Countries))
 7 SYSTEMPATH/CodeIgniter.php(351): CodeIgniter\CodeIgniter->handleRequest(null, Object(Config\Cache), false)
 8 FCPATH/index.php(67): CodeIgniter\CodeIgniter->run()
 9 SYSTEMPATH/Commands/Server/rewrite.php(46): require_once('FCPATH/index.php')
CRITICAL - 2022-12-03 06:14:37 --> Undefined array key "user"
in APPPATH/Controllers/Countries.php on line 37.
 1 APPPATH/Controllers/Countries.php(37): CodeIgniter\Debug\Exceptions->errorHandler(2, 'Undefined array key "user"', 'APPPATH/Controllers/Countries.php', 37)
 2 SYSTEMPATH/CodeIgniter.php(927): App\Controllers\Countries->index()
 3 SYSTEMPATH/CodeIgniter.php(482): CodeIgniter\CodeIgniter->runController(Object(App\Controllers\Countries))
 4 SYSTEMPATH/CodeIgniter.php(351): CodeIgniter\CodeIgniter->handleRequest(null, Object(Config\Cache), false)
 5 FCPATH/index.php(67): CodeIgniter\CodeIgniter->run()
 6 SYSTEMPATH/Commands/Server/rewrite.php(46): require_once('FCPATH/index.php')
CRITICAL - 2022-12-03 06:14:46 --> Undefined variable $pager
in APPPATH/Views/paginationTest.php on line 1.
 1 APPPATH/Views/paginationTest.php(1): CodeIgniter\Debug\Exceptions->errorHandler(2, 'Undefined variable $pager', 'APPPATH/Views/paginationTest.php', 1)
 2 SYSTEMPATH/View/View.php(213): include('APPPATH/Views/paginationTest.php')
 3 SYSTEMPATH/View/View.php(216): CodeIgniter\View\View->CodeIgniter\View\{closure}()
 4 SYSTEMPATH/Common.php(1134): CodeIgniter\View\View->render('paginationTest', [], true)
 5 APPPATH/Controllers/Countries.php(49): view('paginationTest', [...])
 6 SYSTEMPATH/CodeIgniter.php(927): App\Controllers\Countries->index()
 7 SYSTEMPATH/CodeIgniter.php(482): CodeIgniter\CodeIgniter->runController(Object(App\Controllers\Countries))
 8 SYSTEMPATH/CodeIgniter.php(351): CodeIgniter\CodeIgniter->handleRequest(null, Object(Config\Cache), false)
 9 FCPATH/index.php(67): CodeIgniter\CodeIgniter->run()
10 SYSTEMPATH/Commands/Server/rewrite.php(46): require_once('FCPATH/index.php')
CRITICAL - 2022-12-03 06:21:33 --> Undefined property: App\Controllers\Countries::$pagination
in APPPATH/Controllers/Countries.php on line 47.
 1 APPPATH/Controllers/Countries.php(47): CodeIgniter\Debug\Exceptions->errorHandler(2, 'Undefined property: App\\Controllers\\Countries::$pagination', 'APPPATH/Controllers/Countries.php', 47)
 2 SYSTEMPATH/CodeIgniter.php(927): App\Controllers\Countries->index()
 3 SYSTEMPATH/CodeIgniter.php(482): CodeIgniter\CodeIgniter->runController(Object(App\Controllers\Countries))
 4 SYSTEMPATH/CodeIgniter.php(351): CodeIgniter\CodeIgniter->handleRequest(null, Object(Config\Cache), false)
 5 FCPATH/index.php(67): CodeIgniter\CodeIgniter->run()
 6 SYSTEMPATH/Commands/Server/rewrite.php(46): require_once('FCPATH/index.php')
CRITICAL - 2022-12-03 06:21:59 --> Undefined property: App\Controllers\Countries::$pager
in APPPATH/Controllers/Countries.php on line 47.
 1 APPPATH/Controllers/Countries.php(47): CodeIgniter\Debug\Exceptions->errorHandler(2, 'Undefined property: App\\Controllers\\Countries::$pager', 'APPPATH/Controllers/Countries.php', 47)
 2 SYSTEMPATH/CodeIgniter.php(927): App\Controllers\Countries->index()
 3 SYSTEMPATH/CodeIgniter.php(482): CodeIgniter\CodeIgniter->runController(Object(App\Controllers\Countries))
 4 SYSTEMPATH/CodeIgniter.php(351): CodeIgniter\CodeIgniter->handleRequest(null, Object(Config\Cache), false)
 5 FCPATH/index.php(67): CodeIgniter\CodeIgniter->run()
 6 SYSTEMPATH/Commands/Server/rewrite.php(46): require_once('FCPATH/index.php')
CRITICAL - 2022-12-03 06:22:45 --> Undefined property: App\Controllers\Countries::$load
in APPPATH/Controllers/Countries.php on line 36.
 1 APPPATH/Controllers/Countries.php(36): CodeIgniter\Debug\Exceptions->errorHandler(2, 'Undefined property: App\\Controllers\\Countries::$load', 'APPPATH/Controllers/Countries.php', 36)
 2 SYSTEMPATH/CodeIgniter.php(927): App\Controllers\Countries->index()
 3 SYSTEMPATH/CodeIgniter.php(482): CodeIgniter\CodeIgniter->runController(Object(App\Controllers\Countries))
 4 SYSTEMPATH/CodeIgniter.php(351): CodeIgniter\CodeIgniter->handleRequest(null, Object(Config\Cache), false)
 5 FCPATH/index.php(67): CodeIgniter\CodeIgniter->run()
 6 SYSTEMPATH/Commands/Server/rewrite.php(46): require_once('FCPATH/index.php')
CRITICAL - 2022-12-03 06:27:01 --> Undefined property: App\Controllers\Countries::$pager
in APPPATH/Controllers/Countries.php on line 48.
 1 APPPATH/Controllers/Countries.php(48): CodeIgniter\Debug\Exceptions->errorHandler(2, 'Undefined property: App\\Controllers\\Countries::$pager', 'APPPATH/Controllers/Countries.php', 48)
 2 SYSTEMPATH/CodeIgniter.php(927): App\Controllers\Countries->index()
 3 SYSTEMPATH/CodeIgniter.php(482): CodeIgniter\CodeIgniter->runController(Object(App\Controllers\Countries))
 4 SYSTEMPATH/CodeIgniter.php(351): CodeIgniter\CodeIgniter->handleRequest(null, Object(Config\Cache), false)
 5 FCPATH/index.php(67): CodeIgniter\CodeIgniter->run()
 6 SYSTEMPATH/Commands/Server/rewrite.php(46): require_once('FCPATH/index.php')
CRITICAL - 2022-12-03 06:37:31 --> Undefined property: App\Controllers\Countries::$pager
in APPPATH/Controllers/Countries.php on line 49.
 1 APPPATH/Controllers/Countries.php(49): CodeIgniter\Debug\Exceptions->errorHandler(2, 'Undefined property: App\\Controllers\\Countries::$pager', 'APPPATH/Controllers/Countries.php', 49)
 2 SYSTEMPATH/CodeIgniter.php(927): App\Controllers\Countries->index()
 3 SYSTEMPATH/CodeIgniter.php(482): CodeIgniter\CodeIgniter->runController(Object(App\Controllers\Countries))
 4 SYSTEMPATH/CodeIgniter.php(351): CodeIgniter\CodeIgniter->handleRequest(null, Object(Config\Cache), false)
 5 FCPATH/index.php(67): CodeIgniter\CodeIgniter->run()
 6 SYSTEMPATH/Commands/Server/rewrite.php(46): require_once('FCPATH/index.php')
CRITICAL - 2022-12-03 06:44:30 --> Call to undefined method CodeIgniter\Pager\Pager::link()
in APPPATH/Controllers/Countries.php on line 49.
 1 SYSTEMPATH/CodeIgniter.php(927): App\Controllers\Countries->index()
 2 SYSTEMPATH/CodeIgniter.php(482): CodeIgniter\CodeIgniter->runController(Object(App\Controllers\Countries))
 3 SYSTEMPATH/CodeIgniter.php(351): CodeIgniter\CodeIgniter->handleRequest(null, Object(Config\Cache), false)
 4 FCPATH/index.php(67): CodeIgniter\CodeIgniter->run()
 5 SYSTEMPATH/Commands/Server/rewrite.php(46): require_once('FCPATH/index.php')
CRITICAL - 2022-12-03 06:44:57 --> Call to undefined method CodeIgniter\Pager\Pager::initialize()
in APPPATH/Controllers/Countries.php on line 49.
 1 SYSTEMPATH/CodeIgniter.php(927): App\Controllers\Countries->index()
 2 SYSTEMPATH/CodeIgniter.php(482): CodeIgniter\CodeIgniter->runController(Object(App\Controllers\Countries))
 3 SYSTEMPATH/CodeIgniter.php(351): CodeIgniter\CodeIgniter->handleRequest(null, Object(Config\Cache), false)
 4 FCPATH/index.php(67): CodeIgniter\CodeIgniter->run()
 5 SYSTEMPATH/Commands/Server/rewrite.php(46): require_once('FCPATH/index.php')
CRITICAL - 2022-12-03 06:45:17 --> Call to undefined method CodeIgniter\Pager\Pager::paginate()
in APPPATH/Controllers/Countries.php on line 49.
 1 SYSTEMPATH/CodeIgniter.php(927): App\Controllers\Countries->index()
 2 SYSTEMPATH/CodeIgniter.php(482): CodeIgniter\CodeIgniter->runController(Object(App\Controllers\Countries))
 3 SYSTEMPATH/CodeIgniter.php(351): CodeIgniter\CodeIgniter->handleRequest(null, Object(Config\Cache), false)
 4 FCPATH/index.php(67): CodeIgniter\CodeIgniter->run()
 5 SYSTEMPATH/Commands/Server/rewrite.php(46): require_once('FCPATH/index.php')
CRITICAL - 2022-12-03 06:49:12 --> Call to a member function simpleLinks() on null
in APPPATH/Views/paginationTest.php on line 1.
 1 SYSTEMPATH/View/View.php(213): include()
 2 SYSTEMPATH/View/View.php(216): CodeIgniter\View\View->CodeIgniter\View\{closure}()
 3 SYSTEMPATH/Common.php(1134): CodeIgniter\View\View->render('paginationTest', [], true)
 4 APPPATH/Controllers/Countries.php(58): view('paginationTest', [...])
 5 SYSTEMPATH/CodeIgniter.php(927): App\Controllers\Countries->index()
 6 SYSTEMPATH/CodeIgniter.php(482): CodeIgniter\CodeIgniter->runController(Object(App\Controllers\Countries))
 7 SYSTEMPATH/CodeIgniter.php(351): CodeIgniter\CodeIgniter->handleRequest(null, Object(Config\Cache), false)
 8 FCPATH/index.php(67): CodeIgniter\CodeIgniter->run()
 9 SYSTEMPATH/Commands/Server/rewrite.php(46): require_once('FCPATH/index.php')
CRITICAL - 2022-12-03 06:49:35 --> Attempt to read property "country_name" on array
in APPPATH/Views/paginationTest.php on line 10.
 1 APPPATH/Views/paginationTest.php(10): CodeIgniter\Debug\Exceptions->errorHandler(2, 'Attempt to read property "country_name" on array', 'APPPATH/Views/paginationTest.php', 10)
 2 SYSTEMPATH/View/View.php(213): include('APPPATH/Views/paginationTest.php')
 3 SYSTEMPATH/View/View.php(216): CodeIgniter\View\View->CodeIgniter\View\{closure}()
 4 SYSTEMPATH/Common.php(1134): CodeIgniter\View\View->render('paginationTest', [], true)
 5 APPPATH/Controllers/Countries.php(58): view('paginationTest', [...])
 6 SYSTEMPATH/CodeIgniter.php(927): App\Controllers\Countries->index()
 7 SYSTEMPATH/CodeIgniter.php(482): CodeIgniter\CodeIgniter->runController(Object(App\Controllers\Countries))
 8 SYSTEMPATH/CodeIgniter.php(351): CodeIgniter\CodeIgniter->handleRequest(null, Object(Config\Cache), false)
 9 FCPATH/index.php(67): CodeIgniter\CodeIgniter->run()
10 SYSTEMPATH/Commands/Server/rewrite.php(46): require_once('FCPATH/index.php')
CRITICAL - 2022-12-03 06:50:48 --> Call to a member function simpleLinks() on null
in APPPATH/Views/paginationTest.php on line 10.
 1 SYSTEMPATH/View/View.php(213): include()
 2 SYSTEMPATH/View/View.php(216): CodeIgniter\View\View->CodeIgniter\View\{closure}()
 3 SYSTEMPATH/Common.php(1134): CodeIgniter\View\View->render('paginationTest', [], true)
 4 APPPATH/Controllers/Countries.php(58): view('paginationTest', [...])
 5 SYSTEMPATH/CodeIgniter.php(927): App\Controllers\Countries->index()
 6 SYSTEMPATH/CodeIgniter.php(482): CodeIgniter\CodeIgniter->runController(Object(App\Controllers\Countries))
 7 SYSTEMPATH/CodeIgniter.php(351): CodeIgniter\CodeIgniter->handleRequest(null, Object(Config\Cache), false)
 8 FCPATH/index.php(67): CodeIgniter\CodeIgniter->run()
 9 SYSTEMPATH/Commands/Server/rewrite.php(46): require_once('FCPATH/index.php')
CRITICAL - 2022-12-03 06:50:55 --> Call to a member function simpleLinks() on null
in APPPATH/Views/paginationTest.php on line 10.
 1 SYSTEMPATH/View/View.php(213): include()
 2 SYSTEMPATH/View/View.php(216): CodeIgniter\View\View->CodeIgniter\View\{closure}()
 3 SYSTEMPATH/Common.php(1134): CodeIgniter\View\View->render('paginationTest', [], true)
 4 APPPATH/Controllers/Countries.php(58): view('paginationTest', [...])
 5 SYSTEMPATH/CodeIgniter.php(927): App\Controllers\Countries->index()
 6 SYSTEMPATH/CodeIgniter.php(482): CodeIgniter\CodeIgniter->runController(Object(App\Controllers\Countries))
 7 SYSTEMPATH/CodeIgniter.php(351): CodeIgniter\CodeIgniter->handleRequest(null, Object(Config\Cache), false)
 8 FCPATH/index.php(67): CodeIgniter\CodeIgniter->run()
 9 SYSTEMPATH/Commands/Server/rewrite.php(46): require_once('FCPATH/index.php')
CRITICAL - 2022-12-03 06:50:56 --> Call to a member function simpleLinks() on null
in APPPATH/Views/paginationTest.php on line 10.
 1 SYSTEMPATH/View/View.php(213): include()
 2 SYSTEMPATH/View/View.php(216): CodeIgniter\View\View->CodeIgniter\View\{closure}()
 3 SYSTEMPATH/Common.php(1134): CodeIgniter\View\View->render('paginationTest', [], true)
 4 APPPATH/Controllers/Countries.php(58): view('paginationTest', [...])
 5 SYSTEMPATH/CodeIgniter.php(927): App\Controllers\Countries->index()
 6 SYSTEMPATH/CodeIgniter.php(482): CodeIgniter\CodeIgniter->runController(Object(App\Controllers\Countries))
 7 SYSTEMPATH/CodeIgniter.php(351): CodeIgniter\CodeIgniter->handleRequest(null, Object(Config\Cache), false)
 8 FCPATH/index.php(67): CodeIgniter\CodeIgniter->run()
 9 SYSTEMPATH/Commands/Server/rewrite.php(46): require_once('FCPATH/index.php')
CRITICAL - 2022-12-03 06:51:02 --> Call to a member function simpleLinks() on null
in APPPATH/Views/paginationTest.php on line 10.
 1 SYSTEMPATH/View/View.php(213): include()
 2 SYSTEMPATH/View/View.php(216): CodeIgniter\View\View->CodeIgniter\View\{closure}()
 3 SYSTEMPATH/Common.php(1134): CodeIgniter\View\View->render('paginationTest', [], true)
 4 APPPATH/Controllers/Countries.php(58): view('paginationTest', [...])
 5 SYSTEMPATH/CodeIgniter.php(927): App\Controllers\Countries->index()
 6 SYSTEMPATH/CodeIgniter.php(482): CodeIgniter\CodeIgniter->runController(Object(App\Controllers\Countries))
 7 SYSTEMPATH/CodeIgniter.php(351): CodeIgniter\CodeIgniter->handleRequest(null, Object(Config\Cache), false)
 8 FCPATH/index.php(67): CodeIgniter\CodeIgniter->run()
 9 SYSTEMPATH/Commands/Server/rewrite.php(46): require_once('FCPATH/index.php')
CRITICAL - 2022-12-03 06:51:03 --> Call to a member function simpleLinks() on null
in APPPATH/Views/paginationTest.php on line 10.
 1 SYSTEMPATH/View/View.php(213): include()
 2 SYSTEMPATH/View/View.php(216): CodeIgniter\View\View->CodeIgniter\View\{closure}()
 3 SYSTEMPATH/Common.php(1134): CodeIgniter\View\View->render('paginationTest', [], true)
 4 APPPATH/Controllers/Countries.php(58): view('paginationTest', [...])
 5 SYSTEMPATH/CodeIgniter.php(927): App\Controllers\Countries->index()
 6 SYSTEMPATH/CodeIgniter.php(482): CodeIgniter\CodeIgniter->runController(Object(App\Controllers\Countries))
 7 SYSTEMPATH/CodeIgniter.php(351): CodeIgniter\CodeIgniter->handleRequest(null, Object(Config\Cache), false)
 8 FCPATH/index.php(67): CodeIgniter\CodeIgniter->run()
 9 SYSTEMPATH/Commands/Server/rewrite.php(46): require_once('FCPATH/index.php')
CRITICAL - 2022-12-03 06:51:03 --> Call to a member function simpleLinks() on null
in APPPATH/Views/paginationTest.php on line 10.
 1 SYSTEMPATH/View/View.php(213): include()
 2 SYSTEMPATH/View/View.php(216): CodeIgniter\View\View->CodeIgniter\View\{closure}()
 3 SYSTEMPATH/Common.php(1134): CodeIgniter\View\View->render('paginationTest', [], true)
 4 APPPATH/Controllers/Countries.php(58): view('paginationTest', [...])
 5 SYSTEMPATH/CodeIgniter.php(927): App\Controllers\Countries->index()
 6 SYSTEMPATH/CodeIgniter.php(482): CodeIgniter\CodeIgniter->runController(Object(App\Controllers\Countries))
 7 SYSTEMPATH/CodeIgniter.php(351): CodeIgniter\CodeIgniter->handleRequest(null, Object(Config\Cache), false)
 8 FCPATH/index.php(67): CodeIgniter\CodeIgniter->run()
 9 SYSTEMPATH/Commands/Server/rewrite.php(46): require_once('FCPATH/index.php')
CRITICAL - 2022-12-03 06:51:04 --> Call to a member function simpleLinks() on null
in APPPATH/Views/paginationTest.php on line 10.
 1 SYSTEMPATH/View/View.php(213): include()
 2 SYSTEMPATH/View/View.php(216): CodeIgniter\View\View->CodeIgniter\View\{closure}()
 3 SYSTEMPATH/Common.php(1134): CodeIgniter\View\View->render('paginationTest', [], true)
 4 APPPATH/Controllers/Countries.php(58): view('paginationTest', [...])
 5 SYSTEMPATH/CodeIgniter.php(927): App\Controllers\Countries->index()
 6 SYSTEMPATH/CodeIgniter.php(482): CodeIgniter\CodeIgniter->runController(Object(App\Controllers\Countries))
 7 SYSTEMPATH/CodeIgniter.php(351): CodeIgniter\CodeIgniter->handleRequest(null, Object(Config\Cache), false)
 8 FCPATH/index.php(67): CodeIgniter\CodeIgniter->run()
 9 SYSTEMPATH/Commands/Server/rewrite.php(46): require_once('FCPATH/index.php')
CRITICAL - 2022-12-03 06:51:04 --> Call to a member function simpleLinks() on null
in APPPATH/Views/paginationTest.php on line 10.
 1 SYSTEMPATH/View/View.php(213): include()
 2 SYSTEMPATH/View/View.php(216): CodeIgniter\View\View->CodeIgniter\View\{closure}()
 3 SYSTEMPATH/Common.php(1134): CodeIgniter\View\View->render('paginationTest', [], true)
 4 APPPATH/Controllers/Countries.php(58): view('paginationTest', [...])
 5 SYSTEMPATH/CodeIgniter.php(927): App\Controllers\Countries->index()
 6 SYSTEMPATH/CodeIgniter.php(482): CodeIgniter\CodeIgniter->runController(Object(App\Controllers\Countries))
 7 SYSTEMPATH/CodeIgniter.php(351): CodeIgniter\CodeIgniter->handleRequest(null, Object(Config\Cache), false)
 8 FCPATH/index.php(67): CodeIgniter\CodeIgniter->run()
 9 SYSTEMPATH/Commands/Server/rewrite.php(46): require_once('FCPATH/index.php')
CRITICAL - 2022-12-03 06:51:04 --> Call to a member function simpleLinks() on null
in APPPATH/Views/paginationTest.php on line 10.
 1 SYSTEMPATH/View/View.php(213): include()
 2 SYSTEMPATH/View/View.php(216): CodeIgniter\View\View->CodeIgniter\View\{closure}()
 3 SYSTEMPATH/Common.php(1134): CodeIgniter\View\View->render('paginationTest', [], true)
 4 APPPATH/Controllers/Countries.php(58): view('paginationTest', [...])
 5 SYSTEMPATH/CodeIgniter.php(927): App\Controllers\Countries->index()
 6 SYSTEMPATH/CodeIgniter.php(482): CodeIgniter\CodeIgniter->runController(Object(App\Controllers\Countries))
 7 SYSTEMPATH/CodeIgniter.php(351): CodeIgniter\CodeIgniter->handleRequest(null, Object(Config\Cache), false)
 8 FCPATH/index.php(67): CodeIgniter\CodeIgniter->run()
 9 SYSTEMPATH/Commands/Server/rewrite.php(46): require_once('FCPATH/index.php')
CRITICAL - 2022-12-03 06:51:04 --> Call to a member function simpleLinks() on null
in APPPATH/Views/paginationTest.php on line 10.
 1 SYSTEMPATH/View/View.php(213): include()
 2 SYSTEMPATH/View/View.php(216): CodeIgniter\View\View->CodeIgniter\View\{closure}()
 3 SYSTEMPATH/Common.php(1134): CodeIgniter\View\View->render('paginationTest', [], true)
 4 APPPATH/Controllers/Countries.php(58): view('paginationTest', [...])
 5 SYSTEMPATH/CodeIgniter.php(927): App\Controllers\Countries->index()
 6 SYSTEMPATH/CodeIgniter.php(482): CodeIgniter\CodeIgniter->runController(Object(App\Controllers\Countries))
 7 SYSTEMPATH/CodeIgniter.php(351): CodeIgniter\CodeIgniter->handleRequest(null, Object(Config\Cache), false)
 8 FCPATH/index.php(67): CodeIgniter\CodeIgniter->run()
 9 SYSTEMPATH/Commands/Server/rewrite.php(46): require_once('FCPATH/index.php')
CRITICAL - 2022-12-03 06:52:29 --> Undefined property: CodeIgniter\View\View::$pager
in APPPATH/Views/paginationTest.php on line 10.
 1 APPPATH/Views/paginationTest.php(10): CodeIgniter\Debug\Exceptions->errorHandler(2, 'Undefined property: CodeIgniter\\View\\View::$pager', 'APPPATH/Views/paginationTest.php', 10)
 2 SYSTEMPATH/View/View.php(213): include('APPPATH/Views/paginationTest.php')
 3 SYSTEMPATH/View/View.php(216): CodeIgniter\View\View->CodeIgniter\View\{closure}()
 4 SYSTEMPATH/Common.php(1134): CodeIgniter\View\View->render('paginationTest', [], true)
 5 APPPATH/Controllers/Countries.php(58): view('paginationTest', [...])
 6 SYSTEMPATH/CodeIgniter.php(927): App\Controllers\Countries->index()
 7 SYSTEMPATH/CodeIgniter.php(482): CodeIgniter\CodeIgniter->runController(Object(App\Controllers\Countries))
 8 SYSTEMPATH/CodeIgniter.php(351): CodeIgniter\CodeIgniter->handleRequest(null, Object(Config\Cache), false)
 9 FCPATH/index.php(67): CodeIgniter\CodeIgniter->run()
10 SYSTEMPATH/Commands/Server/rewrite.php(46): require_once('FCPATH/index.php')
CRITICAL - 2022-12-03 06:53:11 --> Call to a member function link() on null
in APPPATH/Views/paginationTest.php on line 10.
 1 SYSTEMPATH/View/View.php(213): include()
 2 SYSTEMPATH/View/View.php(216): CodeIgniter\View\View->CodeIgniter\View\{closure}()
 3 SYSTEMPATH/Common.php(1134): CodeIgniter\View\View->render('paginationTest', [], true)
 4 APPPATH/Controllers/Countries.php(58): view('paginationTest', [...])
 5 SYSTEMPATH/CodeIgniter.php(927): App\Controllers\Countries->index()
 6 SYSTEMPATH/CodeIgniter.php(482): CodeIgniter\CodeIgniter->runController(Object(App\Controllers\Countries))
 7 SYSTEMPATH/CodeIgniter.php(351): CodeIgniter\CodeIgniter->handleRequest(null, Object(Config\Cache), false)
 8 FCPATH/index.php(67): CodeIgniter\CodeIgniter->run()
 9 SYSTEMPATH/Commands/Server/rewrite.php(46): require_once('FCPATH/index.php')
CRITICAL - 2022-12-03 06:53:19 --> Call to a member function links() on null
in APPPATH/Views/paginationTest.php on line 10.
 1 SYSTEMPATH/View/View.php(213): include()
 2 SYSTEMPATH/View/View.php(216): CodeIgniter\View\View->CodeIgniter\View\{closure}()
 3 SYSTEMPATH/Common.php(1134): CodeIgniter\View\View->render('paginationTest', [], true)
 4 APPPATH/Controllers/Countries.php(58): view('paginationTest', [...])
 5 SYSTEMPATH/CodeIgniter.php(927): App\Controllers\Countries->index()
 6 SYSTEMPATH/CodeIgniter.php(482): CodeIgniter\CodeIgniter->runController(Object(App\Controllers\Countries))
 7 SYSTEMPATH/CodeIgniter.php(351): CodeIgniter\CodeIgniter->handleRequest(null, Object(Config\Cache), false)
 8 FCPATH/index.php(67): CodeIgniter\CodeIgniter->run()
 9 SYSTEMPATH/Commands/Server/rewrite.php(46): require_once('FCPATH/index.php')
CRITICAL - 2022-12-03 06:53:57 --> Call to a member function links() on null
in APPPATH/Views/paginationTest.php on line 10.
 1 SYSTEMPATH/View/View.php(213): include()
 2 SYSTEMPATH/View/View.php(216): CodeIgniter\View\View->CodeIgniter\View\{closure}()
 3 SYSTEMPATH/Common.php(1134): CodeIgniter\View\View->render('paginationTest', [], true)
 4 APPPATH/Controllers/Countries.php(58): view('paginationTest', [...])
 5 SYSTEMPATH/CodeIgniter.php(927): App\Controllers\Countries->index()
 6 SYSTEMPATH/CodeIgniter.php(482): CodeIgniter\CodeIgniter->runController(Object(App\Controllers\Countries))
 7 SYSTEMPATH/CodeIgniter.php(351): CodeIgniter\CodeIgniter->handleRequest(null, Object(Config\Cache), false)
 8 FCPATH/index.php(67): CodeIgniter\CodeIgniter->run()
 9 SYSTEMPATH/Commands/Server/rewrite.php(46): require_once('FCPATH/index.php')
CRITICAL - 2022-12-03 06:59:45 --> CodeIgniter\Database\BaseResult::getResult(): Argument #1 ($type) must be of type string, null given, called in /Applications/MAMP/htdocs/OnGoing/New/eTransferv2/vendor/codeigniter4/framework/system/Model.php on line 224
in SYSTEMPATH/Database/BaseResult.php on line 96.
 1 SYSTEMPATH/Model.php(224): CodeIgniter\Database\BaseResult->getResult(null)
 2 SYSTEMPATH/BaseModel.php(585): CodeIgniter\Model->doFindAll(10, 0)
 3 SYSTEMPATH/BaseModel.php(1110): CodeIgniter\BaseModel->findAll(10, 0)
 4 APPPATH/Controllers/Countries.php(49): CodeIgniter\BaseModel->paginate(10)
 5 SYSTEMPATH/CodeIgniter.php(927): App\Controllers\Countries->index()
 6 SYSTEMPATH/CodeIgniter.php(482): CodeIgniter\CodeIgniter->runController(Object(App\Controllers\Countries))
 7 SYSTEMPATH/CodeIgniter.php(351): CodeIgniter\CodeIgniter->handleRequest(null, Object(Config\Cache), false)
 8 FCPATH/index.php(67): CodeIgniter\CodeIgniter->run()
 9 SYSTEMPATH/Commands/Server/rewrite.php(46): require_once('FCPATH/index.php')
CRITICAL - 2022-12-03 07:06:01 --> Call to a member function paginate() on array
in APPPATH/Controllers/Countries.php on line 49.
 1 SYSTEMPATH/CodeIgniter.php(927): App\Controllers\Countries->index()
 2 SYSTEMPATH/CodeIgniter.php(482): CodeIgniter\CodeIgniter->runController(Object(App\Controllers\Countries))
 3 SYSTEMPATH/CodeIgniter.php(351): CodeIgniter\CodeIgniter->handleRequest(null, Object(Config\Cache), false)
 4 FCPATH/index.php(67): CodeIgniter\CodeIgniter->run()
 5 SYSTEMPATH/Commands/Server/rewrite.php(46): require_once('FCPATH/index.php')
CRITICAL - 2022-12-03 07:06:59 --> CodeIgniter\Database\BaseResult::getResult(): Argument #1 ($type) must be of type string, null given, called in /Applications/MAMP/htdocs/OnGoing/New/eTransferv2/vendor/codeigniter4/framework/system/Model.php on line 224
in SYSTEMPATH/Database/BaseResult.php on line 96.
 1 SYSTEMPATH/Model.php(224): CodeIgniter\Database\BaseResult->getResult(null)
 2 SYSTEMPATH/BaseModel.php(585): CodeIgniter\Model->doFindAll(10, 0)
 3 SYSTEMPATH/BaseModel.php(1110): CodeIgniter\BaseModel->findAll(10, 0)
 4 APPPATH/Controllers/Countries.php(49): CodeIgniter\BaseModel->paginate(10)
 5 SYSTEMPATH/CodeIgniter.php(927): App\Controllers\Countries->index()
 6 SYSTEMPATH/CodeIgniter.php(482): CodeIgniter\CodeIgniter->runController(Object(App\Controllers\Countries))
 7 SYSTEMPATH/CodeIgniter.php(351): CodeIgniter\CodeIgniter->handleRequest(null, Object(Config\Cache), false)
 8 FCPATH/index.php(67): CodeIgniter\CodeIgniter->run()
 9 SYSTEMPATH/Commands/Server/rewrite.php(46): require_once('FCPATH/index.php')
CRITICAL - 2022-12-03 07:22:52 --> CodeIgniter\Database\BaseResult::getResult(): Argument #1 ($type) must be of type string, null given, called in /Applications/MAMP/htdocs/OnGoing/New/eTransferv2/vendor/codeigniter4/framework/system/Model.php on line 224
in SYSTEMPATH/Database/BaseResult.php on line 96.
 1 SYSTEMPATH/Model.php(224): CodeIgniter\Database\BaseResult->getResult(null)
 2 SYSTEMPATH/BaseModel.php(585): CodeIgniter\Model->doFindAll(10, 0)
 3 SYSTEMPATH/BaseModel.php(1110): CodeIgniter\BaseModel->findAll(10, 0)
 4 APPPATH/Controllers/Countries.php(49): CodeIgniter\BaseModel->paginate(10)
 5 SYSTEMPATH/CodeIgniter.php(927): App\Controllers\Countries->index()
 6 SYSTEMPATH/CodeIgniter.php(482): CodeIgniter\CodeIgniter->runController(Object(App\Controllers\Countries))
 7 SYSTEMPATH/CodeIgniter.php(351): CodeIgniter\CodeIgniter->handleRequest(null, Object(Config\Cache), false)
 8 FCPATH/index.php(67): CodeIgniter\CodeIgniter->run()
 9 SYSTEMPATH/Commands/Server/rewrite.php(46): require_once('FCPATH/index.php')
CRITICAL - 2022-12-03 07:22:54 --> CodeIgniter\Database\BaseResult::getResult(): Argument #1 ($type) must be of type string, null given, called in /Applications/MAMP/htdocs/OnGoing/New/eTransferv2/vendor/codeigniter4/framework/system/Model.php on line 224
in SYSTEMPATH/Database/BaseResult.php on line 96.
 1 SYSTEMPATH/Model.php(224): CodeIgniter\Database\BaseResult->getResult(null)
 2 SYSTEMPATH/BaseModel.php(585): CodeIgniter\Model->doFindAll(10, 0)
 3 SYSTEMPATH/BaseModel.php(1110): CodeIgniter\BaseModel->findAll(10, 0)
 4 APPPATH/Controllers/Countries.php(49): CodeIgniter\BaseModel->paginate(10)
 5 SYSTEMPATH/CodeIgniter.php(927): App\Controllers\Countries->index()
 6 SYSTEMPATH/CodeIgniter.php(482): CodeIgniter\CodeIgniter->runController(Object(App\Controllers\Countries))
 7 SYSTEMPATH/CodeIgniter.php(351): CodeIgniter\CodeIgniter->handleRequest(null, Object(Config\Cache), false)
 8 FCPATH/index.php(67): CodeIgniter\CodeIgniter->run()
 9 SYSTEMPATH/Commands/Server/rewrite.php(46): require_once('FCPATH/index.php')
ERROR - 2022-12-03 07:34:57 --> mysqli_sql_exception: Table 'etransferv2.users' doesn't exist in /Applications/MAMP/htdocs/OnGoing/New/eTransferv2/vendor/codeigniter4/framework/system/Database/MySQLi/Connection.php:292
Stack trace:
#0 /Applications/MAMP/htdocs/OnGoing/New/eTransferv2/vendor/codeigniter4/framework/system/Database/MySQLi/Connection.php(292): mysqli->query('SELECT COUNT(*)...', 0)
#1 /Applications/MAMP/htdocs/OnGoing/New/eTransferv2/vendor/codeigniter4/framework/system/Database/BaseConnection.php(666): CodeIgniter\Database\MySQLi\Connection->execute('SELECT COUNT(*)...')
#2 /Applications/MAMP/htdocs/OnGoing/New/eTransferv2/vendor/codeigniter4/framework/system/Database/BaseConnection.php(593): CodeIgniter\Database\BaseConnection->simpleQuery('SELECT COUNT(*)...')
#3 /Applications/MAMP/htdocs/OnGoing/New/eTransferv2/vendor/codeigniter4/framework/system/Database/BaseBuilder.php(1669): CodeIgniter\Database\BaseConnection->query('SELECT COUNT(*)...', Array, false)
#4 /Applications/MAMP/htdocs/OnGoing/New/eTransferv2/vendor/codeigniter4/framework/system/Model.php(551): CodeIgniter\Database\BaseBuilder->countAllResults(false)
#5 /Applications/MAMP/htdocs/OnGoing/New/eTransferv2/vendor/codeigniter4/framework/system/BaseModel.php(1106): CodeIgniter\Model->countAllResults(false)
#6 /Applications/MAMP/htdocs/OnGoing/New/eTransferv2/app/Controllers/Countries.php(49): CodeIgniter\BaseModel->paginate(10)
#7 /Applications/MAMP/htdocs/OnGoing/New/eTransferv2/vendor/codeigniter4/framework/system/CodeIgniter.php(927): App\Controllers\Countries->index()
#8 /Applications/MAMP/htdocs/OnGoing/New/eTransferv2/vendor/codeigniter4/framework/system/CodeIgniter.php(482): CodeIgniter\CodeIgniter->runController(Object(App\Controllers\Countries))
#9 /Applications/MAMP/htdocs/OnGoing/New/eTransferv2/vendor/codeigniter4/framework/system/CodeIgniter.php(351): CodeIgniter\CodeIgniter->handleRequest(NULL, Object(Config\Cache), false)
#10 /Applications/MAMP/htdocs/OnGoing/New/eTransferv2/public/index.php(67): CodeIgniter\CodeIgniter->run()
#11 /Applications/MAMP/htdocs/OnGoing/New/eTransferv2/vendor/codeigniter4/framework/system/Commands/Server/rewrite.php(46): require_once('/Applications/M...')
#12 {main}
CRITICAL - 2022-12-03 07:34:57 --> Table 'etransferv2.users' doesn't exist
in SYSTEMPATH/Database/MySQLi/Connection.php on line 292.
 1 SYSTEMPATH/Database/MySQLi/Connection.php(292): mysqli->query('SELECT COUNT(*) AS `numrows`
FROM `users`', 0)
 2 SYSTEMPATH/Database/BaseConnection.php(666): CodeIgniter\Database\MySQLi\Connection->execute('SELECT COUNT(*) AS `numrows`
FROM `users`')
 3 SYSTEMPATH/Database/BaseConnection.php(593): CodeIgniter\Database\BaseConnection->simpleQuery('SELECT COUNT(*) AS `numrows`
FROM `users`')
 4 SYSTEMPATH/Database/BaseBuilder.php(1669): CodeIgniter\Database\BaseConnection->query('SELECT COUNT(*) AS `numrows`
FROM `users`', [], false)
 5 SYSTEMPATH/Model.php(551): CodeIgniter\Database\BaseBuilder->countAllResults(false)
 6 SYSTEMPATH/BaseModel.php(1106): CodeIgniter\Model->countAllResults(false)
 7 APPPATH/Controllers/Countries.php(49): CodeIgniter\BaseModel->paginate(10)
 8 SYSTEMPATH/CodeIgniter.php(927): App\Controllers\Countries->index()
 9 SYSTEMPATH/CodeIgniter.php(482): CodeIgniter\CodeIgniter->runController(Object(App\Controllers\Countries))
10 SYSTEMPATH/CodeIgniter.php(351): CodeIgniter\CodeIgniter->handleRequest(null, Object(Config\Cache), false)
11 FCPATH/index.php(67): CodeIgniter\CodeIgniter->run()
12 SYSTEMPATH/Commands/Server/rewrite.php(46): require_once('FCPATH/index.php')
CRITICAL - 2022-12-03 07:35:35 --> CodeIgniter\Database\BaseResult::getResult(): Argument #1 ($type) must be of type string, null given, called in /Applications/MAMP/htdocs/OnGoing/New/eTransferv2/vendor/codeigniter4/framework/system/Model.php on line 224
in SYSTEMPATH/Database/BaseResult.php on line 96.
 1 SYSTEMPATH/Model.php(224): CodeIgniter\Database\BaseResult->getResult(null)
 2 SYSTEMPATH/BaseModel.php(585): CodeIgniter\Model->doFindAll(10, 0)
 3 SYSTEMPATH/BaseModel.php(1110): CodeIgniter\BaseModel->findAll(10, 0)
 4 APPPATH/Controllers/Countries.php(49): CodeIgniter\BaseModel->paginate(10)
 5 SYSTEMPATH/CodeIgniter.php(927): App\Controllers\Countries->index()
 6 SYSTEMPATH/CodeIgniter.php(482): CodeIgniter\CodeIgniter->runController(Object(App\Controllers\Countries))
 7 SYSTEMPATH/CodeIgniter.php(351): CodeIgniter\CodeIgniter->handleRequest(null, Object(Config\Cache), false)
 8 FCPATH/index.php(67): CodeIgniter\CodeIgniter->run()
 9 SYSTEMPATH/Commands/Server/rewrite.php(46): require_once('FCPATH/index.php')
CRITICAL - 2022-12-03 09:32:21 --> Undefined array key "id"
in APPPATH/Views/paginationTest.php on line 24.
 1 APPPATH/Views/paginationTest.php(24): CodeIgniter\Debug\Exceptions->errorHandler(2, 'Undefined array key "id"', 'APPPATH/Views/paginationTest.php', 24)
 2 SYSTEMPATH/View/View.php(213): include('APPPATH/Views/paginationTest.php')
 3 SYSTEMPATH/View/View.php(216): CodeIgniter\View\View->CodeIgniter\View\{closure}()
 4 SYSTEMPATH/Common.php(1134): CodeIgniter\View\View->render('paginationTest', [], true)
 5 APPPATH/Controllers/Countries.php(58): view('paginationTest', [...])
 6 SYSTEMPATH/CodeIgniter.php(927): App\Controllers\Countries->index()
 7 SYSTEMPATH/CodeIgniter.php(482): CodeIgniter\CodeIgniter->runController(Object(App\Controllers\Countries))
 8 SYSTEMPATH/CodeIgniter.php(351): CodeIgniter\CodeIgniter->handleRequest(null, Object(Config\Cache), false)
 9 FCPATH/index.php(67): CodeIgniter\CodeIgniter->run()
10 SYSTEMPATH/Commands/Server/rewrite.php(46): require_once('FCPATH/index.php')
CRITICAL - 2022-12-03 09:36:03 --> CodeIgniter\Database\BaseResult::getResult(): Argument #1 ($type) must be of type string, null given, called in /Applications/MAMP/htdocs/OnGoing/New/eTransferv2/vendor/codeigniter4/framework/system/Model.php on line 224
in SYSTEMPATH/Database/BaseResult.php on line 96.
 1 SYSTEMPATH/Model.php(224): CodeIgniter\Database\BaseResult->getResult(null)
 2 SYSTEMPATH/BaseModel.php(585): CodeIgniter\Model->doFindAll(10, 240)
 3 SYSTEMPATH/BaseModel.php(1110): CodeIgniter\BaseModel->findAll(10, 240)
 4 APPPATH/Controllers/Countries.php(49): CodeIgniter\BaseModel->paginate(10)
 5 SYSTEMPATH/CodeIgniter.php(927): App\Controllers\Countries->index()
 6 SYSTEMPATH/CodeIgniter.php(482): CodeIgniter\CodeIgniter->runController(Object(App\Controllers\Countries))
 7 SYSTEMPATH/CodeIgniter.php(351): CodeIgniter\CodeIgniter->handleRequest(null, Object(Config\Cache), false)
 8 FCPATH/index.php(67): CodeIgniter\CodeIgniter->run()
 9 SYSTEMPATH/Commands/Server/rewrite.php(46): require_once('FCPATH/index.php')
CRITICAL - 2022-12-03 09:42:59 --> CodeIgniter\Database\BaseResult::getResult(): Argument #1 ($type) must be of type string, null given, called in /Applications/MAMP/htdocs/OnGoing/New/eTransferv2/vendor/codeigniter4/framework/system/Model.php on line 224
in SYSTEMPATH/Database/BaseResult.php on line 96.
 1 SYSTEMPATH/Model.php(224): CodeIgniter\Database\BaseResult->getResult(null)
 2 SYSTEMPATH/BaseModel.php(585): CodeIgniter\Model->doFindAll(13, 0)
 3 SYSTEMPATH/BaseModel.php(1110): CodeIgniter\BaseModel->findAll(13, 0)
 4 APPPATH/Controllers/Countries.php(49): CodeIgniter\BaseModel->paginate(13)
 5 SYSTEMPATH/CodeIgniter.php(927): App\Controllers\Countries->index()
 6 SYSTEMPATH/CodeIgniter.php(482): CodeIgniter\CodeIgniter->runController(Object(App\Controllers\Countries))
 7 SYSTEMPATH/CodeIgniter.php(351): CodeIgniter\CodeIgniter->handleRequest(null, Object(Config\Cache), false)
 8 FCPATH/index.php(67): CodeIgniter\CodeIgniter->run()
 9 SYSTEMPATH/Commands/Server/rewrite.php(46): require_once('FCPATH/index.php')
CRITICAL - 2022-12-03 10:16:07 --> Invalid file: countries/index.php
in SYSTEMPATH/Exceptions/FrameworkException.php on line 33.
 1 SYSTEMPATH/View/View.php(201): CodeIgniter\Exceptions\FrameworkException::forInvalidFile('countries/index.php')
 2 SYSTEMPATH/Common.php(1134): CodeIgniter\View\View->render('countries/index', [], true)
 3 APPPATH/Controllers/Countries.php(49): view('countries/index', [...])
 4 SYSTEMPATH/CodeIgniter.php(927): App\Controllers\Countries->index()
 5 SYSTEMPATH/CodeIgniter.php(482): CodeIgniter\CodeIgniter->runController(Object(App\Controllers\Countries))
 6 SYSTEMPATH/CodeIgniter.php(351): CodeIgniter\CodeIgniter->handleRequest(null, Object(Config\Cache), false)
 7 FCPATH/index.php(67): CodeIgniter\CodeIgniter->run()
 8 SYSTEMPATH/Commands/Server/rewrite.php(46): require_once('FCPATH/index.php')
CRITICAL - 2022-12-03 10:30:19 --> Call to undefined method CodeIgniter\Pager\Pager::hasPreviousPage()
in APPPATH/Views/countries.php on line 103.
 1 SYSTEMPATH/View/View.php(213): include()
 2 SYSTEMPATH/View/View.php(216): CodeIgniter\View\View->CodeIgniter\View\{closure}()
 3 SYSTEMPATH/Common.php(1134): CodeIgniter\View\View->render('countries', [], true)
 4 APPPATH/Controllers/Countries.php(49): view('countries', [...])
 5 SYSTEMPATH/CodeIgniter.php(927): App\Controllers\Countries->index()
 6 SYSTEMPATH/CodeIgniter.php(482): CodeIgniter\CodeIgniter->runController(Object(App\Controllers\Countries))
 7 SYSTEMPATH/CodeIgniter.php(351): CodeIgniter\CodeIgniter->handleRequest(null, Object(Config\Cache), false)
 8 FCPATH/index.php(67): CodeIgniter\CodeIgniter->run()
 9 SYSTEMPATH/Commands/Server/rewrite.php(46): require_once('FCPATH/index.php')
CRITICAL - 2022-12-03 14:16:41 --> Undefined array key "user"
in APPPATH/Views/countries.php on line 2.
 1 APPPATH/Views/countries.php(2): CodeIgniter\Debug\Exceptions->errorHandler(2, 'Undefined array key "user"', 'APPPATH/Views/countries.php', 2)
 2 SYSTEMPATH/View/View.php(213): include('APPPATH/Views/countries.php')
 3 SYSTEMPATH/View/View.php(216): CodeIgniter\View\View->CodeIgniter\View\{closure}()
 4 SYSTEMPATH/Common.php(1134): CodeIgniter\View\View->render('countries', [], true)
 5 APPPATH/Controllers/Countries.php(49): view('countries', [...])
 6 SYSTEMPATH/CodeIgniter.php(927): App\Controllers\Countries->index()
 7 SYSTEMPATH/CodeIgniter.php(482): CodeIgniter\CodeIgniter->runController(Object(App\Controllers\Countries))
 8 SYSTEMPATH/CodeIgniter.php(351): CodeIgniter\CodeIgniter->handleRequest(null, Object(Config\Cache), false)
 9 FCPATH/index.php(67): CodeIgniter\CodeIgniter->run()
10 SYSTEMPATH/Commands/Server/rewrite.php(46): require_once('FCPATH/index.php')
CRITICAL - 2022-12-03 14:20:06 --> foreach() argument must be of type array|object, string given
in APPPATH/Views/countries.php on line 103.
 1 APPPATH/Views/countries.php(103): CodeIgniter\Debug\Exceptions->errorHandler(2, 'foreach() argument must be of type array|object, string given', 'APPPATH/Views/countries.php', 103)
 2 SYSTEMPATH/View/View.php(213): include('APPPATH/Views/countries.php')
 3 SYSTEMPATH/View/View.php(216): CodeIgniter\View\View->CodeIgniter\View\{closure}()
 4 SYSTEMPATH/Common.php(1134): CodeIgniter\View\View->render('countries', [], true)
 5 APPPATH/Controllers/Countries.php(49): view('countries', [...])
 6 SYSTEMPATH/CodeIgniter.php(927): App\Controllers\Countries->index()
 7 SYSTEMPATH/CodeIgniter.php(482): CodeIgniter\CodeIgniter->runController(Object(App\Controllers\Countries))
 8 SYSTEMPATH/CodeIgniter.php(351): CodeIgniter\CodeIgniter->handleRequest(null, Object(Config\Cache), false)
 9 FCPATH/index.php(67): CodeIgniter\CodeIgniter->run()
10 SYSTEMPATH/Commands/Server/rewrite.php(46): require_once('FCPATH/index.php')
CRITICAL - 2022-12-03 14:21:45 --> foreach() argument must be of type array|object, string given
in APPPATH/Views/countries.php on line 105.
 1 APPPATH/Views/countries.php(105): CodeIgniter\Debug\Exceptions->errorHandler(2, 'foreach() argument must be of type array|object, string given', 'APPPATH/Views/countries.php', 105)
 2 SYSTEMPATH/View/View.php(213): include('APPPATH/Views/countries.php')
 3 SYSTEMPATH/View/View.php(216): CodeIgniter\View\View->CodeIgniter\View\{closure}()
 4 SYSTEMPATH/Common.php(1134): CodeIgniter\View\View->render('countries', [], true)
 5 APPPATH/Controllers/Countries.php(49): view('countries', [...])
 6 SYSTEMPATH/CodeIgniter.php(927): App\Controllers\Countries->index()
 7 SYSTEMPATH/CodeIgniter.php(482): CodeIgniter\CodeIgniter->runController(Object(App\Controllers\Countries))
 8 SYSTEMPATH/CodeIgniter.php(351): CodeIgniter\CodeIgniter->handleRequest(null, Object(Config\Cache), false)
 9 FCPATH/index.php(67): CodeIgniter\CodeIgniter->run()
10 SYSTEMPATH/Commands/Server/rewrite.php(46): require_once('FCPATH/index.php')
CRITICAL - 2022-12-03 14:21:46 --> foreach() argument must be of type array|object, string given
in APPPATH/Views/countries.php on line 105.
 1 APPPATH/Views/countries.php(105): CodeIgniter\Debug\Exceptions->errorHandler(2, 'foreach() argument must be of type array|object, string given', 'APPPATH/Views/countries.php', 105)
 2 SYSTEMPATH/View/View.php(213): include('APPPATH/Views/countries.php')
 3 SYSTEMPATH/View/View.php(216): CodeIgniter\View\View->CodeIgniter\View\{closure}()
 4 SYSTEMPATH/Common.php(1134): CodeIgniter\View\View->render('countries', [], true)
 5 APPPATH/Controllers/Countries.php(49): view('countries', [...])
 6 SYSTEMPATH/CodeIgniter.php(927): App\Controllers\Countries->index()
 7 SYSTEMPATH/CodeIgniter.php(482): CodeIgniter\CodeIgniter->runController(Object(App\Controllers\Countries))
 8 SYSTEMPATH/CodeIgniter.php(351): CodeIgniter\CodeIgniter->handleRequest(null, Object(Config\Cache), false)
 9 FCPATH/index.php(67): CodeIgniter\CodeIgniter->run()
10 SYSTEMPATH/Commands/Server/rewrite.php(46): require_once('FCPATH/index.php')
CRITICAL - 2022-12-03 14:26:37 --> Call to undefined method CodeIgniter\Pager\Pager::setSurroundCount()
in APPPATH/Views/countries.php on line 87.
 1 SYSTEMPATH/View/View.php(213): include()
 2 SYSTEMPATH/View/View.php(216): CodeIgniter\View\View->CodeIgniter\View\{closure}()
 3 SYSTEMPATH/Common.php(1134): CodeIgniter\View\View->render('countries', [], true)
 4 APPPATH/Controllers/Countries.php(49): view('countries', [...])
 5 SYSTEMPATH/CodeIgniter.php(927): App\Controllers\Countries->index()
 6 SYSTEMPATH/CodeIgniter.php(482): CodeIgniter\CodeIgniter->runController(Object(App\Controllers\Countries))
 7 SYSTEMPATH/CodeIgniter.php(351): CodeIgniter\CodeIgniter->handleRequest(null, Object(Config\Cache), false)
 8 FCPATH/index.php(67): CodeIgniter\CodeIgniter->run()
 9 SYSTEMPATH/Commands/Server/rewrite.php(46): require_once('FCPATH/index.php')
CRITICAL - 2022-12-03 14:26:57 --> Call to undefined method CodeIgniter\Pager\Pager::hasPrevious()
in APPPATH/Views/countries.php on line 91.
 1 SYSTEMPATH/View/View.php(213): include()
 2 SYSTEMPATH/View/View.php(216): CodeIgniter\View\View->CodeIgniter\View\{closure}()
 3 SYSTEMPATH/Common.php(1134): CodeIgniter\View\View->render('countries', [], true)
 4 APPPATH/Controllers/Countries.php(49): view('countries', [...])
 5 SYSTEMPATH/CodeIgniter.php(927): App\Controllers\Countries->index()
 6 SYSTEMPATH/CodeIgniter.php(482): CodeIgniter\CodeIgniter->runController(Object(App\Controllers\Countries))
 7 SYSTEMPATH/CodeIgniter.php(351): CodeIgniter\CodeIgniter->handleRequest(null, Object(Config\Cache), false)
 8 FCPATH/index.php(67): CodeIgniter\CodeIgniter->run()
 9 SYSTEMPATH/Commands/Server/rewrite.php(46): require_once('FCPATH/index.php')
CRITICAL - 2022-12-03 14:28:06 --> Call to undefined method CodeIgniter\Pager\Pager::setSurroundCount()
in APPPATH/Views/countries.php on line 89.
 1 SYSTEMPATH/View/View.php(213): include()
 2 SYSTEMPATH/View/View.php(216): CodeIgniter\View\View->CodeIgniter\View\{closure}()
 3 SYSTEMPATH/Common.php(1134): CodeIgniter\View\View->render('countries', [], true)
 4 APPPATH/Controllers/Countries.php(49): view('countries', [...])
 5 SYSTEMPATH/CodeIgniter.php(927): App\Controllers\Countries->index()
 6 SYSTEMPATH/CodeIgniter.php(482): CodeIgniter\CodeIgniter->runController(Object(App\Controllers\Countries))
 7 SYSTEMPATH/CodeIgniter.php(351): CodeIgniter\CodeIgniter->handleRequest(null, Object(Config\Cache), false)
 8 FCPATH/index.php(67): CodeIgniter\CodeIgniter->run()
 9 SYSTEMPATH/Commands/Server/rewrite.php(46): require_once('FCPATH/index.php')
CRITICAL - 2022-12-03 14:29:03 --> Call to undefined method CodeIgniter\Pager\Pager::setSurroundCount()
in APPPATH/Views/countries.php on line 89.
 1 SYSTEMPATH/View/View.php(213): include()
 2 SYSTEMPATH/View/View.php(216): CodeIgniter\View\View->CodeIgniter\View\{closure}()
 3 SYSTEMPATH/Common.php(1134): CodeIgniter\View\View->render('countries', [], true)
 4 APPPATH/Controllers/Countries.php(49): view('countries', [...])
 5 SYSTEMPATH/CodeIgniter.php(927): App\Controllers\Countries->index()
 6 SYSTEMPATH/CodeIgniter.php(482): CodeIgniter\CodeIgniter->runController(Object(App\Controllers\Countries))
 7 SYSTEMPATH/CodeIgniter.php(351): CodeIgniter\CodeIgniter->handleRequest(null, Object(Config\Cache), false)
 8 FCPATH/index.php(67): CodeIgniter\CodeIgniter->run()
 9 SYSTEMPATH/Commands/Server/rewrite.php(46): require_once('FCPATH/index.php')
CRITICAL - 2022-12-03 14:30:12 --> Call to undefined method CodeIgniter\Pager\Pager::hasNext()
in APPPATH/Views/countries.php on line 88.
 1 SYSTEMPATH/View/View.php(213): include()
 2 SYSTEMPATH/View/View.php(216): CodeIgniter\View\View->CodeIgniter\View\{closure}()
 3 SYSTEMPATH/Common.php(1134): CodeIgniter\View\View->render('countries', [], true)
 4 APPPATH/Controllers/Countries.php(49): view('countries', [...])
 5 SYSTEMPATH/CodeIgniter.php(927): App\Controllers\Countries->index()
 6 SYSTEMPATH/CodeIgniter.php(482): CodeIgniter\CodeIgniter->runController(Object(App\Controllers\Countries))
 7 SYSTEMPATH/CodeIgniter.php(351): CodeIgniter\CodeIgniter->handleRequest(null, Object(Config\Cache), false)
 8 FCPATH/index.php(67): CodeIgniter\CodeIgniter->run()
 9 SYSTEMPATH/Commands/Server/rewrite.php(46): require_once('FCPATH/index.php')
CRITICAL - 2022-12-03 14:30:51 --> Too few arguments to function CodeIgniter\Pager\Pager::makeLinks(), 0 passed in /Applications/MAMP/htdocs/OnGoing/New/eTransferv2/app/Views/countries.php on line 88 and at least 3 expected
in SYSTEMPATH/Pager/Pager.php on line 104.
 1 APPPATH/Views/countries.php(88): CodeIgniter\Pager\Pager->makeLinks()
 2 SYSTEMPATH/View/View.php(213): include('APPPATH/Views/countries.php')
 3 SYSTEMPATH/View/View.php(216): CodeIgniter\View\View->CodeIgniter\View\{closure}()
 4 SYSTEMPATH/Common.php(1134): CodeIgniter\View\View->render('countries', [], true)
 5 APPPATH/Controllers/Countries.php(49): view('countries', [...])
 6 SYSTEMPATH/CodeIgniter.php(927): App\Controllers\Countries->index()
 7 SYSTEMPATH/CodeIgniter.php(482): CodeIgniter\CodeIgniter->runController(Object(App\Controllers\Countries))
 8 SYSTEMPATH/CodeIgniter.php(351): CodeIgniter\CodeIgniter->handleRequest(null, Object(Config\Cache), false)
 9 FCPATH/index.php(67): CodeIgniter\CodeIgniter->run()
10 SYSTEMPATH/Commands/Server/rewrite.php(46): require_once('FCPATH/index.php')
CRITICAL - 2022-12-03 14:31:14 --> Undefined variable $page
in APPPATH/Views/countries.php on line 88.
 1 APPPATH/Views/countries.php(88): CodeIgniter\Debug\Exceptions->errorHandler(2, 'Undefined variable $page', 'APPPATH/Views/countries.php', 88)
 2 SYSTEMPATH/View/View.php(213): include('APPPATH/Views/countries.php')
 3 SYSTEMPATH/View/View.php(216): CodeIgniter\View\View->CodeIgniter\View\{closure}()
 4 SYSTEMPATH/Common.php(1134): CodeIgniter\View\View->render('countries', [], true)
 5 APPPATH/Controllers/Countries.php(49): view('countries', [...])
 6 SYSTEMPATH/CodeIgniter.php(927): App\Controllers\Countries->index()
 7 SYSTEMPATH/CodeIgniter.php(482): CodeIgniter\CodeIgniter->runController(Object(App\Controllers\Countries))
 8 SYSTEMPATH/CodeIgniter.php(351): CodeIgniter\CodeIgniter->handleRequest(null, Object(Config\Cache), false)
 9 FCPATH/index.php(67): CodeIgniter\CodeIgniter->run()
10 SYSTEMPATH/Commands/Server/rewrite.php(46): require_once('FCPATH/index.php')
CRITICAL - 2022-12-03 14:37:47 --> Undefined variable $page
in APPPATH/Views/countries.php on line 88.
 1 APPPATH/Views/countries.php(88): CodeIgniter\Debug\Exceptions->errorHandler(2, 'Undefined variable $page', 'APPPATH/Views/countries.php', 88)
 2 SYSTEMPATH/View/View.php(213): include('APPPATH/Views/countries.php')
 3 SYSTEMPATH/View/View.php(216): CodeIgniter\View\View->CodeIgniter\View\{closure}()
 4 SYSTEMPATH/Common.php(1134): CodeIgniter\View\View->render('countries', [], true)
 5 APPPATH/Controllers/Countries.php(49): view('countries', [...])
 6 SYSTEMPATH/CodeIgniter.php(927): App\Controllers\Countries->index()
 7 SYSTEMPATH/CodeIgniter.php(482): CodeIgniter\CodeIgniter->runController(Object(App\Controllers\Countries))
 8 SYSTEMPATH/CodeIgniter.php(351): CodeIgniter\CodeIgniter->handleRequest(null, Object(Config\Cache), false)
 9 FCPATH/index.php(67): CodeIgniter\CodeIgniter->run()
10 SYSTEMPATH/Commands/Server/rewrite.php(46): require_once('FCPATH/index.php')
CRITICAL - 2022-12-03 14:41:24 --> Cannot use object of type CodeIgniter\Pager\Pager as array
in APPPATH/Views/countries.php on line 88.
 1 SYSTEMPATH/View/View.php(213): include()
 2 SYSTEMPATH/View/View.php(216): CodeIgniter\View\View->CodeIgniter\View\{closure}()
 3 SYSTEMPATH/Common.php(1134): CodeIgniter\View\View->render('countries', [], true)
 4 APPPATH/Controllers/Countries.php(49): view('countries', [...])
 5 SYSTEMPATH/CodeIgniter.php(927): App\Controllers\Countries->index()
 6 SYSTEMPATH/CodeIgniter.php(482): CodeIgniter\CodeIgniter->runController(Object(App\Controllers\Countries))
 7 SYSTEMPATH/CodeIgniter.php(351): CodeIgniter\CodeIgniter->handleRequest(null, Object(Config\Cache), false)
 8 FCPATH/index.php(67): CodeIgniter\CodeIgniter->run()
 9 SYSTEMPATH/Commands/Server/rewrite.php(46): require_once('FCPATH/index.php')
CRITICAL - 2022-12-03 14:41:43 --> Call to undefined method CodeIgniter\Pager\Pager::pageCount()
in APPPATH/Views/countries.php on line 88.
 1 SYSTEMPATH/View/View.php(213): include()
 2 SYSTEMPATH/View/View.php(216): CodeIgniter\View\View->CodeIgniter\View\{closure}()
 3 SYSTEMPATH/Common.php(1134): CodeIgniter\View\View->render('countries', [], true)
 4 APPPATH/Controllers/Countries.php(49): view('countries', [...])
 5 SYSTEMPATH/CodeIgniter.php(927): App\Controllers\Countries->index()
 6 SYSTEMPATH/CodeIgniter.php(482): CodeIgniter\CodeIgniter->runController(Object(App\Controllers\Countries))
 7 SYSTEMPATH/CodeIgniter.php(351): CodeIgniter\CodeIgniter->handleRequest(null, Object(Config\Cache), false)
 8 FCPATH/index.php(67): CodeIgniter\CodeIgniter->run()
 9 SYSTEMPATH/Commands/Server/rewrite.php(46): require_once('FCPATH/index.php')
CRITICAL - 2022-12-03 14:50:05 --> Undefined variable $page
in APPPATH/Views/countries.php on line 90.
 1 APPPATH/Views/countries.php(90): CodeIgniter\Debug\Exceptions->errorHandler(2, 'Undefined variable $page', 'APPPATH/Views/countries.php', 90)
 2 SYSTEMPATH/View/View.php(213): include('APPPATH/Views/countries.php')
 3 SYSTEMPATH/View/View.php(216): CodeIgniter\View\View->CodeIgniter\View\{closure}()
 4 SYSTEMPATH/Common.php(1134): CodeIgniter\View\View->render('countries', [], true)
 5 APPPATH/Controllers/Countries.php(49): view('countries', [...])
 6 SYSTEMPATH/CodeIgniter.php(927): App\Controllers\Countries->index()
 7 SYSTEMPATH/CodeIgniter.php(482): CodeIgniter\CodeIgniter->runController(Object(App\Controllers\Countries))
 8 SYSTEMPATH/CodeIgniter.php(351): CodeIgniter\CodeIgniter->handleRequest(null, Object(Config\Cache), false)
 9 FCPATH/index.php(67): CodeIgniter\CodeIgniter->run()
10 SYSTEMPATH/Commands/Server/rewrite.php(46): require_once('FCPATH/index.php')
CRITICAL - 2022-12-03 15:08:25 --> Invalid file: App\Views\Layouts\paginationLink.php
in SYSTEMPATH/Exceptions/FrameworkException.php on line 33.
 1 SYSTEMPATH/View/View.php(201): CodeIgniter\Exceptions\FrameworkException::forInvalidFile('App\\Views\\Layouts\\paginationLink.php')
 2 SYSTEMPATH/Pager/Pager.php(126): CodeIgniter\View\View->render('App\\Views\\Layouts\\paginationLink', null, false)
 3 SYSTEMPATH/Pager/Pager.php(83): CodeIgniter\Pager\Pager->displayLinks('default', 'default_full')
 4 APPPATH/Views/countries.php(88): CodeIgniter\Pager\Pager->links()
 5 SYSTEMPATH/View/View.php(213): include('APPPATH/Views/countries.php')
 6 SYSTEMPATH/View/View.php(216): CodeIgniter\View\View->CodeIgniter\View\{closure}()
 7 SYSTEMPATH/Common.php(1134): CodeIgniter\View\View->render('countries', [], true)
 8 APPPATH/Controllers/Countries.php(49): view('countries', [...])
 9 SYSTEMPATH/CodeIgniter.php(927): App\Controllers\Countries->index()
10 SYSTEMPATH/CodeIgniter.php(482): CodeIgniter\CodeIgniter->runController(Object(App\Controllers\Countries))
11 SYSTEMPATH/CodeIgniter.php(351): CodeIgniter\CodeIgniter->handleRequest(null, Object(Config\Cache), false)
12 FCPATH/index.php(67): CodeIgniter\CodeIgniter->run()
13 SYSTEMPATH/Commands/Server/rewrite.php(46): require_once('FCPATH/index.php')
CRITICAL - 2022-12-03 17:30:41 --> Undefined array key "user"
in APPPATH/Views/countries.php on line 2.
 1 APPPATH/Views/countries.php(2): CodeIgniter\Debug\Exceptions->errorHandler(2, 'Undefined array key "user"', 'APPPATH/Views/countries.php', 2)
 2 SYSTEMPATH/View/View.php(213): include('APPPATH/Views/countries.php')
 3 SYSTEMPATH/View/View.php(216): CodeIgniter\View\View->CodeIgniter\View\{closure}()
 4 SYSTEMPATH/Common.php(1134): CodeIgniter\View\View->render('countries', [], true)
 5 APPPATH/Controllers/Countries.php(28): view('countries', [...])
 6 SYSTEMPATH/CodeIgniter.php(927): App\Controllers\Countries->index()
 7 SYSTEMPATH/CodeIgniter.php(482): CodeIgniter\CodeIgniter->runController(Object(App\Controllers\Countries))
 8 SYSTEMPATH/CodeIgniter.php(351): CodeIgniter\CodeIgniter->handleRequest(null, Object(Config\Cache), false)
 9 FCPATH/index.php(67): CodeIgniter\CodeIgniter->run()
10 SYSTEMPATH/Commands/Server/rewrite.php(46): require_once('FCPATH/index.php')
CRITICAL - 2022-12-03 17:58:46 --> Too few arguments to function CodeIgniter\Database\BaseBuilder::join(), 1 passed in /Applications/MAMP/htdocs/OnGoing/New/eTransferv2/vendor/codeigniter4/framework/system/Model.php on line 772 and at least 2 expected
in SYSTEMPATH/Database/BaseBuilder.php on line 593.
 1 SYSTEMPATH/Model.php(772): CodeIgniter\Database\BaseBuilder->join('country')
 2 APPPATH/Controllers/Regions.php(19): CodeIgniter\Model->__call('join', [...])
 3 SYSTEMPATH/CodeIgniter.php(927): App\Controllers\Regions->index()
 4 SYSTEMPATH/CodeIgniter.php(482): CodeIgniter\CodeIgniter->runController(Object(App\Controllers\Regions))
 5 SYSTEMPATH/CodeIgniter.php(351): CodeIgniter\CodeIgniter->handleRequest(null, Object(Config\Cache), false)
 6 FCPATH/index.php(67): CodeIgniter\CodeIgniter->run()
 7 SYSTEMPATH/Commands/Server/rewrite.php(46): require_once('FCPATH/index.php')
ERROR - 2022-12-03 18:00:28 --> mysqli_sql_exception: Column 'deleted_flag' in where clause is ambiguous in /Applications/MAMP/htdocs/OnGoing/New/eTransferv2/vendor/codeigniter4/framework/system/Database/MySQLi/Connection.php:292
Stack trace:
#0 /Applications/MAMP/htdocs/OnGoing/New/eTransferv2/vendor/codeigniter4/framework/system/Database/MySQLi/Connection.php(292): mysqli->query('SELECT COUNT(*)...', 0)
#1 /Applications/MAMP/htdocs/OnGoing/New/eTransferv2/vendor/codeigniter4/framework/system/Database/BaseConnection.php(666): CodeIgniter\Database\MySQLi\Connection->execute('SELECT COUNT(*)...')
#2 /Applications/MAMP/htdocs/OnGoing/New/eTransferv2/vendor/codeigniter4/framework/system/Database/BaseConnection.php(593): CodeIgniter\Database\BaseConnection->simpleQuery('SELECT COUNT(*)...')
#3 /Applications/MAMP/htdocs/OnGoing/New/eTransferv2/vendor/codeigniter4/framework/system/Database/BaseBuilder.php(1669): CodeIgniter\Database\BaseConnection->query('SELECT COUNT(*)...', Array, false)
#4 /Applications/MAMP/htdocs/OnGoing/New/eTransferv2/vendor/codeigniter4/framework/system/Model.php(551): CodeIgniter\Database\BaseBuilder->countAllResults(false)
#5 /Applications/MAMP/htdocs/OnGoing/New/eTransferv2/vendor/codeigniter4/framework/system/BaseModel.php(1106): CodeIgniter\Model->countAllResults(false)
#6 /Applications/MAMP/htdocs/OnGoing/New/eTransferv2/app/Controllers/Regions.php(20): CodeIgniter\BaseModel->paginate(100)
#7 /Applications/MAMP/htdocs/OnGoing/New/eTransferv2/vendor/codeigniter4/framework/system/CodeIgniter.php(927): App\Controllers\Regions->index()
#8 /Applications/MAMP/htdocs/OnGoing/New/eTransferv2/vendor/codeigniter4/framework/system/CodeIgniter.php(482): CodeIgniter\CodeIgniter->runController(Object(App\Controllers\Regions))
#9 /Applications/MAMP/htdocs/OnGoing/New/eTransferv2/vendor/codeigniter4/framework/system/CodeIgniter.php(351): CodeIgniter\CodeIgniter->handleRequest(NULL, Object(Config\Cache), false)
#10 /Applications/MAMP/htdocs/OnGoing/New/eTransferv2/public/index.php(67): CodeIgniter\CodeIgniter->run()
#11 /Applications/MAMP/htdocs/OnGoing/New/eTransferv2/vendor/codeigniter4/framework/system/Commands/Server/rewrite.php(46): require_once('/Applications/M...')
#12 {main}
CRITICAL - 2022-12-03 18:00:28 --> Column 'deleted_flag' in where clause is ambiguous
in SYSTEMPATH/Database/MySQLi/Connection.php on line 292.
 1 SYSTEMPATH/Database/MySQLi/Connection.php(292): mysqli->query('SELECT COUNT(*) AS `numrows`
FROM `states`
JOIN `country` ON `states`.`country_id` = `country`.`country_id`
WHERE `deleted_flag` = 0', 0)
 2 SYSTEMPATH/Database/BaseConnection.php(666): CodeIgniter\Database\MySQLi\Connection->execute('SELECT COUNT(*) AS `numrows`
FROM `states`
JOIN `country` ON `states`.`country_id` = `country`.`country_id`
WHERE `deleted_flag` = 0')
 3 SYSTEMPATH/Database/BaseConnection.php(593): CodeIgniter\Database\BaseConnection->simpleQuery('SELECT COUNT(*) AS `numrows`
FROM `states`
JOIN `country` ON `states`.`country_id` = `country`.`country_id`
WHERE `deleted_flag` = 0')
 4 SYSTEMPATH/Database/BaseBuilder.php(1669): CodeIgniter\Database\BaseConnection->query('SELECT COUNT(*) AS `numrows`
FROM `states`
JOIN `country` ON `states`.`country_id` = `country`.`country_id`
WHERE `deleted_flag` = :deleted_flag:', [...], false)
 5 SYSTEMPATH/Model.php(551): CodeIgniter\Database\BaseBuilder->countAllResults(false)
 6 SYSTEMPATH/BaseModel.php(1106): CodeIgniter\Model->countAllResults(false)
 7 APPPATH/Controllers/Regions.php(20): CodeIgniter\BaseModel->paginate(100)
 8 SYSTEMPATH/CodeIgniter.php(927): App\Controllers\Regions->index()
 9 SYSTEMPATH/CodeIgniter.php(482): CodeIgniter\CodeIgniter->runController(Object(App\Controllers\Regions))
10 SYSTEMPATH/CodeIgniter.php(351): CodeIgniter\CodeIgniter->handleRequest(null, Object(Config\Cache), false)
11 FCPATH/index.php(67): CodeIgniter\CodeIgniter->run()
12 SYSTEMPATH/Commands/Server/rewrite.php(46): require_once('FCPATH/index.php')
ERROR - 2022-12-03 18:01:09 --> mysqli_sql_exception: Column 'country_id' in order clause is ambiguous in /Applications/MAMP/htdocs/OnGoing/New/eTransferv2/vendor/codeigniter4/framework/system/Database/MySQLi/Connection.php:292
Stack trace:
#0 /Applications/MAMP/htdocs/OnGoing/New/eTransferv2/vendor/codeigniter4/framework/system/Database/MySQLi/Connection.php(292): mysqli->query('SELECT *\nFROM `...', 0)
#1 /Applications/MAMP/htdocs/OnGoing/New/eTransferv2/vendor/codeigniter4/framework/system/Database/BaseConnection.php(666): CodeIgniter\Database\MySQLi\Connection->execute('SELECT *\nFROM `...')
#2 /Applications/MAMP/htdocs/OnGoing/New/eTransferv2/vendor/codeigniter4/framework/system/Database/BaseConnection.php(593): CodeIgniter\Database\BaseConnection->simpleQuery('SELECT *\nFROM `...')
#3 /Applications/MAMP/htdocs/OnGoing/New/eTransferv2/vendor/codeigniter4/framework/system/Database/BaseBuilder.php(1585): CodeIgniter\Database\BaseConnection->query('SELECT *\nFROM `...', Array, false)
#4 /Applications/MAMP/htdocs/OnGoing/New/eTransferv2/vendor/codeigniter4/framework/system/Model.php(223): CodeIgniter\Database\BaseBuilder->get()
#5 /Applications/MAMP/htdocs/OnGoing/New/eTransferv2/vendor/codeigniter4/framework/system/BaseModel.php(585): CodeIgniter\Model->doFindAll(100, 4100)
#6 /Applications/MAMP/htdocs/OnGoing/New/eTransferv2/vendor/codeigniter4/framework/system/BaseModel.php(1110): CodeIgniter\BaseModel->findAll(100, 4100)
#7 /Applications/MAMP/htdocs/OnGoing/New/eTransferv2/app/Controllers/Regions.php(20): CodeIgniter\BaseModel->paginate(100)
#8 /Applications/MAMP/htdocs/OnGoing/New/eTransferv2/vendor/codeigniter4/framework/system/CodeIgniter.php(927): App\Controllers\Regions->index()
#9 /Applications/MAMP/htdocs/OnGoing/New/eTransferv2/vendor/codeigniter4/framework/system/CodeIgniter.php(482): CodeIgniter\CodeIgniter->runController(Object(App\Controllers\Regions))
#10 /Applications/MAMP/htdocs/OnGoing/New/eTransferv2/vendor/codeigniter4/framework/system/CodeIgniter.php(351): CodeIgniter\CodeIgniter->handleRequest(NULL, Object(Config\Cache), false)
#11 /Applications/MAMP/htdocs/OnGoing/New/eTransferv2/public/index.php(67): CodeIgniter\CodeIgniter->run()
#12 /Applications/MAMP/htdocs/OnGoing/New/eTransferv2/vendor/codeigniter4/framework/system/Commands/Server/rewrite.php(46): require_once('/Applications/M...')
#13 {main}
CRITICAL - 2022-12-03 18:01:09 --> Column 'country_id' in order clause is ambiguous
in SYSTEMPATH/Database/MySQLi/Connection.php on line 292.
 1 SYSTEMPATH/Database/MySQLi/Connection.php(292): mysqli->query('SELECT *
FROM `states`
JOIN `country` ON `states`.`country_id` = `country`.`country_id`
ORDER BY `country_id` ASC
 LIMIT 4100, 100', 0)
 2 SYSTEMPATH/Database/BaseConnection.php(666): CodeIgniter\Database\MySQLi\Connection->execute('SELECT *
FROM `states`
JOIN `country` ON `states`.`country_id` = `country`.`country_id`
ORDER BY `country_id` ASC
 LIMIT 4100, 100')
 3 SYSTEMPATH/Database/BaseConnection.php(593): CodeIgniter\Database\BaseConnection->simpleQuery('SELECT *
FROM `states`
JOIN `country` ON `states`.`country_id` = `country`.`country_id`
ORDER BY `country_id` ASC
 LIMIT 4100, 100')
 4 SYSTEMPATH/Database/BaseBuilder.php(1585): CodeIgniter\Database\BaseConnection->query('SELECT *
FROM `states`
JOIN `country` ON `states`.`country_id` = `country`.`country_id`
ORDER BY `country_id` ASC
 LIMIT 4100, 100', [], false)
 5 SYSTEMPATH/Model.php(223): CodeIgniter\Database\BaseBuilder->get()
 6 SYSTEMPATH/BaseModel.php(585): CodeIgniter\Model->doFindAll(100, 4100)
 7 SYSTEMPATH/BaseModel.php(1110): CodeIgniter\BaseModel->findAll(100, 4100)
 8 APPPATH/Controllers/Regions.php(20): CodeIgniter\BaseModel->paginate(100)
 9 SYSTEMPATH/CodeIgniter.php(927): App\Controllers\Regions->index()
10 SYSTEMPATH/CodeIgniter.php(482): CodeIgniter\CodeIgniter->runController(Object(App\Controllers\Regions))
11 SYSTEMPATH/CodeIgniter.php(351): CodeIgniter\CodeIgniter->handleRequest(null, Object(Config\Cache), false)
12 FCPATH/index.php(67): CodeIgniter\CodeIgniter->run()
13 SYSTEMPATH/Commands/Server/rewrite.php(46): require_once('FCPATH/index.php')
ERROR - 2022-12-03 18:03:17 --> mysqli_sql_exception: Column 'deleted_flag' in where clause is ambiguous in /Applications/MAMP/htdocs/OnGoing/New/eTransferv2/vendor/codeigniter4/framework/system/Database/MySQLi/Connection.php:292
Stack trace:
#0 /Applications/MAMP/htdocs/OnGoing/New/eTransferv2/vendor/codeigniter4/framework/system/Database/MySQLi/Connection.php(292): mysqli->query('SELECT COUNT(*)...', 0)
#1 /Applications/MAMP/htdocs/OnGoing/New/eTransferv2/vendor/codeigniter4/framework/system/Database/BaseConnection.php(666): CodeIgniter\Database\MySQLi\Connection->execute('SELECT COUNT(*)...')
#2 /Applications/MAMP/htdocs/OnGoing/New/eTransferv2/vendor/codeigniter4/framework/system/Database/BaseConnection.php(593): CodeIgniter\Database\BaseConnection->simpleQuery('SELECT COUNT(*)...')
#3 /Applications/MAMP/htdocs/OnGoing/New/eTransferv2/vendor/codeigniter4/framework/system/Database/BaseBuilder.php(1669): CodeIgniter\Database\BaseConnection->query('SELECT COUNT(*)...', Array, false)
#4 /Applications/MAMP/htdocs/OnGoing/New/eTransferv2/vendor/codeigniter4/framework/system/Model.php(551): CodeIgniter\Database\BaseBuilder->countAllResults(false)
#5 /Applications/MAMP/htdocs/OnGoing/New/eTransferv2/vendor/codeigniter4/framework/system/BaseModel.php(1106): CodeIgniter\Model->countAllResults(false)
#6 /Applications/MAMP/htdocs/OnGoing/New/eTransferv2/app/Controllers/Regions.php(19): CodeIgniter\BaseModel->paginate(100)
#7 /Applications/MAMP/htdocs/OnGoing/New/eTransferv2/vendor/codeigniter4/framework/system/CodeIgniter.php(927): App\Controllers\Regions->index()
#8 /Applications/MAMP/htdocs/OnGoing/New/eTransferv2/vendor/codeigniter4/framework/system/CodeIgniter.php(482): CodeIgniter\CodeIgniter->runController(Object(App\Controllers\Regions))
#9 /Applications/MAMP/htdocs/OnGoing/New/eTransferv2/vendor/codeigniter4/framework/system/CodeIgniter.php(351): CodeIgniter\CodeIgniter->handleRequest(NULL, Object(Config\Cache), false)
#10 /Applications/MAMP/htdocs/OnGoing/New/eTransferv2/public/index.php(67): CodeIgniter\CodeIgniter->run()
#11 /Applications/MAMP/htdocs/OnGoing/New/eTransferv2/vendor/codeigniter4/framework/system/Commands/Server/rewrite.php(46): require_once('/Applications/M...')
#12 {main}
CRITICAL - 2022-12-03 18:03:17 --> Column 'deleted_flag' in where clause is ambiguous
in SYSTEMPATH/Database/MySQLi/Connection.php on line 292.
 1 SYSTEMPATH/Database/MySQLi/Connection.php(292): mysqli->query('SELECT COUNT(*) AS `numrows`
FROM `states`
JOIN `country` ON `states`.`country_id` = `country`.`country_id`
WHERE `deleted_flag` = 0', 0)
 2 SYSTEMPATH/Database/BaseConnection.php(666): CodeIgniter\Database\MySQLi\Connection->execute('SELECT COUNT(*) AS `numrows`
FROM `states`
JOIN `country` ON `states`.`country_id` = `country`.`country_id`
WHERE `deleted_flag` = 0')
 3 SYSTEMPATH/Database/BaseConnection.php(593): CodeIgniter\Database\BaseConnection->simpleQuery('SELECT COUNT(*) AS `numrows`
FROM `states`
JOIN `country` ON `states`.`country_id` = `country`.`country_id`
WHERE `deleted_flag` = 0')
 4 SYSTEMPATH/Database/BaseBuilder.php(1669): CodeIgniter\Database\BaseConnection->query('SELECT COUNT(*) AS `numrows`
FROM `states`
JOIN `country` ON `states`.`country_id` = `country`.`country_id`
WHERE `deleted_flag` = :deleted_flag:', [...], false)
 5 SYSTEMPATH/Model.php(551): CodeIgniter\Database\BaseBuilder->countAllResults(false)
 6 SYSTEMPATH/BaseModel.php(1106): CodeIgniter\Model->countAllResults(false)
 7 APPPATH/Controllers/Regions.php(19): CodeIgniter\BaseModel->paginate(100)
 8 SYSTEMPATH/CodeIgniter.php(927): App\Controllers\Regions->index()
 9 SYSTEMPATH/CodeIgniter.php(482): CodeIgniter\CodeIgniter->runController(Object(App\Controllers\Regions))
10 SYSTEMPATH/CodeIgniter.php(351): CodeIgniter\CodeIgniter->handleRequest(null, Object(Config\Cache), false)
11 FCPATH/index.php(67): CodeIgniter\CodeIgniter->run()
12 SYSTEMPATH/Commands/Server/rewrite.php(46): require_once('FCPATH/index.php')
ERROR - 2022-12-03 18:05:07 --> mysqli_sql_exception: Column 'deleted_flag' in where clause is ambiguous in /Applications/MAMP/htdocs/OnGoing/New/eTransferv2/vendor/codeigniter4/framework/system/Database/MySQLi/Connection.php:292
Stack trace:
#0 /Applications/MAMP/htdocs/OnGoing/New/eTransferv2/vendor/codeigniter4/framework/system/Database/MySQLi/Connection.php(292): mysqli->query('SELECT COUNT(*)...', 0)
#1 /Applications/MAMP/htdocs/OnGoing/New/eTransferv2/vendor/codeigniter4/framework/system/Database/BaseConnection.php(666): CodeIgniter\Database\MySQLi\Connection->execute('SELECT COUNT(*)...')
#2 /Applications/MAMP/htdocs/OnGoing/New/eTransferv2/vendor/codeigniter4/framework/system/Database/BaseConnection.php(593): CodeIgniter\Database\BaseConnection->simpleQuery('SELECT COUNT(*)...')
#3 /Applications/MAMP/htdocs/OnGoing/New/eTransferv2/vendor/codeigniter4/framework/system/Database/BaseBuilder.php(1669): CodeIgniter\Database\BaseConnection->query('SELECT COUNT(*)...', Array, false)
#4 /Applications/MAMP/htdocs/OnGoing/New/eTransferv2/vendor/codeigniter4/framework/system/Model.php(551): CodeIgniter\Database\BaseBuilder->countAllResults(false)
#5 /Applications/MAMP/htdocs/OnGoing/New/eTransferv2/vendor/codeigniter4/framework/system/BaseModel.php(1106): CodeIgniter\Model->countAllResults(false)
#6 /Applications/MAMP/htdocs/OnGoing/New/eTransferv2/app/Controllers/Regions.php(19): CodeIgniter\BaseModel->paginate(100)
#7 /Applications/MAMP/htdocs/OnGoing/New/eTransferv2/vendor/codeigniter4/framework/system/CodeIgniter.php(927): App\Controllers\Regions->index()
#8 /Applications/MAMP/htdocs/OnGoing/New/eTransferv2/vendor/codeigniter4/framework/system/CodeIgniter.php(482): CodeIgniter\CodeIgniter->runController(Object(App\Controllers\Regions))
#9 /Applications/MAMP/htdocs/OnGoing/New/eTransferv2/vendor/codeigniter4/framework/system/CodeIgniter.php(351): CodeIgniter\CodeIgniter->handleRequest(NULL, Object(Config\Cache), false)
#10 /Applications/MAMP/htdocs/OnGoing/New/eTransferv2/public/index.php(67): CodeIgniter\CodeIgniter->run()
#11 /Applications/MAMP/htdocs/OnGoing/New/eTransferv2/vendor/codeigniter4/framework/system/Commands/Server/rewrite.php(46): require_once('/Applications/M...')
#12 {main}
CRITICAL - 2022-12-03 18:05:07 --> Column 'deleted_flag' in where clause is ambiguous
in SYSTEMPATH/Database/MySQLi/Connection.php on line 292.
 1 SYSTEMPATH/Database/MySQLi/Connection.php(292): mysqli->query('SELECT COUNT(*) AS `numrows`
FROM `states`
JOIN `country` ON `states`.`country_id` = `country`.`country_id`
WHERE `deleted_flag` = 0', 0)
 2 SYSTEMPATH/Database/BaseConnection.php(666): CodeIgniter\Database\MySQLi\Connection->execute('SELECT COUNT(*) AS `numrows`
FROM `states`
JOIN `country` ON `states`.`country_id` = `country`.`country_id`
WHERE `deleted_flag` = 0')
 3 SYSTEMPATH/Database/BaseConnection.php(593): CodeIgniter\Database\BaseConnection->simpleQuery('SELECT COUNT(*) AS `numrows`
FROM `states`
JOIN `country` ON `states`.`country_id` = `country`.`country_id`
WHERE `deleted_flag` = 0')
 4 SYSTEMPATH/Database/BaseBuilder.php(1669): CodeIgniter\Database\BaseConnection->query('SELECT COUNT(*) AS `numrows`
FROM `states`
JOIN `country` ON `states`.`country_id` = `country`.`country_id`
WHERE `deleted_flag` = :deleted_flag:', [...], false)
 5 SYSTEMPATH/Model.php(551): CodeIgniter\Database\BaseBuilder->countAllResults(false)
 6 SYSTEMPATH/BaseModel.php(1106): CodeIgniter\Model->countAllResults(false)
 7 APPPATH/Controllers/Regions.php(19): CodeIgniter\BaseModel->paginate(100)
 8 SYSTEMPATH/CodeIgniter.php(927): App\Controllers\Regions->index()
 9 SYSTEMPATH/CodeIgniter.php(482): CodeIgniter\CodeIgniter->runController(Object(App\Controllers\Regions))
10 SYSTEMPATH/CodeIgniter.php(351): CodeIgniter\CodeIgniter->handleRequest(null, Object(Config\Cache), false)
11 FCPATH/index.php(67): CodeIgniter\CodeIgniter->run()
12 SYSTEMPATH/Commands/Server/rewrite.php(46): require_once('FCPATH/index.php')
ERROR - 2022-12-03 18:05:08 --> mysqli_sql_exception: Column 'deleted_flag' in where clause is ambiguous in /Applications/MAMP/htdocs/OnGoing/New/eTransferv2/vendor/codeigniter4/framework/system/Database/MySQLi/Connection.php:292
Stack trace:
#0 /Applications/MAMP/htdocs/OnGoing/New/eTransferv2/vendor/codeigniter4/framework/system/Database/MySQLi/Connection.php(292): mysqli->query('SELECT COUNT(*)...', 0)
#1 /Applications/MAMP/htdocs/OnGoing/New/eTransferv2/vendor/codeigniter4/framework/system/Database/BaseConnection.php(666): CodeIgniter\Database\MySQLi\Connection->execute('SELECT COUNT(*)...')
#2 /Applications/MAMP/htdocs/OnGoing/New/eTransferv2/vendor/codeigniter4/framework/system/Database/BaseConnection.php(593): CodeIgniter\Database\BaseConnection->simpleQuery('SELECT COUNT(*)...')
#3 /Applications/MAMP/htdocs/OnGoing/New/eTransferv2/vendor/codeigniter4/framework/system/Database/BaseBuilder.php(1669): CodeIgniter\Database\BaseConnection->query('SELECT COUNT(*)...', Array, false)
#4 /Applications/MAMP/htdocs/OnGoing/New/eTransferv2/vendor/codeigniter4/framework/system/Model.php(551): CodeIgniter\Database\BaseBuilder->countAllResults(false)
#5 /Applications/MAMP/htdocs/OnGoing/New/eTransferv2/vendor/codeigniter4/framework/system/BaseModel.php(1106): CodeIgniter\Model->countAllResults(false)
#6 /Applications/MAMP/htdocs/OnGoing/New/eTransferv2/app/Controllers/Regions.php(19): CodeIgniter\BaseModel->paginate(100)
#7 /Applications/MAMP/htdocs/OnGoing/New/eTransferv2/vendor/codeigniter4/framework/system/CodeIgniter.php(927): App\Controllers\Regions->index()
#8 /Applications/MAMP/htdocs/OnGoing/New/eTransferv2/vendor/codeigniter4/framework/system/CodeIgniter.php(482): CodeIgniter\CodeIgniter->runController(Object(App\Controllers\Regions))
#9 /Applications/MAMP/htdocs/OnGoing/New/eTransferv2/vendor/codeigniter4/framework/system/CodeIgniter.php(351): CodeIgniter\CodeIgniter->handleRequest(NULL, Object(Config\Cache), false)
#10 /Applications/MAMP/htdocs/OnGoing/New/eTransferv2/public/index.php(67): CodeIgniter\CodeIgniter->run()
#11 /Applications/MAMP/htdocs/OnGoing/New/eTransferv2/vendor/codeigniter4/framework/system/Commands/Server/rewrite.php(46): require_once('/Applications/M...')
#12 {main}
CRITICAL - 2022-12-03 18:05:08 --> Column 'deleted_flag' in where clause is ambiguous
in SYSTEMPATH/Database/MySQLi/Connection.php on line 292.
 1 SYSTEMPATH/Database/MySQLi/Connection.php(292): mysqli->query('SELECT COUNT(*) AS `numrows`
FROM `states`
JOIN `country` ON `states`.`country_id` = `country`.`country_id`
WHERE `deleted_flag` = 0', 0)
 2 SYSTEMPATH/Database/BaseConnection.php(666): CodeIgniter\Database\MySQLi\Connection->execute('SELECT COUNT(*) AS `numrows`
FROM `states`
JOIN `country` ON `states`.`country_id` = `country`.`country_id`
WHERE `deleted_flag` = 0')
 3 SYSTEMPATH/Database/BaseConnection.php(593): CodeIgniter\Database\BaseConnection->simpleQuery('SELECT COUNT(*) AS `numrows`
FROM `states`
JOIN `country` ON `states`.`country_id` = `country`.`country_id`
WHERE `deleted_flag` = 0')
 4 SYSTEMPATH/Database/BaseBuilder.php(1669): CodeIgniter\Database\BaseConnection->query('SELECT COUNT(*) AS `numrows`
FROM `states`
JOIN `country` ON `states`.`country_id` = `country`.`country_id`
WHERE `deleted_flag` = :deleted_flag:', [...], false)
 5 SYSTEMPATH/Model.php(551): CodeIgniter\Database\BaseBuilder->countAllResults(false)
 6 SYSTEMPATH/BaseModel.php(1106): CodeIgniter\Model->countAllResults(false)
 7 APPPATH/Controllers/Regions.php(19): CodeIgniter\BaseModel->paginate(100)
 8 SYSTEMPATH/CodeIgniter.php(927): App\Controllers\Regions->index()
 9 SYSTEMPATH/CodeIgniter.php(482): CodeIgniter\CodeIgniter->runController(Object(App\Controllers\Regions))
10 SYSTEMPATH/CodeIgniter.php(351): CodeIgniter\CodeIgniter->handleRequest(null, Object(Config\Cache), false)
11 FCPATH/index.php(67): CodeIgniter\CodeIgniter->run()
12 SYSTEMPATH/Commands/Server/rewrite.php(46): require_once('FCPATH/index.php')
ERROR - 2022-12-03 18:05:25 --> mysqli_sql_exception: Column 'status' in where clause is ambiguous in /Applications/MAMP/htdocs/OnGoing/New/eTransferv2/vendor/codeigniter4/framework/system/Database/MySQLi/Connection.php:292
Stack trace:
#0 /Applications/MAMP/htdocs/OnGoing/New/eTransferv2/vendor/codeigniter4/framework/system/Database/MySQLi/Connection.php(292): mysqli->query('SELECT COUNT(*)...', 0)
#1 /Applications/MAMP/htdocs/OnGoing/New/eTransferv2/vendor/codeigniter4/framework/system/Database/BaseConnection.php(666): CodeIgniter\Database\MySQLi\Connection->execute('SELECT COUNT(*)...')
#2 /Applications/MAMP/htdocs/OnGoing/New/eTransferv2/vendor/codeigniter4/framework/system/Database/BaseConnection.php(593): CodeIgniter\Database\BaseConnection->simpleQuery('SELECT COUNT(*)...')
#3 /Applications/MAMP/htdocs/OnGoing/New/eTransferv2/vendor/codeigniter4/framework/system/Database/BaseBuilder.php(1669): CodeIgniter\Database\BaseConnection->query('SELECT COUNT(*)...', Array, false)
#4 /Applications/MAMP/htdocs/OnGoing/New/eTransferv2/vendor/codeigniter4/framework/system/Model.php(551): CodeIgniter\Database\BaseBuilder->countAllResults(false)
#5 /Applications/MAMP/htdocs/OnGoing/New/eTransferv2/vendor/codeigniter4/framework/system/BaseModel.php(1106): CodeIgniter\Model->countAllResults(false)
#6 /Applications/MAMP/htdocs/OnGoing/New/eTransferv2/app/Controllers/Regions.php(19): CodeIgniter\BaseModel->paginate(100)
#7 /Applications/MAMP/htdocs/OnGoing/New/eTransferv2/vendor/codeigniter4/framework/system/CodeIgniter.php(927): App\Controllers\Regions->index()
#8 /Applications/MAMP/htdocs/OnGoing/New/eTransferv2/vendor/codeigniter4/framework/system/CodeIgniter.php(482): CodeIgniter\CodeIgniter->runController(Object(App\Controllers\Regions))
#9 /Applications/MAMP/htdocs/OnGoing/New/eTransferv2/vendor/codeigniter4/framework/system/CodeIgniter.php(351): CodeIgniter\CodeIgniter->handleRequest(NULL, Object(Config\Cache), false)
#10 /Applications/MAMP/htdocs/OnGoing/New/eTransferv2/public/index.php(67): CodeIgniter\CodeIgniter->run()
#11 /Applications/MAMP/htdocs/OnGoing/New/eTransferv2/vendor/codeigniter4/framework/system/Commands/Server/rewrite.php(46): require_once('/Applications/M...')
#12 {main}
CRITICAL - 2022-12-03 18:05:25 --> Column 'status' in where clause is ambiguous
in SYSTEMPATH/Database/MySQLi/Connection.php on line 292.
 1 SYSTEMPATH/Database/MySQLi/Connection.php(292): mysqli->query('SELECT COUNT(*) AS `numrows`
FROM `states`
JOIN `country` ON `states`.`country_id` = `country`.`country_id`
WHERE `status` = 1', 0)
 2 SYSTEMPATH/Database/BaseConnection.php(666): CodeIgniter\Database\MySQLi\Connection->execute('SELECT COUNT(*) AS `numrows`
FROM `states`
JOIN `country` ON `states`.`country_id` = `country`.`country_id`
WHERE `status` = 1')
 3 SYSTEMPATH/Database/BaseConnection.php(593): CodeIgniter\Database\BaseConnection->simpleQuery('SELECT COUNT(*) AS `numrows`
FROM `states`
JOIN `country` ON `states`.`country_id` = `country`.`country_id`
WHERE `status` = 1')
 4 SYSTEMPATH/Database/BaseBuilder.php(1669): CodeIgniter\Database\BaseConnection->query('SELECT COUNT(*) AS `numrows`
FROM `states`
JOIN `country` ON `states`.`country_id` = `country`.`country_id`
WHERE `status` = :status:', [...], false)
 5 SYSTEMPATH/Model.php(551): CodeIgniter\Database\BaseBuilder->countAllResults(false)
 6 SYSTEMPATH/BaseModel.php(1106): CodeIgniter\Model->countAllResults(false)
 7 APPPATH/Controllers/Regions.php(19): CodeIgniter\BaseModel->paginate(100)
 8 SYSTEMPATH/CodeIgniter.php(927): App\Controllers\Regions->index()
 9 SYSTEMPATH/CodeIgniter.php(482): CodeIgniter\CodeIgniter->runController(Object(App\Controllers\Regions))
10 SYSTEMPATH/CodeIgniter.php(351): CodeIgniter\CodeIgniter->handleRequest(null, Object(Config\Cache), false)
11 FCPATH/index.php(67): CodeIgniter\CodeIgniter->run()
12 SYSTEMPATH/Commands/Server/rewrite.php(46): require_once('FCPATH/index.php')
ERROR - 2022-12-03 18:08:23 --> mysqli_sql_exception: Column 'deleted_flag' in where clause is ambiguous in /Applications/MAMP/htdocs/OnGoing/New/eTransferv2/vendor/codeigniter4/framework/system/Database/MySQLi/Connection.php:292
Stack trace:
#0 /Applications/MAMP/htdocs/OnGoing/New/eTransferv2/vendor/codeigniter4/framework/system/Database/MySQLi/Connection.php(292): mysqli->query('SELECT COUNT(*)...', 0)
#1 /Applications/MAMP/htdocs/OnGoing/New/eTransferv2/vendor/codeigniter4/framework/system/Database/BaseConnection.php(666): CodeIgniter\Database\MySQLi\Connection->execute('SELECT COUNT(*)...')
#2 /Applications/MAMP/htdocs/OnGoing/New/eTransferv2/vendor/codeigniter4/framework/system/Database/BaseConnection.php(593): CodeIgniter\Database\BaseConnection->simpleQuery('SELECT COUNT(*)...')
#3 /Applications/MAMP/htdocs/OnGoing/New/eTransferv2/vendor/codeigniter4/framework/system/Database/BaseBuilder.php(1669): CodeIgniter\Database\BaseConnection->query('SELECT COUNT(*)...', Array, false)
#4 /Applications/MAMP/htdocs/OnGoing/New/eTransferv2/vendor/codeigniter4/framework/system/Model.php(551): CodeIgniter\Database\BaseBuilder->countAllResults(false)
#5 /Applications/MAMP/htdocs/OnGoing/New/eTransferv2/vendor/codeigniter4/framework/system/BaseModel.php(1106): CodeIgniter\Model->countAllResults(false)
#6 /Applications/MAMP/htdocs/OnGoing/New/eTransferv2/app/Controllers/Regions.php(19): CodeIgniter\BaseModel->paginate(100)
#7 /Applications/MAMP/htdocs/OnGoing/New/eTransferv2/vendor/codeigniter4/framework/system/CodeIgniter.php(927): App\Controllers\Regions->index()
#8 /Applications/MAMP/htdocs/OnGoing/New/eTransferv2/vendor/codeigniter4/framework/system/CodeIgniter.php(482): CodeIgniter\CodeIgniter->runController(Object(App\Controllers\Regions))
#9 /Applications/MAMP/htdocs/OnGoing/New/eTransferv2/vendor/codeigniter4/framework/system/CodeIgniter.php(351): CodeIgniter\CodeIgniter->handleRequest(NULL, Object(Config\Cache), false)
#10 /Applications/MAMP/htdocs/OnGoing/New/eTransferv2/public/index.php(67): CodeIgniter\CodeIgniter->run()
#11 /Applications/MAMP/htdocs/OnGoing/New/eTransferv2/vendor/codeigniter4/framework/system/Commands/Server/rewrite.php(46): require_once('/Applications/M...')
#12 {main}
CRITICAL - 2022-12-03 18:08:23 --> Column 'deleted_flag' in where clause is ambiguous
in SYSTEMPATH/Database/MySQLi/Connection.php on line 292.
 1 SYSTEMPATH/Database/MySQLi/Connection.php(292): mysqli->query('SELECT COUNT(*) AS `numrows`
FROM `states`
JOIN `country` ON `states`.`country_id` = `country`.`country_id`
WHERE `deleted_flag` = 0', 0)
 2 SYSTEMPATH/Database/BaseConnection.php(666): CodeIgniter\Database\MySQLi\Connection->execute('SELECT COUNT(*) AS `numrows`
FROM `states`
JOIN `country` ON `states`.`country_id` = `country`.`country_id`
WHERE `deleted_flag` = 0')
 3 SYSTEMPATH/Database/BaseConnection.php(593): CodeIgniter\Database\BaseConnection->simpleQuery('SELECT COUNT(*) AS `numrows`
FROM `states`
JOIN `country` ON `states`.`country_id` = `country`.`country_id`
WHERE `deleted_flag` = 0')
 4 SYSTEMPATH/Database/BaseBuilder.php(1669): CodeIgniter\Database\BaseConnection->query('SELECT COUNT(*) AS `numrows`
FROM `states`
JOIN `country` ON `states`.`country_id` = `country`.`country_id`
WHERE `deleted_flag` = :deleted_flag:', [...], false)
 5 SYSTEMPATH/Model.php(551): CodeIgniter\Database\BaseBuilder->countAllResults(false)
 6 SYSTEMPATH/BaseModel.php(1106): CodeIgniter\Model->countAllResults(false)
 7 APPPATH/Controllers/Regions.php(19): CodeIgniter\BaseModel->paginate(100)
 8 SYSTEMPATH/CodeIgniter.php(927): App\Controllers\Regions->index()
 9 SYSTEMPATH/CodeIgniter.php(482): CodeIgniter\CodeIgniter->runController(Object(App\Controllers\Regions))
10 SYSTEMPATH/CodeIgniter.php(351): CodeIgniter\CodeIgniter->handleRequest(null, Object(Config\Cache), false)
11 FCPATH/index.php(67): CodeIgniter\CodeIgniter->run()
12 SYSTEMPATH/Commands/Server/rewrite.php(46): require_once('FCPATH/index.php')
CRITICAL - 2022-12-03 18:09:44 --> Undefined array key "country_name"
in APPPATH/Views/regions.php on line 53.
 1 APPPATH/Views/regions.php(53): CodeIgniter\Debug\Exceptions->errorHandler(2, 'Undefined array key "country_name"', 'APPPATH/Views/regions.php', 53)
 2 SYSTEMPATH/View/View.php(213): include('APPPATH/Views/regions.php')
 3 SYSTEMPATH/View/View.php(216): CodeIgniter\View\View->CodeIgniter\View\{closure}()
 4 SYSTEMPATH/Common.php(1134): CodeIgniter\View\View->render('regions', [], true)
 5 APPPATH/Controllers/Regions.php(34): view('regions', [...])
 6 SYSTEMPATH/CodeIgniter.php(927): App\Controllers\Regions->index()
 7 SYSTEMPATH/CodeIgniter.php(482): CodeIgniter\CodeIgniter->runController(Object(App\Controllers\Regions))
 8 SYSTEMPATH/CodeIgniter.php(351): CodeIgniter\CodeIgniter->handleRequest(null, Object(Config\Cache), false)
 9 FCPATH/index.php(67): CodeIgniter\CodeIgniter->run()
10 SYSTEMPATH/Commands/Server/rewrite.php(46): require_once('FCPATH/index.php')
ERROR - 2022-12-03 18:12:35 --> mysqli_sql_exception: Column 'deleted_flag' in where clause is ambiguous in /Applications/MAMP/htdocs/OnGoing/New/eTransferv2/vendor/codeigniter4/framework/system/Database/MySQLi/Connection.php:292
Stack trace:
#0 /Applications/MAMP/htdocs/OnGoing/New/eTransferv2/vendor/codeigniter4/framework/system/Database/MySQLi/Connection.php(292): mysqli->query('SELECT COUNT(*)...', 0)
#1 /Applications/MAMP/htdocs/OnGoing/New/eTransferv2/vendor/codeigniter4/framework/system/Database/BaseConnection.php(666): CodeIgniter\Database\MySQLi\Connection->execute('SELECT COUNT(*)...')
#2 /Applications/MAMP/htdocs/OnGoing/New/eTransferv2/vendor/codeigniter4/framework/system/Database/BaseConnection.php(593): CodeIgniter\Database\BaseConnection->simpleQuery('SELECT COUNT(*)...')
#3 /Applications/MAMP/htdocs/OnGoing/New/eTransferv2/vendor/codeigniter4/framework/system/Database/BaseBuilder.php(1669): CodeIgniter\Database\BaseConnection->query('SELECT COUNT(*)...', Array, false)
#4 /Applications/MAMP/htdocs/OnGoing/New/eTransferv2/vendor/codeigniter4/framework/system/Model.php(551): CodeIgniter\Database\BaseBuilder->countAllResults(false)
#5 /Applications/MAMP/htdocs/OnGoing/New/eTransferv2/vendor/codeigniter4/framework/system/BaseModel.php(1106): CodeIgniter\Model->countAllResults(false)
#6 /Applications/MAMP/htdocs/OnGoing/New/eTransferv2/app/Controllers/Regions.php(25): CodeIgniter\BaseModel->paginate(100)
#7 /Applications/MAMP/htdocs/OnGoing/New/eTransferv2/vendor/codeigniter4/framework/system/CodeIgniter.php(927): App\Controllers\Regions->index()
#8 /Applications/MAMP/htdocs/OnGoing/New/eTransferv2/vendor/codeigniter4/framework/system/CodeIgniter.php(482): CodeIgniter\CodeIgniter->runController(Object(App\Controllers\Regions))
#9 /Applications/MAMP/htdocs/OnGoing/New/eTransferv2/vendor/codeigniter4/framework/system/CodeIgniter.php(351): CodeIgniter\CodeIgniter->handleRequest(NULL, Object(Config\Cache), false)
#10 /Applications/MAMP/htdocs/OnGoing/New/eTransferv2/public/index.php(67): CodeIgniter\CodeIgniter->run()
#11 /Applications/MAMP/htdocs/OnGoing/New/eTransferv2/vendor/codeigniter4/framework/system/Commands/Server/rewrite.php(46): require_once('/Applications/M...')
#12 {main}
CRITICAL - 2022-12-03 18:12:35 --> Column 'deleted_flag' in where clause is ambiguous
in SYSTEMPATH/Database/MySQLi/Connection.php on line 292.
 1 SYSTEMPATH/Database/MySQLi/Connection.php(292): mysqli->query('SELECT COUNT(*) AS `numrows`
FROM `states`
JOIN `country` ON `states`.`country_id` = `country`.`country_id`
WHERE `deleted_flag` = 0', 0)
 2 SYSTEMPATH/Database/BaseConnection.php(666): CodeIgniter\Database\MySQLi\Connection->execute('SELECT COUNT(*) AS `numrows`
FROM `states`
JOIN `country` ON `states`.`country_id` = `country`.`country_id`
WHERE `deleted_flag` = 0')
 3 SYSTEMPATH/Database/BaseConnection.php(593): CodeIgniter\Database\BaseConnection->simpleQuery('SELECT COUNT(*) AS `numrows`
FROM `states`
JOIN `country` ON `states`.`country_id` = `country`.`country_id`
WHERE `deleted_flag` = 0')
 4 SYSTEMPATH/Database/BaseBuilder.php(1669): CodeIgniter\Database\BaseConnection->query('SELECT COUNT(*) AS `numrows`
FROM `states`
JOIN `country` ON `states`.`country_id` = `country`.`country_id`
WHERE `deleted_flag` = :deleted_flag:', [...], false)
 5 SYSTEMPATH/Model.php(551): CodeIgniter\Database\BaseBuilder->countAllResults(false)
 6 SYSTEMPATH/BaseModel.php(1106): CodeIgniter\Model->countAllResults(false)
 7 APPPATH/Controllers/Regions.php(25): CodeIgniter\BaseModel->paginate(100)
 8 SYSTEMPATH/CodeIgniter.php(927): App\Controllers\Regions->index()
 9 SYSTEMPATH/CodeIgniter.php(482): CodeIgniter\CodeIgniter->runController(Object(App\Controllers\Regions))
10 SYSTEMPATH/CodeIgniter.php(351): CodeIgniter\CodeIgniter->handleRequest(null, Object(Config\Cache), false)
11 FCPATH/index.php(67): CodeIgniter\CodeIgniter->run()
12 SYSTEMPATH/Commands/Server/rewrite.php(46): require_once('FCPATH/index.php')
CRITICAL - 2022-12-03 20:28:37 --> Call to undefined method App\Models\RegionsModel::getRegions
in SYSTEMPATH/Model.php on line 774.
 1 APPPATH/Controllers/Districts.php(24): CodeIgniter\Model->__call('getRegions', [])
 2 SYSTEMPATH/CodeIgniter.php(927): App\Controllers\Districts->index()
 3 SYSTEMPATH/CodeIgniter.php(482): CodeIgniter\CodeIgniter->runController(Object(App\Controllers\Districts))
 4 SYSTEMPATH/CodeIgniter.php(351): CodeIgniter\CodeIgniter->handleRequest(null, Object(Config\Cache), false)
 5 FCPATH/index.php(67): CodeIgniter\CodeIgniter->run()
 6 SYSTEMPATH/Commands/Server/rewrite.php(46): require_once('FCPATH/index.php')
CRITICAL - 2022-12-03 20:28:57 --> include(Modals/districts.php): Failed to open stream: No such file or directory
in APPPATH/Views/districts.php on line 109.
 1 APPPATH/Views/districts.php(109): CodeIgniter\Debug\Exceptions->errorHandler(2, 'include(Modals/districts.php): Failed to open stream: No such file or directory', 'APPPATH/Views/districts.php', 109)
 2 APPPATH/Views/districts.php(109): include()
 3 SYSTEMPATH/View/View.php(213): include('APPPATH/Views/districts.php')
 4 SYSTEMPATH/View/View.php(216): CodeIgniter\View\View->CodeIgniter\View\{closure}()
 5 SYSTEMPATH/Common.php(1134): CodeIgniter\View\View->render('districts', [], true)
 6 APPPATH/Controllers/Districts.php(41): view('districts', [...])
 7 SYSTEMPATH/CodeIgniter.php(927): App\Controllers\Districts->index()
 8 SYSTEMPATH/CodeIgniter.php(482): CodeIgniter\CodeIgniter->runController(Object(App\Controllers\Districts))
 9 SYSTEMPATH/CodeIgniter.php(351): CodeIgniter\CodeIgniter->handleRequest(null, Object(Config\Cache), false)
10 FCPATH/index.php(67): CodeIgniter\CodeIgniter->run()
11 SYSTEMPATH/Commands/Server/rewrite.php(46): require_once('FCPATH/index.php')
CRITICAL - 2022-12-03 20:34:18 --> Undefined array key "user"
in APPPATH/Views/regions.php on line 2.
 1 APPPATH/Views/regions.php(2): CodeIgniter\Debug\Exceptions->errorHandler(2, 'Undefined array key "user"', 'APPPATH/Views/regions.php', 2)
 2 SYSTEMPATH/View/View.php(213): include('APPPATH/Views/regions.php')
 3 SYSTEMPATH/View/View.php(216): CodeIgniter\View\View->CodeIgniter\View\{closure}()
 4 SYSTEMPATH/Common.php(1134): CodeIgniter\View\View->render('regions', [], true)
 5 APPPATH/Controllers/Regions.php(38): view('regions', [...])
 6 SYSTEMPATH/CodeIgniter.php(927): App\Controllers\Regions->index()
 7 SYSTEMPATH/CodeIgniter.php(482): CodeIgniter\CodeIgniter->runController(Object(App\Controllers\Regions))
 8 SYSTEMPATH/CodeIgniter.php(351): CodeIgniter\CodeIgniter->handleRequest(null, Object(Config\Cache), false)
 9 FCPATH/index.php(67): CodeIgniter\CodeIgniter->run()
10 SYSTEMPATH/Commands/Server/rewrite.php(46): require_once('FCPATH/index.php')
