CRITICAL - 2023-06-09 05:46:31 --> Undefined array key "user"
in APPPATH/Controllers/Categories.php on line 14.
 1 APPPATH/Controllers/Categories.php(14): CodeIgniter\Debug\Exceptions->errorHandler(2, 'Undefined array key "user"', 'APPPATH/Controllers/Categories.php', 14)
 2 SYSTEMPATH/CodeIgniter.php(927): App\Controllers\Categories->index()
 3 SYSTEMPATH/CodeIgniter.php(482): CodeIgniter\CodeIgniter->runController(Object(App\Controllers\Categories))
 4 SYSTEMPATH/CodeIgniter.php(351): CodeIgniter\CodeIgniter->handleRequest(null, Object(Config\Cache), false)
 5 FCPATH/index.php(67): CodeIgniter\CodeIgniter->run()
 6 SYSTEMPATH/Commands/Server/rewrite.php(46): require_once('FCPATH/index.php')
CRITICAL - 2023-06-09 05:56:33 --> Undefined array key "branch_id"
in APPPATH/Controllers/Categories.php on line 197.
 1 APPPATH/Controllers/Categories.php(197): CodeIgniter\Debug\Exceptions->errorHandler(2, 'Undefined array key "branch_id"', 'APPPATH/Controllers/Categories.php', 197)
 2 SYSTEMPATH/CodeIgniter.php(927): App\Controllers\Categories->deleteCategory()
 3 SYSTEMPATH/CodeIgniter.php(482): CodeIgniter\CodeIgniter->runController(Object(App\Controllers\Categories))
 4 SYSTEMPATH/CodeIgniter.php(351): CodeIgniter\CodeIgniter->handleRequest(null, Object(Config\Cache), false)
 5 FCPATH/index.php(67): CodeIgniter\CodeIgniter->run()
 6 SYSTEMPATH/Commands/Server/rewrite.php(46): require_once('FCPATH/index.php')
CRITICAL - 2023-06-09 06:02:47 --> The route for "management" cannot be found.
in SYSTEMPATH/HTTP/RedirectResponse.php on line 60.
 1 SYSTEMPATH/HTTP/RedirectResponse.php(60): CodeIgniter\HTTP\Exceptions\HTTPException::forInvalidRedirectRoute('management')
 2 SYSTEMPATH/Common.php(860): CodeIgniter\HTTP\RedirectResponse->route(false)
 3 APPPATH/Controllers/Members.php(259): redirect('management')
 4 SYSTEMPATH/CodeIgniter.php(927): App\Controllers\Members->editMember()
 5 SYSTEMPATH/CodeIgniter.php(482): CodeIgniter\CodeIgniter->runController(Object(App\Controllers\Members))
 6 SYSTEMPATH/CodeIgniter.php(351): CodeIgniter\CodeIgniter->handleRequest(null, Object(Config\Cache), false)
 7 FCPATH/index.php(67): CodeIgniter\CodeIgniter->run()
 8 SYSTEMPATH/Commands/Server/rewrite.php(46): require_once('FCPATH/index.php')
ERROR - 2023-06-09 06:05:33 --> mysqli_sql_exception: Unknown column 'firstname' in 'field list' in /Applications/MAMP/htdocs/March2023/Innovation Web/Innovation3/vendor/codeigniter4/framework/system/Database/MySQLi/Connection.php:292
Stack trace:
#0 /Applications/MAMP/htdocs/March2023/Innovation Web/Innovation3/vendor/codeigniter4/framework/system/Database/MySQLi/Connection.php(292): mysqli->query('UPDATE `members...', 0)
#1 /Applications/MAMP/htdocs/March2023/Innovation Web/Innovation3/vendor/codeigniter4/framework/system/Database/BaseConnection.php(666): CodeIgniter\Database\MySQLi\Connection->execute('UPDATE `members...')
#2 /Applications/MAMP/htdocs/March2023/Innovation Web/Innovation3/vendor/codeigniter4/framework/system/Database/BaseConnection.php(593): CodeIgniter\Database\BaseConnection->simpleQuery('UPDATE `members...')
#3 /Applications/MAMP/htdocs/March2023/Innovation Web/Innovation3/vendor/codeigniter4/framework/system/Database/BaseBuilder.php(2079): CodeIgniter\Database\BaseConnection->query('UPDATE `members...', Array, false)
#4 /Applications/MAMP/htdocs/March2023/Innovation Web/Innovation3/app/Models/MembersModel.php(34): CodeIgniter\Database\BaseBuilder->update(Array, Array)
#5 /Applications/MAMP/htdocs/March2023/Innovation Web/Innovation3/app/Controllers/Members.php(240): App\Models\MembersModel->updateMember(Array, '0')
#6 /Applications/MAMP/htdocs/March2023/Innovation Web/Innovation3/vendor/codeigniter4/framework/system/CodeIgniter.php(927): App\Controllers\Members->editMember()
#7 /Applications/MAMP/htdocs/March2023/Innovation Web/Innovation3/vendor/codeigniter4/framework/system/CodeIgniter.php(482): CodeIgniter\CodeIgniter->runController(Object(App\Controllers\Members))
#8 /Applications/MAMP/htdocs/March2023/Innovation Web/Innovation3/vendor/codeigniter4/framework/system/CodeIgniter.php(351): CodeIgniter\CodeIgniter->handleRequest(NULL, Object(Config\Cache), false)
#9 /Applications/MAMP/htdocs/March2023/Innovation Web/Innovation3/public/index.php(67): CodeIgniter\CodeIgniter->run()
#10 /Applications/MAMP/htdocs/March2023/Innovation Web/Innovation3/vendor/codeigniter4/framework/system/Commands/Server/rewrite.php(46): require_once('/Applications/M...')
#11 {main}
CRITICAL - 2023-06-09 06:05:33 --> Unknown column 'firstname' in 'field list'
in SYSTEMPATH/Database/MySQLi/Connection.php on line 292.
 1 SYSTEMPATH/Database/MySQLi/Connection.php(292): mysqli->query('UPDATE `members` SET `firstname` = \'Abdulmujib\', `lastname` = \'Nizary\', `email` = \'migambile25@gmail.com\', `phone` = \'0745377504\', `department` = \'Computer Engineering\', `gender` = \'Female\'
WHERE `member_id` = \'0\'', 0)
 2 SYSTEMPATH/Database/BaseConnection.php(666): CodeIgniter\Database\MySQLi\Connection->execute('UPDATE `members` SET `firstname` = \'Abdulmujib\', `lastname` = \'Nizary\', `email` = \'migambile25@gmail.com\', `phone` = \'0745377504\', `department` = \'Computer Engineering\', `gender` = \'Female\'
WHERE `member_id` = \'0\'')
 3 SYSTEMPATH/Database/BaseConnection.php(593): CodeIgniter\Database\BaseConnection->simpleQuery('UPDATE `members` SET `firstname` = \'Abdulmujib\', `lastname` = \'Nizary\', `email` = \'migambile25@gmail.com\', `phone` = \'0745377504\', `department` = \'Computer Engineering\', `gender` = \'Female\'
WHERE `member_id` = \'0\'')
 4 SYSTEMPATH/Database/BaseBuilder.php(2079): CodeIgniter\Database\BaseConnection->query('UPDATE `members` SET `firstname` = :firstname:, `lastname` = :lastname:, `email` = :email:, `phone` = :phone:, `department` = :department:, `gender` = :gender:
WHERE `member_id` = :member_id:', [...], false)
 5 APPPATH/Models/MembersModel.php(34): CodeIgniter\Database\BaseBuilder->update([...], [...])
 6 APPPATH/Controllers/Members.php(240): App\Models\MembersModel->updateMember([...], '0')
 7 SYSTEMPATH/CodeIgniter.php(927): App\Controllers\Members->editMember()
 8 SYSTEMPATH/CodeIgniter.php(482): CodeIgniter\CodeIgniter->runController(Object(App\Controllers\Members))
 9 SYSTEMPATH/CodeIgniter.php(351): CodeIgniter\CodeIgniter->handleRequest(null, Object(Config\Cache), false)
10 FCPATH/index.php(67): CodeIgniter\CodeIgniter->run()
11 SYSTEMPATH/Commands/Server/rewrite.php(46): require_once('FCPATH/index.php')
CRITICAL - 2023-06-09 07:15:14 --> Undefined array key "firstname"
in APPPATH/Views/Modals/projects.php on line 54.
 1 APPPATH/Views/Modals/projects.php(54): CodeIgniter\Debug\Exceptions->errorHandler(2, 'Undefined array key "firstname"', 'APPPATH/Views/Modals/projects.php', 54)
 2 APPPATH/Views/projects.php(130): include('APPPATH/Views/Modals/projects.php')
 3 SYSTEMPATH/View/View.php(213): include('APPPATH/Views/projects.php')
 4 SYSTEMPATH/View/View.php(216): CodeIgniter\View\View->CodeIgniter\View\{closure}()
 5 SYSTEMPATH/Common.php(1134): CodeIgniter\View\View->render('projects', [], true)
 6 APPPATH/Controllers/Projects.php(36): view('projects', [...])
 7 SYSTEMPATH/CodeIgniter.php(927): App\Controllers\Projects->index()
 8 SYSTEMPATH/CodeIgniter.php(482): CodeIgniter\CodeIgniter->runController(Object(App\Controllers\Projects))
 9 SYSTEMPATH/CodeIgniter.php(351): CodeIgniter\CodeIgniter->handleRequest(null, Object(Config\Cache), false)
10 FCPATH/index.php(67): CodeIgniter\CodeIgniter->run()
11 SYSTEMPATH/Commands/Server/rewrite.php(46): require_once('FCPATH/index.php')
CRITICAL - 2023-06-09 07:37:32 --> Undefined array key "firstname"
in APPPATH/Views/Modals/projects.php on line 117.
 1 APPPATH/Views/Modals/projects.php(117): CodeIgniter\Debug\Exceptions->errorHandler(2, 'Undefined array key "firstname"', 'APPPATH/Views/Modals/projects.php', 117)
 2 APPPATH/Views/projects.php(130): include('APPPATH/Views/Modals/projects.php')
 3 SYSTEMPATH/View/View.php(213): include('APPPATH/Views/projects.php')
 4 SYSTEMPATH/View/View.php(216): CodeIgniter\View\View->CodeIgniter\View\{closure}()
 5 SYSTEMPATH/Common.php(1134): CodeIgniter\View\View->render('projects', [], true)
 6 APPPATH/Controllers/Projects.php(40): view('projects', [...])
 7 SYSTEMPATH/CodeIgniter.php(927): App\Controllers\Projects->index()
 8 SYSTEMPATH/CodeIgniter.php(482): CodeIgniter\CodeIgniter->runController(Object(App\Controllers\Projects))
 9 SYSTEMPATH/CodeIgniter.php(351): CodeIgniter\CodeIgniter->handleRequest(null, Object(Config\Cache), false)
10 FCPATH/index.php(67): CodeIgniter\CodeIgniter->run()
11 SYSTEMPATH/Commands/Server/rewrite.php(46): require_once('FCPATH/index.php')
CRITICAL - 2023-06-09 07:37:34 --> Undefined array key "firstname"
in APPPATH/Views/Modals/projects.php on line 117.
 1 APPPATH/Views/Modals/projects.php(117): CodeIgniter\Debug\Exceptions->errorHandler(2, 'Undefined array key "firstname"', 'APPPATH/Views/Modals/projects.php', 117)
 2 APPPATH/Views/projects.php(130): include('APPPATH/Views/Modals/projects.php')
 3 SYSTEMPATH/View/View.php(213): include('APPPATH/Views/projects.php')
 4 SYSTEMPATH/View/View.php(216): CodeIgniter\View\View->CodeIgniter\View\{closure}()
 5 SYSTEMPATH/Common.php(1134): CodeIgniter\View\View->render('projects', [], true)
 6 APPPATH/Controllers/Projects.php(40): view('projects', [...])
 7 SYSTEMPATH/CodeIgniter.php(927): App\Controllers\Projects->index()
 8 SYSTEMPATH/CodeIgniter.php(482): CodeIgniter\CodeIgniter->runController(Object(App\Controllers\Projects))
 9 SYSTEMPATH/CodeIgniter.php(351): CodeIgniter\CodeIgniter->handleRequest(null, Object(Config\Cache), false)
10 FCPATH/index.php(67): CodeIgniter\CodeIgniter->run()
11 SYSTEMPATH/Commands/Server/rewrite.php(46): require_once('FCPATH/index.php')
CRITICAL - 2023-06-09 07:37:48 --> Undefined array key "firstname"
in APPPATH/Views/Modals/projects.php on line 117.
 1 APPPATH/Views/Modals/projects.php(117): CodeIgniter\Debug\Exceptions->errorHandler(2, 'Undefined array key "firstname"', 'APPPATH/Views/Modals/projects.php', 117)
 2 APPPATH/Views/projects.php(130): include('APPPATH/Views/Modals/projects.php')
 3 SYSTEMPATH/View/View.php(213): include('APPPATH/Views/projects.php')
 4 SYSTEMPATH/View/View.php(216): CodeIgniter\View\View->CodeIgniter\View\{closure}()
 5 SYSTEMPATH/Common.php(1134): CodeIgniter\View\View->render('projects', [], true)
 6 APPPATH/Controllers/Projects.php(40): view('projects', [...])
 7 SYSTEMPATH/CodeIgniter.php(927): App\Controllers\Projects->index()
 8 SYSTEMPATH/CodeIgniter.php(482): CodeIgniter\CodeIgniter->runController(Object(App\Controllers\Projects))
 9 SYSTEMPATH/CodeIgniter.php(351): CodeIgniter\CodeIgniter->handleRequest(null, Object(Config\Cache), false)
10 FCPATH/index.php(67): CodeIgniter\CodeIgniter->run()
11 SYSTEMPATH/Commands/Server/rewrite.php(46): require_once('FCPATH/index.php')
CRITICAL - 2023-06-09 07:59:06 --> Undefined array key "user"
in APPPATH/Controllers/Projects.php on line 20.
 1 APPPATH/Controllers/Projects.php(20): CodeIgniter\Debug\Exceptions->errorHandler(2, 'Undefined array key "user"', 'APPPATH/Controllers/Projects.php', 20)
 2 SYSTEMPATH/CodeIgniter.php(927): App\Controllers\Projects->index()
 3 SYSTEMPATH/CodeIgniter.php(482): CodeIgniter\CodeIgniter->runController(Object(App\Controllers\Projects))
 4 SYSTEMPATH/CodeIgniter.php(351): CodeIgniter\CodeIgniter->handleRequest(null, Object(Config\Cache), false)
 5 FCPATH/index.php(67): CodeIgniter\CodeIgniter->run()
 6 SYSTEMPATH/Commands/Server/rewrite.php(46): require_once('FCPATH/index.php')
CRITICAL - 2023-06-09 07:59:08 --> Undefined array key "user"
in APPPATH/Controllers/Projects.php on line 20.
 1 APPPATH/Controllers/Projects.php(20): CodeIgniter\Debug\Exceptions->errorHandler(2, 'Undefined array key "user"', 'APPPATH/Controllers/Projects.php', 20)
 2 SYSTEMPATH/CodeIgniter.php(927): App\Controllers\Projects->index()
 3 SYSTEMPATH/CodeIgniter.php(482): CodeIgniter\CodeIgniter->runController(Object(App\Controllers\Projects))
 4 SYSTEMPATH/CodeIgniter.php(351): CodeIgniter\CodeIgniter->handleRequest(null, Object(Config\Cache), false)
 5 FCPATH/index.php(67): CodeIgniter\CodeIgniter->run()
 6 SYSTEMPATH/Commands/Server/rewrite.php(46): require_once('FCPATH/index.php')
CRITICAL - 2023-06-09 10:39:25 --> Undefined variable $category
in APPPATH/Views/projects.php on line 62.
 1 APPPATH/Views/projects.php(62): CodeIgniter\Debug\Exceptions->errorHandler(2, 'Undefined variable $category', 'APPPATH/Views/projects.php', 62)
 2 SYSTEMPATH/View/View.php(213): include('APPPATH/Views/projects.php')
 3 SYSTEMPATH/View/View.php(216): CodeIgniter\View\View->CodeIgniter\View\{closure}()
 4 SYSTEMPATH/Common.php(1134): CodeIgniter\View\View->render('projects', [], true)
 5 APPPATH/Controllers/Projects.php(42): view('projects', [...])
 6 SYSTEMPATH/CodeIgniter.php(927): App\Controllers\Projects->index()
 7 SYSTEMPATH/CodeIgniter.php(482): CodeIgniter\CodeIgniter->runController(Object(App\Controllers\Projects))
 8 SYSTEMPATH/CodeIgniter.php(351): CodeIgniter\CodeIgniter->handleRequest(null, Object(Config\Cache), false)
 9 FCPATH/index.php(67): CodeIgniter\CodeIgniter->run()
10 SYSTEMPATH/Commands/Server/rewrite.php(46): require_once('FCPATH/index.php')
CRITICAL - 2023-06-09 10:39:36 --> Cannot use object of type stdClass as array
in APPPATH/Views/projects.php on line 68.
 1 SYSTEMPATH/View/View.php(213): include()
 2 SYSTEMPATH/View/View.php(216): CodeIgniter\View\View->CodeIgniter\View\{closure}()
 3 SYSTEMPATH/Common.php(1134): CodeIgniter\View\View->render('projects', [], true)
 4 APPPATH/Controllers/Projects.php(42): view('projects', [...])
 5 SYSTEMPATH/CodeIgniter.php(927): App\Controllers\Projects->index()
 6 SYSTEMPATH/CodeIgniter.php(482): CodeIgniter\CodeIgniter->runController(Object(App\Controllers\Projects))
 7 SYSTEMPATH/CodeIgniter.php(351): CodeIgniter\CodeIgniter->handleRequest(null, Object(Config\Cache), false)
 8 FCPATH/index.php(67): CodeIgniter\CodeIgniter->run()
 9 SYSTEMPATH/Commands/Server/rewrite.php(46): require_once('FCPATH/index.php')
CRITICAL - 2023-06-09 10:39:50 --> Undefined variable $category_description
in APPPATH/Views/projects.php on line 70.
 1 APPPATH/Views/projects.php(70): CodeIgniter\Debug\Exceptions->errorHandler(2, 'Undefined variable $category_description', 'APPPATH/Views/projects.php', 70)
 2 SYSTEMPATH/View/View.php(213): include('APPPATH/Views/projects.php')
 3 SYSTEMPATH/View/View.php(216): CodeIgniter\View\View->CodeIgniter\View\{closure}()
 4 SYSTEMPATH/Common.php(1134): CodeIgniter\View\View->render('projects', [], true)
 5 APPPATH/Controllers/Projects.php(42): view('projects', [...])
 6 SYSTEMPATH/CodeIgniter.php(927): App\Controllers\Projects->index()
 7 SYSTEMPATH/CodeIgniter.php(482): CodeIgniter\CodeIgniter->runController(Object(App\Controllers\Projects))
 8 SYSTEMPATH/CodeIgniter.php(351): CodeIgniter\CodeIgniter->handleRequest(null, Object(Config\Cache), false)
 9 FCPATH/index.php(67): CodeIgniter\CodeIgniter->run()
10 SYSTEMPATH/Commands/Server/rewrite.php(46): require_once('FCPATH/index.php')
CRITICAL - 2023-06-09 10:46:49 --> Undefined array key "proje$project_id"
in APPPATH/Views/projects.php on line 89.
 1 APPPATH/Views/projects.php(89): CodeIgniter\Debug\Exceptions->errorHandler(2, 'Undefined array key "proje$project_id"', 'APPPATH/Views/projects.php', 89)
 2 SYSTEMPATH/View/View.php(213): include('APPPATH/Views/projects.php')
 3 SYSTEMPATH/View/View.php(216): CodeIgniter\View\View->CodeIgniter\View\{closure}()
 4 SYSTEMPATH/Common.php(1134): CodeIgniter\View\View->render('projects', [], true)
 5 APPPATH/Controllers/Projects.php(42): view('projects', [...])
 6 SYSTEMPATH/CodeIgniter.php(927): App\Controllers\Projects->index()
 7 SYSTEMPATH/CodeIgniter.php(482): CodeIgniter\CodeIgniter->runController(Object(App\Controllers\Projects))
 8 SYSTEMPATH/CodeIgniter.php(351): CodeIgniter\CodeIgniter->handleRequest(null, Object(Config\Cache), false)
 9 FCPATH/index.php(67): CodeIgniter\CodeIgniter->run()
10 SYSTEMPATH/Commands/Server/rewrite.php(46): require_once('FCPATH/index.php')
