CRITICAL - 2023-03-19 06:45:06 --> Undefined array key "attendanceData"
in APPPATH/Controllers/Attendance.php on line 234.
 1 APPPATH/Controllers/Attendance.php(234): CodeIgniter\Debug\Exceptions->errorHandler(2, 'Undefined array key "attendanceData"', 'APPPATH/Controllers/Attendance.php', 234)
 2 SYSTEMPATH/CodeIgniter.php(927): App\Controllers\Attendance->takeAttendance()
 3 SYSTEMPATH/CodeIgniter.php(482): CodeIgniter\CodeIgniter->runController(Object(App\Controllers\Attendance))
 4 SYSTEMPATH/CodeIgniter.php(351): CodeIgniter\CodeIgniter->handleRequest(null, Object(Config\Cache), false)
 5 FCPATH/index.php(67): CodeIgniter\CodeIgniter->run()
 6 SYSTEMPATH/Commands/Server/rewrite.php(46): require_once('FCPATH/index.php')
CRITICAL - 2023-03-19 06:45:39 --> Undefined array key "employees"
in APPPATH/Controllers/Attendance.php on line 232.
 1 APPPATH/Controllers/Attendance.php(232): CodeIgniter\Debug\Exceptions->errorHandler(2, 'Undefined array key "employees"', 'APPPATH/Controllers/Attendance.php', 232)
 2 SYSTEMPATH/CodeIgniter.php(927): App\Controllers\Attendance->takeAttendance()
 3 SYSTEMPATH/CodeIgniter.php(482): CodeIgniter\CodeIgniter->runController(Object(App\Controllers\Attendance))
 4 SYSTEMPATH/CodeIgniter.php(351): CodeIgniter\CodeIgniter->handleRequest(null, Object(Config\Cache), false)
 5 FCPATH/index.php(67): CodeIgniter\CodeIgniter->run()
 6 SYSTEMPATH/Commands/Server/rewrite.php(46): require_once('FCPATH/index.php')
CRITICAL - 2023-03-19 06:45:56 --> Undefined array key "attendanceData"
in APPPATH/Controllers/Attendance.php on line 234.
 1 APPPATH/Controllers/Attendance.php(234): CodeIgniter\Debug\Exceptions->errorHandler(2, 'Undefined array key "attendanceData"', 'APPPATH/Controllers/Attendance.php', 234)
 2 SYSTEMPATH/CodeIgniter.php(927): App\Controllers\Attendance->takeAttendance()
 3 SYSTEMPATH/CodeIgniter.php(482): CodeIgniter\CodeIgniter->runController(Object(App\Controllers\Attendance))
 4 SYSTEMPATH/CodeIgniter.php(351): CodeIgniter\CodeIgniter->handleRequest(null, Object(Config\Cache), false)
 5 FCPATH/index.php(67): CodeIgniter\CodeIgniter->run()
 6 SYSTEMPATH/Commands/Server/rewrite.php(46): require_once('FCPATH/index.php')
CRITICAL - 2023-03-19 06:47:19 --> Undefined array key "employees"
in APPPATH/Controllers/Attendance.php on line 232.
 1 APPPATH/Controllers/Attendance.php(232): CodeIgniter\Debug\Exceptions->errorHandler(2, 'Undefined array key "employees"', 'APPPATH/Controllers/Attendance.php', 232)
 2 SYSTEMPATH/CodeIgniter.php(927): App\Controllers\Attendance->takeAttendance()
 3 SYSTEMPATH/CodeIgniter.php(482): CodeIgniter\CodeIgniter->runController(Object(App\Controllers\Attendance))
 4 SYSTEMPATH/CodeIgniter.php(351): CodeIgniter\CodeIgniter->handleRequest(null, Object(Config\Cache), false)
 5 FCPATH/index.php(67): CodeIgniter\CodeIgniter->run()
 6 SYSTEMPATH/Commands/Server/rewrite.php(46): require_once('FCPATH/index.php')
CRITICAL - 2023-03-19 08:54:31 --> foreach() argument must be of type array|object, string given
in APPPATH/Views/attendance.php on line 129.
 1 APPPATH/Views/attendance.php(129): CodeIgniter\Debug\Exceptions->errorHandler(2, 'foreach() argument must be of type array|object, string given', 'APPPATH/Views/attendance.php', 129)
 2 SYSTEMPATH/View/View.php(213): include('APPPATH/Views/attendance.php')
 3 SYSTEMPATH/View/View.php(216): CodeIgniter\View\View->CodeIgniter\View\{closure}()
 4 SYSTEMPATH/Common.php(1134): CodeIgniter\View\View->render('attendance', [], true)
 5 APPPATH/Controllers/Attendance.php(46): view('attendance', [...])
 6 SYSTEMPATH/CodeIgniter.php(927): App\Controllers\Attendance->index()
 7 SYSTEMPATH/CodeIgniter.php(482): CodeIgniter\CodeIgniter->runController(Object(App\Controllers\Attendance))
 8 SYSTEMPATH/CodeIgniter.php(351): CodeIgniter\CodeIgniter->handleRequest(null, Object(Config\Cache), false)
 9 FCPATH/index.php(67): CodeIgniter\CodeIgniter->run()
10 SYSTEMPATH/Commands/Server/rewrite.php(46): require_once('FCPATH/index.php')
CRITICAL - 2023-03-19 08:55:17 --> Undefined variable $MB230316579820703
in APPPATH/Views/attendance.php on line 130.
 1 APPPATH/Views/attendance.php(130): CodeIgniter\Debug\Exceptions->errorHandler(2, 'Undefined variable $MB230316579820703', 'APPPATH/Views/attendance.php', 130)
 2 SYSTEMPATH/View/View.php(213): include('APPPATH/Views/attendance.php')
 3 SYSTEMPATH/View/View.php(216): CodeIgniter\View\View->CodeIgniter\View\{closure}()
 4 SYSTEMPATH/Common.php(1134): CodeIgniter\View\View->render('attendance', [], true)
 5 APPPATH/Controllers/Attendance.php(46): view('attendance', [...])
 6 SYSTEMPATH/CodeIgniter.php(927): App\Controllers\Attendance->index()
 7 SYSTEMPATH/CodeIgniter.php(482): CodeIgniter\CodeIgniter->runController(Object(App\Controllers\Attendance))
 8 SYSTEMPATH/CodeIgniter.php(351): CodeIgniter\CodeIgniter->handleRequest(null, Object(Config\Cache), false)
 9 FCPATH/index.php(67): CodeIgniter\CodeIgniter->run()
10 SYSTEMPATH/Commands/Server/rewrite.php(46): require_once('FCPATH/index.php')
CRITICAL - 2023-03-19 08:57:52 --> foreach() argument must be of type array|object, string given
in APPPATH/Views/attendance.php on line 132.
 1 APPPATH/Views/attendance.php(132): CodeIgniter\Debug\Exceptions->errorHandler(2, 'foreach() argument must be of type array|object, string given', 'APPPATH/Views/attendance.php', 132)
 2 SYSTEMPATH/View/View.php(213): include('APPPATH/Views/attendance.php')
 3 SYSTEMPATH/View/View.php(216): CodeIgniter\View\View->CodeIgniter\View\{closure}()
 4 SYSTEMPATH/Common.php(1134): CodeIgniter\View\View->render('attendance', [], true)
 5 APPPATH/Controllers/Attendance.php(46): view('attendance', [...])
 6 SYSTEMPATH/CodeIgniter.php(927): App\Controllers\Attendance->index()
 7 SYSTEMPATH/CodeIgniter.php(482): CodeIgniter\CodeIgniter->runController(Object(App\Controllers\Attendance))
 8 SYSTEMPATH/CodeIgniter.php(351): CodeIgniter\CodeIgniter->handleRequest(null, Object(Config\Cache), false)
 9 FCPATH/index.php(67): CodeIgniter\CodeIgniter->run()
10 SYSTEMPATH/Commands/Server/rewrite.php(46): require_once('FCPATH/index.php')
CRITICAL - 2023-03-19 11:38:56 --> Undefined array key "user"
in APPPATH/Views/reports.php on line 2.
 1 APPPATH/Views/reports.php(2): CodeIgniter\Debug\Exceptions->errorHandler(2, 'Undefined array key "user"', 'APPPATH/Views/reports.php', 2)
 2 SYSTEMPATH/View/View.php(213): include('APPPATH/Views/reports.php')
 3 SYSTEMPATH/View/View.php(216): CodeIgniter\View\View->CodeIgniter\View\{closure}()
 4 SYSTEMPATH/Common.php(1134): CodeIgniter\View\View->render('reports', [], true)
 5 APPPATH/Controllers/Reports.php(16): view('reports')
 6 SYSTEMPATH/CodeIgniter.php(927): App\Controllers\Reports->index()
 7 SYSTEMPATH/CodeIgniter.php(482): CodeIgniter\CodeIgniter->runController(Object(App\Controllers\Reports))
 8 SYSTEMPATH/CodeIgniter.php(351): CodeIgniter\CodeIgniter->handleRequest(null, Object(Config\Cache), false)
 9 FCPATH/index.php(67): CodeIgniter\CodeIgniter->run()
10 SYSTEMPATH/Commands/Server/rewrite.php(46): require_once('FCPATH/index.php')
CRITICAL - 2023-03-19 11:51:45 --> Undefined array key "user"
in APPPATH/Views/dashboard.php on line 2.
 1 APPPATH/Views/dashboard.php(2): CodeIgniter\Debug\Exceptions->errorHandler(2, 'Undefined array key "user"', 'APPPATH/Views/dashboard.php', 2)
 2 SYSTEMPATH/View/View.php(213): include('APPPATH/Views/dashboard.php')
 3 SYSTEMPATH/View/View.php(216): CodeIgniter\View\View->CodeIgniter\View\{closure}()
 4 SYSTEMPATH/Common.php(1134): CodeIgniter\View\View->render('dashboard', [], true)
 5 APPPATH/Controllers/Login.php(19): view('dashboard')
 6 SYSTEMPATH/CodeIgniter.php(927): App\Controllers\Login->dashboard()
 7 SYSTEMPATH/CodeIgniter.php(482): CodeIgniter\CodeIgniter->runController(Object(App\Controllers\Login))
 8 SYSTEMPATH/CodeIgniter.php(351): CodeIgniter\CodeIgniter->handleRequest(null, Object(Config\Cache), false)
 9 FCPATH/index.php(67): CodeIgniter\CodeIgniter->run()
10 SYSTEMPATH/Commands/Server/rewrite.php(46): require_once('FCPATH/index.php')
CRITICAL - 2023-03-19 11:59:56 --> Undefined array key "short_name"
in APPPATH/Views/Layouts/main.php on line 6.
 1 APPPATH/Views/Layouts/main.php(6): CodeIgniter\Debug\Exceptions->errorHandler(2, 'Undefined array key "short_name"', 'APPPATH/Views/Layouts/main.php', 6)
 2 SYSTEMPATH/View/View.php(213): include('APPPATH/Views/Layouts/main.php')
 3 SYSTEMPATH/View/View.php(216): CodeIgniter\View\View->CodeIgniter\View\{closure}()
 4 SYSTEMPATH/View/View.php(229): CodeIgniter\View\View->render('Layouts/main.php', [], true)
 5 SYSTEMPATH/Common.php(1134): CodeIgniter\View\View->render('projectEmployees', [], true)
 6 APPPATH/Controllers/Projects.php(57): view('projectEmployees')
 7 SYSTEMPATH/CodeIgniter.php(927): App\Controllers\Projects->projectEmployees()
 8 SYSTEMPATH/CodeIgniter.php(482): CodeIgniter\CodeIgniter->runController(Object(App\Controllers\Projects))
 9 SYSTEMPATH/CodeIgniter.php(351): CodeIgniter\CodeIgniter->handleRequest(null, Object(Config\Cache), false)
10 FCPATH/index.php(67): CodeIgniter\CodeIgniter->run()
11 SYSTEMPATH/Commands/Server/rewrite.php(46): require_once('FCPATH/index.php')
CRITICAL - 2023-03-19 12:01:50 --> Undefined array key "short_name"
in APPPATH/Views/Layouts/main.php on line 6.
 1 APPPATH/Views/Layouts/main.php(6): CodeIgniter\Debug\Exceptions->errorHandler(2, 'Undefined array key "short_name"', 'APPPATH/Views/Layouts/main.php', 6)
 2 SYSTEMPATH/View/View.php(213): include('APPPATH/Views/Layouts/main.php')
 3 SYSTEMPATH/View/View.php(216): CodeIgniter\View\View->CodeIgniter\View\{closure}()
 4 SYSTEMPATH/View/View.php(229): CodeIgniter\View\View->render('Layouts/main.php', [], true)
 5 SYSTEMPATH/Common.php(1134): CodeIgniter\View\View->render('projectEmployees', [], true)
 6 APPPATH/Controllers/Projects.php(57): view('projectEmployees')
 7 SYSTEMPATH/CodeIgniter.php(927): App\Controllers\Projects->projectEmployees()
 8 SYSTEMPATH/CodeIgniter.php(482): CodeIgniter\CodeIgniter->runController(Object(App\Controllers\Projects))
 9 SYSTEMPATH/CodeIgniter.php(351): CodeIgniter\CodeIgniter->handleRequest(null, Object(Config\Cache), false)
10 FCPATH/index.php(67): CodeIgniter\CodeIgniter->run()
11 SYSTEMPATH/Commands/Server/rewrite.php(46): require_once('FCPATH/index.php')
CRITICAL - 2023-03-19 12:09:40 --> Undefined array key "billed_on"
in APPPATH/Views/branches.php on line 79.
 1 APPPATH/Views/branches.php(79): CodeIgniter\Debug\Exceptions->errorHandler(2, 'Undefined array key "billed_on"', 'APPPATH/Views/branches.php', 79)
 2 SYSTEMPATH/View/View.php(213): include('APPPATH/Views/branches.php')
 3 SYSTEMPATH/View/View.php(216): CodeIgniter\View\View->CodeIgniter\View\{closure}()
 4 SYSTEMPATH/Common.php(1134): CodeIgniter\View\View->render('branches', [], true)
 5 APPPATH/Controllers/Branches.php(42): view('branches', [...])
 6 SYSTEMPATH/CodeIgniter.php(927): App\Controllers\Branches->index()
 7 SYSTEMPATH/CodeIgniter.php(482): CodeIgniter\CodeIgniter->runController(Object(App\Controllers\Branches))
 8 SYSTEMPATH/CodeIgniter.php(351): CodeIgniter\CodeIgniter->handleRequest(null, Object(Config\Cache), false)
 9 FCPATH/index.php(67): CodeIgniter\CodeIgniter->run()
10 SYSTEMPATH/Commands/Server/rewrite.php(46): require_once('FCPATH/index.php')
CRITICAL - 2023-03-19 17:54:37 --> Undefined array key "user"
in APPPATH/Controllers/Attendance.php on line 19.
 1 APPPATH/Controllers/Attendance.php(19): CodeIgniter\Debug\Exceptions->errorHandler(2, 'Undefined array key "user"', 'APPPATH/Controllers/Attendance.php', 19)
 2 SYSTEMPATH/CodeIgniter.php(927): App\Controllers\Attendance->index()
 3 SYSTEMPATH/CodeIgniter.php(482): CodeIgniter\CodeIgniter->runController(Object(App\Controllers\Attendance))
 4 SYSTEMPATH/CodeIgniter.php(351): CodeIgniter\CodeIgniter->handleRequest(null, Object(Config\Cache), false)
 5 FCPATH/index.php(67): CodeIgniter\CodeIgniter->run()
 6 SYSTEMPATH/Commands/Server/rewrite.php(46): require_once('FCPATH/index.php')
