ERROR - 2023-02-25 21:00:51 --> mysqli_sql_exception: Not unique table/alias: 'states' in /Applications/MAMP/htdocs/OnGoing/New/eTransferv2/vendor/codeigniter4/framework/system/Database/MySQLi/Connection.php:292
Stack trace:
#0 /Applications/MAMP/htdocs/OnGoing/New/eTransferv2/vendor/codeigniter4/framework/system/Database/MySQLi/Connection.php(292): mysqli->query('SELECT COUNT(*)...', 0)
#1 /Applications/MAMP/htdocs/OnGoing/New/eTransferv2/vendor/codeigniter4/framework/system/Database/BaseConnection.php(666): CodeIgniter\Database\MySQLi\Connection->execute('SELECT COUNT(*)...')
#2 /Applications/MAMP/htdocs/OnGoing/New/eTransferv2/vendor/codeigniter4/framework/system/Database/BaseConnection.php(593): CodeIgniter\Database\BaseConnection->simpleQuery('SELECT COUNT(*)...')
#3 /Applications/MAMP/htdocs/OnGoing/New/eTransferv2/vendor/codeigniter4/framework/system/Database/BaseBuilder.php(1669): CodeIgniter\Database\BaseConnection->query('SELECT COUNT(*)...', Array, false)
#4 /Applications/MAMP/htdocs/OnGoing/New/eTransferv2/vendor/codeigniter4/framework/system/Model.php(551): CodeIgniter\Database\BaseBuilder->countAllResults(false)
#5 /Applications/MAMP/htdocs/OnGoing/New/eTransferv2/vendor/codeigniter4/framework/system/BaseModel.php(1106): CodeIgniter\Model->countAllResults(false)
#6 /Applications/MAMP/htdocs/OnGoing/New/eTransferv2/app/Controllers/Transfers.php(55): CodeIgniter\BaseModel->paginate(10)
#7 /Applications/MAMP/htdocs/OnGoing/New/eTransferv2/vendor/codeigniter4/framework/system/CodeIgniter.php(927): App\Controllers\Transfers->index()
#8 /Applications/MAMP/htdocs/OnGoing/New/eTransferv2/vendor/codeigniter4/framework/system/CodeIgniter.php(482): CodeIgniter\CodeIgniter->runController(Object(App\Controllers\Transfers))
#9 /Applications/MAMP/htdocs/OnGoing/New/eTransferv2/vendor/codeigniter4/framework/system/CodeIgniter.php(351): CodeIgniter\CodeIgniter->handleRequest(NULL, Object(Config\Cache), false)
#10 /Applications/MAMP/htdocs/OnGoing/New/eTransferv2/public/index.php(67): CodeIgniter\CodeIgniter->run()
#11 /Applications/MAMP/htdocs/OnGoing/New/eTransferv2/vendor/codeigniter4/framework/system/Commands/Server/rewrite.php(46): require_once('/Applications/M...')
#12 {main}
CRITICAL - 2023-02-25 21:00:51 --> Not unique table/alias: 'states'
in SYSTEMPATH/Database/MySQLi/Connection.php on line 292.
 1 SYSTEMPATH/Database/MySQLi/Connection.php(292): mysqli->query('SELECT COUNT(*) AS `numrows`
FROM `transfers`
LEFT JOIN `user` ON `transfers`.`user` = `user`.`user_id`
JOIN `proffession` ON `transfers`.`proffession` = `proffession`.`proffession_id`
JOIN `states` ON `states`.`state_id` = `transfers`.`origin_region`
JOIN `cities` ON `cities`.`city_id` = `transfers`.`origin_municipality`
JOIN `states` ON `transfers`.`destination_region` = `states`.`state_id`
WHERE `user` = \'US221202357104172\'
AND `transfers`.`deleted_flag` = 0', 0)
 2 SYSTEMPATH/Database/BaseConnection.php(666): CodeIgniter\Database\MySQLi\Connection->execute('SELECT COUNT(*) AS `numrows`
FROM `transfers`
LEFT JOIN `user` ON `transfers`.`user` = `user`.`user_id`
JOIN `proffession` ON `transfers`.`proffession` = `proffession`.`proffession_id`
JOIN `states` ON `states`.`state_id` = `transfers`.`origin_region`
JOIN `cities` ON `cities`.`city_id` = `transfers`.`origin_municipality`
JOIN `states` ON `transfers`.`destination_region` = `states`.`state_id`
WHERE `user` = \'US221202357104172\'
AND `transfers`.`deleted_flag` = 0')
 3 SYSTEMPATH/Database/BaseConnection.php(593): CodeIgniter\Database\BaseConnection->simpleQuery('SELECT COUNT(*) AS `numrows`
FROM `transfers`
LEFT JOIN `user` ON `transfers`.`user` = `user`.`user_id`
JOIN `proffession` ON `transfers`.`proffession` = `proffession`.`proffession_id`
JOIN `states` ON `states`.`state_id` = `transfers`.`origin_region`
JOIN `cities` ON `cities`.`city_id` = `transfers`.`origin_municipality`
JOIN `states` ON `transfers`.`destination_region` = `states`.`state_id`
WHERE `user` = \'US221202357104172\'
AND `transfers`.`deleted_flag` = 0')
 4 SYSTEMPATH/Database/BaseBuilder.php(1669): CodeIgniter\Database\BaseConnection->query('SELECT COUNT(*) AS `numrows`
FROM `transfers`
LEFT JOIN `user` ON `transfers`.`user` = `user`.`user_id`
JOIN `proffession` ON `transfers`.`proffession` = `proffession`.`proffession_id`
JOIN `states` ON `states`.`state_id` = `transfers`.`origin_region`
JOIN `cities` ON `cities`.`city_id` = `transfers`.`origin_municipality`
JOIN `states` ON `transfers`.`destination_region` = `states`.`state_id`
WHERE `user` = :user:
AND `transfers`.`deleted_flag` = :transfers.deleted_flag:', [...], false)
 5 SYSTEMPATH/Model.php(551): CodeIgniter\Database\BaseBuilder->countAllResults(false)
 6 SYSTEMPATH/BaseModel.php(1106): CodeIgniter\Model->countAllResults(false)
 7 APPPATH/Controllers/Transfers.php(55): CodeIgniter\BaseModel->paginate(10)
 8 SYSTEMPATH/CodeIgniter.php(927): App\Controllers\Transfers->index()
 9 SYSTEMPATH/CodeIgniter.php(482): CodeIgniter\CodeIgniter->runController(Object(App\Controllers\Transfers))
10 SYSTEMPATH/CodeIgniter.php(351): CodeIgniter\CodeIgniter->handleRequest(null, Object(Config\Cache), false)
11 FCPATH/index.php(67): CodeIgniter\CodeIgniter->run()
12 SYSTEMPATH/Commands/Server/rewrite.php(46): require_once('FCPATH/index.php')
ERROR - 2023-02-25 21:00:55 --> mysqli_sql_exception: Not unique table/alias: 'states' in /Applications/MAMP/htdocs/OnGoing/New/eTransferv2/vendor/codeigniter4/framework/system/Database/MySQLi/Connection.php:292
Stack trace:
#0 /Applications/MAMP/htdocs/OnGoing/New/eTransferv2/vendor/codeigniter4/framework/system/Database/MySQLi/Connection.php(292): mysqli->query('SELECT COUNT(*)...', 0)
#1 /Applications/MAMP/htdocs/OnGoing/New/eTransferv2/vendor/codeigniter4/framework/system/Database/BaseConnection.php(666): CodeIgniter\Database\MySQLi\Connection->execute('SELECT COUNT(*)...')
#2 /Applications/MAMP/htdocs/OnGoing/New/eTransferv2/vendor/codeigniter4/framework/system/Database/BaseConnection.php(593): CodeIgniter\Database\BaseConnection->simpleQuery('SELECT COUNT(*)...')
#3 /Applications/MAMP/htdocs/OnGoing/New/eTransferv2/vendor/codeigniter4/framework/system/Database/BaseBuilder.php(1669): CodeIgniter\Database\BaseConnection->query('SELECT COUNT(*)...', Array, false)
#4 /Applications/MAMP/htdocs/OnGoing/New/eTransferv2/vendor/codeigniter4/framework/system/Model.php(551): CodeIgniter\Database\BaseBuilder->countAllResults(false)
#5 /Applications/MAMP/htdocs/OnGoing/New/eTransferv2/vendor/codeigniter4/framework/system/BaseModel.php(1106): CodeIgniter\Model->countAllResults(false)
#6 /Applications/MAMP/htdocs/OnGoing/New/eTransferv2/app/Controllers/Transfers.php(55): CodeIgniter\BaseModel->paginate(10)
#7 /Applications/MAMP/htdocs/OnGoing/New/eTransferv2/vendor/codeigniter4/framework/system/CodeIgniter.php(927): App\Controllers\Transfers->index()
#8 /Applications/MAMP/htdocs/OnGoing/New/eTransferv2/vendor/codeigniter4/framework/system/CodeIgniter.php(482): CodeIgniter\CodeIgniter->runController(Object(App\Controllers\Transfers))
#9 /Applications/MAMP/htdocs/OnGoing/New/eTransferv2/vendor/codeigniter4/framework/system/CodeIgniter.php(351): CodeIgniter\CodeIgniter->handleRequest(NULL, Object(Config\Cache), false)
#10 /Applications/MAMP/htdocs/OnGoing/New/eTransferv2/public/index.php(67): CodeIgniter\CodeIgniter->run()
#11 /Applications/MAMP/htdocs/OnGoing/New/eTransferv2/vendor/codeigniter4/framework/system/Commands/Server/rewrite.php(46): require_once('/Applications/M...')
#12 {main}
CRITICAL - 2023-02-25 21:00:55 --> Not unique table/alias: 'states'
in SYSTEMPATH/Database/MySQLi/Connection.php on line 292.
 1 SYSTEMPATH/Database/MySQLi/Connection.php(292): mysqli->query('SELECT COUNT(*) AS `numrows`
FROM `transfers`
LEFT JOIN `user` ON `transfers`.`user` = `user`.`user_id`
JOIN `proffession` ON `transfers`.`proffession` = `proffession`.`proffession_id`
JOIN `states` ON `states`.`state_id` = `transfers`.`origin_region`
JOIN `cities` ON `cities`.`city_id` = `transfers`.`origin_municipality`
JOIN `states` ON `transfers`.`destination_region` = `states`.`state_id`
WHERE `user` = \'US221202357104172\'
AND `transfers`.`deleted_flag` = 0', 0)
 2 SYSTEMPATH/Database/BaseConnection.php(666): CodeIgniter\Database\MySQLi\Connection->execute('SELECT COUNT(*) AS `numrows`
FROM `transfers`
LEFT JOIN `user` ON `transfers`.`user` = `user`.`user_id`
JOIN `proffession` ON `transfers`.`proffession` = `proffession`.`proffession_id`
JOIN `states` ON `states`.`state_id` = `transfers`.`origin_region`
JOIN `cities` ON `cities`.`city_id` = `transfers`.`origin_municipality`
JOIN `states` ON `transfers`.`destination_region` = `states`.`state_id`
WHERE `user` = \'US221202357104172\'
AND `transfers`.`deleted_flag` = 0')
 3 SYSTEMPATH/Database/BaseConnection.php(593): CodeIgniter\Database\BaseConnection->simpleQuery('SELECT COUNT(*) AS `numrows`
FROM `transfers`
LEFT JOIN `user` ON `transfers`.`user` = `user`.`user_id`
JOIN `proffession` ON `transfers`.`proffession` = `proffession`.`proffession_id`
JOIN `states` ON `states`.`state_id` = `transfers`.`origin_region`
JOIN `cities` ON `cities`.`city_id` = `transfers`.`origin_municipality`
JOIN `states` ON `transfers`.`destination_region` = `states`.`state_id`
WHERE `user` = \'US221202357104172\'
AND `transfers`.`deleted_flag` = 0')
 4 SYSTEMPATH/Database/BaseBuilder.php(1669): CodeIgniter\Database\BaseConnection->query('SELECT COUNT(*) AS `numrows`
FROM `transfers`
LEFT JOIN `user` ON `transfers`.`user` = `user`.`user_id`
JOIN `proffession` ON `transfers`.`proffession` = `proffession`.`proffession_id`
JOIN `states` ON `states`.`state_id` = `transfers`.`origin_region`
JOIN `cities` ON `cities`.`city_id` = `transfers`.`origin_municipality`
JOIN `states` ON `transfers`.`destination_region` = `states`.`state_id`
WHERE `user` = :user:
AND `transfers`.`deleted_flag` = :transfers.deleted_flag:', [...], false)
 5 SYSTEMPATH/Model.php(551): CodeIgniter\Database\BaseBuilder->countAllResults(false)
 6 SYSTEMPATH/BaseModel.php(1106): CodeIgniter\Model->countAllResults(false)
 7 APPPATH/Controllers/Transfers.php(55): CodeIgniter\BaseModel->paginate(10)
 8 SYSTEMPATH/CodeIgniter.php(927): App\Controllers\Transfers->index()
 9 SYSTEMPATH/CodeIgniter.php(482): CodeIgniter\CodeIgniter->runController(Object(App\Controllers\Transfers))
10 SYSTEMPATH/CodeIgniter.php(351): CodeIgniter\CodeIgniter->handleRequest(null, Object(Config\Cache), false)
11 FCPATH/index.php(67): CodeIgniter\CodeIgniter->run()
12 SYSTEMPATH/Commands/Server/rewrite.php(46): require_once('FCPATH/index.php')
