ERROR - 2023-03-27 05:48:23 --> mysqli_sql_exception: Operand should contain 1 column(s) in /Applications/MAMP/htdocs/OnGoing/New/February 2023/MCCProject_v1/vendor/codeigniter4/framework/system/Database/MySQLi/Connection.php:292
Stack trace:
#0 /Applications/MAMP/htdocs/OnGoing/New/February 2023/MCCProject_v1/vendor/codeigniter4/framework/system/Database/MySQLi/Connection.php(292): mysqli->query('UPDATE `project...', 0)
#1 /Applications/MAMP/htdocs/OnGoing/New/February 2023/MCCProject_v1/vendor/codeigniter4/framework/system/Database/BaseConnection.php(666): CodeIgniter\Database\MySQLi\Connection->execute('UPDATE `project...')
#2 /Applications/MAMP/htdocs/OnGoing/New/February 2023/MCCProject_v1/vendor/codeigniter4/framework/system/Database/BaseConnection.php(593): CodeIgniter\Database\BaseConnection->simpleQuery('UPDATE `project...')
#3 /Applications/MAMP/htdocs/OnGoing/New/February 2023/MCCProject_v1/vendor/codeigniter4/framework/system/Database/BaseBuilder.php(2079): CodeIgniter\Database\BaseConnection->query('UPDATE `project...', Array, false)
#4 /Applications/MAMP/htdocs/OnGoing/New/February 2023/MCCProject_v1/app/Models/EmployeesModel.php(129): CodeIgniter\Database\BaseBuilder->update(Array, Array)
#5 /Applications/MAMP/htdocs/OnGoing/New/February 2023/MCCProject_v1/app/Controllers/Employees.php(259): App\Models\EmployeesModel->updateAssignedEmployeesToProject(Array, 'PR2303177698900...')
#6 /Applications/MAMP/htdocs/OnGoing/New/February 2023/MCCProject_v1/vendor/codeigniter4/framework/system/CodeIgniter.php(927): App\Controllers\Employees->assignEmployeesToProject()
#7 /Applications/MAMP/htdocs/OnGoing/New/February 2023/MCCProject_v1/vendor/codeigniter4/framework/system/CodeIgniter.php(482): CodeIgniter\CodeIgniter->runController(Object(App\Controllers\Employees))
#8 /Applications/MAMP/htdocs/OnGoing/New/February 2023/MCCProject_v1/vendor/codeigniter4/framework/system/CodeIgniter.php(351): CodeIgniter\CodeIgniter->handleRequest(NULL, Object(Config\Cache), false)
#9 /Applications/MAMP/htdocs/OnGoing/New/February 2023/MCCProject_v1/public/index.php(67): CodeIgniter\CodeIgniter->run()
#10 /Applications/MAMP/htdocs/OnGoing/New/February 2023/MCCProject_v1/vendor/codeigniter4/framework/system/Commands/Server/rewrite.php(46): require_once('/Applications/M...')
#11 {main}
CRITICAL - 2023-03-27 05:48:23 --> Operand should contain 1 column(s)
in SYSTEMPATH/Database/MySQLi/Connection.php on line 292.
 1 SYSTEMPATH/Database/MySQLi/Connection.php(292): mysqli->query('UPDATE `projectEmployees` SET `employees` = (\'MB230316539901578\',\'MB230316579820703\',\'MB230317370006811\',\'MB230326833406953\')
WHERE `project_id` = \'PR230317769890044\'', 0)
 2 SYSTEMPATH/Database/BaseConnection.php(666): CodeIgniter\Database\MySQLi\Connection->execute('UPDATE `projectEmployees` SET `employees` = (\'MB230316539901578\',\'MB230316579820703\',\'MB230317370006811\',\'MB230326833406953\')
WHERE `project_id` = \'PR230317769890044\'')
 3 SYSTEMPATH/Database/BaseConnection.php(593): CodeIgniter\Database\BaseConnection->simpleQuery('UPDATE `projectEmployees` SET `employees` = (\'MB230316539901578\',\'MB230316579820703\',\'MB230317370006811\',\'MB230326833406953\')
WHERE `project_id` = \'PR230317769890044\'')
 4 SYSTEMPATH/Database/BaseBuilder.php(2079): CodeIgniter\Database\BaseConnection->query('UPDATE `projectEmployees` SET `employees` = :employees:
WHERE `project_id` = :project_id:', [...], false)
 5 APPPATH/Models/EmployeesModel.php(129): CodeIgniter\Database\BaseBuilder->update([...], [...])
 6 APPPATH/Controllers/Employees.php(259): App\Models\EmployeesModel->updateAssignedEmployeesToProject([...], 'PR230317769890044')
 7 SYSTEMPATH/CodeIgniter.php(927): App\Controllers\Employees->assignEmployeesToProject()
 8 SYSTEMPATH/CodeIgniter.php(482): CodeIgniter\CodeIgniter->runController(Object(App\Controllers\Employees))
 9 SYSTEMPATH/CodeIgniter.php(351): CodeIgniter\CodeIgniter->handleRequest(null, Object(Config\Cache), false)
10 FCPATH/index.php(67): CodeIgniter\CodeIgniter->run()
11 SYSTEMPATH/Commands/Server/rewrite.php(46): require_once('FCPATH/index.php')
ERROR - 2023-03-27 05:48:52 --> mysqli_sql_exception: Operand should contain 1 column(s) in /Applications/MAMP/htdocs/OnGoing/New/February 2023/MCCProject_v1/vendor/codeigniter4/framework/system/Database/MySQLi/Connection.php:292
Stack trace:
#0 /Applications/MAMP/htdocs/OnGoing/New/February 2023/MCCProject_v1/vendor/codeigniter4/framework/system/Database/MySQLi/Connection.php(292): mysqli->query('UPDATE `project...', 0)
#1 /Applications/MAMP/htdocs/OnGoing/New/February 2023/MCCProject_v1/vendor/codeigniter4/framework/system/Database/BaseConnection.php(666): CodeIgniter\Database\MySQLi\Connection->execute('UPDATE `project...')
#2 /Applications/MAMP/htdocs/OnGoing/New/February 2023/MCCProject_v1/vendor/codeigniter4/framework/system/Database/BaseConnection.php(593): CodeIgniter\Database\BaseConnection->simpleQuery('UPDATE `project...')
#3 /Applications/MAMP/htdocs/OnGoing/New/February 2023/MCCProject_v1/vendor/codeigniter4/framework/system/Database/BaseBuilder.php(2079): CodeIgniter\Database\BaseConnection->query('UPDATE `project...', Array, false)
#4 /Applications/MAMP/htdocs/OnGoing/New/February 2023/MCCProject_v1/app/Models/EmployeesModel.php(129): CodeIgniter\Database\BaseBuilder->update(Array, Array)
#5 /Applications/MAMP/htdocs/OnGoing/New/February 2023/MCCProject_v1/app/Controllers/Employees.php(259): App\Models\EmployeesModel->updateAssignedEmployeesToProject(Array, 'PR2303177698900...')
#6 /Applications/MAMP/htdocs/OnGoing/New/February 2023/MCCProject_v1/vendor/codeigniter4/framework/system/CodeIgniter.php(927): App\Controllers\Employees->assignEmployeesToProject()
#7 /Applications/MAMP/htdocs/OnGoing/New/February 2023/MCCProject_v1/vendor/codeigniter4/framework/system/CodeIgniter.php(482): CodeIgniter\CodeIgniter->runController(Object(App\Controllers\Employees))
#8 /Applications/MAMP/htdocs/OnGoing/New/February 2023/MCCProject_v1/vendor/codeigniter4/framework/system/CodeIgniter.php(351): CodeIgniter\CodeIgniter->handleRequest(NULL, Object(Config\Cache), false)
#9 /Applications/MAMP/htdocs/OnGoing/New/February 2023/MCCProject_v1/public/index.php(67): CodeIgniter\CodeIgniter->run()
#10 /Applications/MAMP/htdocs/OnGoing/New/February 2023/MCCProject_v1/vendor/codeigniter4/framework/system/Commands/Server/rewrite.php(46): require_once('/Applications/M...')
#11 {main}
CRITICAL - 2023-03-27 05:48:52 --> Operand should contain 1 column(s)
in SYSTEMPATH/Database/MySQLi/Connection.php on line 292.
 1 SYSTEMPATH/Database/MySQLi/Connection.php(292): mysqli->query('UPDATE `projectEmployees` SET `employees` = (\'MB230316539901578\',\'MB230326833406953\')
WHERE `project_id` = \'PR230317769890044\'', 0)
 2 SYSTEMPATH/Database/BaseConnection.php(666): CodeIgniter\Database\MySQLi\Connection->execute('UPDATE `projectEmployees` SET `employees` = (\'MB230316539901578\',\'MB230326833406953\')
WHERE `project_id` = \'PR230317769890044\'')
 3 SYSTEMPATH/Database/BaseConnection.php(593): CodeIgniter\Database\BaseConnection->simpleQuery('UPDATE `projectEmployees` SET `employees` = (\'MB230316539901578\',\'MB230326833406953\')
WHERE `project_id` = \'PR230317769890044\'')
 4 SYSTEMPATH/Database/BaseBuilder.php(2079): CodeIgniter\Database\BaseConnection->query('UPDATE `projectEmployees` SET `employees` = :employees:
WHERE `project_id` = :project_id:', [...], false)
 5 APPPATH/Models/EmployeesModel.php(129): CodeIgniter\Database\BaseBuilder->update([...], [...])
 6 APPPATH/Controllers/Employees.php(259): App\Models\EmployeesModel->updateAssignedEmployeesToProject([...], 'PR230317769890044')
 7 SYSTEMPATH/CodeIgniter.php(927): App\Controllers\Employees->assignEmployeesToProject()
 8 SYSTEMPATH/CodeIgniter.php(482): CodeIgniter\CodeIgniter->runController(Object(App\Controllers\Employees))
 9 SYSTEMPATH/CodeIgniter.php(351): CodeIgniter\CodeIgniter->handleRequest(null, Object(Config\Cache), false)
10 FCPATH/index.php(67): CodeIgniter\CodeIgniter->run()
11 SYSTEMPATH/Commands/Server/rewrite.php(46): require_once('FCPATH/index.php')
CRITICAL - 2023-03-27 05:52:32 --> Undefined variable $totalWage
in APPPATH/Views/reports.php on line 117.
 1 APPPATH/Views/reports.php(117): CodeIgniter\Debug\Exceptions->errorHandler(2, 'Undefined variable $totalWage', 'APPPATH/Views/reports.php', 117)
 2 SYSTEMPATH/View/View.php(213): include('APPPATH/Views/reports.php')
 3 SYSTEMPATH/View/View.php(216): CodeIgniter\View\View->CodeIgniter\View\{closure}()
 4 SYSTEMPATH/Common.php(1134): CodeIgniter\View\View->render('reports', [], true)
 5 APPPATH/Controllers/Reports.php(43): view('reports', [...])
 6 SYSTEMPATH/CodeIgniter.php(927): App\Controllers\Reports->index()
 7 SYSTEMPATH/CodeIgniter.php(482): CodeIgniter\CodeIgniter->runController(Object(App\Controllers\Reports))
 8 SYSTEMPATH/CodeIgniter.php(351): CodeIgniter\CodeIgniter->handleRequest(null, Object(Config\Cache), false)
 9 FCPATH/index.php(67): CodeIgniter\CodeIgniter->run()
10 SYSTEMPATH/Commands/Server/rewrite.php(46): require_once('FCPATH/index.php')
CRITICAL - 2023-03-27 05:52:43 --> Undefined variable $totalWage
in APPPATH/Views/reports.php on line 117.
 1 APPPATH/Views/reports.php(117): CodeIgniter\Debug\Exceptions->errorHandler(2, 'Undefined variable $totalWage', 'APPPATH/Views/reports.php', 117)
 2 SYSTEMPATH/View/View.php(213): include('APPPATH/Views/reports.php')
 3 SYSTEMPATH/View/View.php(216): CodeIgniter\View\View->CodeIgniter\View\{closure}()
 4 SYSTEMPATH/Common.php(1134): CodeIgniter\View\View->render('reports', [], true)
 5 APPPATH/Controllers/Reports.php(43): view('reports', [...])
 6 SYSTEMPATH/CodeIgniter.php(927): App\Controllers\Reports->index()
 7 SYSTEMPATH/CodeIgniter.php(482): CodeIgniter\CodeIgniter->runController(Object(App\Controllers\Reports))
 8 SYSTEMPATH/CodeIgniter.php(351): CodeIgniter\CodeIgniter->handleRequest(null, Object(Config\Cache), false)
 9 FCPATH/index.php(67): CodeIgniter\CodeIgniter->run()
10 SYSTEMPATH/Commands/Server/rewrite.php(46): require_once('FCPATH/index.php')
CRITICAL - 2023-03-27 05:52:45 --> Undefined variable $totalWage
in APPPATH/Views/reports.php on line 117.
 1 APPPATH/Views/reports.php(117): CodeIgniter\Debug\Exceptions->errorHandler(2, 'Undefined variable $totalWage', 'APPPATH/Views/reports.php', 117)
 2 SYSTEMPATH/View/View.php(213): include('APPPATH/Views/reports.php')
 3 SYSTEMPATH/View/View.php(216): CodeIgniter\View\View->CodeIgniter\View\{closure}()
 4 SYSTEMPATH/Common.php(1134): CodeIgniter\View\View->render('reports', [], true)
 5 APPPATH/Controllers/Reports.php(43): view('reports', [...])
 6 SYSTEMPATH/CodeIgniter.php(927): App\Controllers\Reports->index()
 7 SYSTEMPATH/CodeIgniter.php(482): CodeIgniter\CodeIgniter->runController(Object(App\Controllers\Reports))
 8 SYSTEMPATH/CodeIgniter.php(351): CodeIgniter\CodeIgniter->handleRequest(null, Object(Config\Cache), false)
 9 FCPATH/index.php(67): CodeIgniter\CodeIgniter->run()
10 SYSTEMPATH/Commands/Server/rewrite.php(46): require_once('FCPATH/index.php')
CRITICAL - 2023-03-27 05:53:02 --> Undefined variable $totalWage
in APPPATH/Views/reports.php on line 117.
 1 APPPATH/Views/reports.php(117): CodeIgniter\Debug\Exceptions->errorHandler(2, 'Undefined variable $totalWage', 'APPPATH/Views/reports.php', 117)
 2 SYSTEMPATH/View/View.php(213): include('APPPATH/Views/reports.php')
 3 SYSTEMPATH/View/View.php(216): CodeIgniter\View\View->CodeIgniter\View\{closure}()
 4 SYSTEMPATH/Common.php(1134): CodeIgniter\View\View->render('reports', [], true)
 5 APPPATH/Controllers/Reports.php(43): view('reports', [...])
 6 SYSTEMPATH/CodeIgniter.php(927): App\Controllers\Reports->index()
 7 SYSTEMPATH/CodeIgniter.php(482): CodeIgniter\CodeIgniter->runController(Object(App\Controllers\Reports))
 8 SYSTEMPATH/CodeIgniter.php(351): CodeIgniter\CodeIgniter->handleRequest(null, Object(Config\Cache), false)
 9 FCPATH/index.php(67): CodeIgniter\CodeIgniter->run()
10 SYSTEMPATH/Commands/Server/rewrite.php(46): require_once('FCPATH/index.php')
CRITICAL - 2023-03-27 05:53:26 --> Undefined variable $totalWage
in APPPATH/Views/reports.php on line 117.
 1 APPPATH/Views/reports.php(117): CodeIgniter\Debug\Exceptions->errorHandler(2, 'Undefined variable $totalWage', 'APPPATH/Views/reports.php', 117)
 2 SYSTEMPATH/View/View.php(213): include('APPPATH/Views/reports.php')
 3 SYSTEMPATH/View/View.php(216): CodeIgniter\View\View->CodeIgniter\View\{closure}()
 4 SYSTEMPATH/Common.php(1134): CodeIgniter\View\View->render('reports', [], true)
 5 APPPATH/Controllers/Reports.php(43): view('reports', [...])
 6 SYSTEMPATH/CodeIgniter.php(927): App\Controllers\Reports->index()
 7 SYSTEMPATH/CodeIgniter.php(482): CodeIgniter\CodeIgniter->runController(Object(App\Controllers\Reports))
 8 SYSTEMPATH/CodeIgniter.php(351): CodeIgniter\CodeIgniter->handleRequest(null, Object(Config\Cache), false)
 9 FCPATH/index.php(67): CodeIgniter\CodeIgniter->run()
10 SYSTEMPATH/Commands/Server/rewrite.php(46): require_once('FCPATH/index.php')
CRITICAL - 2023-03-27 05:54:29 --> foreach() argument must be of type array|object, string given
in APPPATH/Views/reports.php on line 68.
 1 APPPATH/Views/reports.php(68): CodeIgniter\Debug\Exceptions->errorHandler(2, 'foreach() argument must be of type array|object, string given', 'APPPATH/Views/reports.php', 68)
 2 SYSTEMPATH/View/View.php(213): include('APPPATH/Views/reports.php')
 3 SYSTEMPATH/View/View.php(216): CodeIgniter\View\View->CodeIgniter\View\{closure}()
 4 SYSTEMPATH/Common.php(1134): CodeIgniter\View\View->render('reports', [], true)
 5 APPPATH/Controllers/Reports.php(43): view('reports', [...])
 6 SYSTEMPATH/CodeIgniter.php(927): App\Controllers\Reports->index()
 7 SYSTEMPATH/CodeIgniter.php(482): CodeIgniter\CodeIgniter->runController(Object(App\Controllers\Reports))
 8 SYSTEMPATH/CodeIgniter.php(351): CodeIgniter\CodeIgniter->handleRequest(null, Object(Config\Cache), false)
 9 FCPATH/index.php(67): CodeIgniter\CodeIgniter->run()
10 SYSTEMPATH/Commands/Server/rewrite.php(46): require_once('FCPATH/index.php')
CRITICAL - 2023-03-27 05:55:09 --> foreach() argument must be of type array|object, string given
in APPPATH/Views/reports.php on line 68.
 1 APPPATH/Views/reports.php(68): CodeIgniter\Debug\Exceptions->errorHandler(2, 'foreach() argument must be of type array|object, string given', 'APPPATH/Views/reports.php', 68)
 2 SYSTEMPATH/View/View.php(213): include('APPPATH/Views/reports.php')
 3 SYSTEMPATH/View/View.php(216): CodeIgniter\View\View->CodeIgniter\View\{closure}()
 4 SYSTEMPATH/Common.php(1134): CodeIgniter\View\View->render('reports', [], true)
 5 APPPATH/Controllers/Reports.php(43): view('reports', [...])
 6 SYSTEMPATH/CodeIgniter.php(927): App\Controllers\Reports->index()
 7 SYSTEMPATH/CodeIgniter.php(482): CodeIgniter\CodeIgniter->runController(Object(App\Controllers\Reports))
 8 SYSTEMPATH/CodeIgniter.php(351): CodeIgniter\CodeIgniter->handleRequest(null, Object(Config\Cache), false)
 9 FCPATH/index.php(67): CodeIgniter\CodeIgniter->run()
10 SYSTEMPATH/Commands/Server/rewrite.php(46): require_once('FCPATH/index.php')
CRITICAL - 2023-03-27 05:55:17 --> foreach() argument must be of type array|object, string given
in APPPATH/Views/reports.php on line 68.
 1 APPPATH/Views/reports.php(68): CodeIgniter\Debug\Exceptions->errorHandler(2, 'foreach() argument must be of type array|object, string given', 'APPPATH/Views/reports.php', 68)
 2 SYSTEMPATH/View/View.php(213): include('APPPATH/Views/reports.php')
 3 SYSTEMPATH/View/View.php(216): CodeIgniter\View\View->CodeIgniter\View\{closure}()
 4 SYSTEMPATH/Common.php(1134): CodeIgniter\View\View->render('reports', [], true)
 5 APPPATH/Controllers/Reports.php(43): view('reports', [...])
 6 SYSTEMPATH/CodeIgniter.php(927): App\Controllers\Reports->index()
 7 SYSTEMPATH/CodeIgniter.php(482): CodeIgniter\CodeIgniter->runController(Object(App\Controllers\Reports))
 8 SYSTEMPATH/CodeIgniter.php(351): CodeIgniter\CodeIgniter->handleRequest(null, Object(Config\Cache), false)
 9 FCPATH/index.php(67): CodeIgniter\CodeIgniter->run()
10 SYSTEMPATH/Commands/Server/rewrite.php(46): require_once('FCPATH/index.php')
CRITICAL - 2023-03-27 05:55:19 --> foreach() argument must be of type array|object, string given
in APPPATH/Views/reports.php on line 68.
 1 APPPATH/Views/reports.php(68): CodeIgniter\Debug\Exceptions->errorHandler(2, 'foreach() argument must be of type array|object, string given', 'APPPATH/Views/reports.php', 68)
 2 SYSTEMPATH/View/View.php(213): include('APPPATH/Views/reports.php')
 3 SYSTEMPATH/View/View.php(216): CodeIgniter\View\View->CodeIgniter\View\{closure}()
 4 SYSTEMPATH/Common.php(1134): CodeIgniter\View\View->render('reports', [], true)
 5 APPPATH/Controllers/Reports.php(43): view('reports', [...])
 6 SYSTEMPATH/CodeIgniter.php(927): App\Controllers\Reports->index()
 7 SYSTEMPATH/CodeIgniter.php(482): CodeIgniter\CodeIgniter->runController(Object(App\Controllers\Reports))
 8 SYSTEMPATH/CodeIgniter.php(351): CodeIgniter\CodeIgniter->handleRequest(null, Object(Config\Cache), false)
 9 FCPATH/index.php(67): CodeIgniter\CodeIgniter->run()
10 SYSTEMPATH/Commands/Server/rewrite.php(46): require_once('FCPATH/index.php')
CRITICAL - 2023-03-27 06:07:50 --> Unmatched '}'
in APPPATH/Views/reports.php on line 134.
 1 SYSTEMPATH/View/View.php(216): CodeIgniter\View\View->CodeIgniter\View\{closure}()
 2 SYSTEMPATH/Common.php(1134): CodeIgniter\View\View->render('reports', [], true)
 3 APPPATH/Controllers/Reports.php(43): view('reports', [...])
 4 SYSTEMPATH/CodeIgniter.php(927): App\Controllers\Reports->index()
 5 SYSTEMPATH/CodeIgniter.php(482): CodeIgniter\CodeIgniter->runController(Object(App\Controllers\Reports))
 6 SYSTEMPATH/CodeIgniter.php(351): CodeIgniter\CodeIgniter->handleRequest(null, Object(Config\Cache), false)
 7 FCPATH/index.php(67): CodeIgniter\CodeIgniter->run()
 8 SYSTEMPATH/Commands/Server/rewrite.php(46): require_once('FCPATH/index.php')
