CRITICAL - 2022-12-04 05:58:27 --> Undefined array key "user"
in APPPATH/Views/districts.php on line 2.
 1 APPPATH/Views/districts.php(2): CodeIgniter\Debug\Exceptions->errorHandler(2, 'Undefined array key "user"', 'APPPATH/Views/districts.php', 2)
 2 SYSTEMPATH/View/View.php(213): include('APPPATH/Views/districts.php')
 3 SYSTEMPATH/View/View.php(216): CodeIgniter\View\View->CodeIgniter\View\{closure}()
 4 SYSTEMPATH/Common.php(1134): CodeIgniter\View\View->render('districts', [], true)
 5 APPPATH/Controllers/Districts.php(42): view('districts', [...])
 6 SYSTEMPATH/CodeIgniter.php(927): App\Controllers\Districts->index()
 7 SYSTEMPATH/CodeIgniter.php(482): CodeIgniter\CodeIgniter->runController(Object(App\Controllers\Districts))
 8 SYSTEMPATH/CodeIgniter.php(351): CodeIgniter\CodeIgniter->handleRequest(null, Object(Config\Cache), false)
 9 FCPATH/index.php(67): CodeIgniter\CodeIgniter->run()
10 SYSTEMPATH/Commands/Server/rewrite.php(46): require_once('FCPATH/index.php')
CRITICAL - 2022-12-04 05:58:32 --> Undefined array key "user"
in APPPATH/Views/districts.php on line 2.
 1 APPPATH/Views/districts.php(2): CodeIgniter\Debug\Exceptions->errorHandler(2, 'Undefined array key "user"', 'APPPATH/Views/districts.php', 2)
 2 SYSTEMPATH/View/View.php(213): include('APPPATH/Views/districts.php')
 3 SYSTEMPATH/View/View.php(216): CodeIgniter\View\View->CodeIgniter\View\{closure}()
 4 SYSTEMPATH/Common.php(1134): CodeIgniter\View\View->render('districts', [], true)
 5 APPPATH/Controllers/Districts.php(42): view('districts', [...])
 6 SYSTEMPATH/CodeIgniter.php(927): App\Controllers\Districts->index()
 7 SYSTEMPATH/CodeIgniter.php(482): CodeIgniter\CodeIgniter->runController(Object(App\Controllers\Districts))
 8 SYSTEMPATH/CodeIgniter.php(351): CodeIgniter\CodeIgniter->handleRequest(null, Object(Config\Cache), false)
 9 FCPATH/index.php(67): CodeIgniter\CodeIgniter->run()
10 SYSTEMPATH/Commands/Server/rewrite.php(46): require_once('FCPATH/index.php')
ERROR - 2022-12-04 06:21:57 --> mysqli_sql_exception: Table 'etransferv2.transfer' doesn't exist in /Applications/MAMP/htdocs/OnGoing/New/eTransferv2/vendor/codeigniter4/framework/system/Database/MySQLi/Connection.php:292
Stack trace:
#0 /Applications/MAMP/htdocs/OnGoing/New/eTransferv2/vendor/codeigniter4/framework/system/Database/MySQLi/Connection.php(292): mysqli->query('SELECT COUNT(*)...', 0)
#1 /Applications/MAMP/htdocs/OnGoing/New/eTransferv2/vendor/codeigniter4/framework/system/Database/BaseConnection.php(666): CodeIgniter\Database\MySQLi\Connection->execute('SELECT COUNT(*)...')
#2 /Applications/MAMP/htdocs/OnGoing/New/eTransferv2/vendor/codeigniter4/framework/system/Database/BaseConnection.php(593): CodeIgniter\Database\BaseConnection->simpleQuery('SELECT COUNT(*)...')
#3 /Applications/MAMP/htdocs/OnGoing/New/eTransferv2/vendor/codeigniter4/framework/system/Database/BaseBuilder.php(1669): CodeIgniter\Database\BaseConnection->query('SELECT COUNT(*)...', Array, false)
#4 /Applications/MAMP/htdocs/OnGoing/New/eTransferv2/vendor/codeigniter4/framework/system/Model.php(551): CodeIgniter\Database\BaseBuilder->countAllResults(false)
#5 /Applications/MAMP/htdocs/OnGoing/New/eTransferv2/vendor/codeigniter4/framework/system/BaseModel.php(1106): CodeIgniter\Model->countAllResults(false)
#6 /Applications/MAMP/htdocs/OnGoing/New/eTransferv2/app/Controllers/Transfers.php(22): CodeIgniter\BaseModel->paginate(25)
#7 /Applications/MAMP/htdocs/OnGoing/New/eTransferv2/vendor/codeigniter4/framework/system/CodeIgniter.php(927): App\Controllers\Transfers->index()
#8 /Applications/MAMP/htdocs/OnGoing/New/eTransferv2/vendor/codeigniter4/framework/system/CodeIgniter.php(482): CodeIgniter\CodeIgniter->runController(Object(App\Controllers\Transfers))
#9 /Applications/MAMP/htdocs/OnGoing/New/eTransferv2/vendor/codeigniter4/framework/system/CodeIgniter.php(351): CodeIgniter\CodeIgniter->handleRequest(NULL, Object(Config\Cache), false)
#10 /Applications/MAMP/htdocs/OnGoing/New/eTransferv2/public/index.php(67): CodeIgniter\CodeIgniter->run()
#11 /Applications/MAMP/htdocs/OnGoing/New/eTransferv2/vendor/codeigniter4/framework/system/Commands/Server/rewrite.php(46): require_once('/Applications/M...')
#12 {main}
CRITICAL - 2022-12-04 06:21:57 --> Table 'etransferv2.transfer' doesn't exist
in SYSTEMPATH/Database/MySQLi/Connection.php on line 292.
 1 SYSTEMPATH/Database/MySQLi/Connection.php(292): mysqli->query('SELECT COUNT(*) AS `numrows`
FROM `transfer`', 0)
 2 SYSTEMPATH/Database/BaseConnection.php(666): CodeIgniter\Database\MySQLi\Connection->execute('SELECT COUNT(*) AS `numrows`
FROM `transfer`')
 3 SYSTEMPATH/Database/BaseConnection.php(593): CodeIgniter\Database\BaseConnection->simpleQuery('SELECT COUNT(*) AS `numrows`
FROM `transfer`')
 4 SYSTEMPATH/Database/BaseBuilder.php(1669): CodeIgniter\Database\BaseConnection->query('SELECT COUNT(*) AS `numrows`
FROM `transfer`', [], false)
 5 SYSTEMPATH/Model.php(551): CodeIgniter\Database\BaseBuilder->countAllResults(false)
 6 SYSTEMPATH/BaseModel.php(1106): CodeIgniter\Model->countAllResults(false)
 7 APPPATH/Controllers/Transfers.php(22): CodeIgniter\BaseModel->paginate(25)
 8 SYSTEMPATH/CodeIgniter.php(927): App\Controllers\Transfers->index()
 9 SYSTEMPATH/CodeIgniter.php(482): CodeIgniter\CodeIgniter->runController(Object(App\Controllers\Transfers))
10 SYSTEMPATH/CodeIgniter.php(351): CodeIgniter\CodeIgniter->handleRequest(null, Object(Config\Cache), false)
11 FCPATH/index.php(67): CodeIgniter\CodeIgniter->run()
12 SYSTEMPATH/Commands/Server/rewrite.php(46): require_once('FCPATH/index.php')
CRITICAL - 2022-12-04 07:14:02 --> foreach() argument must be of type array|object, string given
in APPPATH/Views/register.php on line 133.
 1 APPPATH/Views/register.php(133): CodeIgniter\Debug\Exceptions->errorHandler(2, 'foreach() argument must be of type array|object, string given', 'APPPATH/Views/register.php', 133)
 2 SYSTEMPATH/View/View.php(213): include('APPPATH/Views/register.php')
 3 SYSTEMPATH/View/View.php(216): CodeIgniter\View\View->CodeIgniter\View\{closure}()
 4 SYSTEMPATH/Common.php(1134): CodeIgniter\View\View->render('register', [], true)
 5 APPPATH/Controllers/Register.php(27): view('register', [...])
 6 SYSTEMPATH/CodeIgniter.php(927): App\Controllers\Register->index()
 7 SYSTEMPATH/CodeIgniter.php(482): CodeIgniter\CodeIgniter->runController(Object(App\Controllers\Register))
 8 SYSTEMPATH/CodeIgniter.php(351): CodeIgniter\CodeIgniter->handleRequest(null, Object(Config\Cache), false)
 9 FCPATH/index.php(67): CodeIgniter\CodeIgniter->run()
10 SYSTEMPATH/Commands/Server/rewrite.php(46): require_once('FCPATH/index.php')
ERROR - 2022-12-04 07:36:29 --> mysqli_sql_exception: Unknown column 'country_id' in 'where clause' in /Applications/MAMP/htdocs/OnGoing/New/eTransferv2/vendor/codeigniter4/framework/system/Database/MySQLi/Connection.php:292
Stack trace:
#0 /Applications/MAMP/htdocs/OnGoing/New/eTransferv2/vendor/codeigniter4/framework/system/Database/MySQLi/Connection.php(292): mysqli->query('SELECT *\nFROM `...', 0)
#1 /Applications/MAMP/htdocs/OnGoing/New/eTransferv2/vendor/codeigniter4/framework/system/Database/BaseConnection.php(666): CodeIgniter\Database\MySQLi\Connection->execute('SELECT *\nFROM `...')
#2 /Applications/MAMP/htdocs/OnGoing/New/eTransferv2/vendor/codeigniter4/framework/system/Database/BaseConnection.php(593): CodeIgniter\Database\BaseConnection->simpleQuery('SELECT *\nFROM `...')
#3 /Applications/MAMP/htdocs/OnGoing/New/eTransferv2/vendor/codeigniter4/framework/system/Database/BaseBuilder.php(1585): CodeIgniter\Database\BaseConnection->query('SELECT *\nFROM `...', Array, false)
#4 /Applications/MAMP/htdocs/OnGoing/New/eTransferv2/app/Models/DistrictsModel.php(42): CodeIgniter\Database\BaseBuilder->get()
#5 /Applications/MAMP/htdocs/OnGoing/New/eTransferv2/app/Controllers/Transfers.php(57): App\Models\DistrictsModel->getDistrictsPerRegion('3075')
#6 /Applications/MAMP/htdocs/OnGoing/New/eTransferv2/vendor/codeigniter4/framework/system/CodeIgniter.php(927): App\Controllers\Transfers->getDistricts('3075')
#7 /Applications/MAMP/htdocs/OnGoing/New/eTransferv2/vendor/codeigniter4/framework/system/CodeIgniter.php(482): CodeIgniter\CodeIgniter->runController(Object(App\Controllers\Transfers))
#8 /Applications/MAMP/htdocs/OnGoing/New/eTransferv2/vendor/codeigniter4/framework/system/CodeIgniter.php(351): CodeIgniter\CodeIgniter->handleRequest(NULL, Object(Config\Cache), false)
#9 /Applications/MAMP/htdocs/OnGoing/New/eTransferv2/public/index.php(67): CodeIgniter\CodeIgniter->run()
#10 /Applications/MAMP/htdocs/OnGoing/New/eTransferv2/vendor/codeigniter4/framework/system/Commands/Server/rewrite.php(46): require_once('/Applications/M...')
#11 {main}
CRITICAL - 2022-12-04 07:36:29 --> Unknown column 'country_id' in 'where clause'
in SYSTEMPATH/Database/MySQLi/Connection.php on line 292.
 1 SYSTEMPATH/Database/MySQLi/Connection.php(292): mysqli->query('SELECT *
FROM `cities`
WHERE `country_id` = \'3075\'
AND `deleted_flag` = 0
ORDER BY `city_id` ASC', 0)
 2 SYSTEMPATH/Database/BaseConnection.php(666): CodeIgniter\Database\MySQLi\Connection->execute('SELECT *
FROM `cities`
WHERE `country_id` = \'3075\'
AND `deleted_flag` = 0
ORDER BY `city_id` ASC')
 3 SYSTEMPATH/Database/BaseConnection.php(593): CodeIgniter\Database\BaseConnection->simpleQuery('SELECT *
FROM `cities`
WHERE `country_id` = \'3075\'
AND `deleted_flag` = 0
ORDER BY `city_id` ASC')
 4 SYSTEMPATH/Database/BaseBuilder.php(1585): CodeIgniter\Database\BaseConnection->query('SELECT *
FROM `cities`
WHERE `country_id` = :country_id:
AND `deleted_flag` = :deleted_flag:
ORDER BY `city_id` ASC', [...], false)
 5 APPPATH/Models/DistrictsModel.php(42): CodeIgniter\Database\BaseBuilder->get()
 6 APPPATH/Controllers/Transfers.php(57): App\Models\DistrictsModel->getDistrictsPerRegion('3075')
 7 SYSTEMPATH/CodeIgniter.php(927): App\Controllers\Transfers->getDistricts('3075')
 8 SYSTEMPATH/CodeIgniter.php(482): CodeIgniter\CodeIgniter->runController(Object(App\Controllers\Transfers))
 9 SYSTEMPATH/CodeIgniter.php(351): CodeIgniter\CodeIgniter->handleRequest(null, Object(Config\Cache), false)
10 FCPATH/index.php(67): CodeIgniter\CodeIgniter->run()
11 SYSTEMPATH/Commands/Server/rewrite.php(46): require_once('FCPATH/index.php')
ERROR - 2022-12-04 07:36:37 --> mysqli_sql_exception: Unknown column 'country_id' in 'where clause' in /Applications/MAMP/htdocs/OnGoing/New/eTransferv2/vendor/codeigniter4/framework/system/Database/MySQLi/Connection.php:292
Stack trace:
#0 /Applications/MAMP/htdocs/OnGoing/New/eTransferv2/vendor/codeigniter4/framework/system/Database/MySQLi/Connection.php(292): mysqli->query('SELECT *\nFROM `...', 0)
#1 /Applications/MAMP/htdocs/OnGoing/New/eTransferv2/vendor/codeigniter4/framework/system/Database/BaseConnection.php(666): CodeIgniter\Database\MySQLi\Connection->execute('SELECT *\nFROM `...')
#2 /Applications/MAMP/htdocs/OnGoing/New/eTransferv2/vendor/codeigniter4/framework/system/Database/BaseConnection.php(593): CodeIgniter\Database\BaseConnection->simpleQuery('SELECT *\nFROM `...')
#3 /Applications/MAMP/htdocs/OnGoing/New/eTransferv2/vendor/codeigniter4/framework/system/Database/BaseBuilder.php(1585): CodeIgniter\Database\BaseConnection->query('SELECT *\nFROM `...', Array, false)
#4 /Applications/MAMP/htdocs/OnGoing/New/eTransferv2/app/Models/DistrictsModel.php(42): CodeIgniter\Database\BaseBuilder->get()
#5 /Applications/MAMP/htdocs/OnGoing/New/eTransferv2/app/Controllers/Transfers.php(57): App\Models\DistrictsModel->getDistrictsPerRegion('3076')
#6 /Applications/MAMP/htdocs/OnGoing/New/eTransferv2/vendor/codeigniter4/framework/system/CodeIgniter.php(927): App\Controllers\Transfers->getDistricts('3076')
#7 /Applications/MAMP/htdocs/OnGoing/New/eTransferv2/vendor/codeigniter4/framework/system/CodeIgniter.php(482): CodeIgniter\CodeIgniter->runController(Object(App\Controllers\Transfers))
#8 /Applications/MAMP/htdocs/OnGoing/New/eTransferv2/vendor/codeigniter4/framework/system/CodeIgniter.php(351): CodeIgniter\CodeIgniter->handleRequest(NULL, Object(Config\Cache), false)
#9 /Applications/MAMP/htdocs/OnGoing/New/eTransferv2/public/index.php(67): CodeIgniter\CodeIgniter->run()
#10 /Applications/MAMP/htdocs/OnGoing/New/eTransferv2/vendor/codeigniter4/framework/system/Commands/Server/rewrite.php(46): require_once('/Applications/M...')
#11 {main}
CRITICAL - 2022-12-04 07:36:37 --> Unknown column 'country_id' in 'where clause'
in SYSTEMPATH/Database/MySQLi/Connection.php on line 292.
 1 SYSTEMPATH/Database/MySQLi/Connection.php(292): mysqli->query('SELECT *
FROM `cities`
WHERE `country_id` = \'3076\'
AND `deleted_flag` = 0
ORDER BY `city_id` ASC', 0)
 2 SYSTEMPATH/Database/BaseConnection.php(666): CodeIgniter\Database\MySQLi\Connection->execute('SELECT *
FROM `cities`
WHERE `country_id` = \'3076\'
AND `deleted_flag` = 0
ORDER BY `city_id` ASC')
 3 SYSTEMPATH/Database/BaseConnection.php(593): CodeIgniter\Database\BaseConnection->simpleQuery('SELECT *
FROM `cities`
WHERE `country_id` = \'3076\'
AND `deleted_flag` = 0
ORDER BY `city_id` ASC')
 4 SYSTEMPATH/Database/BaseBuilder.php(1585): CodeIgniter\Database\BaseConnection->query('SELECT *
FROM `cities`
WHERE `country_id` = :country_id:
AND `deleted_flag` = :deleted_flag:
ORDER BY `city_id` ASC', [...], false)
 5 APPPATH/Models/DistrictsModel.php(42): CodeIgniter\Database\BaseBuilder->get()
 6 APPPATH/Controllers/Transfers.php(57): App\Models\DistrictsModel->getDistrictsPerRegion('3076')
 7 SYSTEMPATH/CodeIgniter.php(927): App\Controllers\Transfers->getDistricts('3076')
 8 SYSTEMPATH/CodeIgniter.php(482): CodeIgniter\CodeIgniter->runController(Object(App\Controllers\Transfers))
 9 SYSTEMPATH/CodeIgniter.php(351): CodeIgniter\CodeIgniter->handleRequest(null, Object(Config\Cache), false)
10 FCPATH/index.php(67): CodeIgniter\CodeIgniter->run()
11 SYSTEMPATH/Commands/Server/rewrite.php(46): require_once('FCPATH/index.php')
ERROR - 2022-12-04 08:02:44 --> mysqli_sql_exception: Not unique table/alias: 'states' in /Applications/MAMP/htdocs/OnGoing/New/eTransferv2/vendor/codeigniter4/framework/system/Database/MySQLi/Connection.php:292
Stack trace:
#0 /Applications/MAMP/htdocs/OnGoing/New/eTransferv2/vendor/codeigniter4/framework/system/Database/MySQLi/Connection.php(292): mysqli->query('SELECT COUNT(*)...', 0)
#1 /Applications/MAMP/htdocs/OnGoing/New/eTransferv2/vendor/codeigniter4/framework/system/Database/BaseConnection.php(666): CodeIgniter\Database\MySQLi\Connection->execute('SELECT COUNT(*)...')
#2 /Applications/MAMP/htdocs/OnGoing/New/eTransferv2/vendor/codeigniter4/framework/system/Database/BaseConnection.php(593): CodeIgniter\Database\BaseConnection->simpleQuery('SELECT COUNT(*)...')
#3 /Applications/MAMP/htdocs/OnGoing/New/eTransferv2/vendor/codeigniter4/framework/system/Database/BaseBuilder.php(1669): CodeIgniter\Database\BaseConnection->query('SELECT COUNT(*)...', Array, false)
#4 /Applications/MAMP/htdocs/OnGoing/New/eTransferv2/vendor/codeigniter4/framework/system/Model.php(551): CodeIgniter\Database\BaseBuilder->countAllResults(false)
#5 /Applications/MAMP/htdocs/OnGoing/New/eTransferv2/vendor/codeigniter4/framework/system/BaseModel.php(1106): CodeIgniter\Model->countAllResults(false)
#6 /Applications/MAMP/htdocs/OnGoing/New/eTransferv2/app/Controllers/Transfers.php(48): CodeIgniter\BaseModel->paginate(10)
#7 /Applications/MAMP/htdocs/OnGoing/New/eTransferv2/vendor/codeigniter4/framework/system/CodeIgniter.php(927): App\Controllers\Transfers->index()
#8 /Applications/MAMP/htdocs/OnGoing/New/eTransferv2/vendor/codeigniter4/framework/system/CodeIgniter.php(482): CodeIgniter\CodeIgniter->runController(Object(App\Controllers\Transfers))
#9 /Applications/MAMP/htdocs/OnGoing/New/eTransferv2/vendor/codeigniter4/framework/system/CodeIgniter.php(351): CodeIgniter\CodeIgniter->handleRequest(NULL, Object(Config\Cache), false)
#10 /Applications/MAMP/htdocs/OnGoing/New/eTransferv2/public/index.php(67): CodeIgniter\CodeIgniter->run()
#11 /Applications/MAMP/htdocs/OnGoing/New/eTransferv2/vendor/codeigniter4/framework/system/Commands/Server/rewrite.php(46): require_once('/Applications/M...')
#12 {main}
CRITICAL - 2022-12-04 08:02:44 --> Not unique table/alias: 'states'
in SYSTEMPATH/Database/MySQLi/Connection.php on line 292.
 1 SYSTEMPATH/Database/MySQLi/Connection.php(292): mysqli->query('SELECT COUNT(*) AS `numrows`
FROM `transfers`
JOIN `states` ON `states`.`state_id` = `transfers`.`origin_region`
JOIN `states` ON `states`.`state_id` = `transfers`.`destination_region`
JOIN `cities` ON `cities`.`city_id` = `transfers`.`origin_municipality`
JOIN `cities` ON `cities`.`city_id` = `transfers`.`destination_region`
WHERE `user` = \'US221202357104172\'
AND `deleted_flag` = 0', 0)
 2 SYSTEMPATH/Database/BaseConnection.php(666): CodeIgniter\Database\MySQLi\Connection->execute('SELECT COUNT(*) AS `numrows`
FROM `transfers`
JOIN `states` ON `states`.`state_id` = `transfers`.`origin_region`
JOIN `states` ON `states`.`state_id` = `transfers`.`destination_region`
JOIN `cities` ON `cities`.`city_id` = `transfers`.`origin_municipality`
JOIN `cities` ON `cities`.`city_id` = `transfers`.`destination_region`
WHERE `user` = \'US221202357104172\'
AND `deleted_flag` = 0')
 3 SYSTEMPATH/Database/BaseConnection.php(593): CodeIgniter\Database\BaseConnection->simpleQuery('SELECT COUNT(*) AS `numrows`
FROM `transfers`
JOIN `states` ON `states`.`state_id` = `transfers`.`origin_region`
JOIN `states` ON `states`.`state_id` = `transfers`.`destination_region`
JOIN `cities` ON `cities`.`city_id` = `transfers`.`origin_municipality`
JOIN `cities` ON `cities`.`city_id` = `transfers`.`destination_region`
WHERE `user` = \'US221202357104172\'
AND `deleted_flag` = 0')
 4 SYSTEMPATH/Database/BaseBuilder.php(1669): CodeIgniter\Database\BaseConnection->query('SELECT COUNT(*) AS `numrows`
FROM `transfers`
JOIN `states` ON `states`.`state_id` = `transfers`.`origin_region`
JOIN `states` ON `states`.`state_id` = `transfers`.`destination_region`
JOIN `cities` ON `cities`.`city_id` = `transfers`.`origin_municipality`
JOIN `cities` ON `cities`.`city_id` = `transfers`.`destination_region`
WHERE `user` = :user:
AND `deleted_flag` = :deleted_flag:', [...], false)
 5 SYSTEMPATH/Model.php(551): CodeIgniter\Database\BaseBuilder->countAllResults(false)
 6 SYSTEMPATH/BaseModel.php(1106): CodeIgniter\Model->countAllResults(false)
 7 APPPATH/Controllers/Transfers.php(48): CodeIgniter\BaseModel->paginate(10)
 8 SYSTEMPATH/CodeIgniter.php(927): App\Controllers\Transfers->index()
 9 SYSTEMPATH/CodeIgniter.php(482): CodeIgniter\CodeIgniter->runController(Object(App\Controllers\Transfers))
10 SYSTEMPATH/CodeIgniter.php(351): CodeIgniter\CodeIgniter->handleRequest(null, Object(Config\Cache), false)
11 FCPATH/index.php(67): CodeIgniter\CodeIgniter->run()
12 SYSTEMPATH/Commands/Server/rewrite.php(46): require_once('FCPATH/index.php')
ERROR - 2022-12-04 08:04:01 --> mysqli_sql_exception: Column 'deleted_flag' in where clause is ambiguous in /Applications/MAMP/htdocs/OnGoing/New/eTransferv2/vendor/codeigniter4/framework/system/Database/MySQLi/Connection.php:292
Stack trace:
#0 /Applications/MAMP/htdocs/OnGoing/New/eTransferv2/vendor/codeigniter4/framework/system/Database/MySQLi/Connection.php(292): mysqli->query('SELECT COUNT(*)...', 0)
#1 /Applications/MAMP/htdocs/OnGoing/New/eTransferv2/vendor/codeigniter4/framework/system/Database/BaseConnection.php(666): CodeIgniter\Database\MySQLi\Connection->execute('SELECT COUNT(*)...')
#2 /Applications/MAMP/htdocs/OnGoing/New/eTransferv2/vendor/codeigniter4/framework/system/Database/BaseConnection.php(593): CodeIgniter\Database\BaseConnection->simpleQuery('SELECT COUNT(*)...')
#3 /Applications/MAMP/htdocs/OnGoing/New/eTransferv2/vendor/codeigniter4/framework/system/Database/BaseBuilder.php(1669): CodeIgniter\Database\BaseConnection->query('SELECT COUNT(*)...', Array, false)
#4 /Applications/MAMP/htdocs/OnGoing/New/eTransferv2/vendor/codeigniter4/framework/system/Model.php(551): CodeIgniter\Database\BaseBuilder->countAllResults(false)
#5 /Applications/MAMP/htdocs/OnGoing/New/eTransferv2/vendor/codeigniter4/framework/system/BaseModel.php(1106): CodeIgniter\Model->countAllResults(false)
#6 /Applications/MAMP/htdocs/OnGoing/New/eTransferv2/app/Controllers/Transfers.php(47): CodeIgniter\BaseModel->paginate(10)
#7 /Applications/MAMP/htdocs/OnGoing/New/eTransferv2/vendor/codeigniter4/framework/system/CodeIgniter.php(927): App\Controllers\Transfers->index()
#8 /Applications/MAMP/htdocs/OnGoing/New/eTransferv2/vendor/codeigniter4/framework/system/CodeIgniter.php(482): CodeIgniter\CodeIgniter->runController(Object(App\Controllers\Transfers))
#9 /Applications/MAMP/htdocs/OnGoing/New/eTransferv2/vendor/codeigniter4/framework/system/CodeIgniter.php(351): CodeIgniter\CodeIgniter->handleRequest(NULL, Object(Config\Cache), false)
#10 /Applications/MAMP/htdocs/OnGoing/New/eTransferv2/public/index.php(67): CodeIgniter\CodeIgniter->run()
#11 /Applications/MAMP/htdocs/OnGoing/New/eTransferv2/vendor/codeigniter4/framework/system/Commands/Server/rewrite.php(46): require_once('/Applications/M...')
#12 {main}
CRITICAL - 2022-12-04 08:04:01 --> Column 'deleted_flag' in where clause is ambiguous
in SYSTEMPATH/Database/MySQLi/Connection.php on line 292.
 1 SYSTEMPATH/Database/MySQLi/Connection.php(292): mysqli->query('SELECT COUNT(*) AS `numrows`
FROM `transfers`
JOIN `states` ON `states`.`state_id` = `transfers`.`origin_region`
JOIN `cities` ON `cities`.`city_id` = `transfers`.`origin_municipality`
WHERE `user` = \'US221202357104172\'
AND `deleted_flag` = 0', 0)
 2 SYSTEMPATH/Database/BaseConnection.php(666): CodeIgniter\Database\MySQLi\Connection->execute('SELECT COUNT(*) AS `numrows`
FROM `transfers`
JOIN `states` ON `states`.`state_id` = `transfers`.`origin_region`
JOIN `cities` ON `cities`.`city_id` = `transfers`.`origin_municipality`
WHERE `user` = \'US221202357104172\'
AND `deleted_flag` = 0')
 3 SYSTEMPATH/Database/BaseConnection.php(593): CodeIgniter\Database\BaseConnection->simpleQuery('SELECT COUNT(*) AS `numrows`
FROM `transfers`
JOIN `states` ON `states`.`state_id` = `transfers`.`origin_region`
JOIN `cities` ON `cities`.`city_id` = `transfers`.`origin_municipality`
WHERE `user` = \'US221202357104172\'
AND `deleted_flag` = 0')
 4 SYSTEMPATH/Database/BaseBuilder.php(1669): CodeIgniter\Database\BaseConnection->query('SELECT COUNT(*) AS `numrows`
FROM `transfers`
JOIN `states` ON `states`.`state_id` = `transfers`.`origin_region`
JOIN `cities` ON `cities`.`city_id` = `transfers`.`origin_municipality`
WHERE `user` = :user:
AND `deleted_flag` = :deleted_flag:', [...], false)
 5 SYSTEMPATH/Model.php(551): CodeIgniter\Database\BaseBuilder->countAllResults(false)
 6 SYSTEMPATH/BaseModel.php(1106): CodeIgniter\Model->countAllResults(false)
 7 APPPATH/Controllers/Transfers.php(47): CodeIgniter\BaseModel->paginate(10)
 8 SYSTEMPATH/CodeIgniter.php(927): App\Controllers\Transfers->index()
 9 SYSTEMPATH/CodeIgniter.php(482): CodeIgniter\CodeIgniter->runController(Object(App\Controllers\Transfers))
10 SYSTEMPATH/CodeIgniter.php(351): CodeIgniter\CodeIgniter->handleRequest(null, Object(Config\Cache), false)
11 FCPATH/index.php(67): CodeIgniter\CodeIgniter->run()
12 SYSTEMPATH/Commands/Server/rewrite.php(46): require_once('FCPATH/index.php')
ERROR - 2022-12-04 08:05:47 --> mysqli_sql_exception: You have an error in your SQL syntax; check the manual that corresponds to your MySQL server version for the right syntax to use near '`transfers`.`destination_region`
JOIN `cities` ON `cities`.`city_id` = `transfer' at line 3 in /Applications/MAMP/htdocs/OnGoing/New/eTransferv2/vendor/codeigniter4/framework/system/Database/MySQLi/Connection.php:292
Stack trace:
#0 /Applications/MAMP/htdocs/OnGoing/New/eTransferv2/vendor/codeigniter4/framework/system/Database/MySQLi/Connection.php(292): mysqli->query('SELECT COUNT(*)...', 0)
#1 /Applications/MAMP/htdocs/OnGoing/New/eTransferv2/vendor/codeigniter4/framework/system/Database/BaseConnection.php(666): CodeIgniter\Database\MySQLi\Connection->execute('SELECT COUNT(*)...')
#2 /Applications/MAMP/htdocs/OnGoing/New/eTransferv2/vendor/codeigniter4/framework/system/Database/BaseConnection.php(593): CodeIgniter\Database\BaseConnection->simpleQuery('SELECT COUNT(*)...')
#3 /Applications/MAMP/htdocs/OnGoing/New/eTransferv2/vendor/codeigniter4/framework/system/Database/BaseBuilder.php(1669): CodeIgniter\Database\BaseConnection->query('SELECT COUNT(*)...', Array, false)
#4 /Applications/MAMP/htdocs/OnGoing/New/eTransferv2/vendor/codeigniter4/framework/system/Model.php(551): CodeIgniter\Database\BaseBuilder->countAllResults(false)
#5 /Applications/MAMP/htdocs/OnGoing/New/eTransferv2/vendor/codeigniter4/framework/system/BaseModel.php(1106): CodeIgniter\Model->countAllResults(false)
#6 /Applications/MAMP/htdocs/OnGoing/New/eTransferv2/app/Controllers/Transfers.php(46): CodeIgniter\BaseModel->paginate(10)
#7 /Applications/MAMP/htdocs/OnGoing/New/eTransferv2/vendor/codeigniter4/framework/system/CodeIgniter.php(927): App\Controllers\Transfers->index()
#8 /Applications/MAMP/htdocs/OnGoing/New/eTransferv2/vendor/codeigniter4/framework/system/CodeIgniter.php(482): CodeIgniter\CodeIgniter->runController(Object(App\Controllers\Transfers))
#9 /Applications/MAMP/htdocs/OnGoing/New/eTransferv2/vendor/codeigniter4/framework/system/CodeIgniter.php(351): CodeIgniter\CodeIgniter->handleRequest(NULL, Object(Config\Cache), false)
#10 /Applications/MAMP/htdocs/OnGoing/New/eTransferv2/public/index.php(67): CodeIgniter\CodeIgniter->run()
#11 /Applications/MAMP/htdocs/OnGoing/New/eTransferv2/vendor/codeigniter4/framework/system/Commands/Server/rewrite.php(46): require_once('/Applications/M...')
#12 {main}
CRITICAL - 2022-12-04 08:05:47 --> You have an error in your SQL syntax; check the manual that corresponds to your MySQL server version for the right syntax to use near '`transfers`.`destination_region`
JOIN `cities` ON `cities`.`city_id` = `transfer' at line 3
in SYSTEMPATH/Database/MySQLi/Connection.php on line 292.
 1 SYSTEMPATH/Database/MySQLi/Connection.php(292): mysqli->query('SELECT COUNT(*) AS `numrows`
FROM `transfers`
JOIN `states` ON `states`.`state_id` = `transfers`.`origin_region, states`.`state_id =` `transfers`.`destination_region`
JOIN `cities` ON `cities`.`city_id` = `transfers`.`origin_municipality`
WHERE `user` = \'US221202357104172\'', 0)
 2 SYSTEMPATH/Database/BaseConnection.php(666): CodeIgniter\Database\MySQLi\Connection->execute('SELECT COUNT(*) AS `numrows`
FROM `transfers`
JOIN `states` ON `states`.`state_id` = `transfers`.`origin_region, states`.`state_id =` `transfers`.`destination_region`
JOIN `cities` ON `cities`.`city_id` = `transfers`.`origin_municipality`
WHERE `user` = \'US221202357104172\'')
 3 SYSTEMPATH/Database/BaseConnection.php(593): CodeIgniter\Database\BaseConnection->simpleQuery('SELECT COUNT(*) AS `numrows`
FROM `transfers`
JOIN `states` ON `states`.`state_id` = `transfers`.`origin_region, states`.`state_id =` `transfers`.`destination_region`
JOIN `cities` ON `cities`.`city_id` = `transfers`.`origin_municipality`
WHERE `user` = \'US221202357104172\'')
 4 SYSTEMPATH/Database/BaseBuilder.php(1669): CodeIgniter\Database\BaseConnection->query('SELECT COUNT(*) AS `numrows`
FROM `transfers`
JOIN `states` ON `states`.`state_id` = `transfers`.`origin_region, states`.`state_id =` `transfers`.`destination_region`
JOIN `cities` ON `cities`.`city_id` = `transfers`.`origin_municipality`
WHERE `user` = :user:', [...], false)
 5 SYSTEMPATH/Model.php(551): CodeIgniter\Database\BaseBuilder->countAllResults(false)
 6 SYSTEMPATH/BaseModel.php(1106): CodeIgniter\Model->countAllResults(false)
 7 APPPATH/Controllers/Transfers.php(46): CodeIgniter\BaseModel->paginate(10)
 8 SYSTEMPATH/CodeIgniter.php(927): App\Controllers\Transfers->index()
 9 SYSTEMPATH/CodeIgniter.php(482): CodeIgniter\CodeIgniter->runController(Object(App\Controllers\Transfers))
10 SYSTEMPATH/CodeIgniter.php(351): CodeIgniter\CodeIgniter->handleRequest(null, Object(Config\Cache), false)
11 FCPATH/index.php(67): CodeIgniter\CodeIgniter->run()
12 SYSTEMPATH/Commands/Server/rewrite.php(46): require_once('FCPATH/index.php')
CRITICAL - 2022-12-04 08:06:40 --> CodeIgniter\Database\BaseBuilder::hasOperator(): Argument #1 ($str) must be of type string, array given, called in /Applications/MAMP/htdocs/OnGoing/New/eTransferv2/vendor/codeigniter4/framework/system/Database/BaseBuilder.php on line 624
in SYSTEMPATH/Database/BaseBuilder.php on line 2842.
 1 SYSTEMPATH/Database/BaseBuilder.php(624): CodeIgniter\Database\BaseBuilder->hasOperator([...])
 2 SYSTEMPATH/Model.php(772): CodeIgniter\Database\BaseBuilder->join('`states`', [...])
 3 APPPATH/Controllers/Transfers.php(44): CodeIgniter\Model->__call('join', [...])
 4 SYSTEMPATH/CodeIgniter.php(927): App\Controllers\Transfers->index()
 5 SYSTEMPATH/CodeIgniter.php(482): CodeIgniter\CodeIgniter->runController(Object(App\Controllers\Transfers))
 6 SYSTEMPATH/CodeIgniter.php(351): CodeIgniter\CodeIgniter->handleRequest(null, Object(Config\Cache), false)
 7 FCPATH/index.php(67): CodeIgniter\CodeIgniter->run()
 8 SYSTEMPATH/Commands/Server/rewrite.php(46): require_once('FCPATH/index.php')
CRITICAL - 2022-12-04 08:08:02 --> Undefined array key "state_name"
in APPPATH/Views/transfers.php on line 53.
 1 APPPATH/Views/transfers.php(53): CodeIgniter\Debug\Exceptions->errorHandler(2, 'Undefined array key "state_name"', 'APPPATH/Views/transfers.php', 53)
 2 SYSTEMPATH/View/View.php(213): include('APPPATH/Views/transfers.php')
 3 SYSTEMPATH/View/View.php(216): CodeIgniter\View\View->CodeIgniter\View\{closure}()
 4 SYSTEMPATH/Common.php(1134): CodeIgniter\View\View->render('transfers', [], true)
 5 APPPATH/Controllers/Transfers.php(63): view('transfers', [...])
 6 SYSTEMPATH/CodeIgniter.php(927): App\Controllers\Transfers->index()
 7 SYSTEMPATH/CodeIgniter.php(482): CodeIgniter\CodeIgniter->runController(Object(App\Controllers\Transfers))
 8 SYSTEMPATH/CodeIgniter.php(351): CodeIgniter\CodeIgniter->handleRequest(null, Object(Config\Cache), false)
 9 FCPATH/index.php(67): CodeIgniter\CodeIgniter->run()
10 SYSTEMPATH/Commands/Server/rewrite.php(46): require_once('FCPATH/index.php')
CRITICAL - 2022-12-04 08:08:40 --> Undefined array key "state_name"
in APPPATH/Views/transfers.php on line 53.
 1 APPPATH/Views/transfers.php(53): CodeIgniter\Debug\Exceptions->errorHandler(2, 'Undefined array key "state_name"', 'APPPATH/Views/transfers.php', 53)
 2 SYSTEMPATH/View/View.php(213): include('APPPATH/Views/transfers.php')
 3 SYSTEMPATH/View/View.php(216): CodeIgniter\View\View->CodeIgniter\View\{closure}()
 4 SYSTEMPATH/Common.php(1134): CodeIgniter\View\View->render('transfers', [], true)
 5 APPPATH/Controllers/Transfers.php(63): view('transfers', [...])
 6 SYSTEMPATH/CodeIgniter.php(927): App\Controllers\Transfers->index()
 7 SYSTEMPATH/CodeIgniter.php(482): CodeIgniter\CodeIgniter->runController(Object(App\Controllers\Transfers))
 8 SYSTEMPATH/CodeIgniter.php(351): CodeIgniter\CodeIgniter->handleRequest(null, Object(Config\Cache), false)
 9 FCPATH/index.php(67): CodeIgniter\CodeIgniter->run()
10 SYSTEMPATH/Commands/Server/rewrite.php(46): require_once('FCPATH/index.php')
CRITICAL - 2022-12-04 08:08:41 --> Undefined array key "state_name"
in APPPATH/Views/transfers.php on line 53.
 1 APPPATH/Views/transfers.php(53): CodeIgniter\Debug\Exceptions->errorHandler(2, 'Undefined array key "state_name"', 'APPPATH/Views/transfers.php', 53)
 2 SYSTEMPATH/View/View.php(213): include('APPPATH/Views/transfers.php')
 3 SYSTEMPATH/View/View.php(216): CodeIgniter\View\View->CodeIgniter\View\{closure}()
 4 SYSTEMPATH/Common.php(1134): CodeIgniter\View\View->render('transfers', [], true)
 5 APPPATH/Controllers/Transfers.php(63): view('transfers', [...])
 6 SYSTEMPATH/CodeIgniter.php(927): App\Controllers\Transfers->index()
 7 SYSTEMPATH/CodeIgniter.php(482): CodeIgniter\CodeIgniter->runController(Object(App\Controllers\Transfers))
 8 SYSTEMPATH/CodeIgniter.php(351): CodeIgniter\CodeIgniter->handleRequest(null, Object(Config\Cache), false)
 9 FCPATH/index.php(67): CodeIgniter\CodeIgniter->run()
10 SYSTEMPATH/Commands/Server/rewrite.php(46): require_once('FCPATH/index.php')
CRITICAL - 2022-12-04 08:11:46 --> Undefined array key "firstname"
in APPPATH/Views/transfers.php on line 55.
 1 APPPATH/Views/transfers.php(55): CodeIgniter\Debug\Exceptions->errorHandler(2, 'Undefined array key "firstname"', 'APPPATH/Views/transfers.php', 55)
 2 SYSTEMPATH/View/View.php(213): include('APPPATH/Views/transfers.php')
 3 SYSTEMPATH/View/View.php(216): CodeIgniter\View\View->CodeIgniter\View\{closure}()
 4 SYSTEMPATH/Common.php(1134): CodeIgniter\View\View->render('transfers', [], true)
 5 APPPATH/Controllers/Transfers.php(65): view('transfers', [...])
 6 SYSTEMPATH/CodeIgniter.php(927): App\Controllers\Transfers->index()
 7 SYSTEMPATH/CodeIgniter.php(482): CodeIgniter\CodeIgniter->runController(Object(App\Controllers\Transfers))
 8 SYSTEMPATH/CodeIgniter.php(351): CodeIgniter\CodeIgniter->handleRequest(null, Object(Config\Cache), false)
 9 FCPATH/index.php(67): CodeIgniter\CodeIgniter->run()
10 SYSTEMPATH/Commands/Server/rewrite.php(46): require_once('FCPATH/index.php')
CRITICAL - 2022-12-04 08:12:58 --> Undefined array key "firstname"
in APPPATH/Views/transfers.php on line 55.
 1 APPPATH/Views/transfers.php(55): CodeIgniter\Debug\Exceptions->errorHandler(2, 'Undefined array key "firstname"', 'APPPATH/Views/transfers.php', 55)
 2 SYSTEMPATH/View/View.php(213): include('APPPATH/Views/transfers.php')
 3 SYSTEMPATH/View/View.php(216): CodeIgniter\View\View->CodeIgniter\View\{closure}()
 4 SYSTEMPATH/Common.php(1134): CodeIgniter\View\View->render('transfers', [], true)
 5 APPPATH/Controllers/Transfers.php(65): view('transfers', [...])
 6 SYSTEMPATH/CodeIgniter.php(927): App\Controllers\Transfers->index()
 7 SYSTEMPATH/CodeIgniter.php(482): CodeIgniter\CodeIgniter->runController(Object(App\Controllers\Transfers))
 8 SYSTEMPATH/CodeIgniter.php(351): CodeIgniter\CodeIgniter->handleRequest(null, Object(Config\Cache), false)
 9 FCPATH/index.php(67): CodeIgniter\CodeIgniter->run()
10 SYSTEMPATH/Commands/Server/rewrite.php(46): require_once('FCPATH/index.php')
CRITICAL - 2022-12-04 08:12:59 --> Undefined array key "firstname"
in APPPATH/Views/transfers.php on line 55.
 1 APPPATH/Views/transfers.php(55): CodeIgniter\Debug\Exceptions->errorHandler(2, 'Undefined array key "firstname"', 'APPPATH/Views/transfers.php', 55)
 2 SYSTEMPATH/View/View.php(213): include('APPPATH/Views/transfers.php')
 3 SYSTEMPATH/View/View.php(216): CodeIgniter\View\View->CodeIgniter\View\{closure}()
 4 SYSTEMPATH/Common.php(1134): CodeIgniter\View\View->render('transfers', [], true)
 5 APPPATH/Controllers/Transfers.php(65): view('transfers', [...])
 6 SYSTEMPATH/CodeIgniter.php(927): App\Controllers\Transfers->index()
 7 SYSTEMPATH/CodeIgniter.php(482): CodeIgniter\CodeIgniter->runController(Object(App\Controllers\Transfers))
 8 SYSTEMPATH/CodeIgniter.php(351): CodeIgniter\CodeIgniter->handleRequest(null, Object(Config\Cache), false)
 9 FCPATH/index.php(67): CodeIgniter\CodeIgniter->run()
10 SYSTEMPATH/Commands/Server/rewrite.php(46): require_once('FCPATH/index.php')
CRITICAL - 2022-12-04 08:16:34 --> Undefined array key "firstname"
in APPPATH/Views/transfers.php on line 55.
 1 APPPATH/Views/transfers.php(55): CodeIgniter\Debug\Exceptions->errorHandler(2, 'Undefined array key "firstname"', 'APPPATH/Views/transfers.php', 55)
 2 SYSTEMPATH/View/View.php(213): include('APPPATH/Views/transfers.php')
 3 SYSTEMPATH/View/View.php(216): CodeIgniter\View\View->CodeIgniter\View\{closure}()
 4 SYSTEMPATH/Common.php(1134): CodeIgniter\View\View->render('transfers', [], true)
 5 APPPATH/Controllers/Transfers.php(65): view('transfers', [...])
 6 SYSTEMPATH/CodeIgniter.php(927): App\Controllers\Transfers->index()
 7 SYSTEMPATH/CodeIgniter.php(482): CodeIgniter\CodeIgniter->runController(Object(App\Controllers\Transfers))
 8 SYSTEMPATH/CodeIgniter.php(351): CodeIgniter\CodeIgniter->handleRequest(null, Object(Config\Cache), false)
 9 FCPATH/index.php(67): CodeIgniter\CodeIgniter->run()
10 SYSTEMPATH/Commands/Server/rewrite.php(46): require_once('FCPATH/index.php')
CRITICAL - 2022-12-04 08:16:35 --> Undefined array key "firstname"
in APPPATH/Views/transfers.php on line 55.
 1 APPPATH/Views/transfers.php(55): CodeIgniter\Debug\Exceptions->errorHandler(2, 'Undefined array key "firstname"', 'APPPATH/Views/transfers.php', 55)
 2 SYSTEMPATH/View/View.php(213): include('APPPATH/Views/transfers.php')
 3 SYSTEMPATH/View/View.php(216): CodeIgniter\View\View->CodeIgniter\View\{closure}()
 4 SYSTEMPATH/Common.php(1134): CodeIgniter\View\View->render('transfers', [], true)
 5 APPPATH/Controllers/Transfers.php(65): view('transfers', [...])
 6 SYSTEMPATH/CodeIgniter.php(927): App\Controllers\Transfers->index()
 7 SYSTEMPATH/CodeIgniter.php(482): CodeIgniter\CodeIgniter->runController(Object(App\Controllers\Transfers))
 8 SYSTEMPATH/CodeIgniter.php(351): CodeIgniter\CodeIgniter->handleRequest(null, Object(Config\Cache), false)
 9 FCPATH/index.php(67): CodeIgniter\CodeIgniter->run()
10 SYSTEMPATH/Commands/Server/rewrite.php(46): require_once('FCPATH/index.php')
CRITICAL - 2022-12-04 08:17:14 --> Undefined array key "firstname"
in APPPATH/Views/transfers.php on line 55.
 1 APPPATH/Views/transfers.php(55): CodeIgniter\Debug\Exceptions->errorHandler(2, 'Undefined array key "firstname"', 'APPPATH/Views/transfers.php', 55)
 2 SYSTEMPATH/View/View.php(213): include('APPPATH/Views/transfers.php')
 3 SYSTEMPATH/View/View.php(216): CodeIgniter\View\View->CodeIgniter\View\{closure}()
 4 SYSTEMPATH/Common.php(1134): CodeIgniter\View\View->render('transfers', [], true)
 5 APPPATH/Controllers/Transfers.php(63): view('transfers', [...])
 6 SYSTEMPATH/CodeIgniter.php(927): App\Controllers\Transfers->index()
 7 SYSTEMPATH/CodeIgniter.php(482): CodeIgniter\CodeIgniter->runController(Object(App\Controllers\Transfers))
 8 SYSTEMPATH/CodeIgniter.php(351): CodeIgniter\CodeIgniter->handleRequest(null, Object(Config\Cache), false)
 9 FCPATH/index.php(67): CodeIgniter\CodeIgniter->run()
10 SYSTEMPATH/Commands/Server/rewrite.php(46): require_once('FCPATH/index.php')
CRITICAL - 2022-12-04 08:18:30 --> Undefined array key "firstname"
in APPPATH/Views/transfers.php on line 55.
 1 APPPATH/Views/transfers.php(55): CodeIgniter\Debug\Exceptions->errorHandler(2, 'Undefined array key "firstname"', 'APPPATH/Views/transfers.php', 55)
 2 SYSTEMPATH/View/View.php(213): include('APPPATH/Views/transfers.php')
 3 SYSTEMPATH/View/View.php(216): CodeIgniter\View\View->CodeIgniter\View\{closure}()
 4 SYSTEMPATH/Common.php(1134): CodeIgniter\View\View->render('transfers', [], true)
 5 APPPATH/Controllers/Transfers.php(65): view('transfers', [...])
 6 SYSTEMPATH/CodeIgniter.php(927): App\Controllers\Transfers->index()
 7 SYSTEMPATH/CodeIgniter.php(482): CodeIgniter\CodeIgniter->runController(Object(App\Controllers\Transfers))
 8 SYSTEMPATH/CodeIgniter.php(351): CodeIgniter\CodeIgniter->handleRequest(null, Object(Config\Cache), false)
 9 FCPATH/index.php(67): CodeIgniter\CodeIgniter->run()
10 SYSTEMPATH/Commands/Server/rewrite.php(46): require_once('FCPATH/index.php')
CRITICAL - 2022-12-04 08:18:31 --> Undefined array key "firstname"
in APPPATH/Views/transfers.php on line 55.
 1 APPPATH/Views/transfers.php(55): CodeIgniter\Debug\Exceptions->errorHandler(2, 'Undefined array key "firstname"', 'APPPATH/Views/transfers.php', 55)
 2 SYSTEMPATH/View/View.php(213): include('APPPATH/Views/transfers.php')
 3 SYSTEMPATH/View/View.php(216): CodeIgniter\View\View->CodeIgniter\View\{closure}()
 4 SYSTEMPATH/Common.php(1134): CodeIgniter\View\View->render('transfers', [], true)
 5 APPPATH/Controllers/Transfers.php(65): view('transfers', [...])
 6 SYSTEMPATH/CodeIgniter.php(927): App\Controllers\Transfers->index()
 7 SYSTEMPATH/CodeIgniter.php(482): CodeIgniter\CodeIgniter->runController(Object(App\Controllers\Transfers))
 8 SYSTEMPATH/CodeIgniter.php(351): CodeIgniter\CodeIgniter->handleRequest(null, Object(Config\Cache), false)
 9 FCPATH/index.php(67): CodeIgniter\CodeIgniter->run()
10 SYSTEMPATH/Commands/Server/rewrite.php(46): require_once('FCPATH/index.php')
CRITICAL - 2022-12-04 08:18:32 --> Undefined array key "firstname"
in APPPATH/Views/transfers.php on line 55.
 1 APPPATH/Views/transfers.php(55): CodeIgniter\Debug\Exceptions->errorHandler(2, 'Undefined array key "firstname"', 'APPPATH/Views/transfers.php', 55)
 2 SYSTEMPATH/View/View.php(213): include('APPPATH/Views/transfers.php')
 3 SYSTEMPATH/View/View.php(216): CodeIgniter\View\View->CodeIgniter\View\{closure}()
 4 SYSTEMPATH/Common.php(1134): CodeIgniter\View\View->render('transfers', [], true)
 5 APPPATH/Controllers/Transfers.php(65): view('transfers', [...])
 6 SYSTEMPATH/CodeIgniter.php(927): App\Controllers\Transfers->index()
 7 SYSTEMPATH/CodeIgniter.php(482): CodeIgniter\CodeIgniter->runController(Object(App\Controllers\Transfers))
 8 SYSTEMPATH/CodeIgniter.php(351): CodeIgniter\CodeIgniter->handleRequest(null, Object(Config\Cache), false)
 9 FCPATH/index.php(67): CodeIgniter\CodeIgniter->run()
10 SYSTEMPATH/Commands/Server/rewrite.php(46): require_once('FCPATH/index.php')
CRITICAL - 2022-12-04 08:19:31 --> Undefined array key "user_id"
in APPPATH/Views/transfers.php on line 55.
 1 APPPATH/Views/transfers.php(55): CodeIgniter\Debug\Exceptions->errorHandler(2, 'Undefined array key "user_id"', 'APPPATH/Views/transfers.php', 55)
 2 SYSTEMPATH/View/View.php(213): include('APPPATH/Views/transfers.php')
 3 SYSTEMPATH/View/View.php(216): CodeIgniter\View\View->CodeIgniter\View\{closure}()
 4 SYSTEMPATH/Common.php(1134): CodeIgniter\View\View->render('transfers', [], true)
 5 APPPATH/Controllers/Transfers.php(65): view('transfers', [...])
 6 SYSTEMPATH/CodeIgniter.php(927): App\Controllers\Transfers->index()
 7 SYSTEMPATH/CodeIgniter.php(482): CodeIgniter\CodeIgniter->runController(Object(App\Controllers\Transfers))
 8 SYSTEMPATH/CodeIgniter.php(351): CodeIgniter\CodeIgniter->handleRequest(null, Object(Config\Cache), false)
 9 FCPATH/index.php(67): CodeIgniter\CodeIgniter->run()
10 SYSTEMPATH/Commands/Server/rewrite.php(46): require_once('FCPATH/index.php')
CRITICAL - 2022-12-04 08:20:58 --> Undefined array key "user"
in APPPATH/Views/transfers.php on line 55.
 1 APPPATH/Views/transfers.php(55): CodeIgniter\Debug\Exceptions->errorHandler(2, 'Undefined array key "user"', 'APPPATH/Views/transfers.php', 55)
 2 SYSTEMPATH/View/View.php(213): include('APPPATH/Views/transfers.php')
 3 SYSTEMPATH/View/View.php(216): CodeIgniter\View\View->CodeIgniter\View\{closure}()
 4 SYSTEMPATH/Common.php(1134): CodeIgniter\View\View->render('transfers', [], true)
 5 APPPATH/Controllers/Transfers.php(65): view('transfers', [...])
 6 SYSTEMPATH/CodeIgniter.php(927): App\Controllers\Transfers->index()
 7 SYSTEMPATH/CodeIgniter.php(482): CodeIgniter\CodeIgniter->runController(Object(App\Controllers\Transfers))
 8 SYSTEMPATH/CodeIgniter.php(351): CodeIgniter\CodeIgniter->handleRequest(null, Object(Config\Cache), false)
 9 FCPATH/index.php(67): CodeIgniter\CodeIgniter->run()
10 SYSTEMPATH/Commands/Server/rewrite.php(46): require_once('FCPATH/index.php')
