CRITICAL - 2023-03-18 06:59:12 --> Undefined variable $routesu
in APPPATH/Config/Routes.php on line 73.
 1 APPPATH/Config/Routes.php(73): CodeIgniter\Debug\Exceptions->errorHandler(2, 'Undefined variable $routesu', 'APPPATH/Config/Routes.php', 73)
 2 SYSTEMPATH/CodeIgniter.php(789): require('APPPATH/Config/Routes.php')
 3 SYSTEMPATH/CodeIgniter.php(430): CodeIgniter\CodeIgniter->tryToRouteIt(Object(CodeIgniter\Router\RouteCollection))
 4 SYSTEMPATH/CodeIgniter.php(351): CodeIgniter\CodeIgniter->handleRequest(null, Object(Config\Cache), false)
 5 FCPATH/index.php(67): CodeIgniter\CodeIgniter->run()
 6 SYSTEMPATH/Commands/Server/rewrite.php(46): require_once('FCPATH/index.php')
ERROR - 2023-03-18 07:01:44 --> mysqli_sql_exception: Not unique table/alias: 'project' in /Applications/MAMP/htdocs/OnGoing/New/February 2023/MCCProject_v1/vendor/codeigniter4/framework/system/Database/MySQLi/Connection.php:292
Stack trace:
#0 /Applications/MAMP/htdocs/OnGoing/New/February 2023/MCCProject_v1/vendor/codeigniter4/framework/system/Database/MySQLi/Connection.php(292): mysqli->query('SELECT *\nFROM `...', 0)
#1 /Applications/MAMP/htdocs/OnGoing/New/February 2023/MCCProject_v1/vendor/codeigniter4/framework/system/Database/BaseConnection.php(666): CodeIgniter\Database\MySQLi\Connection->execute('SELECT *\nFROM `...')
#2 /Applications/MAMP/htdocs/OnGoing/New/February 2023/MCCProject_v1/vendor/codeigniter4/framework/system/Database/BaseConnection.php(593): CodeIgniter\Database\BaseConnection->simpleQuery('SELECT *\nFROM `...')
#3 /Applications/MAMP/htdocs/OnGoing/New/February 2023/MCCProject_v1/vendor/codeigniter4/framework/system/Database/BaseBuilder.php(1585): CodeIgniter\Database\BaseConnection->query('SELECT *\nFROM `...', Array, false)
#4 /Applications/MAMP/htdocs/OnGoing/New/February 2023/MCCProject_v1/app/Models/ProjectsModel.php(63): CodeIgniter\Database\BaseBuilder->get()
#5 /Applications/MAMP/htdocs/OnGoing/New/February 2023/MCCProject_v1/app/Controllers/Projects.php(221): App\Models\ProjectsModel->getProjectEmployees('BR2303152037020...', 'PR2303165638044...')
#6 /Applications/MAMP/htdocs/OnGoing/New/February 2023/MCCProject_v1/vendor/codeigniter4/framework/system/CodeIgniter.php(927): App\Controllers\Projects->getEmployees('PR2303165638044...')
#7 /Applications/MAMP/htdocs/OnGoing/New/February 2023/MCCProject_v1/vendor/codeigniter4/framework/system/CodeIgniter.php(482): CodeIgniter\CodeIgniter->runController(Object(App\Controllers\Projects))
#8 /Applications/MAMP/htdocs/OnGoing/New/February 2023/MCCProject_v1/vendor/codeigniter4/framework/system/CodeIgniter.php(351): CodeIgniter\CodeIgniter->handleRequest(NULL, Object(Config\Cache), false)
#9 /Applications/MAMP/htdocs/OnGoing/New/February 2023/MCCProject_v1/public/index.php(67): CodeIgniter\CodeIgniter->run()
#10 /Applications/MAMP/htdocs/OnGoing/New/February 2023/MCCProject_v1/vendor/codeigniter4/framework/system/Commands/Server/rewrite.php(46): require_once('/Applications/M...')
#11 {main}
CRITICAL - 2023-03-18 07:01:44 --> Not unique table/alias: 'project'
in SYSTEMPATH/Database/MySQLi/Connection.php on line 292.
 1 SYSTEMPATH/Database/MySQLi/Connection.php(292): mysqli->query('SELECT *
FROM `project`
LEFT JOIN `branch` ON `projectEmployees`.`branch_id` = `branch`.`branch_id`
LEFT JOIN `project` ON `projectEmployees`.`project` = `project`.`project_id`
LEFT JOIN `management` ON `project`.`manager` = `management`.`member_id`
WHERE `projectEmployees`.`branch_id` = \'BR230315203702045\'
AND `projectEmployees`.`project_id` = \'PR230316563804407\'
AND `projectEmployees`.`deleted_flag` = 0', 0)
 2 SYSTEMPATH/Database/BaseConnection.php(666): CodeIgniter\Database\MySQLi\Connection->execute('SELECT *
FROM `project`
LEFT JOIN `branch` ON `projectEmployees`.`branch_id` = `branch`.`branch_id`
LEFT JOIN `project` ON `projectEmployees`.`project` = `project`.`project_id`
LEFT JOIN `management` ON `project`.`manager` = `management`.`member_id`
WHERE `projectEmployees`.`branch_id` = \'BR230315203702045\'
AND `projectEmployees`.`project_id` = \'PR230316563804407\'
AND `projectEmployees`.`deleted_flag` = 0')
 3 SYSTEMPATH/Database/BaseConnection.php(593): CodeIgniter\Database\BaseConnection->simpleQuery('SELECT *
FROM `project`
LEFT JOIN `branch` ON `projectEmployees`.`branch_id` = `branch`.`branch_id`
LEFT JOIN `project` ON `projectEmployees`.`project` = `project`.`project_id`
LEFT JOIN `management` ON `project`.`manager` = `management`.`member_id`
WHERE `projectEmployees`.`branch_id` = \'BR230315203702045\'
AND `projectEmployees`.`project_id` = \'PR230316563804407\'
AND `projectEmployees`.`deleted_flag` = 0')
 4 SYSTEMPATH/Database/BaseBuilder.php(1585): CodeIgniter\Database\BaseConnection->query('SELECT *
FROM `project`
LEFT JOIN `branch` ON `projectEmployees`.`branch_id` = `branch`.`branch_id`
LEFT JOIN `project` ON `projectEmployees`.`project` = `project`.`project_id`
LEFT JOIN `management` ON `project`.`manager` = `management`.`member_id`
WHERE `projectEmployees`.`branch_id` = :projectEmployees.branch_id:
AND `projectEmployees`.`project_id` = :projectEmployees.project_id:
AND `projectEmployees`.`deleted_flag` = :projectEmployees.deleted_flag:', [...], false)
 5 APPPATH/Models/ProjectsModel.php(63): CodeIgniter\Database\BaseBuilder->get()
 6 APPPATH/Controllers/Projects.php(221): App\Models\ProjectsModel->getProjectEmployees('BR230315203702045', 'PR230316563804407')
 7 SYSTEMPATH/CodeIgniter.php(927): App\Controllers\Projects->getEmployees('PR230316563804407')
 8 SYSTEMPATH/CodeIgniter.php(482): CodeIgniter\CodeIgniter->runController(Object(App\Controllers\Projects))
 9 SYSTEMPATH/CodeIgniter.php(351): CodeIgniter\CodeIgniter->handleRequest(null, Object(Config\Cache), false)
10 FCPATH/index.php(67): CodeIgniter\CodeIgniter->run()
11 SYSTEMPATH/Commands/Server/rewrite.php(46): require_once('FCPATH/index.php')
ERROR - 2023-03-18 07:03:06 --> mysqli_sql_exception: Not unique table/alias: 'project' in /Applications/MAMP/htdocs/OnGoing/New/February 2023/MCCProject_v1/vendor/codeigniter4/framework/system/Database/MySQLi/Connection.php:292
Stack trace:
#0 /Applications/MAMP/htdocs/OnGoing/New/February 2023/MCCProject_v1/vendor/codeigniter4/framework/system/Database/MySQLi/Connection.php(292): mysqli->query('SELECT *\nFROM `...', 0)
#1 /Applications/MAMP/htdocs/OnGoing/New/February 2023/MCCProject_v1/vendor/codeigniter4/framework/system/Database/BaseConnection.php(666): CodeIgniter\Database\MySQLi\Connection->execute('SELECT *\nFROM `...')
#2 /Applications/MAMP/htdocs/OnGoing/New/February 2023/MCCProject_v1/vendor/codeigniter4/framework/system/Database/BaseConnection.php(593): CodeIgniter\Database\BaseConnection->simpleQuery('SELECT *\nFROM `...')
#3 /Applications/MAMP/htdocs/OnGoing/New/February 2023/MCCProject_v1/vendor/codeigniter4/framework/system/Database/BaseBuilder.php(1585): CodeIgniter\Database\BaseConnection->query('SELECT *\nFROM `...', Array, false)
#4 /Applications/MAMP/htdocs/OnGoing/New/February 2023/MCCProject_v1/app/Models/ProjectsModel.php(63): CodeIgniter\Database\BaseBuilder->get()
#5 /Applications/MAMP/htdocs/OnGoing/New/February 2023/MCCProject_v1/app/Controllers/Projects.php(221): App\Models\ProjectsModel->getProjectEmployees('BR2303152037020...', 'PR2303177698900...')
#6 /Applications/MAMP/htdocs/OnGoing/New/February 2023/MCCProject_v1/vendor/codeigniter4/framework/system/CodeIgniter.php(927): App\Controllers\Projects->getEmployees('PR2303177698900...')
#7 /Applications/MAMP/htdocs/OnGoing/New/February 2023/MCCProject_v1/vendor/codeigniter4/framework/system/CodeIgniter.php(482): CodeIgniter\CodeIgniter->runController(Object(App\Controllers\Projects))
#8 /Applications/MAMP/htdocs/OnGoing/New/February 2023/MCCProject_v1/vendor/codeigniter4/framework/system/CodeIgniter.php(351): CodeIgniter\CodeIgniter->handleRequest(NULL, Object(Config\Cache), false)
#9 /Applications/MAMP/htdocs/OnGoing/New/February 2023/MCCProject_v1/public/index.php(67): CodeIgniter\CodeIgniter->run()
#10 /Applications/MAMP/htdocs/OnGoing/New/February 2023/MCCProject_v1/vendor/codeigniter4/framework/system/Commands/Server/rewrite.php(46): require_once('/Applications/M...')
#11 {main}
CRITICAL - 2023-03-18 07:03:06 --> Not unique table/alias: 'project'
in SYSTEMPATH/Database/MySQLi/Connection.php on line 292.
 1 SYSTEMPATH/Database/MySQLi/Connection.php(292): mysqli->query('SELECT *
FROM `project`
LEFT JOIN `branch` ON `projectEmployees`.`branch_id` = `branch`.`branch_id`
LEFT JOIN `project` ON `projectEmployees`.`project` = `project`.`project_id`
LEFT JOIN `management` ON `project`.`manager` = `management`.`member_id`
WHERE `projectEmployees`.`branch_id` = \'BR230315203702045\'
AND `projectEmployees`.`project_id` = \'PR230317769890044\'
AND `projectEmployees`.`deleted_flag` = 0', 0)
 2 SYSTEMPATH/Database/BaseConnection.php(666): CodeIgniter\Database\MySQLi\Connection->execute('SELECT *
FROM `project`
LEFT JOIN `branch` ON `projectEmployees`.`branch_id` = `branch`.`branch_id`
LEFT JOIN `project` ON `projectEmployees`.`project` = `project`.`project_id`
LEFT JOIN `management` ON `project`.`manager` = `management`.`member_id`
WHERE `projectEmployees`.`branch_id` = \'BR230315203702045\'
AND `projectEmployees`.`project_id` = \'PR230317769890044\'
AND `projectEmployees`.`deleted_flag` = 0')
 3 SYSTEMPATH/Database/BaseConnection.php(593): CodeIgniter\Database\BaseConnection->simpleQuery('SELECT *
FROM `project`
LEFT JOIN `branch` ON `projectEmployees`.`branch_id` = `branch`.`branch_id`
LEFT JOIN `project` ON `projectEmployees`.`project` = `project`.`project_id`
LEFT JOIN `management` ON `project`.`manager` = `management`.`member_id`
WHERE `projectEmployees`.`branch_id` = \'BR230315203702045\'
AND `projectEmployees`.`project_id` = \'PR230317769890044\'
AND `projectEmployees`.`deleted_flag` = 0')
 4 SYSTEMPATH/Database/BaseBuilder.php(1585): CodeIgniter\Database\BaseConnection->query('SELECT *
FROM `project`
LEFT JOIN `branch` ON `projectEmployees`.`branch_id` = `branch`.`branch_id`
LEFT JOIN `project` ON `projectEmployees`.`project` = `project`.`project_id`
LEFT JOIN `management` ON `project`.`manager` = `management`.`member_id`
WHERE `projectEmployees`.`branch_id` = :projectEmployees.branch_id:
AND `projectEmployees`.`project_id` = :projectEmployees.project_id:
AND `projectEmployees`.`deleted_flag` = :projectEmployees.deleted_flag:', [...], false)
 5 APPPATH/Models/ProjectsModel.php(63): CodeIgniter\Database\BaseBuilder->get()
 6 APPPATH/Controllers/Projects.php(221): App\Models\ProjectsModel->getProjectEmployees('BR230315203702045', 'PR230317769890044')
 7 SYSTEMPATH/CodeIgniter.php(927): App\Controllers\Projects->getEmployees('PR230317769890044')
 8 SYSTEMPATH/CodeIgniter.php(482): CodeIgniter\CodeIgniter->runController(Object(App\Controllers\Projects))
 9 SYSTEMPATH/CodeIgniter.php(351): CodeIgniter\CodeIgniter->handleRequest(null, Object(Config\Cache), false)
10 FCPATH/index.php(67): CodeIgniter\CodeIgniter->run()
11 SYSTEMPATH/Commands/Server/rewrite.php(46): require_once('FCPATH/index.php')
ERROR - 2023-03-18 08:04:46 --> mysqli_sql_exception: Not unique table/alias: 'project' in /Applications/MAMP/htdocs/OnGoing/New/February 2023/MCCProject_v1/vendor/codeigniter4/framework/system/Database/MySQLi/Connection.php:292
Stack trace:
#0 /Applications/MAMP/htdocs/OnGoing/New/February 2023/MCCProject_v1/vendor/codeigniter4/framework/system/Database/MySQLi/Connection.php(292): mysqli->query('SELECT *\nFROM `...', 0)
#1 /Applications/MAMP/htdocs/OnGoing/New/February 2023/MCCProject_v1/vendor/codeigniter4/framework/system/Database/BaseConnection.php(666): CodeIgniter\Database\MySQLi\Connection->execute('SELECT *\nFROM `...')
#2 /Applications/MAMP/htdocs/OnGoing/New/February 2023/MCCProject_v1/vendor/codeigniter4/framework/system/Database/BaseConnection.php(593): CodeIgniter\Database\BaseConnection->simpleQuery('SELECT *\nFROM `...')
#3 /Applications/MAMP/htdocs/OnGoing/New/February 2023/MCCProject_v1/vendor/codeigniter4/framework/system/Database/BaseBuilder.php(1585): CodeIgniter\Database\BaseConnection->query('SELECT *\nFROM `...', Array, false)
#4 /Applications/MAMP/htdocs/OnGoing/New/February 2023/MCCProject_v1/app/Models/ProjectsModel.php(63): CodeIgniter\Database\BaseBuilder->get()
#5 /Applications/MAMP/htdocs/OnGoing/New/February 2023/MCCProject_v1/app/Controllers/Projects.php(221): App\Models\ProjectsModel->getProjectEmployees('BR2303152037020...', 'PR2303165638044...')
#6 /Applications/MAMP/htdocs/OnGoing/New/February 2023/MCCProject_v1/vendor/codeigniter4/framework/system/CodeIgniter.php(927): App\Controllers\Projects->getEmployees('PR2303165638044...')
#7 /Applications/MAMP/htdocs/OnGoing/New/February 2023/MCCProject_v1/vendor/codeigniter4/framework/system/CodeIgniter.php(482): CodeIgniter\CodeIgniter->runController(Object(App\Controllers\Projects))
#8 /Applications/MAMP/htdocs/OnGoing/New/February 2023/MCCProject_v1/vendor/codeigniter4/framework/system/CodeIgniter.php(351): CodeIgniter\CodeIgniter->handleRequest(NULL, Object(Config\Cache), false)
#9 /Applications/MAMP/htdocs/OnGoing/New/February 2023/MCCProject_v1/public/index.php(67): CodeIgniter\CodeIgniter->run()
#10 /Applications/MAMP/htdocs/OnGoing/New/February 2023/MCCProject_v1/vendor/codeigniter4/framework/system/Commands/Server/rewrite.php(46): require_once('/Applications/M...')
#11 {main}
CRITICAL - 2023-03-18 08:04:46 --> Not unique table/alias: 'project'
in SYSTEMPATH/Database/MySQLi/Connection.php on line 292.
 1 SYSTEMPATH/Database/MySQLi/Connection.php(292): mysqli->query('SELECT *
FROM `project`
LEFT JOIN `branch` ON `projectEmployees`.`branch_id` = `branch`.`branch_id`
LEFT JOIN `project` ON `projectEmployees`.`project` = `project`.`project_id`
LEFT JOIN `management` ON `project`.`manager` = `management`.`member_id`
WHERE `projectEmployees`.`branch_id` = \'BR230315203702045\'
AND `projectEmployees`.`project_id` = \'PR230316563804407\'
AND `projectEmployees`.`deleted_flag` = 0', 0)
 2 SYSTEMPATH/Database/BaseConnection.php(666): CodeIgniter\Database\MySQLi\Connection->execute('SELECT *
FROM `project`
LEFT JOIN `branch` ON `projectEmployees`.`branch_id` = `branch`.`branch_id`
LEFT JOIN `project` ON `projectEmployees`.`project` = `project`.`project_id`
LEFT JOIN `management` ON `project`.`manager` = `management`.`member_id`
WHERE `projectEmployees`.`branch_id` = \'BR230315203702045\'
AND `projectEmployees`.`project_id` = \'PR230316563804407\'
AND `projectEmployees`.`deleted_flag` = 0')
 3 SYSTEMPATH/Database/BaseConnection.php(593): CodeIgniter\Database\BaseConnection->simpleQuery('SELECT *
FROM `project`
LEFT JOIN `branch` ON `projectEmployees`.`branch_id` = `branch`.`branch_id`
LEFT JOIN `project` ON `projectEmployees`.`project` = `project`.`project_id`
LEFT JOIN `management` ON `project`.`manager` = `management`.`member_id`
WHERE `projectEmployees`.`branch_id` = \'BR230315203702045\'
AND `projectEmployees`.`project_id` = \'PR230316563804407\'
AND `projectEmployees`.`deleted_flag` = 0')
 4 SYSTEMPATH/Database/BaseBuilder.php(1585): CodeIgniter\Database\BaseConnection->query('SELECT *
FROM `project`
LEFT JOIN `branch` ON `projectEmployees`.`branch_id` = `branch`.`branch_id`
LEFT JOIN `project` ON `projectEmployees`.`project` = `project`.`project_id`
LEFT JOIN `management` ON `project`.`manager` = `management`.`member_id`
WHERE `projectEmployees`.`branch_id` = :projectEmployees.branch_id:
AND `projectEmployees`.`project_id` = :projectEmployees.project_id:
AND `projectEmployees`.`deleted_flag` = :projectEmployees.deleted_flag:', [...], false)
 5 APPPATH/Models/ProjectsModel.php(63): CodeIgniter\Database\BaseBuilder->get()
 6 APPPATH/Controllers/Projects.php(221): App\Models\ProjectsModel->getProjectEmployees('BR230315203702045', 'PR230316563804407')
 7 SYSTEMPATH/CodeIgniter.php(927): App\Controllers\Projects->getEmployees('PR230316563804407')
 8 SYSTEMPATH/CodeIgniter.php(482): CodeIgniter\CodeIgniter->runController(Object(App\Controllers\Projects))
 9 SYSTEMPATH/CodeIgniter.php(351): CodeIgniter\CodeIgniter->handleRequest(null, Object(Config\Cache), false)
10 FCPATH/index.php(67): CodeIgniter\CodeIgniter->run()
11 SYSTEMPATH/Commands/Server/rewrite.php(46): require_once('FCPATH/index.php')
ERROR - 2023-03-18 08:06:19 --> mysqli_sql_exception: Unknown column 'projectEmployees.project' in 'on clause' in /Applications/MAMP/htdocs/OnGoing/New/February 2023/MCCProject_v1/vendor/codeigniter4/framework/system/Database/MySQLi/Connection.php:292
Stack trace:
#0 /Applications/MAMP/htdocs/OnGoing/New/February 2023/MCCProject_v1/vendor/codeigniter4/framework/system/Database/MySQLi/Connection.php(292): mysqli->query('SELECT *\nFROM `...', 0)
#1 /Applications/MAMP/htdocs/OnGoing/New/February 2023/MCCProject_v1/vendor/codeigniter4/framework/system/Database/BaseConnection.php(666): CodeIgniter\Database\MySQLi\Connection->execute('SELECT *\nFROM `...')
#2 /Applications/MAMP/htdocs/OnGoing/New/February 2023/MCCProject_v1/vendor/codeigniter4/framework/system/Database/BaseConnection.php(593): CodeIgniter\Database\BaseConnection->simpleQuery('SELECT *\nFROM `...')
#3 /Applications/MAMP/htdocs/OnGoing/New/February 2023/MCCProject_v1/vendor/codeigniter4/framework/system/Database/BaseBuilder.php(1585): CodeIgniter\Database\BaseConnection->query('SELECT *\nFROM `...', Array, false)
#4 /Applications/MAMP/htdocs/OnGoing/New/February 2023/MCCProject_v1/app/Models/ProjectsModel.php(63): CodeIgniter\Database\BaseBuilder->get()
#5 /Applications/MAMP/htdocs/OnGoing/New/February 2023/MCCProject_v1/app/Controllers/Projects.php(221): App\Models\ProjectsModel->getProjectEmployees('BR2303152037020...', 'PR2303165638044...')
#6 /Applications/MAMP/htdocs/OnGoing/New/February 2023/MCCProject_v1/vendor/codeigniter4/framework/system/CodeIgniter.php(927): App\Controllers\Projects->getEmployees('PR2303165638044...')
#7 /Applications/MAMP/htdocs/OnGoing/New/February 2023/MCCProject_v1/vendor/codeigniter4/framework/system/CodeIgniter.php(482): CodeIgniter\CodeIgniter->runController(Object(App\Controllers\Projects))
#8 /Applications/MAMP/htdocs/OnGoing/New/February 2023/MCCProject_v1/vendor/codeigniter4/framework/system/CodeIgniter.php(351): CodeIgniter\CodeIgniter->handleRequest(NULL, Object(Config\Cache), false)
#9 /Applications/MAMP/htdocs/OnGoing/New/February 2023/MCCProject_v1/public/index.php(67): CodeIgniter\CodeIgniter->run()
#10 /Applications/MAMP/htdocs/OnGoing/New/February 2023/MCCProject_v1/vendor/codeigniter4/framework/system/Commands/Server/rewrite.php(46): require_once('/Applications/M...')
#11 {main}
CRITICAL - 2023-03-18 08:06:19 --> Unknown column 'projectEmployees.project' in 'on clause'
in SYSTEMPATH/Database/MySQLi/Connection.php on line 292.
 1 SYSTEMPATH/Database/MySQLi/Connection.php(292): mysqli->query('SELECT *
FROM `projectEmployees`
LEFT JOIN `branch` ON `projectEmployees`.`branch_id` = `branch`.`branch_id`
LEFT JOIN `project` ON `projectEmployees`.`project` = `project`.`project_id`
LEFT JOIN `management` ON `project`.`manager` = `management`.`member_id`
WHERE `projectEmployees`.`branch_id` = \'BR230315203702045\'
AND `projectEmployees`.`project_id` = \'PR230316563804407\'
AND `projectEmployees`.`deleted_flag` = 0', 0)
 2 SYSTEMPATH/Database/BaseConnection.php(666): CodeIgniter\Database\MySQLi\Connection->execute('SELECT *
FROM `projectEmployees`
LEFT JOIN `branch` ON `projectEmployees`.`branch_id` = `branch`.`branch_id`
LEFT JOIN `project` ON `projectEmployees`.`project` = `project`.`project_id`
LEFT JOIN `management` ON `project`.`manager` = `management`.`member_id`
WHERE `projectEmployees`.`branch_id` = \'BR230315203702045\'
AND `projectEmployees`.`project_id` = \'PR230316563804407\'
AND `projectEmployees`.`deleted_flag` = 0')
 3 SYSTEMPATH/Database/BaseConnection.php(593): CodeIgniter\Database\BaseConnection->simpleQuery('SELECT *
FROM `projectEmployees`
LEFT JOIN `branch` ON `projectEmployees`.`branch_id` = `branch`.`branch_id`
LEFT JOIN `project` ON `projectEmployees`.`project` = `project`.`project_id`
LEFT JOIN `management` ON `project`.`manager` = `management`.`member_id`
WHERE `projectEmployees`.`branch_id` = \'BR230315203702045\'
AND `projectEmployees`.`project_id` = \'PR230316563804407\'
AND `projectEmployees`.`deleted_flag` = 0')
 4 SYSTEMPATH/Database/BaseBuilder.php(1585): CodeIgniter\Database\BaseConnection->query('SELECT *
FROM `projectEmployees`
LEFT JOIN `branch` ON `projectEmployees`.`branch_id` = `branch`.`branch_id`
LEFT JOIN `project` ON `projectEmployees`.`project` = `project`.`project_id`
LEFT JOIN `management` ON `project`.`manager` = `management`.`member_id`
WHERE `projectEmployees`.`branch_id` = :projectEmployees.branch_id:
AND `projectEmployees`.`project_id` = :projectEmployees.project_id:
AND `projectEmployees`.`deleted_flag` = :projectEmployees.deleted_flag:', [...], false)
 5 APPPATH/Models/ProjectsModel.php(63): CodeIgniter\Database\BaseBuilder->get()
 6 APPPATH/Controllers/Projects.php(221): App\Models\ProjectsModel->getProjectEmployees('BR230315203702045', 'PR230316563804407')
 7 SYSTEMPATH/CodeIgniter.php(927): App\Controllers\Projects->getEmployees('PR230316563804407')
 8 SYSTEMPATH/CodeIgniter.php(482): CodeIgniter\CodeIgniter->runController(Object(App\Controllers\Projects))
 9 SYSTEMPATH/CodeIgniter.php(351): CodeIgniter\CodeIgniter->handleRequest(null, Object(Config\Cache), false)
10 FCPATH/index.php(67): CodeIgniter\CodeIgniter->run()
11 SYSTEMPATH/Commands/Server/rewrite.php(46): require_once('FCPATH/index.php')
ERROR - 2023-03-18 08:06:23 --> mysqli_sql_exception: Unknown column 'projectEmployees.project' in 'on clause' in /Applications/MAMP/htdocs/OnGoing/New/February 2023/MCCProject_v1/vendor/codeigniter4/framework/system/Database/MySQLi/Connection.php:292
Stack trace:
#0 /Applications/MAMP/htdocs/OnGoing/New/February 2023/MCCProject_v1/vendor/codeigniter4/framework/system/Database/MySQLi/Connection.php(292): mysqli->query('SELECT *\nFROM `...', 0)
#1 /Applications/MAMP/htdocs/OnGoing/New/February 2023/MCCProject_v1/vendor/codeigniter4/framework/system/Database/BaseConnection.php(666): CodeIgniter\Database\MySQLi\Connection->execute('SELECT *\nFROM `...')
#2 /Applications/MAMP/htdocs/OnGoing/New/February 2023/MCCProject_v1/vendor/codeigniter4/framework/system/Database/BaseConnection.php(593): CodeIgniter\Database\BaseConnection->simpleQuery('SELECT *\nFROM `...')
#3 /Applications/MAMP/htdocs/OnGoing/New/February 2023/MCCProject_v1/vendor/codeigniter4/framework/system/Database/BaseBuilder.php(1585): CodeIgniter\Database\BaseConnection->query('SELECT *\nFROM `...', Array, false)
#4 /Applications/MAMP/htdocs/OnGoing/New/February 2023/MCCProject_v1/app/Models/ProjectsModel.php(63): CodeIgniter\Database\BaseBuilder->get()
#5 /Applications/MAMP/htdocs/OnGoing/New/February 2023/MCCProject_v1/app/Controllers/Projects.php(221): App\Models\ProjectsModel->getProjectEmployees('BR2303152037020...', 'PR2303177698900...')
#6 /Applications/MAMP/htdocs/OnGoing/New/February 2023/MCCProject_v1/vendor/codeigniter4/framework/system/CodeIgniter.php(927): App\Controllers\Projects->getEmployees('PR2303177698900...')
#7 /Applications/MAMP/htdocs/OnGoing/New/February 2023/MCCProject_v1/vendor/codeigniter4/framework/system/CodeIgniter.php(482): CodeIgniter\CodeIgniter->runController(Object(App\Controllers\Projects))
#8 /Applications/MAMP/htdocs/OnGoing/New/February 2023/MCCProject_v1/vendor/codeigniter4/framework/system/CodeIgniter.php(351): CodeIgniter\CodeIgniter->handleRequest(NULL, Object(Config\Cache), false)
#9 /Applications/MAMP/htdocs/OnGoing/New/February 2023/MCCProject_v1/public/index.php(67): CodeIgniter\CodeIgniter->run()
#10 /Applications/MAMP/htdocs/OnGoing/New/February 2023/MCCProject_v1/vendor/codeigniter4/framework/system/Commands/Server/rewrite.php(46): require_once('/Applications/M...')
#11 {main}
CRITICAL - 2023-03-18 08:06:23 --> Unknown column 'projectEmployees.project' in 'on clause'
in SYSTEMPATH/Database/MySQLi/Connection.php on line 292.
 1 SYSTEMPATH/Database/MySQLi/Connection.php(292): mysqli->query('SELECT *
FROM `projectEmployees`
LEFT JOIN `branch` ON `projectEmployees`.`branch_id` = `branch`.`branch_id`
LEFT JOIN `project` ON `projectEmployees`.`project` = `project`.`project_id`
LEFT JOIN `management` ON `project`.`manager` = `management`.`member_id`
WHERE `projectEmployees`.`branch_id` = \'BR230315203702045\'
AND `projectEmployees`.`project_id` = \'PR230317769890044\'
AND `projectEmployees`.`deleted_flag` = 0', 0)
 2 SYSTEMPATH/Database/BaseConnection.php(666): CodeIgniter\Database\MySQLi\Connection->execute('SELECT *
FROM `projectEmployees`
LEFT JOIN `branch` ON `projectEmployees`.`branch_id` = `branch`.`branch_id`
LEFT JOIN `project` ON `projectEmployees`.`project` = `project`.`project_id`
LEFT JOIN `management` ON `project`.`manager` = `management`.`member_id`
WHERE `projectEmployees`.`branch_id` = \'BR230315203702045\'
AND `projectEmployees`.`project_id` = \'PR230317769890044\'
AND `projectEmployees`.`deleted_flag` = 0')
 3 SYSTEMPATH/Database/BaseConnection.php(593): CodeIgniter\Database\BaseConnection->simpleQuery('SELECT *
FROM `projectEmployees`
LEFT JOIN `branch` ON `projectEmployees`.`branch_id` = `branch`.`branch_id`
LEFT JOIN `project` ON `projectEmployees`.`project` = `project`.`project_id`
LEFT JOIN `management` ON `project`.`manager` = `management`.`member_id`
WHERE `projectEmployees`.`branch_id` = \'BR230315203702045\'
AND `projectEmployees`.`project_id` = \'PR230317769890044\'
AND `projectEmployees`.`deleted_flag` = 0')
 4 SYSTEMPATH/Database/BaseBuilder.php(1585): CodeIgniter\Database\BaseConnection->query('SELECT *
FROM `projectEmployees`
LEFT JOIN `branch` ON `projectEmployees`.`branch_id` = `branch`.`branch_id`
LEFT JOIN `project` ON `projectEmployees`.`project` = `project`.`project_id`
LEFT JOIN `management` ON `project`.`manager` = `management`.`member_id`
WHERE `projectEmployees`.`branch_id` = :projectEmployees.branch_id:
AND `projectEmployees`.`project_id` = :projectEmployees.project_id:
AND `projectEmployees`.`deleted_flag` = :projectEmployees.deleted_flag:', [...], false)
 5 APPPATH/Models/ProjectsModel.php(63): CodeIgniter\Database\BaseBuilder->get()
 6 APPPATH/Controllers/Projects.php(221): App\Models\ProjectsModel->getProjectEmployees('BR230315203702045', 'PR230317769890044')
 7 SYSTEMPATH/CodeIgniter.php(927): App\Controllers\Projects->getEmployees('PR230317769890044')
 8 SYSTEMPATH/CodeIgniter.php(482): CodeIgniter\CodeIgniter->runController(Object(App\Controllers\Projects))
 9 SYSTEMPATH/CodeIgniter.php(351): CodeIgniter\CodeIgniter->handleRequest(null, Object(Config\Cache), false)
10 FCPATH/index.php(67): CodeIgniter\CodeIgniter->run()
11 SYSTEMPATH/Commands/Server/rewrite.php(46): require_once('FCPATH/index.php')
ERROR - 2023-03-18 08:06:35 --> mysqli_sql_exception: Unknown column 'projectEmployees.project' in 'on clause' in /Applications/MAMP/htdocs/OnGoing/New/February 2023/MCCProject_v1/vendor/codeigniter4/framework/system/Database/MySQLi/Connection.php:292
Stack trace:
#0 /Applications/MAMP/htdocs/OnGoing/New/February 2023/MCCProject_v1/vendor/codeigniter4/framework/system/Database/MySQLi/Connection.php(292): mysqli->query('SELECT *\nFROM `...', 0)
#1 /Applications/MAMP/htdocs/OnGoing/New/February 2023/MCCProject_v1/vendor/codeigniter4/framework/system/Database/BaseConnection.php(666): CodeIgniter\Database\MySQLi\Connection->execute('SELECT *\nFROM `...')
#2 /Applications/MAMP/htdocs/OnGoing/New/February 2023/MCCProject_v1/vendor/codeigniter4/framework/system/Database/BaseConnection.php(593): CodeIgniter\Database\BaseConnection->simpleQuery('SELECT *\nFROM `...')
#3 /Applications/MAMP/htdocs/OnGoing/New/February 2023/MCCProject_v1/vendor/codeigniter4/framework/system/Database/BaseBuilder.php(1585): CodeIgniter\Database\BaseConnection->query('SELECT *\nFROM `...', Array, false)
#4 /Applications/MAMP/htdocs/OnGoing/New/February 2023/MCCProject_v1/app/Models/ProjectsModel.php(63): CodeIgniter\Database\BaseBuilder->get()
#5 /Applications/MAMP/htdocs/OnGoing/New/February 2023/MCCProject_v1/app/Controllers/Projects.php(221): App\Models\ProjectsModel->getProjectEmployees('BR2303152037020...', 'PR2303165638044...')
#6 /Applications/MAMP/htdocs/OnGoing/New/February 2023/MCCProject_v1/vendor/codeigniter4/framework/system/CodeIgniter.php(927): App\Controllers\Projects->getEmployees('PR2303165638044...')
#7 /Applications/MAMP/htdocs/OnGoing/New/February 2023/MCCProject_v1/vendor/codeigniter4/framework/system/CodeIgniter.php(482): CodeIgniter\CodeIgniter->runController(Object(App\Controllers\Projects))
#8 /Applications/MAMP/htdocs/OnGoing/New/February 2023/MCCProject_v1/vendor/codeigniter4/framework/system/CodeIgniter.php(351): CodeIgniter\CodeIgniter->handleRequest(NULL, Object(Config\Cache), false)
#9 /Applications/MAMP/htdocs/OnGoing/New/February 2023/MCCProject_v1/public/index.php(67): CodeIgniter\CodeIgniter->run()
#10 /Applications/MAMP/htdocs/OnGoing/New/February 2023/MCCProject_v1/vendor/codeigniter4/framework/system/Commands/Server/rewrite.php(46): require_once('/Applications/M...')
#11 {main}
CRITICAL - 2023-03-18 08:06:35 --> Unknown column 'projectEmployees.project' in 'on clause'
in SYSTEMPATH/Database/MySQLi/Connection.php on line 292.
 1 SYSTEMPATH/Database/MySQLi/Connection.php(292): mysqli->query('SELECT *
FROM `projectEmployees`
LEFT JOIN `branch` ON `projectEmployees`.`branch_id` = `branch`.`branch_id`
LEFT JOIN `project` ON `projectEmployees`.`project` = `project`.`project_id`
LEFT JOIN `management` ON `project`.`manager` = `management`.`member_id`
WHERE `projectEmployees`.`branch_id` = \'BR230315203702045\'
AND `projectEmployees`.`project_id` = \'PR230316563804407\'
AND `projectEmployees`.`deleted_flag` = 0', 0)
 2 SYSTEMPATH/Database/BaseConnection.php(666): CodeIgniter\Database\MySQLi\Connection->execute('SELECT *
FROM `projectEmployees`
LEFT JOIN `branch` ON `projectEmployees`.`branch_id` = `branch`.`branch_id`
LEFT JOIN `project` ON `projectEmployees`.`project` = `project`.`project_id`
LEFT JOIN `management` ON `project`.`manager` = `management`.`member_id`
WHERE `projectEmployees`.`branch_id` = \'BR230315203702045\'
AND `projectEmployees`.`project_id` = \'PR230316563804407\'
AND `projectEmployees`.`deleted_flag` = 0')
 3 SYSTEMPATH/Database/BaseConnection.php(593): CodeIgniter\Database\BaseConnection->simpleQuery('SELECT *
FROM `projectEmployees`
LEFT JOIN `branch` ON `projectEmployees`.`branch_id` = `branch`.`branch_id`
LEFT JOIN `project` ON `projectEmployees`.`project` = `project`.`project_id`
LEFT JOIN `management` ON `project`.`manager` = `management`.`member_id`
WHERE `projectEmployees`.`branch_id` = \'BR230315203702045\'
AND `projectEmployees`.`project_id` = \'PR230316563804407\'
AND `projectEmployees`.`deleted_flag` = 0')
 4 SYSTEMPATH/Database/BaseBuilder.php(1585): CodeIgniter\Database\BaseConnection->query('SELECT *
FROM `projectEmployees`
LEFT JOIN `branch` ON `projectEmployees`.`branch_id` = `branch`.`branch_id`
LEFT JOIN `project` ON `projectEmployees`.`project` = `project`.`project_id`
LEFT JOIN `management` ON `project`.`manager` = `management`.`member_id`
WHERE `projectEmployees`.`branch_id` = :projectEmployees.branch_id:
AND `projectEmployees`.`project_id` = :projectEmployees.project_id:
AND `projectEmployees`.`deleted_flag` = :projectEmployees.deleted_flag:', [...], false)
 5 APPPATH/Models/ProjectsModel.php(63): CodeIgniter\Database\BaseBuilder->get()
 6 APPPATH/Controllers/Projects.php(221): App\Models\ProjectsModel->getProjectEmployees('BR230315203702045', 'PR230316563804407')
 7 SYSTEMPATH/CodeIgniter.php(927): App\Controllers\Projects->getEmployees('PR230316563804407')
 8 SYSTEMPATH/CodeIgniter.php(482): CodeIgniter\CodeIgniter->runController(Object(App\Controllers\Projects))
 9 SYSTEMPATH/CodeIgniter.php(351): CodeIgniter\CodeIgniter->handleRequest(null, Object(Config\Cache), false)
10 FCPATH/index.php(67): CodeIgniter\CodeIgniter->run()
11 SYSTEMPATH/Commands/Server/rewrite.php(46): require_once('FCPATH/index.php')
ERROR - 2023-03-18 08:06:55 --> mysqli_sql_exception: Unknown column 'projectEmployees.project' in 'on clause' in /Applications/MAMP/htdocs/OnGoing/New/February 2023/MCCProject_v1/vendor/codeigniter4/framework/system/Database/MySQLi/Connection.php:292
Stack trace:
#0 /Applications/MAMP/htdocs/OnGoing/New/February 2023/MCCProject_v1/vendor/codeigniter4/framework/system/Database/MySQLi/Connection.php(292): mysqli->query('SELECT *\nFROM `...', 0)
#1 /Applications/MAMP/htdocs/OnGoing/New/February 2023/MCCProject_v1/vendor/codeigniter4/framework/system/Database/BaseConnection.php(666): CodeIgniter\Database\MySQLi\Connection->execute('SELECT *\nFROM `...')
#2 /Applications/MAMP/htdocs/OnGoing/New/February 2023/MCCProject_v1/vendor/codeigniter4/framework/system/Database/BaseConnection.php(593): CodeIgniter\Database\BaseConnection->simpleQuery('SELECT *\nFROM `...')
#3 /Applications/MAMP/htdocs/OnGoing/New/February 2023/MCCProject_v1/vendor/codeigniter4/framework/system/Database/BaseBuilder.php(1585): CodeIgniter\Database\BaseConnection->query('SELECT *\nFROM `...', Array, false)
#4 /Applications/MAMP/htdocs/OnGoing/New/February 2023/MCCProject_v1/app/Models/ProjectsModel.php(63): CodeIgniter\Database\BaseBuilder->get()
#5 /Applications/MAMP/htdocs/OnGoing/New/February 2023/MCCProject_v1/app/Controllers/Projects.php(221): App\Models\ProjectsModel->getProjectEmployees('BR2303152037020...', 'PR2303165638044...')
#6 /Applications/MAMP/htdocs/OnGoing/New/February 2023/MCCProject_v1/vendor/codeigniter4/framework/system/CodeIgniter.php(927): App\Controllers\Projects->getEmployees('PR2303165638044...')
#7 /Applications/MAMP/htdocs/OnGoing/New/February 2023/MCCProject_v1/vendor/codeigniter4/framework/system/CodeIgniter.php(482): CodeIgniter\CodeIgniter->runController(Object(App\Controllers\Projects))
#8 /Applications/MAMP/htdocs/OnGoing/New/February 2023/MCCProject_v1/vendor/codeigniter4/framework/system/CodeIgniter.php(351): CodeIgniter\CodeIgniter->handleRequest(NULL, Object(Config\Cache), false)
#9 /Applications/MAMP/htdocs/OnGoing/New/February 2023/MCCProject_v1/public/index.php(67): CodeIgniter\CodeIgniter->run()
#10 /Applications/MAMP/htdocs/OnGoing/New/February 2023/MCCProject_v1/vendor/codeigniter4/framework/system/Commands/Server/rewrite.php(46): require_once('/Applications/M...')
#11 {main}
CRITICAL - 2023-03-18 08:06:55 --> Unknown column 'projectEmployees.project' in 'on clause'
in SYSTEMPATH/Database/MySQLi/Connection.php on line 292.
 1 SYSTEMPATH/Database/MySQLi/Connection.php(292): mysqli->query('SELECT *
FROM `projectEmployees`
LEFT JOIN `branch` ON `projectEmployees`.`branch_id` = `branch`.`branch_id`
LEFT JOIN `project` ON `projectEmployees`.`project` = `project`.`project_id`
LEFT JOIN `management` ON `project`.`manager` = `management`.`member_id`
WHERE `projectEmployees`.`branch_id` = \'BR230315203702045\'
AND `projectEmployees`.`project_id` = \'PR230316563804407\'
AND `projectEmployees`.`deleted_flag` = 0', 0)
 2 SYSTEMPATH/Database/BaseConnection.php(666): CodeIgniter\Database\MySQLi\Connection->execute('SELECT *
FROM `projectEmployees`
LEFT JOIN `branch` ON `projectEmployees`.`branch_id` = `branch`.`branch_id`
LEFT JOIN `project` ON `projectEmployees`.`project` = `project`.`project_id`
LEFT JOIN `management` ON `project`.`manager` = `management`.`member_id`
WHERE `projectEmployees`.`branch_id` = \'BR230315203702045\'
AND `projectEmployees`.`project_id` = \'PR230316563804407\'
AND `projectEmployees`.`deleted_flag` = 0')
 3 SYSTEMPATH/Database/BaseConnection.php(593): CodeIgniter\Database\BaseConnection->simpleQuery('SELECT *
FROM `projectEmployees`
LEFT JOIN `branch` ON `projectEmployees`.`branch_id` = `branch`.`branch_id`
LEFT JOIN `project` ON `projectEmployees`.`project` = `project`.`project_id`
LEFT JOIN `management` ON `project`.`manager` = `management`.`member_id`
WHERE `projectEmployees`.`branch_id` = \'BR230315203702045\'
AND `projectEmployees`.`project_id` = \'PR230316563804407\'
AND `projectEmployees`.`deleted_flag` = 0')
 4 SYSTEMPATH/Database/BaseBuilder.php(1585): CodeIgniter\Database\BaseConnection->query('SELECT *
FROM `projectEmployees`
LEFT JOIN `branch` ON `projectEmployees`.`branch_id` = `branch`.`branch_id`
LEFT JOIN `project` ON `projectEmployees`.`project` = `project`.`project_id`
LEFT JOIN `management` ON `project`.`manager` = `management`.`member_id`
WHERE `projectEmployees`.`branch_id` = :projectEmployees.branch_id:
AND `projectEmployees`.`project_id` = :projectEmployees.project_id:
AND `projectEmployees`.`deleted_flag` = :projectEmployees.deleted_flag:', [...], false)
 5 APPPATH/Models/ProjectsModel.php(63): CodeIgniter\Database\BaseBuilder->get()
 6 APPPATH/Controllers/Projects.php(221): App\Models\ProjectsModel->getProjectEmployees('BR230315203702045', 'PR230316563804407')
 7 SYSTEMPATH/CodeIgniter.php(927): App\Controllers\Projects->getEmployees('PR230316563804407')
 8 SYSTEMPATH/CodeIgniter.php(482): CodeIgniter\CodeIgniter->runController(Object(App\Controllers\Projects))
 9 SYSTEMPATH/CodeIgniter.php(351): CodeIgniter\CodeIgniter->handleRequest(null, Object(Config\Cache), false)
10 FCPATH/index.php(67): CodeIgniter\CodeIgniter->run()
11 SYSTEMPATH/Commands/Server/rewrite.php(46): require_once('FCPATH/index.php')
CRITICAL - 2023-03-18 08:35:50 --> The route for "attendance2" cannot be found.
in SYSTEMPATH/HTTP/RedirectResponse.php on line 60.
 1 SYSTEMPATH/HTTP/RedirectResponse.php(60): CodeIgniter\HTTP\Exceptions\HTTPException::forInvalidRedirectRoute('attendance2')
 2 SYSTEMPATH/Common.php(860): CodeIgniter\HTTP\RedirectResponse->route(false)
 3 APPPATH/Controllers/Attendance.php(202): redirect('attendance2')
 4 SYSTEMPATH/CodeIgniter.php(927): App\Controllers\Attendance->getProjectDetails()
 5 SYSTEMPATH/CodeIgniter.php(482): CodeIgniter\CodeIgniter->runController(Object(App\Controllers\Attendance))
 6 SYSTEMPATH/CodeIgniter.php(351): CodeIgniter\CodeIgniter->handleRequest(null, Object(Config\Cache), false)
 7 FCPATH/index.php(67): CodeIgniter\CodeIgniter->run()
 8 SYSTEMPATH/Commands/Server/rewrite.php(46): require_once('FCPATH/index.php')
CRITICAL - 2023-03-18 08:48:30 --> Cannot access offset of type string on string
in APPPATH/Views/attendance.php on line 69.
 1 SYSTEMPATH/View/View.php(213): include()
 2 SYSTEMPATH/View/View.php(216): CodeIgniter\View\View->CodeIgniter\View\{closure}()
 3 SYSTEMPATH/Common.php(1134): CodeIgniter\View\View->render('attendance', [], true)
 4 APPPATH/Controllers/Attendance.php(45): view('attendance', [...])
 5 SYSTEMPATH/CodeIgniter.php(927): App\Controllers\Attendance->index()
 6 SYSTEMPATH/CodeIgniter.php(482): CodeIgniter\CodeIgniter->runController(Object(App\Controllers\Attendance))
 7 SYSTEMPATH/CodeIgniter.php(351): CodeIgniter\CodeIgniter->handleRequest(null, Object(Config\Cache), false)
 8 FCPATH/index.php(67): CodeIgniter\CodeIgniter->run()
 9 SYSTEMPATH/Commands/Server/rewrite.php(46): require_once('FCPATH/index.php')
CRITICAL - 2023-03-18 08:55:03 --> Undefined array key "attendanceData"
in APPPATH/Views/attendance.php on line 43.
 1 APPPATH/Views/attendance.php(43): CodeIgniter\Debug\Exceptions->errorHandler(2, 'Undefined array key "attendanceData"', 'APPPATH/Views/attendance.php', 43)
 2 SYSTEMPATH/View/View.php(213): include('APPPATH/Views/attendance.php')
 3 SYSTEMPATH/View/View.php(216): CodeIgniter\View\View->CodeIgniter\View\{closure}()
 4 SYSTEMPATH/Common.php(1134): CodeIgniter\View\View->render('attendance', [], true)
 5 APPPATH/Controllers/Attendance.php(45): view('attendance', [...])
 6 SYSTEMPATH/CodeIgniter.php(927): App\Controllers\Attendance->index()
 7 SYSTEMPATH/CodeIgniter.php(482): CodeIgniter\CodeIgniter->runController(Object(App\Controllers\Attendance))
 8 SYSTEMPATH/CodeIgniter.php(351): CodeIgniter\CodeIgniter->handleRequest(null, Object(Config\Cache), false)
 9 FCPATH/index.php(67): CodeIgniter\CodeIgniter->run()
10 SYSTEMPATH/Commands/Server/rewrite.php(46): require_once('FCPATH/index.php')
CRITICAL - 2023-03-18 08:55:34 --> Undefined array key "attendanceData"
in APPPATH/Views/attendance.php on line 43.
 1 APPPATH/Views/attendance.php(43): CodeIgniter\Debug\Exceptions->errorHandler(2, 'Undefined array key "attendanceData"', 'APPPATH/Views/attendance.php', 43)
 2 SYSTEMPATH/View/View.php(213): include('APPPATH/Views/attendance.php')
 3 SYSTEMPATH/View/View.php(216): CodeIgniter\View\View->CodeIgniter\View\{closure}()
 4 SYSTEMPATH/Common.php(1134): CodeIgniter\View\View->render('attendance', [], true)
 5 APPPATH/Controllers/Attendance.php(45): view('attendance', [...])
 6 SYSTEMPATH/CodeIgniter.php(927): App\Controllers\Attendance->index()
 7 SYSTEMPATH/CodeIgniter.php(482): CodeIgniter\CodeIgniter->runController(Object(App\Controllers\Attendance))
 8 SYSTEMPATH/CodeIgniter.php(351): CodeIgniter\CodeIgniter->handleRequest(null, Object(Config\Cache), false)
 9 FCPATH/index.php(67): CodeIgniter\CodeIgniter->run()
10 SYSTEMPATH/Commands/Server/rewrite.php(46): require_once('FCPATH/index.php')
CRITICAL - 2023-03-18 08:55:50 --> Undefined array key "attendanceData"
in APPPATH/Views/attendance.php on line 43.
 1 APPPATH/Views/attendance.php(43): CodeIgniter\Debug\Exceptions->errorHandler(2, 'Undefined array key "attendanceData"', 'APPPATH/Views/attendance.php', 43)
 2 SYSTEMPATH/View/View.php(213): include('APPPATH/Views/attendance.php')
 3 SYSTEMPATH/View/View.php(216): CodeIgniter\View\View->CodeIgniter\View\{closure}()
 4 SYSTEMPATH/Common.php(1134): CodeIgniter\View\View->render('attendance', [], true)
 5 APPPATH/Controllers/Attendance.php(45): view('attendance', [...])
 6 SYSTEMPATH/CodeIgniter.php(927): App\Controllers\Attendance->index()
 7 SYSTEMPATH/CodeIgniter.php(482): CodeIgniter\CodeIgniter->runController(Object(App\Controllers\Attendance))
 8 SYSTEMPATH/CodeIgniter.php(351): CodeIgniter\CodeIgniter->handleRequest(null, Object(Config\Cache), false)
 9 FCPATH/index.php(67): CodeIgniter\CodeIgniter->run()
10 SYSTEMPATH/Commands/Server/rewrite.php(46): require_once('FCPATH/index.php')
CRITICAL - 2023-03-18 08:55:52 --> Undefined array key "attendanceData"
in APPPATH/Views/attendance.php on line 43.
 1 APPPATH/Views/attendance.php(43): CodeIgniter\Debug\Exceptions->errorHandler(2, 'Undefined array key "attendanceData"', 'APPPATH/Views/attendance.php', 43)
 2 SYSTEMPATH/View/View.php(213): include('APPPATH/Views/attendance.php')
 3 SYSTEMPATH/View/View.php(216): CodeIgniter\View\View->CodeIgniter\View\{closure}()
 4 SYSTEMPATH/Common.php(1134): CodeIgniter\View\View->render('attendance', [], true)
 5 APPPATH/Controllers/Attendance.php(52): view('attendance')
 6 SYSTEMPATH/CodeIgniter.php(927): App\Controllers\Attendance->attendance()
 7 SYSTEMPATH/CodeIgniter.php(482): CodeIgniter\CodeIgniter->runController(Object(App\Controllers\Attendance))
 8 SYSTEMPATH/CodeIgniter.php(351): CodeIgniter\CodeIgniter->handleRequest(null, Object(Config\Cache), false)
 9 FCPATH/index.php(67): CodeIgniter\CodeIgniter->run()
10 SYSTEMPATH/Commands/Server/rewrite.php(46): require_once('FCPATH/index.php')
CRITICAL - 2023-03-18 08:55:54 --> Undefined array key "attendanceData"
in APPPATH/Views/attendance.php on line 43.
 1 APPPATH/Views/attendance.php(43): CodeIgniter\Debug\Exceptions->errorHandler(2, 'Undefined array key "attendanceData"', 'APPPATH/Views/attendance.php', 43)
 2 SYSTEMPATH/View/View.php(213): include('APPPATH/Views/attendance.php')
 3 SYSTEMPATH/View/View.php(216): CodeIgniter\View\View->CodeIgniter\View\{closure}()
 4 SYSTEMPATH/Common.php(1134): CodeIgniter\View\View->render('attendance', [], true)
 5 APPPATH/Controllers/Attendance.php(45): view('attendance', [...])
 6 SYSTEMPATH/CodeIgniter.php(927): App\Controllers\Attendance->index()
 7 SYSTEMPATH/CodeIgniter.php(482): CodeIgniter\CodeIgniter->runController(Object(App\Controllers\Attendance))
 8 SYSTEMPATH/CodeIgniter.php(351): CodeIgniter\CodeIgniter->handleRequest(null, Object(Config\Cache), false)
 9 FCPATH/index.php(67): CodeIgniter\CodeIgniter->run()
10 SYSTEMPATH/Commands/Server/rewrite.php(46): require_once('FCPATH/index.php')
CRITICAL - 2023-03-18 10:03:41 --> Undefined array key "project"
in APPPATH/Controllers/Attendance.php on line 231.
 1 APPPATH/Controllers/Attendance.php(231): CodeIgniter\Debug\Exceptions->errorHandler(2, 'Undefined array key "project"', 'APPPATH/Controllers/Attendance.php', 231)
 2 SYSTEMPATH/CodeIgniter.php(927): App\Controllers\Attendance->takeAttendance()
 3 SYSTEMPATH/CodeIgniter.php(482): CodeIgniter\CodeIgniter->runController(Object(App\Controllers\Attendance))
 4 SYSTEMPATH/CodeIgniter.php(351): CodeIgniter\CodeIgniter->handleRequest(null, Object(Config\Cache), false)
 5 FCPATH/index.php(67): CodeIgniter\CodeIgniter->run()
 6 SYSTEMPATH/Commands/Server/rewrite.php(46): require_once('FCPATH/index.php')
