CRITICAL - 2023-03-20 06:50:30 --> Undefined array key "user"
in APPPATH/Views/dashboard.php on line 2.
 1 APPPATH/Views/dashboard.php(2): CodeIgniter\Debug\Exceptions->errorHandler(2, 'Undefined array key "user"', 'APPPATH/Views/dashboard.php', 2)
 2 SYSTEMPATH/View/View.php(213): include('APPPATH/Views/dashboard.php')
 3 SYSTEMPATH/View/View.php(216): CodeIgniter\View\View->CodeIgniter\View\{closure}()
 4 SYSTEMPATH/Common.php(1134): CodeIgniter\View\View->render('dashboard', [], true)
 5 APPPATH/Controllers/Login.php(19): view('dashboard')
 6 SYSTEMPATH/CodeIgniter.php(927): App\Controllers\Login->dashboard()
 7 SYSTEMPATH/CodeIgniter.php(482): CodeIgniter\CodeIgniter->runController(Object(App\Controllers\Login))
 8 SYSTEMPATH/CodeIgniter.php(351): CodeIgniter\CodeIgniter->handleRequest(null, Object(Config\Cache), false)
 9 FCPATH/index.php(67): CodeIgniter\CodeIgniter->run()
10 SYSTEMPATH/Commands/Server/rewrite.php(46): require_once('FCPATH/index.php')
CRITICAL - 2023-03-20 07:52:48 --> Call to undefined method App\Models\ProjectsModel::updateProject
in SYSTEMPATH/Model.php on line 774.
 1 APPPATH/Controllers/Projects.php(259): CodeIgniter\Model->__call('updateProject', [...])
 2 SYSTEMPATH/CodeIgniter.php(927): App\Controllers\Projects->deleteProject()
 3 SYSTEMPATH/CodeIgniter.php(482): CodeIgniter\CodeIgniter->runController(Object(App\Controllers\Projects))
 4 SYSTEMPATH/CodeIgniter.php(351): CodeIgniter\CodeIgniter->handleRequest(null, Object(Config\Cache), false)
 5 FCPATH/index.php(67): CodeIgniter\CodeIgniter->run()
 6 SYSTEMPATH/Commands/Server/rewrite.php(46): require_once('FCPATH/index.php')
CRITICAL - 2023-03-20 20:00:04 --> Undefined array key "user"
in APPPATH/Controllers/Projects.php on line 18.
 1 APPPATH/Controllers/Projects.php(18): CodeIgniter\Debug\Exceptions->errorHandler(2, 'Undefined array key "user"', 'APPPATH/Controllers/Projects.php', 18)
 2 SYSTEMPATH/CodeIgniter.php(927): App\Controllers\Projects->index()
 3 SYSTEMPATH/CodeIgniter.php(482): CodeIgniter\CodeIgniter->runController(Object(App\Controllers\Projects))
 4 SYSTEMPATH/CodeIgniter.php(351): CodeIgniter\CodeIgniter->handleRequest(null, Object(Config\Cache), false)
 5 FCPATH/index.php(67): CodeIgniter\CodeIgniter->run()
 6 SYSTEMPATH/Commands/Server/rewrite.php(46): require_once('FCPATH/index.php')
CRITICAL - 2023-03-20 20:00:13 --> Undefined array key "delete_project"
in APPPATH/Views/projects.php on line 113.
 1 APPPATH/Views/projects.php(113): CodeIgniter\Debug\Exceptions->errorHandler(2, 'Undefined array key "delete_project"', 'APPPATH/Views/projects.php', 113)
 2 SYSTEMPATH/View/View.php(213): include('APPPATH/Views/projects.php')
 3 SYSTEMPATH/View/View.php(216): CodeIgniter\View\View->CodeIgniter\View\{closure}()
 4 SYSTEMPATH/Common.php(1134): CodeIgniter\View\View->render('projects', [], true)
 5 APPPATH/Controllers/Projects.php(50): view('projects', [...])
 6 SYSTEMPATH/CodeIgniter.php(927): App\Controllers\Projects->index()
 7 SYSTEMPATH/CodeIgniter.php(482): CodeIgniter\CodeIgniter->runController(Object(App\Controllers\Projects))
 8 SYSTEMPATH/CodeIgniter.php(351): CodeIgniter\CodeIgniter->handleRequest(null, Object(Config\Cache), false)
 9 FCPATH/index.php(67): CodeIgniter\CodeIgniter->run()
10 SYSTEMPATH/Commands/Server/rewrite.php(46): require_once('FCPATH/index.php')
CRITICAL - 2023-03-20 20:29:56 --> Undefined array key "project_id"
in APPPATH/Controllers/Projects.php on line 285.
 1 APPPATH/Controllers/Projects.php(285): CodeIgniter\Debug\Exceptions->errorHandler(2, 'Undefined array key "project_id"', 'APPPATH/Controllers/Projects.php', 285)
 2 SYSTEMPATH/CodeIgniter.php(927): App\Controllers\Projects->editProject()
 3 SYSTEMPATH/CodeIgniter.php(482): CodeIgniter\CodeIgniter->runController(Object(App\Controllers\Projects))
 4 SYSTEMPATH/CodeIgniter.php(351): CodeIgniter\CodeIgniter->handleRequest(null, Object(Config\Cache), false)
 5 FCPATH/index.php(67): CodeIgniter\CodeIgniter->run()
 6 SYSTEMPATH/Commands/Server/rewrite.php(46): require_once('FCPATH/index.php')
ERROR - 2023-03-20 20:41:02 --> mysqli_sql_exception: Unknown column 'status' in 'field list' in /Applications/MAMP/htdocs/OnGoing/New/February 2023/MCCProject_v1/vendor/codeigniter4/framework/system/Database/MySQLi/Connection.php:292
Stack trace:
#0 /Applications/MAMP/htdocs/OnGoing/New/February 2023/MCCProject_v1/vendor/codeigniter4/framework/system/Database/MySQLi/Connection.php(292): mysqli->query('UPDATE `managem...', 0)
#1 /Applications/MAMP/htdocs/OnGoing/New/February 2023/MCCProject_v1/vendor/codeigniter4/framework/system/Database/BaseConnection.php(666): CodeIgniter\Database\MySQLi\Connection->execute('UPDATE `managem...')
#2 /Applications/MAMP/htdocs/OnGoing/New/February 2023/MCCProject_v1/vendor/codeigniter4/framework/system/Database/BaseConnection.php(593): CodeIgniter\Database\BaseConnection->simpleQuery('UPDATE `managem...')
#3 /Applications/MAMP/htdocs/OnGoing/New/February 2023/MCCProject_v1/vendor/codeigniter4/framework/system/Database/BaseBuilder.php(2079): CodeIgniter\Database\BaseConnection->query('UPDATE `managem...', Array, false)
#4 /Applications/MAMP/htdocs/OnGoing/New/February 2023/MCCProject_v1/app/Models/ManagementModel.php(41): CodeIgniter\Database\BaseBuilder->update(Array, Array)
#5 /Applications/MAMP/htdocs/OnGoing/New/February 2023/MCCProject_v1/app/Controllers/Management.php(207): App\Models\ManagementModel->updateMember(Array, 'MB2303167898058...')
#6 /Applications/MAMP/htdocs/OnGoing/New/February 2023/MCCProject_v1/vendor/codeigniter4/framework/system/CodeIgniter.php(927): App\Controllers\Management->deleteMember()
#7 /Applications/MAMP/htdocs/OnGoing/New/February 2023/MCCProject_v1/vendor/codeigniter4/framework/system/CodeIgniter.php(482): CodeIgniter\CodeIgniter->runController(Object(App\Controllers\Management))
#8 /Applications/MAMP/htdocs/OnGoing/New/February 2023/MCCProject_v1/vendor/codeigniter4/framework/system/CodeIgniter.php(351): CodeIgniter\CodeIgniter->handleRequest(NULL, Object(Config\Cache), false)
#9 /Applications/MAMP/htdocs/OnGoing/New/February 2023/MCCProject_v1/public/index.php(67): CodeIgniter\CodeIgniter->run()
#10 /Applications/MAMP/htdocs/OnGoing/New/February 2023/MCCProject_v1/vendor/codeigniter4/framework/system/Commands/Server/rewrite.php(46): require_once('/Applications/M...')
#11 {main}
CRITICAL - 2023-03-20 20:41:02 --> Unknown column 'status' in 'field list'
in SYSTEMPATH/Database/MySQLi/Connection.php on line 292.
 1 SYSTEMPATH/Database/MySQLi/Connection.php(292): mysqli->query('UPDATE `management` SET `status` = 0, `deleted_flag` = 1, `deleted_on` = \'2023-03-20 20:41:02\', `deleted_by` = \'US230315395904818\'
WHERE `member_id` = \'MB230316789805838\'', 0)
 2 SYSTEMPATH/Database/BaseConnection.php(666): CodeIgniter\Database\MySQLi\Connection->execute('UPDATE `management` SET `status` = 0, `deleted_flag` = 1, `deleted_on` = \'2023-03-20 20:41:02\', `deleted_by` = \'US230315395904818\'
WHERE `member_id` = \'MB230316789805838\'')
 3 SYSTEMPATH/Database/BaseConnection.php(593): CodeIgniter\Database\BaseConnection->simpleQuery('UPDATE `management` SET `status` = 0, `deleted_flag` = 1, `deleted_on` = \'2023-03-20 20:41:02\', `deleted_by` = \'US230315395904818\'
WHERE `member_id` = \'MB230316789805838\'')
 4 SYSTEMPATH/Database/BaseBuilder.php(2079): CodeIgniter\Database\BaseConnection->query('UPDATE `management` SET `status` = :status:, `deleted_flag` = :deleted_flag:, `deleted_on` = :deleted_on:, `deleted_by` = :deleted_by:
WHERE `member_id` = :member_id:', [...], false)
 5 APPPATH/Models/ManagementModel.php(41): CodeIgniter\Database\BaseBuilder->update([...], [...])
 6 APPPATH/Controllers/Management.php(207): App\Models\ManagementModel->updateMember([...], 'MB230316789805838')
 7 SYSTEMPATH/CodeIgniter.php(927): App\Controllers\Management->deleteMember()
 8 SYSTEMPATH/CodeIgniter.php(482): CodeIgniter\CodeIgniter->runController(Object(App\Controllers\Management))
 9 SYSTEMPATH/CodeIgniter.php(351): CodeIgniter\CodeIgniter->handleRequest(null, Object(Config\Cache), false)
10 FCPATH/index.php(67): CodeIgniter\CodeIgniter->run()
11 SYSTEMPATH/Commands/Server/rewrite.php(46): require_once('FCPATH/index.php')
CRITICAL - 2023-03-20 21:04:20 --> Call to undefined method App\Models\ProjectsModel::updateEmployee
in SYSTEMPATH/Model.php on line 774.
 1 APPPATH/Controllers/Employees.php(318): CodeIgniter\Model->__call('updateEmployee', [...])
 2 SYSTEMPATH/CodeIgniter.php(927): App\Controllers\Employees->deleteEmployee()
 3 SYSTEMPATH/CodeIgniter.php(482): CodeIgniter\CodeIgniter->runController(Object(App\Controllers\Employees))
 4 SYSTEMPATH/CodeIgniter.php(351): CodeIgniter\CodeIgniter->handleRequest(null, Object(Config\Cache), false)
 5 FCPATH/index.php(67): CodeIgniter\CodeIgniter->run()
 6 SYSTEMPATH/Commands/Server/rewrite.php(46): require_once('FCPATH/index.php')
CRITICAL - 2023-03-20 21:48:57 --> CodeIgniter\Database\BaseResult::getResult(): Argument #1 ($type) must be of type string, null given, called in /Applications/MAMP/htdocs/OnGoing/New/February 2023/MCCProject_v1/vendor/codeigniter4/framework/system/Model.php on line 224
in SYSTEMPATH/Database/BaseResult.php on line 96.
 1 SYSTEMPATH/Model.php(224): CodeIgniter\Database\BaseResult->getResult(null)
 2 SYSTEMPATH/BaseModel.php(585): CodeIgniter\Model->doFindAll(10, 0)
 3 SYSTEMPATH/BaseModel.php(1110): CodeIgniter\BaseModel->findAll(10, 0)
 4 APPPATH/Controllers/Attendance.php(30): CodeIgniter\BaseModel->paginate(10)
 5 SYSTEMPATH/CodeIgniter.php(927): App\Controllers\Attendance->index()
 6 SYSTEMPATH/CodeIgniter.php(482): CodeIgniter\CodeIgniter->runController(Object(App\Controllers\Attendance))
 7 SYSTEMPATH/CodeIgniter.php(351): CodeIgniter\CodeIgniter->handleRequest(null, Object(Config\Cache), false)
 8 FCPATH/index.php(67): CodeIgniter\CodeIgniter->run()
 9 SYSTEMPATH/Commands/Server/rewrite.php(46): require_once('FCPATH/index.php')
CRITICAL - 2023-03-20 21:50:11 --> CodeIgniter\Database\BaseResult::getResult(): Argument #1 ($type) must be of type string, null given, called in /Applications/MAMP/htdocs/OnGoing/New/February 2023/MCCProject_v1/vendor/codeigniter4/framework/system/Model.php on line 224
in SYSTEMPATH/Database/BaseResult.php on line 96.
 1 SYSTEMPATH/Model.php(224): CodeIgniter\Database\BaseResult->getResult(null)
 2 SYSTEMPATH/BaseModel.php(585): CodeIgniter\Model->doFindAll(10, 0)
 3 SYSTEMPATH/BaseModel.php(1110): CodeIgniter\BaseModel->findAll(10, 0)
 4 APPPATH/Controllers/Attendance.php(30): CodeIgniter\BaseModel->paginate(10)
 5 SYSTEMPATH/CodeIgniter.php(927): App\Controllers\Attendance->index()
 6 SYSTEMPATH/CodeIgniter.php(482): CodeIgniter\CodeIgniter->runController(Object(App\Controllers\Attendance))
 7 SYSTEMPATH/CodeIgniter.php(351): CodeIgniter\CodeIgniter->handleRequest(null, Object(Config\Cache), false)
 8 FCPATH/index.php(67): CodeIgniter\CodeIgniter->run()
 9 SYSTEMPATH/Commands/Server/rewrite.php(46): require_once('FCPATH/index.php')
