CRITICAL - 2023-03-26 05:53:50 --> Undefined array key "employees"
in APPPATH/Views/reports.php on line 60.
 1 APPPATH/Views/reports.php(60): CodeIgniter\Debug\Exceptions->errorHandler(2, 'Undefined array key "employees"', 'APPPATH/Views/reports.php', 60)
 2 SYSTEMPATH/View/View.php(213): include('APPPATH/Views/reports.php')
 3 SYSTEMPATH/View/View.php(216): CodeIgniter\View\View->CodeIgniter\View\{closure}()
 4 SYSTEMPATH/Common.php(1134): CodeIgniter\View\View->render('reports', [], true)
 5 APPPATH/Controllers/Reports.php(43): view('reports', [...])
 6 SYSTEMPATH/CodeIgniter.php(927): App\Controllers\Reports->index()
 7 SYSTEMPATH/CodeIgniter.php(482): CodeIgniter\CodeIgniter->runController(Object(App\Controllers\Reports))
 8 SYSTEMPATH/CodeIgniter.php(351): CodeIgniter\CodeIgniter->handleRequest(null, Object(Config\Cache), false)
 9 FCPATH/index.php(67): CodeIgniter\CodeIgniter->run()
10 SYSTEMPATH/Commands/Server/rewrite.php(46): require_once('FCPATH/index.php')
CRITICAL - 2023-03-26 05:56:20 --> foreach() argument must be of type array|object, string given
in APPPATH/Views/reports.php on line 62.
 1 APPPATH/Views/reports.php(62): CodeIgniter\Debug\Exceptions->errorHandler(2, 'foreach() argument must be of type array|object, string given', 'APPPATH/Views/reports.php', 62)
 2 SYSTEMPATH/View/View.php(213): include('APPPATH/Views/reports.php')
 3 SYSTEMPATH/View/View.php(216): CodeIgniter\View\View->CodeIgniter\View\{closure}()
 4 SYSTEMPATH/Common.php(1134): CodeIgniter\View\View->render('reports', [], true)
 5 APPPATH/Controllers/Reports.php(43): view('reports', [...])
 6 SYSTEMPATH/CodeIgniter.php(927): App\Controllers\Reports->index()
 7 SYSTEMPATH/CodeIgniter.php(482): CodeIgniter\CodeIgniter->runController(Object(App\Controllers\Reports))
 8 SYSTEMPATH/CodeIgniter.php(351): CodeIgniter\CodeIgniter->handleRequest(null, Object(Config\Cache), false)
 9 FCPATH/index.php(67): CodeIgniter\CodeIgniter->run()
10 SYSTEMPATH/Commands/Server/rewrite.php(46): require_once('FCPATH/index.php')
CRITICAL - 2023-03-26 05:59:35 --> foreach() argument must be of type array|object, string given
in APPPATH/Views/reports.php on line 63.
 1 APPPATH/Views/reports.php(63): CodeIgniter\Debug\Exceptions->errorHandler(2, 'foreach() argument must be of type array|object, string given', 'APPPATH/Views/reports.php', 63)
 2 SYSTEMPATH/View/View.php(213): include('APPPATH/Views/reports.php')
 3 SYSTEMPATH/View/View.php(216): CodeIgniter\View\View->CodeIgniter\View\{closure}()
 4 SYSTEMPATH/Common.php(1134): CodeIgniter\View\View->render('reports', [], true)
 5 APPPATH/Controllers/Reports.php(43): view('reports', [...])
 6 SYSTEMPATH/CodeIgniter.php(927): App\Controllers\Reports->index()
 7 SYSTEMPATH/CodeIgniter.php(482): CodeIgniter\CodeIgniter->runController(Object(App\Controllers\Reports))
 8 SYSTEMPATH/CodeIgniter.php(351): CodeIgniter\CodeIgniter->handleRequest(null, Object(Config\Cache), false)
 9 FCPATH/index.php(67): CodeIgniter\CodeIgniter->run()
10 SYSTEMPATH/Commands/Server/rewrite.php(46): require_once('FCPATH/index.php')
CRITICAL - 2023-03-26 05:59:50 --> foreach() argument must be of type array|object, string given
in APPPATH/Views/reports.php on line 63.
 1 APPPATH/Views/reports.php(63): CodeIgniter\Debug\Exceptions->errorHandler(2, 'foreach() argument must be of type array|object, string given', 'APPPATH/Views/reports.php', 63)
 2 SYSTEMPATH/View/View.php(213): include('APPPATH/Views/reports.php')
 3 SYSTEMPATH/View/View.php(216): CodeIgniter\View\View->CodeIgniter\View\{closure}()
 4 SYSTEMPATH/Common.php(1134): CodeIgniter\View\View->render('reports', [], true)
 5 APPPATH/Controllers/Reports.php(43): view('reports', [...])
 6 SYSTEMPATH/CodeIgniter.php(927): App\Controllers\Reports->index()
 7 SYSTEMPATH/CodeIgniter.php(482): CodeIgniter\CodeIgniter->runController(Object(App\Controllers\Reports))
 8 SYSTEMPATH/CodeIgniter.php(351): CodeIgniter\CodeIgniter->handleRequest(null, Object(Config\Cache), false)
 9 FCPATH/index.php(67): CodeIgniter\CodeIgniter->run()
10 SYSTEMPATH/Commands/Server/rewrite.php(46): require_once('FCPATH/index.php')
CRITICAL - 2023-03-26 05:59:51 --> foreach() argument must be of type array|object, string given
in APPPATH/Views/reports.php on line 63.
 1 APPPATH/Views/reports.php(63): CodeIgniter\Debug\Exceptions->errorHandler(2, 'foreach() argument must be of type array|object, string given', 'APPPATH/Views/reports.php', 63)
 2 SYSTEMPATH/View/View.php(213): include('APPPATH/Views/reports.php')
 3 SYSTEMPATH/View/View.php(216): CodeIgniter\View\View->CodeIgniter\View\{closure}()
 4 SYSTEMPATH/Common.php(1134): CodeIgniter\View\View->render('reports', [], true)
 5 APPPATH/Controllers/Reports.php(43): view('reports', [...])
 6 SYSTEMPATH/CodeIgniter.php(927): App\Controllers\Reports->index()
 7 SYSTEMPATH/CodeIgniter.php(482): CodeIgniter\CodeIgniter->runController(Object(App\Controllers\Reports))
 8 SYSTEMPATH/CodeIgniter.php(351): CodeIgniter\CodeIgniter->handleRequest(null, Object(Config\Cache), false)
 9 FCPATH/index.php(67): CodeIgniter\CodeIgniter->run()
10 SYSTEMPATH/Commands/Server/rewrite.php(46): require_once('FCPATH/index.php')
CRITICAL - 2023-03-26 05:59:51 --> foreach() argument must be of type array|object, string given
in APPPATH/Views/reports.php on line 63.
 1 APPPATH/Views/reports.php(63): CodeIgniter\Debug\Exceptions->errorHandler(2, 'foreach() argument must be of type array|object, string given', 'APPPATH/Views/reports.php', 63)
 2 SYSTEMPATH/View/View.php(213): include('APPPATH/Views/reports.php')
 3 SYSTEMPATH/View/View.php(216): CodeIgniter\View\View->CodeIgniter\View\{closure}()
 4 SYSTEMPATH/Common.php(1134): CodeIgniter\View\View->render('reports', [], true)
 5 APPPATH/Controllers/Reports.php(43): view('reports', [...])
 6 SYSTEMPATH/CodeIgniter.php(927): App\Controllers\Reports->index()
 7 SYSTEMPATH/CodeIgniter.php(482): CodeIgniter\CodeIgniter->runController(Object(App\Controllers\Reports))
 8 SYSTEMPATH/CodeIgniter.php(351): CodeIgniter\CodeIgniter->handleRequest(null, Object(Config\Cache), false)
 9 FCPATH/index.php(67): CodeIgniter\CodeIgniter->run()
10 SYSTEMPATH/Commands/Server/rewrite.php(46): require_once('FCPATH/index.php')
CRITICAL - 2023-03-26 05:59:58 --> foreach() argument must be of type array|object, string given
in APPPATH/Views/reports.php on line 63.
 1 APPPATH/Views/reports.php(63): CodeIgniter\Debug\Exceptions->errorHandler(2, 'foreach() argument must be of type array|object, string given', 'APPPATH/Views/reports.php', 63)
 2 SYSTEMPATH/View/View.php(213): include('APPPATH/Views/reports.php')
 3 SYSTEMPATH/View/View.php(216): CodeIgniter\View\View->CodeIgniter\View\{closure}()
 4 SYSTEMPATH/Common.php(1134): CodeIgniter\View\View->render('reports', [], true)
 5 APPPATH/Controllers/Reports.php(43): view('reports', [...])
 6 SYSTEMPATH/CodeIgniter.php(927): App\Controllers\Reports->index()
 7 SYSTEMPATH/CodeIgniter.php(482): CodeIgniter\CodeIgniter->runController(Object(App\Controllers\Reports))
 8 SYSTEMPATH/CodeIgniter.php(351): CodeIgniter\CodeIgniter->handleRequest(null, Object(Config\Cache), false)
 9 FCPATH/index.php(67): CodeIgniter\CodeIgniter->run()
10 SYSTEMPATH/Commands/Server/rewrite.php(46): require_once('FCPATH/index.php')
CRITICAL - 2023-03-26 06:00:44 --> foreach() argument must be of type array|object, string given
in APPPATH/Views/reports.php on line 63.
 1 APPPATH/Views/reports.php(63): CodeIgniter\Debug\Exceptions->errorHandler(2, 'foreach() argument must be of type array|object, string given', 'APPPATH/Views/reports.php', 63)
 2 SYSTEMPATH/View/View.php(213): include('APPPATH/Views/reports.php')
 3 SYSTEMPATH/View/View.php(216): CodeIgniter\View\View->CodeIgniter\View\{closure}()
 4 SYSTEMPATH/Common.php(1134): CodeIgniter\View\View->render('reports', [], true)
 5 APPPATH/Controllers/Reports.php(43): view('reports', [...])
 6 SYSTEMPATH/CodeIgniter.php(927): App\Controllers\Reports->index()
 7 SYSTEMPATH/CodeIgniter.php(482): CodeIgniter\CodeIgniter->runController(Object(App\Controllers\Reports))
 8 SYSTEMPATH/CodeIgniter.php(351): CodeIgniter\CodeIgniter->handleRequest(null, Object(Config\Cache), false)
 9 FCPATH/index.php(67): CodeIgniter\CodeIgniter->run()
10 SYSTEMPATH/Commands/Server/rewrite.php(46): require_once('FCPATH/index.php')
CRITICAL - 2023-03-26 06:00:48 --> foreach() argument must be of type array|object, string given
in APPPATH/Views/reports.php on line 63.
 1 APPPATH/Views/reports.php(63): CodeIgniter\Debug\Exceptions->errorHandler(2, 'foreach() argument must be of type array|object, string given', 'APPPATH/Views/reports.php', 63)
 2 SYSTEMPATH/View/View.php(213): include('APPPATH/Views/reports.php')
 3 SYSTEMPATH/View/View.php(216): CodeIgniter\View\View->CodeIgniter\View\{closure}()
 4 SYSTEMPATH/Common.php(1134): CodeIgniter\View\View->render('reports', [], true)
 5 APPPATH/Controllers/Reports.php(43): view('reports', [...])
 6 SYSTEMPATH/CodeIgniter.php(927): App\Controllers\Reports->index()
 7 SYSTEMPATH/CodeIgniter.php(482): CodeIgniter\CodeIgniter->runController(Object(App\Controllers\Reports))
 8 SYSTEMPATH/CodeIgniter.php(351): CodeIgniter\CodeIgniter->handleRequest(null, Object(Config\Cache), false)
 9 FCPATH/index.php(67): CodeIgniter\CodeIgniter->run()
10 SYSTEMPATH/Commands/Server/rewrite.php(46): require_once('FCPATH/index.php')
CRITICAL - 2023-03-26 06:01:23 --> foreach() argument must be of type array|object, string given
in APPPATH/Views/reports.php on line 63.
 1 APPPATH/Views/reports.php(63): CodeIgniter\Debug\Exceptions->errorHandler(2, 'foreach() argument must be of type array|object, string given', 'APPPATH/Views/reports.php', 63)
 2 SYSTEMPATH/View/View.php(213): include('APPPATH/Views/reports.php')
 3 SYSTEMPATH/View/View.php(216): CodeIgniter\View\View->CodeIgniter\View\{closure}()
 4 SYSTEMPATH/Common.php(1134): CodeIgniter\View\View->render('reports', [], true)
 5 APPPATH/Controllers/Reports.php(43): view('reports', [...])
 6 SYSTEMPATH/CodeIgniter.php(927): App\Controllers\Reports->index()
 7 SYSTEMPATH/CodeIgniter.php(482): CodeIgniter\CodeIgniter->runController(Object(App\Controllers\Reports))
 8 SYSTEMPATH/CodeIgniter.php(351): CodeIgniter\CodeIgniter->handleRequest(null, Object(Config\Cache), false)
 9 FCPATH/index.php(67): CodeIgniter\CodeIgniter->run()
10 SYSTEMPATH/Commands/Server/rewrite.php(46): require_once('FCPATH/index.php')
CRITICAL - 2023-03-26 06:03:01 --> Undefined array key "attendees"
in APPPATH/Views/reports.php on line 43.
 1 APPPATH/Views/reports.php(43): CodeIgniter\Debug\Exceptions->errorHandler(2, 'Undefined array key "attendees"', 'APPPATH/Views/reports.php', 43)
 2 SYSTEMPATH/View/View.php(213): include('APPPATH/Views/reports.php')
 3 SYSTEMPATH/View/View.php(216): CodeIgniter\View\View->CodeIgniter\View\{closure}()
 4 SYSTEMPATH/Common.php(1134): CodeIgniter\View\View->render('reports', [], true)
 5 APPPATH/Controllers/Reports.php(43): view('reports', [...])
 6 SYSTEMPATH/CodeIgniter.php(927): App\Controllers\Reports->index()
 7 SYSTEMPATH/CodeIgniter.php(482): CodeIgniter\CodeIgniter->runController(Object(App\Controllers\Reports))
 8 SYSTEMPATH/CodeIgniter.php(351): CodeIgniter\CodeIgniter->handleRequest(null, Object(Config\Cache), false)
 9 FCPATH/index.php(67): CodeIgniter\CodeIgniter->run()
10 SYSTEMPATH/Commands/Server/rewrite.php(46): require_once('FCPATH/index.php')
CRITICAL - 2023-03-26 06:28:22 --> Array to string conversion
in APPPATH/Views/reports.php on line 79.
 1 APPPATH/Views/reports.php(79): CodeIgniter\Debug\Exceptions->errorHandler(2, 'Array to string conversion', 'APPPATH/Views/reports.php', 79)
 2 SYSTEMPATH/View/View.php(213): include('APPPATH/Views/reports.php')
 3 SYSTEMPATH/View/View.php(216): CodeIgniter\View\View->CodeIgniter\View\{closure}()
 4 SYSTEMPATH/Common.php(1134): CodeIgniter\View\View->render('reports', [], true)
 5 APPPATH/Controllers/Reports.php(43): view('reports', [...])
 6 SYSTEMPATH/CodeIgniter.php(927): App\Controllers\Reports->index()
 7 SYSTEMPATH/CodeIgniter.php(482): CodeIgniter\CodeIgniter->runController(Object(App\Controllers\Reports))
 8 SYSTEMPATH/CodeIgniter.php(351): CodeIgniter\CodeIgniter->handleRequest(null, Object(Config\Cache), false)
 9 FCPATH/index.php(67): CodeIgniter\CodeIgniter->run()
10 SYSTEMPATH/Commands/Server/rewrite.php(46): require_once('FCPATH/index.php')
CRITICAL - 2023-03-26 06:31:07 --> Undefined variable $employee_details
in APPPATH/Views/reports.php on line 64.
 1 APPPATH/Views/reports.php(64): CodeIgniter\Debug\Exceptions->errorHandler(2, 'Undefined variable $employee_details', 'APPPATH/Views/reports.php', 64)
 2 SYSTEMPATH/View/View.php(213): include('APPPATH/Views/reports.php')
 3 SYSTEMPATH/View/View.php(216): CodeIgniter\View\View->CodeIgniter\View\{closure}()
 4 SYSTEMPATH/Common.php(1134): CodeIgniter\View\View->render('reports', [], true)
 5 APPPATH/Controllers/Reports.php(43): view('reports', [...])
 6 SYSTEMPATH/CodeIgniter.php(927): App\Controllers\Reports->index()
 7 SYSTEMPATH/CodeIgniter.php(482): CodeIgniter\CodeIgniter->runController(Object(App\Controllers\Reports))
 8 SYSTEMPATH/CodeIgniter.php(351): CodeIgniter\CodeIgniter->handleRequest(null, Object(Config\Cache), false)
 9 FCPATH/index.php(67): CodeIgniter\CodeIgniter->run()
10 SYSTEMPATH/Commands/Server/rewrite.php(46): require_once('FCPATH/index.php')
CRITICAL - 2023-03-26 12:00:34 --> Undefined array key "user"
in APPPATH/Controllers/Reports.php on line 20.
 1 APPPATH/Controllers/Reports.php(20): CodeIgniter\Debug\Exceptions->errorHandler(2, 'Undefined array key "user"', 'APPPATH/Controllers/Reports.php', 20)
 2 SYSTEMPATH/CodeIgniter.php(927): App\Controllers\Reports->index()
 3 SYSTEMPATH/CodeIgniter.php(482): CodeIgniter\CodeIgniter->runController(Object(App\Controllers\Reports))
 4 SYSTEMPATH/CodeIgniter.php(351): CodeIgniter\CodeIgniter->handleRequest(null, Object(Config\Cache), false)
 5 FCPATH/index.php(67): CodeIgniter\CodeIgniter->run()
 6 SYSTEMPATH/Commands/Server/rewrite.php(46): require_once('FCPATH/index.php')
CRITICAL - 2023-03-26 12:26:50 --> Undefined variable $employees
in APPPATH/Views/reports.php on line 67.
 1 APPPATH/Views/reports.php(67): CodeIgniter\Debug\Exceptions->errorHandler(2, 'Undefined variable $employees', 'APPPATH/Views/reports.php', 67)
 2 SYSTEMPATH/View/View.php(213): include('APPPATH/Views/reports.php')
 3 SYSTEMPATH/View/View.php(216): CodeIgniter\View\View->CodeIgniter\View\{closure}()
 4 SYSTEMPATH/Common.php(1134): CodeIgniter\View\View->render('reports', [], true)
 5 APPPATH/Controllers/Reports.php(43): view('reports', [...])
 6 SYSTEMPATH/CodeIgniter.php(927): App\Controllers\Reports->index()
 7 SYSTEMPATH/CodeIgniter.php(482): CodeIgniter\CodeIgniter->runController(Object(App\Controllers\Reports))
 8 SYSTEMPATH/CodeIgniter.php(351): CodeIgniter\CodeIgniter->handleRequest(null, Object(Config\Cache), false)
 9 FCPATH/index.php(67): CodeIgniter\CodeIgniter->run()
10 SYSTEMPATH/Commands/Server/rewrite.php(46): require_once('FCPATH/index.php')
CRITICAL - 2023-03-26 12:43:29 --> Array to string conversion
in APPPATH/Views/reports.php on line 91.
 1 APPPATH/Views/reports.php(91): CodeIgniter\Debug\Exceptions->errorHandler(2, 'Array to string conversion', 'APPPATH/Views/reports.php', 91)
 2 SYSTEMPATH/View/View.php(213): include('APPPATH/Views/reports.php')
 3 SYSTEMPATH/View/View.php(216): CodeIgniter\View\View->CodeIgniter\View\{closure}()
 4 SYSTEMPATH/Common.php(1134): CodeIgniter\View\View->render('reports', [], true)
 5 APPPATH/Controllers/Reports.php(43): view('reports', [...])
 6 SYSTEMPATH/CodeIgniter.php(927): App\Controllers\Reports->index()
 7 SYSTEMPATH/CodeIgniter.php(482): CodeIgniter\CodeIgniter->runController(Object(App\Controllers\Reports))
 8 SYSTEMPATH/CodeIgniter.php(351): CodeIgniter\CodeIgniter->handleRequest(null, Object(Config\Cache), false)
 9 FCPATH/index.php(67): CodeIgniter\CodeIgniter->run()
10 SYSTEMPATH/Commands/Server/rewrite.php(46): require_once('FCPATH/index.php')
CRITICAL - 2023-03-26 12:46:44 --> Undefined variable $attendanceData
in APPPATH/Views/reports.php on line 91.
 1 APPPATH/Views/reports.php(91): CodeIgniter\Debug\Exceptions->errorHandler(2, 'Undefined variable $attendanceData', 'APPPATH/Views/reports.php', 91)
 2 SYSTEMPATH/View/View.php(213): include('APPPATH/Views/reports.php')
 3 SYSTEMPATH/View/View.php(216): CodeIgniter\View\View->CodeIgniter\View\{closure}()
 4 SYSTEMPATH/Common.php(1134): CodeIgniter\View\View->render('reports', [], true)
 5 APPPATH/Controllers/Reports.php(43): view('reports', [...])
 6 SYSTEMPATH/CodeIgniter.php(927): App\Controllers\Reports->index()
 7 SYSTEMPATH/CodeIgniter.php(482): CodeIgniter\CodeIgniter->runController(Object(App\Controllers\Reports))
 8 SYSTEMPATH/CodeIgniter.php(351): CodeIgniter\CodeIgniter->handleRequest(null, Object(Config\Cache), false)
 9 FCPATH/index.php(67): CodeIgniter\CodeIgniter->run()
10 SYSTEMPATH/Commands/Server/rewrite.php(46): require_once('FCPATH/index.php')
CRITICAL - 2023-03-26 13:03:14 --> foreach() argument must be of type array|object, string given
in APPPATH/Views/reports.php on line 68.
 1 APPPATH/Views/reports.php(68): CodeIgniter\Debug\Exceptions->errorHandler(2, 'foreach() argument must be of type array|object, string given', 'APPPATH/Views/reports.php', 68)
 2 SYSTEMPATH/View/View.php(213): include('APPPATH/Views/reports.php')
 3 SYSTEMPATH/View/View.php(216): CodeIgniter\View\View->CodeIgniter\View\{closure}()
 4 SYSTEMPATH/Common.php(1134): CodeIgniter\View\View->render('reports', [], true)
 5 APPPATH/Controllers/Reports.php(43): view('reports', [...])
 6 SYSTEMPATH/CodeIgniter.php(927): App\Controllers\Reports->index()
 7 SYSTEMPATH/CodeIgniter.php(482): CodeIgniter\CodeIgniter->runController(Object(App\Controllers\Reports))
 8 SYSTEMPATH/CodeIgniter.php(351): CodeIgniter\CodeIgniter->handleRequest(null, Object(Config\Cache), false)
 9 FCPATH/index.php(67): CodeIgniter\CodeIgniter->run()
10 SYSTEMPATH/Commands/Server/rewrite.php(46): require_once('FCPATH/index.php')
CRITICAL - 2023-03-26 13:03:59 --> foreach() argument must be of type array|object, string given
in APPPATH/Views/reports.php on line 68.
 1 APPPATH/Views/reports.php(68): CodeIgniter\Debug\Exceptions->errorHandler(2, 'foreach() argument must be of type array|object, string given', 'APPPATH/Views/reports.php', 68)
 2 SYSTEMPATH/View/View.php(213): include('APPPATH/Views/reports.php')
 3 SYSTEMPATH/View/View.php(216): CodeIgniter\View\View->CodeIgniter\View\{closure}()
 4 SYSTEMPATH/Common.php(1134): CodeIgniter\View\View->render('reports', [], true)
 5 APPPATH/Controllers/Reports.php(43): view('reports', [...])
 6 SYSTEMPATH/CodeIgniter.php(927): App\Controllers\Reports->index()
 7 SYSTEMPATH/CodeIgniter.php(482): CodeIgniter\CodeIgniter->runController(Object(App\Controllers\Reports))
 8 SYSTEMPATH/CodeIgniter.php(351): CodeIgniter\CodeIgniter->handleRequest(null, Object(Config\Cache), false)
 9 FCPATH/index.php(67): CodeIgniter\CodeIgniter->run()
10 SYSTEMPATH/Commands/Server/rewrite.php(46): require_once('FCPATH/index.php')
CRITICAL - 2023-03-26 13:04:01 --> foreach() argument must be of type array|object, string given
in APPPATH/Views/reports.php on line 68.
 1 APPPATH/Views/reports.php(68): CodeIgniter\Debug\Exceptions->errorHandler(2, 'foreach() argument must be of type array|object, string given', 'APPPATH/Views/reports.php', 68)
 2 SYSTEMPATH/View/View.php(213): include('APPPATH/Views/reports.php')
 3 SYSTEMPATH/View/View.php(216): CodeIgniter\View\View->CodeIgniter\View\{closure}()
 4 SYSTEMPATH/Common.php(1134): CodeIgniter\View\View->render('reports', [], true)
 5 APPPATH/Controllers/Reports.php(43): view('reports', [...])
 6 SYSTEMPATH/CodeIgniter.php(927): App\Controllers\Reports->index()
 7 SYSTEMPATH/CodeIgniter.php(482): CodeIgniter\CodeIgniter->runController(Object(App\Controllers\Reports))
 8 SYSTEMPATH/CodeIgniter.php(351): CodeIgniter\CodeIgniter->handleRequest(null, Object(Config\Cache), false)
 9 FCPATH/index.php(67): CodeIgniter\CodeIgniter->run()
10 SYSTEMPATH/Commands/Server/rewrite.php(46): require_once('FCPATH/index.php')
CRITICAL - 2023-03-26 13:04:18 --> foreach() argument must be of type array|object, string given
in APPPATH/Views/reports.php on line 68.
 1 APPPATH/Views/reports.php(68): CodeIgniter\Debug\Exceptions->errorHandler(2, 'foreach() argument must be of type array|object, string given', 'APPPATH/Views/reports.php', 68)
 2 SYSTEMPATH/View/View.php(213): include('APPPATH/Views/reports.php')
 3 SYSTEMPATH/View/View.php(216): CodeIgniter\View\View->CodeIgniter\View\{closure}()
 4 SYSTEMPATH/Common.php(1134): CodeIgniter\View\View->render('reports', [], true)
 5 APPPATH/Controllers/Reports.php(43): view('reports', [...])
 6 SYSTEMPATH/CodeIgniter.php(927): App\Controllers\Reports->index()
 7 SYSTEMPATH/CodeIgniter.php(482): CodeIgniter\CodeIgniter->runController(Object(App\Controllers\Reports))
 8 SYSTEMPATH/CodeIgniter.php(351): CodeIgniter\CodeIgniter->handleRequest(null, Object(Config\Cache), false)
 9 FCPATH/index.php(67): CodeIgniter\CodeIgniter->run()
10 SYSTEMPATH/Commands/Server/rewrite.php(46): require_once('FCPATH/index.php')
CRITICAL - 2023-03-26 13:40:36 --> Cannot use object of type stdClass as array
in APPPATH/Controllers/Employees.php on line 252.
 1 SYSTEMPATH/CodeIgniter.php(927): App\Controllers\Employees->assignEmployeesToProject()
 2 SYSTEMPATH/CodeIgniter.php(482): CodeIgniter\CodeIgniter->runController(Object(App\Controllers\Employees))
 3 SYSTEMPATH/CodeIgniter.php(351): CodeIgniter\CodeIgniter->handleRequest(null, Object(Config\Cache), false)
 4 FCPATH/index.php(67): CodeIgniter\CodeIgniter->run()
 5 SYSTEMPATH/Commands/Server/rewrite.php(46): require_once('FCPATH/index.php')
