ERROR - 2023-06-08 07:57:33 --> mysqli_sql_exception: Table 'citt.members' doesn't exist in /Applications/MAMP/htdocs/March2023/Innovation Web/Innovation3/vendor/codeigniter4/framework/system/Database/MySQLi/Connection.php:292
Stack trace:
#0 /Applications/MAMP/htdocs/March2023/Innovation Web/Innovation3/vendor/codeigniter4/framework/system/Database/MySQLi/Connection.php(292): mysqli->query('SELECT COUNT(*)...', 0)
#1 /Applications/MAMP/htdocs/March2023/Innovation Web/Innovation3/vendor/codeigniter4/framework/system/Database/BaseConnection.php(666): CodeIgniter\Database\MySQLi\Connection->execute('SELECT COUNT(*)...')
#2 /Applications/MAMP/htdocs/March2023/Innovation Web/Innovation3/vendor/codeigniter4/framework/system/Database/BaseConnection.php(593): CodeIgniter\Database\BaseConnection->simpleQuery('SELECT COUNT(*)...')
#3 /Applications/MAMP/htdocs/March2023/Innovation Web/Innovation3/vendor/codeigniter4/framework/system/Database/BaseBuilder.php(1669): CodeIgniter\Database\BaseConnection->query('SELECT COUNT(*)...', Array, false)
#4 /Applications/MAMP/htdocs/March2023/Innovation Web/Innovation3/vendor/codeigniter4/framework/system/Model.php(551): CodeIgniter\Database\BaseBuilder->countAllResults(false)
#5 /Applications/MAMP/htdocs/March2023/Innovation Web/Innovation3/vendor/codeigniter4/framework/system/BaseModel.php(1106): CodeIgniter\Model->countAllResults(false)
#6 /Applications/MAMP/htdocs/March2023/Innovation Web/Innovation3/app/Controllers/Members.php(24): CodeIgniter\BaseModel->paginate(10)
#7 /Applications/MAMP/htdocs/March2023/Innovation Web/Innovation3/vendor/codeigniter4/framework/system/CodeIgniter.php(927): App\Controllers\Members->index()
#8 /Applications/MAMP/htdocs/March2023/Innovation Web/Innovation3/vendor/codeigniter4/framework/system/CodeIgniter.php(482): CodeIgniter\CodeIgniter->runController(Object(App\Controllers\Members))
#9 /Applications/MAMP/htdocs/March2023/Innovation Web/Innovation3/vendor/codeigniter4/framework/system/CodeIgniter.php(351): CodeIgniter\CodeIgniter->handleRequest(NULL, Object(Config\Cache), false)
#10 /Applications/MAMP/htdocs/March2023/Innovation Web/Innovation3/public/index.php(67): CodeIgniter\CodeIgniter->run()
#11 /Applications/MAMP/htdocs/March2023/Innovation Web/Innovation3/vendor/codeigniter4/framework/system/Commands/Server/rewrite.php(46): require_once('/Applications/M...')
#12 {main}
CRITICAL - 2023-06-08 07:57:33 --> Table 'citt.members' doesn't exist
in SYSTEMPATH/Database/MySQLi/Connection.php on line 292.
 1 SYSTEMPATH/Database/MySQLi/Connection.php(292): mysqli->query('SELECT COUNT(*) AS `numrows`
FROM `members`
LEFT JOIN `branch` ON `management`.`branch_id` = `branch`.`branch_id`
WHERE `management`.`deleted_flag` = 0', 0)
 2 SYSTEMPATH/Database/BaseConnection.php(666): CodeIgniter\Database\MySQLi\Connection->execute('SELECT COUNT(*) AS `numrows`
FROM `members`
LEFT JOIN `branch` ON `management`.`branch_id` = `branch`.`branch_id`
WHERE `management`.`deleted_flag` = 0')
 3 SYSTEMPATH/Database/BaseConnection.php(593): CodeIgniter\Database\BaseConnection->simpleQuery('SELECT COUNT(*) AS `numrows`
FROM `members`
LEFT JOIN `branch` ON `management`.`branch_id` = `branch`.`branch_id`
WHERE `management`.`deleted_flag` = 0')
 4 SYSTEMPATH/Database/BaseBuilder.php(1669): CodeIgniter\Database\BaseConnection->query('SELECT COUNT(*) AS `numrows`
FROM `members`
LEFT JOIN `branch` ON `management`.`branch_id` = `branch`.`branch_id`
WHERE `management`.`deleted_flag` = :management.deleted_flag:', [...], false)
 5 SYSTEMPATH/Model.php(551): CodeIgniter\Database\BaseBuilder->countAllResults(false)
 6 SYSTEMPATH/BaseModel.php(1106): CodeIgniter\Model->countAllResults(false)
 7 APPPATH/Controllers/Members.php(24): CodeIgniter\BaseModel->paginate(10)
 8 SYSTEMPATH/CodeIgniter.php(927): App\Controllers\Members->index()
 9 SYSTEMPATH/CodeIgniter.php(482): CodeIgniter\CodeIgniter->runController(Object(App\Controllers\Members))
10 SYSTEMPATH/CodeIgniter.php(351): CodeIgniter\CodeIgniter->handleRequest(null, Object(Config\Cache), false)
11 FCPATH/index.php(67): CodeIgniter\CodeIgniter->run()
12 SYSTEMPATH/Commands/Server/rewrite.php(46): require_once('FCPATH/index.php')
CRITICAL - 2023-06-08 08:18:41 --> Array to string conversion
in APPPATH/Views/dashboard.php on line 32.
 1 APPPATH/Views/dashboard.php(32): CodeIgniter\Debug\Exceptions->errorHandler(2, 'Array to string conversion', 'APPPATH/Views/dashboard.php', 32)
 2 SYSTEMPATH/View/View.php(213): include('APPPATH/Views/dashboard.php')
 3 SYSTEMPATH/View/View.php(216): CodeIgniter\View\View->CodeIgniter\View\{closure}()
 4 SYSTEMPATH/Common.php(1134): CodeIgniter\View\View->render('dashboard', [], true)
 5 APPPATH/Controllers/Login.php(28): view('dashboard', [])
 6 SYSTEMPATH/CodeIgniter.php(927): App\Controllers\Login->dashboard()
 7 SYSTEMPATH/CodeIgniter.php(482): CodeIgniter\CodeIgniter->runController(Object(App\Controllers\Login))
 8 SYSTEMPATH/CodeIgniter.php(351): CodeIgniter\CodeIgniter->handleRequest(null, Object(Config\Cache), false)
 9 FCPATH/index.php(67): CodeIgniter\CodeIgniter->run()
10 SYSTEMPATH/Commands/Server/rewrite.php(46): require_once('FCPATH/index.php')
ERROR - 2023-06-08 08:45:08 --> mysqli_sql_exception: Unknown column 'members.branch_id' in 'order clause' in /Applications/MAMP/htdocs/March2023/Innovation Web/Innovation3/vendor/codeigniter4/framework/system/Database/MySQLi/Connection.php:292
Stack trace:
#0 /Applications/MAMP/htdocs/March2023/Innovation Web/Innovation3/vendor/codeigniter4/framework/system/Database/MySQLi/Connection.php(292): mysqli->query('SELECT *\nFROM `...', 0)
#1 /Applications/MAMP/htdocs/March2023/Innovation Web/Innovation3/vendor/codeigniter4/framework/system/Database/BaseConnection.php(666): CodeIgniter\Database\MySQLi\Connection->execute('SELECT *\nFROM `...')
#2 /Applications/MAMP/htdocs/March2023/Innovation Web/Innovation3/vendor/codeigniter4/framework/system/Database/BaseConnection.php(593): CodeIgniter\Database\BaseConnection->simpleQuery('SELECT *\nFROM `...')
#3 /Applications/MAMP/htdocs/March2023/Innovation Web/Innovation3/vendor/codeigniter4/framework/system/Database/BaseBuilder.php(1585): CodeIgniter\Database\BaseConnection->query('SELECT *\nFROM `...', Array, false)
#4 /Applications/MAMP/htdocs/March2023/Innovation Web/Innovation3/vendor/codeigniter4/framework/system/Model.php(223): CodeIgniter\Database\BaseBuilder->get()
#5 /Applications/MAMP/htdocs/March2023/Innovation Web/Innovation3/vendor/codeigniter4/framework/system/BaseModel.php(585): CodeIgniter\Model->doFindAll(10, 0)
#6 /Applications/MAMP/htdocs/March2023/Innovation Web/Innovation3/vendor/codeigniter4/framework/system/BaseModel.php(1110): CodeIgniter\BaseModel->findAll(10, 0)
#7 /Applications/MAMP/htdocs/March2023/Innovation Web/Innovation3/app/Controllers/Members.php(23): CodeIgniter\BaseModel->paginate(10)
#8 /Applications/MAMP/htdocs/March2023/Innovation Web/Innovation3/vendor/codeigniter4/framework/system/CodeIgniter.php(927): App\Controllers\Members->index()
#9 /Applications/MAMP/htdocs/March2023/Innovation Web/Innovation3/vendor/codeigniter4/framework/system/CodeIgniter.php(482): CodeIgniter\CodeIgniter->runController(Object(App\Controllers\Members))
#10 /Applications/MAMP/htdocs/March2023/Innovation Web/Innovation3/vendor/codeigniter4/framework/system/CodeIgniter.php(351): CodeIgniter\CodeIgniter->handleRequest(NULL, Object(Config\Cache), false)
#11 /Applications/MAMP/htdocs/March2023/Innovation Web/Innovation3/public/index.php(67): CodeIgniter\CodeIgniter->run()
#12 /Applications/MAMP/htdocs/March2023/Innovation Web/Innovation3/vendor/codeigniter4/framework/system/Commands/Server/rewrite.php(46): require_once('/Applications/M...')
#13 {main}
CRITICAL - 2023-06-08 08:45:08 --> Unknown column 'members.branch_id' in 'order clause'
in SYSTEMPATH/Database/MySQLi/Connection.php on line 292.
 1 SYSTEMPATH/Database/MySQLi/Connection.php(292): mysqli->query('SELECT *
FROM `members`
WHERE `members`.`deleted_flag` = 0
ORDER BY `members`.`branch_id` ASC
 LIMIT 10', 0)
 2 SYSTEMPATH/Database/BaseConnection.php(666): CodeIgniter\Database\MySQLi\Connection->execute('SELECT *
FROM `members`
WHERE `members`.`deleted_flag` = 0
ORDER BY `members`.`branch_id` ASC
 LIMIT 10')
 3 SYSTEMPATH/Database/BaseConnection.php(593): CodeIgniter\Database\BaseConnection->simpleQuery('SELECT *
FROM `members`
WHERE `members`.`deleted_flag` = 0
ORDER BY `members`.`branch_id` ASC
 LIMIT 10')
 4 SYSTEMPATH/Database/BaseBuilder.php(1585): CodeIgniter\Database\BaseConnection->query('SELECT *
FROM `members`
WHERE `members`.`deleted_flag` = :members.deleted_flag:
ORDER BY `members`.`branch_id` ASC
 LIMIT 10', [...], false)
 5 SYSTEMPATH/Model.php(223): CodeIgniter\Database\BaseBuilder->get()
 6 SYSTEMPATH/BaseModel.php(585): CodeIgniter\Model->doFindAll(10, 0)
 7 SYSTEMPATH/BaseModel.php(1110): CodeIgniter\BaseModel->findAll(10, 0)
 8 APPPATH/Controllers/Members.php(23): CodeIgniter\BaseModel->paginate(10)
 9 SYSTEMPATH/CodeIgniter.php(927): App\Controllers\Members->index()
10 SYSTEMPATH/CodeIgniter.php(482): CodeIgniter\CodeIgniter->runController(Object(App\Controllers\Members))
11 SYSTEMPATH/CodeIgniter.php(351): CodeIgniter\CodeIgniter->handleRequest(null, Object(Config\Cache), false)
12 FCPATH/index.php(67): CodeIgniter\CodeIgniter->run()
13 SYSTEMPATH/Commands/Server/rewrite.php(46): require_once('FCPATH/index.php')
CRITICAL - 2023-06-08 08:46:09 --> include(Modals/management.php): Failed to open stream: No such file or directory
in APPPATH/Views/members.php on line 144.
 1 APPPATH/Views/members.php(144): CodeIgniter\Debug\Exceptions->errorHandler(2, 'include(Modals/management.php): Failed to open stream: No such file or directory', 'APPPATH/Views/members.php', 144)
 2 APPPATH/Views/members.php(144): include()
 3 SYSTEMPATH/View/View.php(213): include('APPPATH/Views/members.php')
 4 SYSTEMPATH/View/View.php(216): CodeIgniter\View\View->CodeIgniter\View\{closure}()
 5 SYSTEMPATH/Common.php(1134): CodeIgniter\View\View->render('members', [], true)
 6 APPPATH/Controllers/Members.php(29): view('members', [...])
 7 SYSTEMPATH/CodeIgniter.php(927): App\Controllers\Members->index()
 8 SYSTEMPATH/CodeIgniter.php(482): CodeIgniter\CodeIgniter->runController(Object(App\Controllers\Members))
 9 SYSTEMPATH/CodeIgniter.php(351): CodeIgniter\CodeIgniter->handleRequest(null, Object(Config\Cache), false)
10 FCPATH/index.php(67): CodeIgniter\CodeIgniter->run()
11 SYSTEMPATH/Commands/Server/rewrite.php(46): require_once('FCPATH/index.php')
CRITICAL - 2023-06-08 08:46:31 --> Undefined array key "edit_management"
in APPPATH/Views/Modals/members.php on line 118.
 1 APPPATH/Views/Modals/members.php(118): CodeIgniter\Debug\Exceptions->errorHandler(2, 'Undefined array key "edit_management"', 'APPPATH/Views/Modals/members.php', 118)
 2 APPPATH/Views/members.php(144): include('APPPATH/Views/Modals/members.php')
 3 SYSTEMPATH/View/View.php(213): include('APPPATH/Views/members.php')
 4 SYSTEMPATH/View/View.php(216): CodeIgniter\View\View->CodeIgniter\View\{closure}()
 5 SYSTEMPATH/Common.php(1134): CodeIgniter\View\View->render('members', [], true)
 6 APPPATH/Controllers/Members.php(29): view('members', [...])
 7 SYSTEMPATH/CodeIgniter.php(927): App\Controllers\Members->index()
 8 SYSTEMPATH/CodeIgniter.php(482): CodeIgniter\CodeIgniter->runController(Object(App\Controllers\Members))
 9 SYSTEMPATH/CodeIgniter.php(351): CodeIgniter\CodeIgniter->handleRequest(null, Object(Config\Cache), false)
10 FCPATH/index.php(67): CodeIgniter\CodeIgniter->run()
11 SYSTEMPATH/Commands/Server/rewrite.php(46): require_once('FCPATH/index.php')
ERROR - 2023-06-08 09:02:39 --> mysqli_sql_exception: Operand should contain 1 column(s) in /Applications/MAMP/htdocs/March2023/Innovation Web/Innovation3/vendor/codeigniter4/framework/system/Database/MySQLi/Connection.php:292
Stack trace:
#0 /Applications/MAMP/htdocs/March2023/Innovation Web/Innovation3/vendor/codeigniter4/framework/system/Database/MySQLi/Connection.php(292): mysqli->query('INSERT INTO `me...', 0)
#1 /Applications/MAMP/htdocs/March2023/Innovation Web/Innovation3/vendor/codeigniter4/framework/system/Database/BaseConnection.php(666): CodeIgniter\Database\MySQLi\Connection->execute('INSERT INTO `me...')
#2 /Applications/MAMP/htdocs/March2023/Innovation Web/Innovation3/vendor/codeigniter4/framework/system/Database/BaseConnection.php(593): CodeIgniter\Database\BaseConnection->simpleQuery('INSERT INTO `me...')
#3 /Applications/MAMP/htdocs/March2023/Innovation Web/Innovation3/vendor/codeigniter4/framework/system/Database/BaseBuilder.php(1916): CodeIgniter\Database\BaseConnection->query('INSERT INTO `me...', Array, false)
#4 /Applications/MAMP/htdocs/March2023/Innovation Web/Innovation3/app/Models/MembersModel.php(19): CodeIgniter\Database\BaseBuilder->insert(Array)
#5 /Applications/MAMP/htdocs/March2023/Innovation Web/Innovation3/app/Controllers/Members.php(124): App\Models\MembersModel->addMember(Array)
#6 /Applications/MAMP/htdocs/March2023/Innovation Web/Innovation3/vendor/codeigniter4/framework/system/CodeIgniter.php(927): App\Controllers\Members->addMember()
#7 /Applications/MAMP/htdocs/March2023/Innovation Web/Innovation3/vendor/codeigniter4/framework/system/CodeIgniter.php(482): CodeIgniter\CodeIgniter->runController(Object(App\Controllers\Members))
#8 /Applications/MAMP/htdocs/March2023/Innovation Web/Innovation3/vendor/codeigniter4/framework/system/CodeIgniter.php(351): CodeIgniter\CodeIgniter->handleRequest(NULL, Object(Config\Cache), false)
#9 /Applications/MAMP/htdocs/March2023/Innovation Web/Innovation3/public/index.php(67): CodeIgniter\CodeIgniter->run()
#10 /Applications/MAMP/htdocs/March2023/Innovation Web/Innovation3/vendor/codeigniter4/framework/system/Commands/Server/rewrite.php(46): require_once('/Applications/M...')
#11 {main}
CRITICAL - 2023-06-08 09:02:39 --> Operand should contain 1 column(s)
in SYSTEMPATH/Database/MySQLi/Connection.php on line 292.
 1 SYSTEMPATH/Database/MySQLi/Connection.php(292): mysqli->query('INSERT INTO `members` (`member_id`, `member_details`, `email`, `phone`, `created_by`) VALUES (\'MB230608556103199\', (\'Abdulmujib\',\'Nizary\',\'Male\',\'Computer Engineering\'), \'migambile25@gmail.com\', \'0745377504\', \'US221202353908764\')', 0)
 2 SYSTEMPATH/Database/BaseConnection.php(666): CodeIgniter\Database\MySQLi\Connection->execute('INSERT INTO `members` (`member_id`, `member_details`, `email`, `phone`, `created_by`) VALUES (\'MB230608556103199\', (\'Abdulmujib\',\'Nizary\',\'Male\',\'Computer Engineering\'), \'migambile25@gmail.com\', \'0745377504\', \'US221202353908764\')')
 3 SYSTEMPATH/Database/BaseConnection.php(593): CodeIgniter\Database\BaseConnection->simpleQuery('INSERT INTO `members` (`member_id`, `member_details`, `email`, `phone`, `created_by`) VALUES (\'MB230608556103199\', (\'Abdulmujib\',\'Nizary\',\'Male\',\'Computer Engineering\'), \'migambile25@gmail.com\', \'0745377504\', \'US221202353908764\')')
 4 SYSTEMPATH/Database/BaseBuilder.php(1916): CodeIgniter\Database\BaseConnection->query('INSERT INTO `members` (`member_id`, `member_details`, `email`, `phone`, `created_by`) VALUES (:member_id:, :member_details:, :email:, :phone:, :created_by:)', [...], false)
 5 APPPATH/Models/MembersModel.php(19): CodeIgniter\Database\BaseBuilder->insert([...])
 6 APPPATH/Controllers/Members.php(124): App\Models\MembersModel->addMember([...])
 7 SYSTEMPATH/CodeIgniter.php(927): App\Controllers\Members->addMember()
 8 SYSTEMPATH/CodeIgniter.php(482): CodeIgniter\CodeIgniter->runController(Object(App\Controllers\Members))
 9 SYSTEMPATH/CodeIgniter.php(351): CodeIgniter\CodeIgniter->handleRequest(null, Object(Config\Cache), false)
10 FCPATH/index.php(67): CodeIgniter\CodeIgniter->run()
11 SYSTEMPATH/Commands/Server/rewrite.php(46): require_once('FCPATH/index.php')
ERROR - 2023-06-08 09:04:41 --> mysqli_sql_exception: Operand should contain 1 column(s) in /Applications/MAMP/htdocs/March2023/Innovation Web/Innovation3/vendor/codeigniter4/framework/system/Database/MySQLi/Connection.php:292
Stack trace:
#0 /Applications/MAMP/htdocs/March2023/Innovation Web/Innovation3/vendor/codeigniter4/framework/system/Database/MySQLi/Connection.php(292): mysqli->query('INSERT INTO `me...', 0)
#1 /Applications/MAMP/htdocs/March2023/Innovation Web/Innovation3/vendor/codeigniter4/framework/system/Database/BaseConnection.php(666): CodeIgniter\Database\MySQLi\Connection->execute('INSERT INTO `me...')
#2 /Applications/MAMP/htdocs/March2023/Innovation Web/Innovation3/vendor/codeigniter4/framework/system/Database/BaseConnection.php(593): CodeIgniter\Database\BaseConnection->simpleQuery('INSERT INTO `me...')
#3 /Applications/MAMP/htdocs/March2023/Innovation Web/Innovation3/vendor/codeigniter4/framework/system/Database/BaseBuilder.php(1916): CodeIgniter\Database\BaseConnection->query('INSERT INTO `me...', Array, false)
#4 /Applications/MAMP/htdocs/March2023/Innovation Web/Innovation3/app/Models/MembersModel.php(19): CodeIgniter\Database\BaseBuilder->insert(Array)
#5 /Applications/MAMP/htdocs/March2023/Innovation Web/Innovation3/app/Controllers/Members.php(124): App\Models\MembersModel->addMember(Array)
#6 /Applications/MAMP/htdocs/March2023/Innovation Web/Innovation3/vendor/codeigniter4/framework/system/CodeIgniter.php(927): App\Controllers\Members->addMember()
#7 /Applications/MAMP/htdocs/March2023/Innovation Web/Innovation3/vendor/codeigniter4/framework/system/CodeIgniter.php(482): CodeIgniter\CodeIgniter->runController(Object(App\Controllers\Members))
#8 /Applications/MAMP/htdocs/March2023/Innovation Web/Innovation3/vendor/codeigniter4/framework/system/CodeIgniter.php(351): CodeIgniter\CodeIgniter->handleRequest(NULL, Object(Config\Cache), false)
#9 /Applications/MAMP/htdocs/March2023/Innovation Web/Innovation3/public/index.php(67): CodeIgniter\CodeIgniter->run()
#10 /Applications/MAMP/htdocs/March2023/Innovation Web/Innovation3/vendor/codeigniter4/framework/system/Commands/Server/rewrite.php(46): require_once('/Applications/M...')
#11 {main}
CRITICAL - 2023-06-08 09:04:41 --> Operand should contain 1 column(s)
in SYSTEMPATH/Database/MySQLi/Connection.php on line 292.
 1 SYSTEMPATH/Database/MySQLi/Connection.php(292): mysqli->query('INSERT INTO `members` (`member_id`, `member_details`, `email`, `phone`, `created_by`) VALUES (\'MB230608438000687\', (\'Abdulmujib\',\'Nizary\',\'Male\',\'Computer Engineering\'), \'migambile25@gmail.com\', \'0745377504\', \'US221202353908764\')', 0)
 2 SYSTEMPATH/Database/BaseConnection.php(666): CodeIgniter\Database\MySQLi\Connection->execute('INSERT INTO `members` (`member_id`, `member_details`, `email`, `phone`, `created_by`) VALUES (\'MB230608438000687\', (\'Abdulmujib\',\'Nizary\',\'Male\',\'Computer Engineering\'), \'migambile25@gmail.com\', \'0745377504\', \'US221202353908764\')')
 3 SYSTEMPATH/Database/BaseConnection.php(593): CodeIgniter\Database\BaseConnection->simpleQuery('INSERT INTO `members` (`member_id`, `member_details`, `email`, `phone`, `created_by`) VALUES (\'MB230608438000687\', (\'Abdulmujib\',\'Nizary\',\'Male\',\'Computer Engineering\'), \'migambile25@gmail.com\', \'0745377504\', \'US221202353908764\')')
 4 SYSTEMPATH/Database/BaseBuilder.php(1916): CodeIgniter\Database\BaseConnection->query('INSERT INTO `members` (`member_id`, `member_details`, `email`, `phone`, `created_by`) VALUES (:member_id:, :member_details:, :email:, :phone:, :created_by:)', [...], false)
 5 APPPATH/Models/MembersModel.php(19): CodeIgniter\Database\BaseBuilder->insert([...])
 6 APPPATH/Controllers/Members.php(124): App\Models\MembersModel->addMember([...])
 7 SYSTEMPATH/CodeIgniter.php(927): App\Controllers\Members->addMember()
 8 SYSTEMPATH/CodeIgniter.php(482): CodeIgniter\CodeIgniter->runController(Object(App\Controllers\Members))
 9 SYSTEMPATH/CodeIgniter.php(351): CodeIgniter\CodeIgniter->handleRequest(null, Object(Config\Cache), false)
10 FCPATH/index.php(67): CodeIgniter\CodeIgniter->run()
11 SYSTEMPATH/Commands/Server/rewrite.php(46): require_once('FCPATH/index.php')
CRITICAL - 2023-06-08 09:06:29 --> Undefined array key "department"
in APPPATH/Views/members.php on line 79.
 1 APPPATH/Views/members.php(79): CodeIgniter\Debug\Exceptions->errorHandler(2, 'Undefined array key "department"', 'APPPATH/Views/members.php', 79)
 2 SYSTEMPATH/View/View.php(213): include('APPPATH/Views/members.php')
 3 SYSTEMPATH/View/View.php(216): CodeIgniter\View\View->CodeIgniter\View\{closure}()
 4 SYSTEMPATH/Common.php(1134): CodeIgniter\View\View->render('members', [], true)
 5 APPPATH/Controllers/Members.php(31): view('members', [...])
 6 SYSTEMPATH/CodeIgniter.php(927): App\Controllers\Members->index()
 7 SYSTEMPATH/CodeIgniter.php(482): CodeIgniter\CodeIgniter->runController(Object(App\Controllers\Members))
 8 SYSTEMPATH/CodeIgniter.php(351): CodeIgniter\CodeIgniter->handleRequest(null, Object(Config\Cache), false)
 9 FCPATH/index.php(67): CodeIgniter\CodeIgniter->run()
10 SYSTEMPATH/Commands/Server/rewrite.php(46): require_once('FCPATH/index.php')
CRITICAL - 2023-06-08 09:07:04 --> Undefined array key "email"
in APPPATH/Views/members.php on line 86.
 1 APPPATH/Views/members.php(86): CodeIgniter\Debug\Exceptions->errorHandler(2, 'Undefined array key "email"', 'APPPATH/Views/members.php', 86)
 2 SYSTEMPATH/View/View.php(213): include('APPPATH/Views/members.php')
 3 SYSTEMPATH/View/View.php(216): CodeIgniter\View\View->CodeIgniter\View\{closure}()
 4 SYSTEMPATH/Common.php(1134): CodeIgniter\View\View->render('members', [], true)
 5 APPPATH/Controllers/Members.php(31): view('members', [...])
 6 SYSTEMPATH/CodeIgniter.php(927): App\Controllers\Members->index()
 7 SYSTEMPATH/CodeIgniter.php(482): CodeIgniter\CodeIgniter->runController(Object(App\Controllers\Members))
 8 SYSTEMPATH/CodeIgniter.php(351): CodeIgniter\CodeIgniter->handleRequest(null, Object(Config\Cache), false)
 9 FCPATH/index.php(67): CodeIgniter\CodeIgniter->run()
10 SYSTEMPATH/Commands/Server/rewrite.php(46): require_once('FCPATH/index.php')
CRITICAL - 2023-06-08 09:15:49 --> The route for "management" cannot be found.
in SYSTEMPATH/HTTP/RedirectResponse.php on line 60.
 1 SYSTEMPATH/HTTP/RedirectResponse.php(60): CodeIgniter\HTTP\Exceptions\HTTPException::forInvalidRedirectRoute('management')
 2 SYSTEMPATH/Common.php(860): CodeIgniter\HTTP\RedirectResponse->route(false)
 3 APPPATH/Controllers/Members.php(307): redirect('management')
 4 SYSTEMPATH/CodeIgniter.php(927): App\Controllers\Members->deleteMember()
 5 SYSTEMPATH/CodeIgniter.php(482): CodeIgniter\CodeIgniter->runController(Object(App\Controllers\Members))
 6 SYSTEMPATH/CodeIgniter.php(351): CodeIgniter\CodeIgniter->handleRequest(null, Object(Config\Cache), false)
 7 FCPATH/index.php(67): CodeIgniter\CodeIgniter->run()
 8 SYSTEMPATH/Commands/Server/rewrite.php(46): require_once('FCPATH/index.php')
ERROR - 2023-06-08 09:28:30 --> mysqli_sql_exception: Unknown column 'role.branch_id' in 'order clause' in /Applications/MAMP/htdocs/March2023/Innovation Web/Innovation3/vendor/codeigniter4/framework/system/Database/MySQLi/Connection.php:292
Stack trace:
#0 /Applications/MAMP/htdocs/March2023/Innovation Web/Innovation3/vendor/codeigniter4/framework/system/Database/MySQLi/Connection.php(292): mysqli->query('SELECT *\nFROM `...', 0)
#1 /Applications/MAMP/htdocs/March2023/Innovation Web/Innovation3/vendor/codeigniter4/framework/system/Database/BaseConnection.php(666): CodeIgniter\Database\MySQLi\Connection->execute('SELECT *\nFROM `...')
#2 /Applications/MAMP/htdocs/March2023/Innovation Web/Innovation3/vendor/codeigniter4/framework/system/Database/BaseConnection.php(593): CodeIgniter\Database\BaseConnection->simpleQuery('SELECT *\nFROM `...')
#3 /Applications/MAMP/htdocs/March2023/Innovation Web/Innovation3/vendor/codeigniter4/framework/system/Database/BaseBuilder.php(1585): CodeIgniter\Database\BaseConnection->query('SELECT *\nFROM `...', Array, false)
#4 /Applications/MAMP/htdocs/March2023/Innovation Web/Innovation3/vendor/codeigniter4/framework/system/Model.php(223): CodeIgniter\Database\BaseBuilder->get()
#5 /Applications/MAMP/htdocs/March2023/Innovation Web/Innovation3/vendor/codeigniter4/framework/system/BaseModel.php(585): CodeIgniter\Model->doFindAll(10, 0)
#6 /Applications/MAMP/htdocs/March2023/Innovation Web/Innovation3/vendor/codeigniter4/framework/system/BaseModel.php(1110): CodeIgniter\BaseModel->findAll(10, 0)
#7 /Applications/MAMP/htdocs/March2023/Innovation Web/Innovation3/app/Controllers/Roles.php(23): CodeIgniter\BaseModel->paginate(10)
#8 /Applications/MAMP/htdocs/March2023/Innovation Web/Innovation3/vendor/codeigniter4/framework/system/CodeIgniter.php(927): App\Controllers\Roles->index()
#9 /Applications/MAMP/htdocs/March2023/Innovation Web/Innovation3/vendor/codeigniter4/framework/system/CodeIgniter.php(482): CodeIgniter\CodeIgniter->runController(Object(App\Controllers\Roles))
#10 /Applications/MAMP/htdocs/March2023/Innovation Web/Innovation3/vendor/codeigniter4/framework/system/CodeIgniter.php(351): CodeIgniter\CodeIgniter->handleRequest(NULL, Object(Config\Cache), false)
#11 /Applications/MAMP/htdocs/March2023/Innovation Web/Innovation3/public/index.php(67): CodeIgniter\CodeIgniter->run()
#12 /Applications/MAMP/htdocs/March2023/Innovation Web/Innovation3/vendor/codeigniter4/framework/system/Commands/Server/rewrite.php(46): require_once('/Applications/M...')
#13 {main}
CRITICAL - 2023-06-08 09:28:30 --> Unknown column 'role.branch_id' in 'order clause'
in SYSTEMPATH/Database/MySQLi/Connection.php on line 292.
 1 SYSTEMPATH/Database/MySQLi/Connection.php(292): mysqli->query('SELECT *
FROM `role`
WHERE `role`.`deleted_flag` = 0
ORDER BY `role`.`branch_id` ASC
 LIMIT 10', 0)
 2 SYSTEMPATH/Database/BaseConnection.php(666): CodeIgniter\Database\MySQLi\Connection->execute('SELECT *
FROM `role`
WHERE `role`.`deleted_flag` = 0
ORDER BY `role`.`branch_id` ASC
 LIMIT 10')
 3 SYSTEMPATH/Database/BaseConnection.php(593): CodeIgniter\Database\BaseConnection->simpleQuery('SELECT *
FROM `role`
WHERE `role`.`deleted_flag` = 0
ORDER BY `role`.`branch_id` ASC
 LIMIT 10')
 4 SYSTEMPATH/Database/BaseBuilder.php(1585): CodeIgniter\Database\BaseConnection->query('SELECT *
FROM `role`
WHERE `role`.`deleted_flag` = :role.deleted_flag:
ORDER BY `role`.`branch_id` ASC
 LIMIT 10', [...], false)
 5 SYSTEMPATH/Model.php(223): CodeIgniter\Database\BaseBuilder->get()
 6 SYSTEMPATH/BaseModel.php(585): CodeIgniter\Model->doFindAll(10, 0)
 7 SYSTEMPATH/BaseModel.php(1110): CodeIgniter\BaseModel->findAll(10, 0)
 8 APPPATH/Controllers/Roles.php(23): CodeIgniter\BaseModel->paginate(10)
 9 SYSTEMPATH/CodeIgniter.php(927): App\Controllers\Roles->index()
10 SYSTEMPATH/CodeIgniter.php(482): CodeIgniter\CodeIgniter->runController(Object(App\Controllers\Roles))
11 SYSTEMPATH/CodeIgniter.php(351): CodeIgniter\CodeIgniter->handleRequest(null, Object(Config\Cache), false)
12 FCPATH/index.php(67): CodeIgniter\CodeIgniter->run()
13 SYSTEMPATH/Commands/Server/rewrite.php(46): require_once('FCPATH/index.php')
ERROR - 2023-06-08 09:38:56 --> mysqli_sql_exception: Table 'citt.categories' doesn't exist in /Applications/MAMP/htdocs/March2023/Innovation Web/Innovation3/vendor/codeigniter4/framework/system/Database/MySQLi/Connection.php:292
Stack trace:
#0 /Applications/MAMP/htdocs/March2023/Innovation Web/Innovation3/vendor/codeigniter4/framework/system/Database/MySQLi/Connection.php(292): mysqli->query('SELECT COUNT(*)...', 0)
#1 /Applications/MAMP/htdocs/March2023/Innovation Web/Innovation3/vendor/codeigniter4/framework/system/Database/BaseConnection.php(666): CodeIgniter\Database\MySQLi\Connection->execute('SELECT COUNT(*)...')
#2 /Applications/MAMP/htdocs/March2023/Innovation Web/Innovation3/vendor/codeigniter4/framework/system/Database/BaseConnection.php(593): CodeIgniter\Database\BaseConnection->simpleQuery('SELECT COUNT(*)...')
#3 /Applications/MAMP/htdocs/March2023/Innovation Web/Innovation3/vendor/codeigniter4/framework/system/Database/BaseBuilder.php(1669): CodeIgniter\Database\BaseConnection->query('SELECT COUNT(*)...', Array, false)
#4 /Applications/MAMP/htdocs/March2023/Innovation Web/Innovation3/vendor/codeigniter4/framework/system/Model.php(551): CodeIgniter\Database\BaseBuilder->countAllResults(false)
#5 /Applications/MAMP/htdocs/March2023/Innovation Web/Innovation3/vendor/codeigniter4/framework/system/BaseModel.php(1106): CodeIgniter\Model->countAllResults(false)
#6 /Applications/MAMP/htdocs/March2023/Innovation Web/Innovation3/app/Controllers/Categories.php(23): CodeIgniter\BaseModel->paginate(10)
#7 /Applications/MAMP/htdocs/March2023/Innovation Web/Innovation3/vendor/codeigniter4/framework/system/CodeIgniter.php(927): App\Controllers\Categories->index()
#8 /Applications/MAMP/htdocs/March2023/Innovation Web/Innovation3/vendor/codeigniter4/framework/system/CodeIgniter.php(482): CodeIgniter\CodeIgniter->runController(Object(App\Controllers\Categories))
#9 /Applications/MAMP/htdocs/March2023/Innovation Web/Innovation3/vendor/codeigniter4/framework/system/CodeIgniter.php(351): CodeIgniter\CodeIgniter->handleRequest(NULL, Object(Config\Cache), false)
#10 /Applications/MAMP/htdocs/March2023/Innovation Web/Innovation3/public/index.php(67): CodeIgniter\CodeIgniter->run()
#11 /Applications/MAMP/htdocs/March2023/Innovation Web/Innovation3/vendor/codeigniter4/framework/system/Commands/Server/rewrite.php(46): require_once('/Applications/M...')
#12 {main}
CRITICAL - 2023-06-08 09:38:56 --> Table 'citt.categories' doesn't exist
in SYSTEMPATH/Database/MySQLi/Connection.php on line 292.
 1 SYSTEMPATH/Database/MySQLi/Connection.php(292): mysqli->query('SELECT COUNT(*) AS `numrows`
FROM `categories`
WHERE `category`.`deleted_flag` = 0', 0)
 2 SYSTEMPATH/Database/BaseConnection.php(666): CodeIgniter\Database\MySQLi\Connection->execute('SELECT COUNT(*) AS `numrows`
FROM `categories`
WHERE `category`.`deleted_flag` = 0')
 3 SYSTEMPATH/Database/BaseConnection.php(593): CodeIgniter\Database\BaseConnection->simpleQuery('SELECT COUNT(*) AS `numrows`
FROM `categories`
WHERE `category`.`deleted_flag` = 0')
 4 SYSTEMPATH/Database/BaseBuilder.php(1669): CodeIgniter\Database\BaseConnection->query('SELECT COUNT(*) AS `numrows`
FROM `categories`
WHERE `category`.`deleted_flag` = :category.deleted_flag:', [...], false)
 5 SYSTEMPATH/Model.php(551): CodeIgniter\Database\BaseBuilder->countAllResults(false)
 6 SYSTEMPATH/BaseModel.php(1106): CodeIgniter\Model->countAllResults(false)
 7 APPPATH/Controllers/Categories.php(23): CodeIgniter\BaseModel->paginate(10)
 8 SYSTEMPATH/CodeIgniter.php(927): App\Controllers\Categories->index()
 9 SYSTEMPATH/CodeIgniter.php(482): CodeIgniter\CodeIgniter->runController(Object(App\Controllers\Categories))
10 SYSTEMPATH/CodeIgniter.php(351): CodeIgniter\CodeIgniter->handleRequest(null, Object(Config\Cache), false)
11 FCPATH/index.php(67): CodeIgniter\CodeIgniter->run()
12 SYSTEMPATH/Commands/Server/rewrite.php(46): require_once('FCPATH/index.php')
CRITICAL - 2023-06-08 10:19:36 --> Call to undefined method App\Models\CategoriesModel::addMember
in SYSTEMPATH/Model.php on line 774.
 1 APPPATH/Controllers/Categories.php(77): CodeIgniter\Model->__call('addMember', [...])
 2 SYSTEMPATH/CodeIgniter.php(927): App\Controllers\Categories->addCategory()
 3 SYSTEMPATH/CodeIgniter.php(482): CodeIgniter\CodeIgniter->runController(Object(App\Controllers\Categories))
 4 SYSTEMPATH/CodeIgniter.php(351): CodeIgniter\CodeIgniter->handleRequest(null, Object(Config\Cache), false)
 5 FCPATH/index.php(67): CodeIgniter\CodeIgniter->run()
 6 SYSTEMPATH/Commands/Server/rewrite.php(46): require_once('FCPATH/index.php')
CRITICAL - 2023-06-08 10:20:29 --> Undefined variable $member
in APPPATH/Views/categories.php on line 67.
 1 APPPATH/Views/categories.php(67): CodeIgniter\Debug\Exceptions->errorHandler(2, 'Undefined variable $member', 'APPPATH/Views/categories.php', 67)
 2 SYSTEMPATH/View/View.php(213): include('APPPATH/Views/categories.php')
 3 SYSTEMPATH/View/View.php(216): CodeIgniter\View\View->CodeIgniter\View\{closure}()
 4 SYSTEMPATH/Common.php(1134): CodeIgniter\View\View->render('categories', [], true)
 5 APPPATH/Controllers/Categories.php(31): view('categories', [...])
 6 SYSTEMPATH/CodeIgniter.php(927): App\Controllers\Categories->index()
 7 SYSTEMPATH/CodeIgniter.php(482): CodeIgniter\CodeIgniter->runController(Object(App\Controllers\Categories))
 8 SYSTEMPATH/CodeIgniter.php(351): CodeIgniter\CodeIgniter->handleRequest(null, Object(Config\Cache), false)
 9 FCPATH/index.php(67): CodeIgniter\CodeIgniter->run()
10 SYSTEMPATH/Commands/Server/rewrite.php(46): require_once('FCPATH/index.php')
CRITICAL - 2023-06-08 10:21:01 --> Undefined variable $member
in APPPATH/Views/categories.php on line 74.
 1 APPPATH/Views/categories.php(74): CodeIgniter\Debug\Exceptions->errorHandler(2, 'Undefined variable $member', 'APPPATH/Views/categories.php', 74)
 2 SYSTEMPATH/View/View.php(213): include('APPPATH/Views/categories.php')
 3 SYSTEMPATH/View/View.php(216): CodeIgniter\View\View->CodeIgniter\View\{closure}()
 4 SYSTEMPATH/Common.php(1134): CodeIgniter\View\View->render('categories', [], true)
 5 APPPATH/Controllers/Categories.php(31): view('categories', [...])
 6 SYSTEMPATH/CodeIgniter.php(927): App\Controllers\Categories->index()
 7 SYSTEMPATH/CodeIgniter.php(482): CodeIgniter\CodeIgniter->runController(Object(App\Controllers\Categories))
 8 SYSTEMPATH/CodeIgniter.php(351): CodeIgniter\CodeIgniter->handleRequest(null, Object(Config\Cache), false)
 9 FCPATH/index.php(67): CodeIgniter\CodeIgniter->run()
10 SYSTEMPATH/Commands/Server/rewrite.php(46): require_once('FCPATH/index.php')
CRITICAL - 2023-06-08 10:21:23 --> Undefined variable $member
in APPPATH/Views/categories.php on line 91.
 1 APPPATH/Views/categories.php(91): CodeIgniter\Debug\Exceptions->errorHandler(2, 'Undefined variable $member', 'APPPATH/Views/categories.php', 91)
 2 SYSTEMPATH/View/View.php(213): include('APPPATH/Views/categories.php')
 3 SYSTEMPATH/View/View.php(216): CodeIgniter\View\View->CodeIgniter\View\{closure}()
 4 SYSTEMPATH/Common.php(1134): CodeIgniter\View\View->render('categories', [], true)
 5 APPPATH/Controllers/Categories.php(31): view('categories', [...])
 6 SYSTEMPATH/CodeIgniter.php(927): App\Controllers\Categories->index()
 7 SYSTEMPATH/CodeIgniter.php(482): CodeIgniter\CodeIgniter->runController(Object(App\Controllers\Categories))
 8 SYSTEMPATH/CodeIgniter.php(351): CodeIgniter\CodeIgniter->handleRequest(null, Object(Config\Cache), false)
 9 FCPATH/index.php(67): CodeIgniter\CodeIgniter->run()
10 SYSTEMPATH/Commands/Server/rewrite.php(46): require_once('FCPATH/index.php')
